<?xml version="1.0" encoding="UTF-8"?>
<testsuites name="Chiragh links" time="753" tests="22" failures="8" errors="0">
   <testsuite name="Chiragh links" tests="22" failures="8" errors="0" time="753" timestamp="2019-01-01 18:09:52" hostname="HP - DESKTOP-2D7LI1O" id="Test Suites/Chiragh links">
      <properties>
[...]
</properties>
      <testcase name="Test Cases/register/read more" classname="Test Cases/register/read more" status="PASSED">
         <system-out><![CDATA[2019-01-01 18:09:53 - [TEST_CASE][PASSED] - Test Cases/register/read more: Test Cases/register/read more

2019-01-01 18:09:53 - [TEST_STEP][PASSED] - openBrowser(""): Browser is opened with url: ''

2019-01-01 18:09:54 - [MESSAGE][INFO] - Starting 'Chrome' driver

2019-01-01 18:09:54 - [MESSAGE][INFO] - Action delay is set to 0 seconds

2019-01-01 18:09:57 - [MESSAGE][PASSED] - Browser is opened with url: ''

2019-01-01 18:09:57 - [TEST_STEP][PASSED] - navigateToUrl("http://dev-chiragh.surge.sh/"): Navigate to 'http://dev-chiragh.surge.sh/' successfully

2019-01-01 18:10:12 - [MESSAGE][PASSED] - Navigate to 'http://dev-chiragh.surge.sh/' successfully

2019-01-01 18:10:12 - [TEST_STEP][PASSED] - maximizeWindow(): Current window maximized

2019-01-01 18:10:14 - [MESSAGE][PASSED] - Current window maximized

2019-01-01 18:10:14 - [TEST_STEP][PASSED] - delay(3): Delayed 3 second(s)

2019-01-01 18:10:17 - [MESSAGE][PASSED] - Delayed 3 second(s)

2019-01-01 18:10:17 - [TEST_STEP][PASSED] - click(findTestObject("sign in/Page_Chiragh/div_Login                    o")): Object: 'Object Repository/sign in/Page_Chiragh/div_Login                    o' is clicked on

2019-01-01 18:10:17 - [MESSAGE][PASSED] - Object: 'Object Repository/sign in/Page_Chiragh/div_Login                    o' is clicked on

2019-01-01 18:10:17 - [TEST_STEP][PASSED] - click(findTestObject("sign in/Page_Chiragh/a_Register")): Object: 'Object Repository/sign in/Page_Chiragh/a_Register' is clicked on

2019-01-01 18:10:17 - [MESSAGE][PASSED] - Object: 'Object Repository/sign in/Page_Chiragh/a_Register' is clicked on

2019-01-01 18:10:17 - [TEST_STEP][PASSED] - delay(3): Delayed 3 second(s)

2019-01-01 18:10:20 - [MESSAGE][PASSED] - Delayed 3 second(s)

2019-01-01 18:10:20 - [TEST_STEP][PASSED] - click(findTestObject("Object Repository/read more/Page_Chiragh/a_(Read More)")): Object: 'Object Repository/read more/Page_Chiragh/a_(Read More)' is clicked on

2019-01-01 18:10:20 - [MESSAGE][PASSED] - Object: 'Object Repository/read more/Page_Chiragh/a_(Read More)' is clicked on

2019-01-01 18:10:20 - [TEST_STEP][PASSED] - verifyElementPresent(findTestObject("Object Repository/read more/Page_Chiragh/div_Terms  Conditions"), 5): Object 'Object Repository/read more/Page_Chiragh/div_Terms  Conditions' is present

2019-01-01 18:10:20 - [MESSAGE][PASSED] - Object 'Object Repository/read more/Page_Chiragh/div_Terms  Conditions' is present

2019-01-01 18:10:20 - [TEST_STEP][PASSED] - closeBrowser(): Browser is closed

2019-01-01 18:10:21 - [MESSAGE][PASSED] - Browser is closed

2019-01-01 18:10:21 - [TEST_STEP][PASSED] - Start listener action : sampleAfterTestCase: null

2019-01-01 18:10:21 - [TEST_STEP][PASSED] - println(testCaseContext.getTestCaseId()): null

2019-01-01 18:10:21 - [TEST_STEP][PASSED] - println(testCaseContext.getTestCaseStatus()): null]]></system-out>
         <system-err><![CDATA[]]></system-err>
      </testcase>
      <testcase name="Test Cases/signin/Forgot Password" classname="Test Cases/signin/Forgot Password" status="PASSED">
         <system-out><![CDATA[2019-01-01 18:10:21 - [TEST_CASE][PASSED] - Test Cases/signin/Forgot Password: Test Cases/signin/Forgot Password

2019-01-01 18:10:22 - [TEST_STEP][PASSED] - openBrowser(""): Browser is opened with url: ''

2019-01-01 18:10:22 - [MESSAGE][INFO] - Starting 'Chrome' driver

2019-01-01 18:10:24 - [MESSAGE][PASSED] - Browser is opened with url: ''

2019-01-01 18:10:24 - [TEST_STEP][PASSED] - navigateToUrl("http://dev-chiragh.surge.sh/"): Navigate to 'http://dev-chiragh.surge.sh/' successfully

2019-01-01 18:10:39 - [MESSAGE][PASSED] - Navigate to 'http://dev-chiragh.surge.sh/' successfully

2019-01-01 18:10:39 - [TEST_STEP][PASSED] - maximizeWindow(): Current window maximized

2019-01-01 18:10:40 - [MESSAGE][PASSED] - Current window maximized

2019-01-01 18:10:40 - [TEST_STEP][PASSED] - delay(3): Delayed 3 second(s)

2019-01-01 18:10:43 - [MESSAGE][PASSED] - Delayed 3 second(s)

2019-01-01 18:10:43 - [TEST_STEP][PASSED] - click(findTestObject("Object Repository/forgot password/Page_Chiragh/div_Login                    o")): Object: 'Object Repository/forgot password/Page_Chiragh/div_Login                    o' is clicked on

2019-01-01 18:10:43 - [MESSAGE][PASSED] - Object: 'Object Repository/forgot password/Page_Chiragh/div_Login                    o' is clicked on

2019-01-01 18:10:43 - [TEST_STEP][PASSED] - click(findTestObject("Object Repository/forgot password/Page_Chiragh/a_Login")): Object: 'Object Repository/forgot password/Page_Chiragh/a_Login' is clicked on

2019-01-01 18:10:43 - [MESSAGE][PASSED] - Object: 'Object Repository/forgot password/Page_Chiragh/a_Login' is clicked on

2019-01-01 18:10:43 - [TEST_STEP][PASSED] - delay(3): Delayed 3 second(s)

2019-01-01 18:10:46 - [MESSAGE][PASSED] - Delayed 3 second(s)

2019-01-01 18:10:46 - [TEST_STEP][PASSED] - click(findTestObject("Object Repository/forgot password/Page_Chiragh/a_Forgot Password")): Object: 'Object Repository/forgot password/Page_Chiragh/a_Forgot Password' is clicked on

2019-01-01 18:10:46 - [MESSAGE][PASSED] - Object: 'Object Repository/forgot password/Page_Chiragh/a_Forgot Password' is clicked on

2019-01-01 18:10:46 - [TEST_STEP][PASSED] - verifyElementPresent(findTestObject("Object Repository/forgot password/Page_Chiragh/form_Forgot Password"), 3): Object 'Object Repository/forgot password/Page_Chiragh/form_Forgot Password' is present

2019-01-01 18:10:46 - [MESSAGE][PASSED] - Object 'Object Repository/forgot password/Page_Chiragh/form_Forgot Password' is present

2019-01-01 18:10:46 - [TEST_STEP][PASSED] - verifyElementPresent(findTestObject("Object Repository/forgot password/Page_Chiragh/div_Follow these simple steps"), 3): Object 'Object Repository/forgot password/Page_Chiragh/div_Follow these simple steps' is present

2019-01-01 18:10:46 - [MESSAGE][PASSED] - Object 'Object Repository/forgot password/Page_Chiragh/div_Follow these simple steps' is present

2019-01-01 18:10:46 - [TEST_STEP][PASSED] - verifyElementPresent(findTestObject("Object Repository/forgot password/Page_Chiragh/div_Submit"), 3): Object 'Object Repository/forgot password/Page_Chiragh/div_Submit' is present

2019-01-01 18:10:46 - [MESSAGE][PASSED] - Object 'Object Repository/forgot password/Page_Chiragh/div_Submit' is present

2019-01-01 18:10:46 - [TEST_STEP][PASSED] - closeBrowser(): Browser is closed

2019-01-01 18:10:47 - [MESSAGE][PASSED] - Browser is closed

2019-01-01 18:10:47 - [TEST_STEP][PASSED] - Start listener action : sampleAfterTestCase: null

2019-01-01 18:10:47 - [TEST_STEP][PASSED] - println(testCaseContext.getTestCaseId()): null

2019-01-01 18:10:47 - [TEST_STEP][PASSED] - println(testCaseContext.getTestCaseStatus()): null]]></system-out>
         <system-err><![CDATA[]]></system-err>
      </testcase>
      <testcase name="Test Cases/signin/login" classname="Test Cases/signin/login" status="PASSED">
         <system-out><![CDATA[2019-01-01 18:10:47 - [TEST_CASE][PASSED] - Test Cases/signin/login: Test Cases/signin/login

2019-01-01 18:10:48 - [TEST_STEP][PASSED] - openBrowser(""): Browser is opened with url: ''

2019-01-01 18:10:48 - [MESSAGE][INFO] - Starting 'Chrome' driver

2019-01-01 18:10:50 - [MESSAGE][PASSED] - Browser is opened with url: ''

2019-01-01 18:10:50 - [TEST_STEP][PASSED] - navigateToUrl("http://dev-chiragh.surge.sh/auth/login"): Navigate to 'http://dev-chiragh.surge.sh/auth/login' successfully

2019-01-01 18:11:07 - [MESSAGE][PASSED] - Navigate to 'http://dev-chiragh.surge.sh/auth/login' successfully

2019-01-01 18:11:07 - [TEST_STEP][PASSED] - setText(findTestObject("Object Repository/Page_Chiragh/input_Sign In_userName (1)"), "newuser01"): Text 'newuser01' is set on object 'Object Repository/Page_Chiragh/input_Sign In_userName (1)'

2019-01-01 18:11:07 - [MESSAGE][PASSED] - Text 'newuser01' is set on object 'Object Repository/Page_Chiragh/input_Sign In_userName (1)'

2019-01-01 18:11:07 - [TEST_STEP][PASSED] - setText(findTestObject("Object Repository/Page_Chiragh/input_Sign In_userPassword (1)"), "1234567890"): Text '1234567890' is set on object 'Object Repository/Page_Chiragh/input_Sign In_userPassword (1)'

2019-01-01 18:11:07 - [MESSAGE][PASSED] - Text '1234567890' is set on object 'Object Repository/Page_Chiragh/input_Sign In_userPassword (1)'

2019-01-01 18:11:07 - [TEST_STEP][PASSED] - click(findTestObject("Object Repository/Page_Chiragh/button_Sign In")): Object: 'Object Repository/Page_Chiragh/button_Sign In' is clicked on

2019-01-01 18:11:07 - [MESSAGE][PASSED] - Object: 'Object Repository/Page_Chiragh/button_Sign In' is clicked on

2019-01-01 18:11:07 - [TEST_STEP][PASSED] - Start listener action : sampleAfterTestCase: null

2019-01-01 18:11:07 - [TEST_STEP][PASSED] - println(testCaseContext.getTestCaseId()): null

2019-01-01 18:11:07 - [TEST_STEP][PASSED] - println(testCaseContext.getTestCaseStatus()): null]]></system-out>
         <system-err><![CDATA[]]></system-err>
      </testcase>
      <testcase name="Test Cases/home page/Contact Us" classname="Test Cases/home page/Contact Us" status="PASSED">
         <system-out><![CDATA[2019-01-01 18:11:07 - [TEST_CASE][PASSED] - Test Cases/home page/Contact Us: Test Cases/home page/Contact Us

2019-01-01 18:11:08 - [TEST_STEP][PASSED] - openBrowser(""): Browser is opened with url: ''

2019-01-01 18:11:08 - [MESSAGE][WARNING] - A browser is already opened. Closing browser and opening a new one

2019-01-01 18:11:08 - [MESSAGE][INFO] - Starting 'Chrome' driver

2019-01-01 18:11:11 - [MESSAGE][PASSED] - Browser is opened with url: ''

2019-01-01 18:11:11 - [TEST_STEP][PASSED] - navigateToUrl("http://dev-chiragh.surge.sh/"): Navigate to 'http://dev-chiragh.surge.sh/' successfully

2019-01-01 18:11:24 - [MESSAGE][PASSED] - Navigate to 'http://dev-chiragh.surge.sh/' successfully

2019-01-01 18:11:24 - [TEST_STEP][PASSED] - maximizeWindow(): Current window maximized

2019-01-01 18:11:25 - [MESSAGE][PASSED] - Current window maximized

2019-01-01 18:11:25 - [TEST_STEP][PASSED] - delay(3): Delayed 3 second(s)

2019-01-01 18:11:28 - [MESSAGE][PASSED] - Delayed 3 second(s)

2019-01-01 18:11:28 - [TEST_STEP][PASSED] - click(findTestObject("Object Repository/Contact Us/Page_Chiragh/a_CONTACT US")): Object: 'Object Repository/Contact Us/Page_Chiragh/a_CONTACT US' is clicked on

2019-01-01 18:11:28 - [MESSAGE][PASSED] - Object: 'Object Repository/Contact Us/Page_Chiragh/a_CONTACT US' is clicked on

2019-01-01 18:11:28 - [TEST_STEP][PASSED] - delay(3): Delayed 3 second(s)

2019-01-01 18:11:31 - [MESSAGE][PASSED] - Delayed 3 second(s)

2019-01-01 18:11:31 - [TEST_STEP][PASSED] - verifyElementPresent(findTestObject("Object Repository/Contact Us/Page_Chiragh/div_Headquarter"), 3): Object 'Object Repository/Contact Us/Page_Chiragh/div_Headquarter' is present

2019-01-01 18:11:32 - [MESSAGE][PASSED] - Object 'Object Repository/Contact Us/Page_Chiragh/div_Headquarter' is present

2019-01-01 18:11:32 - [TEST_STEP][PASSED] - closeBrowser(): Browser is closed

2019-01-01 18:11:33 - [MESSAGE][PASSED] - Browser is closed

2019-01-01 18:11:33 - [TEST_STEP][PASSED] - Start listener action : sampleAfterTestCase: null

2019-01-01 18:11:33 - [TEST_STEP][PASSED] - println(testCaseContext.getTestCaseId()): null

2019-01-01 18:11:33 - [TEST_STEP][PASSED] - println(testCaseContext.getTestCaseStatus()): null]]></system-out>
         <system-err><![CDATA[]]></system-err>
      </testcase>
      <testcase name="Test Cases/home page/first learn more" classname="Test Cases/home page/first learn more" status="FAILED">
         <failure type="FAILED" message="Test Cases/home page/first learn more FAILED.
Reason:
com.kms.katalon.core.exception.StepFailedException: Unable to accept alert (Root cause: com.kms.katalon.core.exception.StepFailedException: No alert found)
	at com.kms.katalon.core.keyword.internal.KeywordMain.stepFailed(KeywordMain.groovy:36)
	at com.kms.katalon.core.webui.keyword.internal.WebUIKeywordMain.stepFailed(WebUIKeywordMain.groovy:65)
	at com.kms.katalon.core.webui.keyword.internal.WebUIKeywordMain.runKeyword(WebUIKeywordMain.groovy:27)
	at com.kms.katalon.core.webui.keyword.builtin.AcceptAlertKeyword.acceptAlert(AcceptAlertKeyword.groovy:71)
	at com.kms.katalon.core.webui.keyword.builtin.AcceptAlertKeyword.execute(AcceptAlertKeyword.groovy:66)
	at com.kms.katalon.core.keyword.internal.KeywordExecutor.executeKeywordForPlatform(KeywordExecutor.groovy:53)
	at com.kms.katalon.core.webui.keyword.WebUiBuiltInKeywords.acceptAlert(WebUiBuiltInKeywords.groovy:1492)
	at com.kms.katalon.core.webui.keyword.WebUiBuiltInKeywords$acceptAlert$6.call(Unknown Source)
	at first learn more.run(first learn more:22)
	at com.kms.katalon.core.main.ScriptEngine.run(ScriptEngine.java:194)
	at com.kms.katalon.core.main.ScriptEngine.runScriptAsRawText(ScriptEngine.java:119)
	at com.kms.katalon.core.main.TestCaseExecutor.runScript(TestCaseExecutor.java:328)
	at com.kms.katalon.core.main.TestCaseExecutor.doExecute(TestCaseExecutor.java:319)
	at com.kms.katalon.core.main.TestCaseExecutor.processExecutionPhase(TestCaseExecutor.java:298)
	at com.kms.katalon.core.main.TestCaseExecutor.accessMainPhase(TestCaseExecutor.java:290)
	at com.kms.katalon.core.main.TestCaseExecutor.execute(TestCaseExecutor.java:224)
	at com.kms.katalon.core.main.TestSuiteExecutor.accessTestCaseMainPhase(TestSuiteExecutor.java:129)
	at com.kms.katalon.core.main.TestSuiteExecutor.accessTestSuiteMainPhase(TestSuiteExecutor.java:112)
	at com.kms.katalon.core.main.TestSuiteExecutor.execute(TestSuiteExecutor.java:81)
	at com.kms.katalon.core.main.TestCaseMain.startTestSuite(TestCaseMain.java:149)
	at com.kms.katalon.core.main.TestCaseMain$startTestSuite$0.call(Unknown Source)
	at TempTestSuite1546348189898.run(TempTestSuite1546348189898.groovy:36)
"/>
         <system-out><![CDATA[2019-01-01 18:11:33 - [TEST_CASE][FAILED] - Test Cases/home page/first learn more: Test Cases/home page/first learn more FAILED.
Reason:
com.kms.katalon.core.exception.StepFailedException: Unable to accept alert (Root cause: com.kms.katalon.core.exception.StepFailedException: No alert found)
	at com.kms.katalon.core.keyword.internal.KeywordMain.stepFailed(KeywordMain.groovy:36)
	at com.kms.katalon.core.webui.keyword.internal.WebUIKeywordMain.stepFailed(WebUIKeywordMain.groovy:65)
	at com.kms.katalon.core.webui.keyword.internal.WebUIKeywordMain.runKeyword(WebUIKeywordMain.groovy:27)
	at com.kms.katalon.core.webui.keyword.builtin.AcceptAlertKeyword.acceptAlert(AcceptAlertKeyword.groovy:71)
	at com.kms.katalon.core.webui.keyword.builtin.AcceptAlertKeyword.execute(AcceptAlertKeyword.groovy:66)
	at com.kms.katalon.core.keyword.internal.KeywordExecutor.executeKeywordForPlatform(KeywordExecutor.groovy:53)
	at com.kms.katalon.core.webui.keyword.WebUiBuiltInKeywords.acceptAlert(WebUiBuiltInKeywords.groovy:1492)
	at com.kms.katalon.core.webui.keyword.WebUiBuiltInKeywords$acceptAlert$6.call(Unknown Source)
	at first learn more.run(first learn more:22)
	at com.kms.katalon.core.main.ScriptEngine.run(ScriptEngine.java:194)
	at com.kms.katalon.core.main.ScriptEngine.runScriptAsRawText(ScriptEngine.java:119)
	at com.kms.katalon.core.main.TestCaseExecutor.runScript(TestCaseExecutor.java:328)
	at com.kms.katalon.core.main.TestCaseExecutor.doExecute(TestCaseExecutor.java:319)
	at com.kms.katalon.core.main.TestCaseExecutor.processExecutionPhase(TestCaseExecutor.java:298)
	at com.kms.katalon.core.main.TestCaseExecutor.accessMainPhase(TestCaseExecutor.java:290)
	at com.kms.katalon.core.main.TestCaseExecutor.execute(TestCaseExecutor.java:224)
	at com.kms.katalon.core.main.TestSuiteExecutor.accessTestCaseMainPhase(TestSuiteExecutor.java:129)
	at com.kms.katalon.core.main.TestSuiteExecutor.accessTestSuiteMainPhase(TestSuiteExecutor.java:112)
	at com.kms.katalon.core.main.TestSuiteExecutor.execute(TestSuiteExecutor.java:81)
	at com.kms.katalon.core.main.TestCaseMain.startTestSuite(TestCaseMain.java:149)
	at com.kms.katalon.core.main.TestCaseMain$startTestSuite$0.call(Unknown Source)
	at TempTestSuite1546348189898.run(TempTestSuite1546348189898.groovy:36)


2019-01-01 18:11:33 - [TEST_STEP][PASSED] - openBrowser(""): Browser is opened with url: ''

2019-01-01 18:11:33 - [MESSAGE][INFO] - Starting 'Chrome' driver

2019-01-01 18:11:36 - [MESSAGE][PASSED] - Browser is opened with url: ''

2019-01-01 18:11:36 - [TEST_STEP][PASSED] - navigateToUrl("http://dev-chiragh.surge.sh/"): Navigate to 'http://dev-chiragh.surge.sh/' successfully

2019-01-01 18:11:49 - [MESSAGE][PASSED] - Navigate to 'http://dev-chiragh.surge.sh/' successfully

2019-01-01 18:11:49 - [TEST_STEP][PASSED] - click(findTestObject("Object Repository/first learn more/Page_Chiragh/button_LEARN MORE")): Object: 'Object Repository/first learn more/Page_Chiragh/button_LEARN MORE' is clicked on

2019-01-01 18:11:49 - [MESSAGE][PASSED] - Object: 'Object Repository/first learn more/Page_Chiragh/button_LEARN MORE' is clicked on

2019-01-01 18:11:49 - [TEST_STEP][FAILED] - acceptAlert(): acceptAlert() FAILED.
Reason:
com.kms.katalon.core.exception.StepFailedException: Unable to accept alert (Root cause: com.kms.katalon.core.exception.StepFailedException: No alert found)
	at com.kms.katalon.core.keyword.internal.KeywordMain.stepFailed(KeywordMain.groovy:36)
	at com.kms.katalon.core.webui.keyword.internal.WebUIKeywordMain.stepFailed(WebUIKeywordMain.groovy:65)
	at com.kms.katalon.core.webui.keyword.internal.WebUIKeywordMain.runKeyword(WebUIKeywordMain.groovy:27)
	at com.kms.katalon.core.webui.keyword.builtin.AcceptAlertKeyword.acceptAlert(AcceptAlertKeyword.groovy:71)
	at com.kms.katalon.core.webui.keyword.builtin.AcceptAlertKeyword.execute(AcceptAlertKeyword.groovy:66)
	at com.kms.katalon.core.keyword.internal.KeywordExecutor.executeKeywordForPlatform(KeywordExecutor.groovy:53)
	at com.kms.katalon.core.webui.keyword.WebUiBuiltInKeywords.acceptAlert(WebUiBuiltInKeywords.groovy:1492)
	at com.kms.katalon.core.webui.keyword.WebUiBuiltInKeywords$acceptAlert$6.call(Unknown Source)
	at first learn more.run(first learn more:22)
	at com.kms.katalon.core.main.ScriptEngine.run(ScriptEngine.java:194)
	at com.kms.katalon.core.main.ScriptEngine.runScriptAsRawText(ScriptEngine.java:119)
	at com.kms.katalon.core.main.TestCaseExecutor.runScript(TestCaseExecutor.java:328)
	at com.kms.katalon.core.main.TestCaseExecutor.doExecute(TestCaseExecutor.java:319)
	at com.kms.katalon.core.main.TestCaseExecutor.processExecutionPhase(TestCaseExecutor.java:298)
	at com.kms.katalon.core.main.TestCaseExecutor.accessMainPhase(TestCaseExecutor.java:290)
	at com.kms.katalon.core.main.TestCaseExecutor.execute(TestCaseExecutor.java:224)
	at com.kms.katalon.core.main.TestSuiteExecutor.accessTestCaseMainPhase(TestSuiteExecutor.java:129)
	at com.kms.katalon.core.main.TestSuiteExecutor.accessTestSuiteMainPhase(TestSuiteExecutor.java:112)
	at com.kms.katalon.core.main.TestSuiteExecutor.execute(TestSuiteExecutor.java:81)
	at com.kms.katalon.core.main.TestCaseMain.startTestSuite(TestCaseMain.java:149)
	at com.kms.katalon.core.main.TestCaseMain$startTestSuite$0.call(Unknown Source)
	at TempTestSuite1546348189898.run(TempTestSuite1546348189898.groovy:36)


2019-01-01 18:11:50 - [MESSAGE][FAILED] - No alert found
[[ATTACHMENT|C:\\Users\\HP\\Katalon Studio\\links\\Reports\\Chiragh links\\20190101_180949\\1546348309714.png]]

2019-01-01 18:11:50 - [MESSAGE][FAILED] - Unable to accept alert (Root cause: com.kms.katalon.core.exception.StepFailedException: No alert found)
[[ATTACHMENT|C:\\Users\\HP\\Katalon Studio\\links\\Reports\\Chiragh links\\20190101_180949\\1546348310202.png]]

2019-01-01 18:11:50 - [MESSAGE][FAILED] - acceptAlert() FAILED.
Reason:
com.kms.katalon.core.exception.StepFailedException: Unable to accept alert (Root cause: com.kms.katalon.core.exception.StepFailedException: No alert found)
	at com.kms.katalon.core.keyword.internal.KeywordMain.stepFailed(KeywordMain.groovy:36)
	at com.kms.katalon.core.webui.keyword.internal.WebUIKeywordMain.stepFailed(WebUIKeywordMain.groovy:65)
	at com.kms.katalon.core.webui.keyword.internal.WebUIKeywordMain.runKeyword(WebUIKeywordMain.groovy:27)
	at com.kms.katalon.core.webui.keyword.builtin.AcceptAlertKeyword.acceptAlert(AcceptAlertKeyword.groovy:71)
	at com.kms.katalon.core.webui.keyword.builtin.AcceptAlertKeyword.execute(AcceptAlertKeyword.groovy:66)
	at com.kms.katalon.core.keyword.internal.KeywordExecutor.executeKeywordForPlatform(KeywordExecutor.groovy:53)
	at com.kms.katalon.core.webui.keyword.WebUiBuiltInKeywords.acceptAlert(WebUiBuiltInKeywords.groovy:1492)
	at com.kms.katalon.core.webui.keyword.WebUiBuiltInKeywords$acceptAlert$6.call(Unknown Source)
	at first learn more.run(first learn more:22)
	at com.kms.katalon.core.main.ScriptEngine.run(ScriptEngine.java:194)
	at com.kms.katalon.core.main.ScriptEngine.runScriptAsRawText(ScriptEngine.java:119)
	at com.kms.katalon.core.main.TestCaseExecutor.runScript(TestCaseExecutor.java:328)
	at com.kms.katalon.core.main.TestCaseExecutor.doExecute(TestCaseExecutor.java:319)
	at com.kms.katalon.core.main.TestCaseExecutor.processExecutionPhase(TestCaseExecutor.java:298)
	at com.kms.katalon.core.main.TestCaseExecutor.accessMainPhase(TestCaseExecutor.java:290)
	at com.kms.katalon.core.main.TestCaseExecutor.execute(TestCaseExecutor.java:224)
	at com.kms.katalon.core.main.TestSuiteExecutor.accessTestCaseMainPhase(TestSuiteExecutor.java:129)
	at com.kms.katalon.core.main.TestSuiteExecutor.accessTestSuiteMainPhase(TestSuiteExecutor.java:112)
	at com.kms.katalon.core.main.TestSuiteExecutor.execute(TestSuiteExecutor.java:81)
	at com.kms.katalon.core.main.TestCaseMain.startTestSuite(TestCaseMain.java:149)
	at com.kms.katalon.core.main.TestCaseMain$startTestSuite$0.call(Unknown Source)
	at TempTestSuite1546348189898.run(TempTestSuite1546348189898.groovy:36)


2019-01-01 18:11:50 - [TEST_STEP][PASSED] - Start listener action : sampleAfterTestCase: null

2019-01-01 18:11:50 - [TEST_STEP][PASSED] - println(testCaseContext.getTestCaseId()): null

2019-01-01 18:11:50 - [TEST_STEP][PASSED] - println(testCaseContext.getTestCaseStatus()): null]]></system-out>
         <system-err><![CDATA[2019-01-01 18:11:33 - [TEST_CASE][FAILED] - Test Cases/home page/first learn more: Test Cases/home page/first learn more FAILED.
Reason:
com.kms.katalon.core.exception.StepFailedException: Unable to accept alert (Root cause: com.kms.katalon.core.exception.StepFailedException: No alert found)
	at com.kms.katalon.core.keyword.internal.KeywordMain.stepFailed(KeywordMain.groovy:36)
	at com.kms.katalon.core.webui.keyword.internal.WebUIKeywordMain.stepFailed(WebUIKeywordMain.groovy:65)
	at com.kms.katalon.core.webui.keyword.internal.WebUIKeywordMain.runKeyword(WebUIKeywordMain.groovy:27)
	at com.kms.katalon.core.webui.keyword.builtin.AcceptAlertKeyword.acceptAlert(AcceptAlertKeyword.groovy:71)
	at com.kms.katalon.core.webui.keyword.builtin.AcceptAlertKeyword.execute(AcceptAlertKeyword.groovy:66)
	at com.kms.katalon.core.keyword.internal.KeywordExecutor.executeKeywordForPlatform(KeywordExecutor.groovy:53)
	at com.kms.katalon.core.webui.keyword.WebUiBuiltInKeywords.acceptAlert(WebUiBuiltInKeywords.groovy:1492)
	at com.kms.katalon.core.webui.keyword.WebUiBuiltInKeywords$acceptAlert$6.call(Unknown Source)
	at first learn more.run(first learn more:22)
	at com.kms.katalon.core.main.ScriptEngine.run(ScriptEngine.java:194)
	at com.kms.katalon.core.main.ScriptEngine.runScriptAsRawText(ScriptEngine.java:119)
	at com.kms.katalon.core.main.TestCaseExecutor.runScript(TestCaseExecutor.java:328)
	at com.kms.katalon.core.main.TestCaseExecutor.doExecute(TestCaseExecutor.java:319)
	at com.kms.katalon.core.main.TestCaseExecutor.processExecutionPhase(TestCaseExecutor.java:298)
	at com.kms.katalon.core.main.TestCaseExecutor.accessMainPhase(TestCaseExecutor.java:290)
	at com.kms.katalon.core.main.TestCaseExecutor.execute(TestCaseExecutor.java:224)
	at com.kms.katalon.core.main.TestSuiteExecutor.accessTestCaseMainPhase(TestSuiteExecutor.java:129)
	at com.kms.katalon.core.main.TestSuiteExecutor.accessTestSuiteMainPhase(TestSuiteExecutor.java:112)
	at com.kms.katalon.core.main.TestSuiteExecutor.execute(TestSuiteExecutor.java:81)
	at com.kms.katalon.core.main.TestCaseMain.startTestSuite(TestCaseMain.java:149)
	at com.kms.katalon.core.main.TestCaseMain$startTestSuite$0.call(Unknown Source)
	at TempTestSuite1546348189898.run(TempTestSuite1546348189898.groovy:36)]]></system-err>
      </testcase>
      <testcase name="Test Cases/home page/load more" classname="Test Cases/home page/load more" status="PASSED">
         <system-out><![CDATA[2019-01-01 18:11:50 - [TEST_CASE][PASSED] - Test Cases/home page/load more: Test Cases/home page/load more

2019-01-01 18:11:50 - [TEST_STEP][PASSED] - openBrowser(""): Browser is opened with url: ''

2019-01-01 18:11:50 - [MESSAGE][WARNING] - A browser is already opened. Closing browser and opening a new one

2019-01-01 18:11:51 - [MESSAGE][INFO] - Starting 'Chrome' driver

2019-01-01 18:11:54 - [MESSAGE][PASSED] - Browser is opened with url: ''

2019-01-01 18:11:54 - [TEST_STEP][PASSED] - navigateToUrl("http://dev-chiragh.surge.sh/"): Navigate to 'http://dev-chiragh.surge.sh/' successfully

2019-01-01 18:12:06 - [MESSAGE][PASSED] - Navigate to 'http://dev-chiragh.surge.sh/' successfully

2019-01-01 18:12:06 - [TEST_STEP][PASSED] - maximizeWindow(): Current window maximized

2019-01-01 18:12:07 - [MESSAGE][PASSED] - Current window maximized

2019-01-01 18:12:07 - [TEST_STEP][PASSED] - delay(5): Delayed 5 second(s)

2019-01-01 18:12:12 - [MESSAGE][PASSED] - Delayed 5 second(s)

2019-01-01 18:12:12 - [TEST_STEP][PASSED] - verifyElementPresent(findTestObject("load more/Page_Chiragh/div_property id 51556"), 7): Object 'Object Repository/load more/Page_Chiragh/div_property id 51556' is present

2019-01-01 18:12:12 - [MESSAGE][PASSED] - Object 'Object Repository/load more/Page_Chiragh/div_property id 51556' is present

2019-01-01 18:12:12 - [TEST_STEP][PASSED] - attribute2 = getText(findTestObject("load more/Page_Chiragh/div_property id 51556")): Text of object 'Object Repository/load more/Page_Chiragh/div_property id 51556' is: 'PROPERTY ID: 51556
Burj Khalifa, 3214, Dubai main road
Dubai Main Road
234 sqm
4
3
Auction Ends: 24 Apr 2018
Time Remaining: 22 : 36 : 33'

2019-01-01 18:12:12 - [MESSAGE][PASSED] - Text of object 'Object Repository/load more/Page_Chiragh/div_property id 51556' is: 'PROPERTY ID: 51556
Burj Khalifa, 3214, Dubai main road
Dubai Main Road
234 sqm
4
3
Auction Ends: 24 Apr 2018
Time Remaining: 22 : 36 : 33'

2019-01-01 18:12:12 - [TEST_STEP][PASSED] - click(findTestObject("Object Repository/test/Page_Chiragh/button_LOAD MORE")): Object: 'Object Repository/test/Page_Chiragh/button_LOAD MORE' is clicked on

2019-01-01 18:12:12 - [MESSAGE][PASSED] - Object: 'Object Repository/test/Page_Chiragh/button_LOAD MORE' is clicked on

2019-01-01 18:12:12 - [TEST_STEP][PASSED] - delay(5): Delayed 5 second(s)

2019-01-01 18:12:17 - [MESSAGE][PASSED] - Delayed 5 second(s)

2019-01-01 18:12:17 - [TEST_STEP][PASSED] - verifyElementPresent(findTestObject("load more/Page_Chiragh/div_property id 51464"), 7): Object 'Object Repository/load more/Page_Chiragh/div_property id 51464' is present

2019-01-01 18:12:18 - [MESSAGE][PASSED] - Object 'Object Repository/load more/Page_Chiragh/div_property id 51464' is present

2019-01-01 18:12:18 - [TEST_STEP][PASSED] - attribute1 = getText(findTestObject("load more/Page_Chiragh/div_property id 51464")): Text of object 'Object Repository/load more/Page_Chiragh/div_property id 51464' is: 'PROPERTY ID: 51464
Project: 51464| Exclusive Penthouse|Marina Skyline View|
Dubai 51464| Emirates Crown, Dubai Marina, Dubai
7685 sqft
4
5
Auction Ends: 24 Apr 2018
Time Remaining: 22 : 36 : 33'

2019-01-01 18:12:18 - [MESSAGE][PASSED] - Text of object 'Object Repository/load more/Page_Chiragh/div_property id 51464' is: 'PROPERTY ID: 51464
Project: 51464| Exclusive Penthouse|Marina Skyline View|
Dubai 51464| Emirates Crown, Dubai Marina, Dubai
7685 sqft
4
5
Auction Ends: 24 Apr 2018
Time Remaining: 22 : 36 : 33'

2019-01-01 18:12:18 - [TEST_STEP][PASSED] - verifyNotMatch("attribute2", "attribute1", false): Actual text 'attribute2' and expected text 'attribute1' are not matched 

2019-01-01 18:12:18 - [MESSAGE][PASSED] - Actual text 'attribute2' and expected text 'attribute1' are not matched 

2019-01-01 18:12:18 - [TEST_STEP][PASSED] - closeBrowser(): Browser is closed

2019-01-01 18:12:19 - [MESSAGE][PASSED] - Browser is closed

2019-01-01 18:12:19 - [TEST_STEP][PASSED] - Start listener action : sampleAfterTestCase: null

2019-01-01 18:12:19 - [TEST_STEP][PASSED] - println(testCaseContext.getTestCaseId()): null

2019-01-01 18:12:19 - [TEST_STEP][PASSED] - println(testCaseContext.getTestCaseStatus()): null]]></system-out>
         <system-err><![CDATA[]]></system-err>
      </testcase>
      <testcase name="Test Cases/home page/second learn more" classname="Test Cases/home page/second learn more" status="FAILED">
         <failure type="FAILED" message="Test Cases/home page/second learn more FAILED.
Reason:
com.kms.katalon.core.exception.StepFailedException: Unable to accept alert (Root cause: com.kms.katalon.core.exception.StepFailedException: No alert found)
	at com.kms.katalon.core.keyword.internal.KeywordMain.stepFailed(KeywordMain.groovy:36)
	at com.kms.katalon.core.webui.keyword.internal.WebUIKeywordMain.stepFailed(WebUIKeywordMain.groovy:65)
	at com.kms.katalon.core.webui.keyword.internal.WebUIKeywordMain.runKeyword(WebUIKeywordMain.groovy:27)
	at com.kms.katalon.core.webui.keyword.builtin.AcceptAlertKeyword.acceptAlert(AcceptAlertKeyword.groovy:71)
	at com.kms.katalon.core.webui.keyword.builtin.AcceptAlertKeyword.execute(AcceptAlertKeyword.groovy:66)
	at com.kms.katalon.core.keyword.internal.KeywordExecutor.executeKeywordForPlatform(KeywordExecutor.groovy:53)
	at com.kms.katalon.core.webui.keyword.WebUiBuiltInKeywords.acceptAlert(WebUiBuiltInKeywords.groovy:1492)
	at com.kms.katalon.core.webui.keyword.WebUiBuiltInKeywords$acceptAlert$6.call(Unknown Source)
	at second learn more.run(second learn more:24)
	at com.kms.katalon.core.main.ScriptEngine.run(ScriptEngine.java:194)
	at com.kms.katalon.core.main.ScriptEngine.runScriptAsRawText(ScriptEngine.java:119)
	at com.kms.katalon.core.main.TestCaseExecutor.runScript(TestCaseExecutor.java:328)
	at com.kms.katalon.core.main.TestCaseExecutor.doExecute(TestCaseExecutor.java:319)
	at com.kms.katalon.core.main.TestCaseExecutor.processExecutionPhase(TestCaseExecutor.java:298)
	at com.kms.katalon.core.main.TestCaseExecutor.accessMainPhase(TestCaseExecutor.java:290)
	at com.kms.katalon.core.main.TestCaseExecutor.execute(TestCaseExecutor.java:224)
	at com.kms.katalon.core.main.TestSuiteExecutor.accessTestCaseMainPhase(TestSuiteExecutor.java:129)
	at com.kms.katalon.core.main.TestSuiteExecutor.accessTestSuiteMainPhase(TestSuiteExecutor.java:112)
	at com.kms.katalon.core.main.TestSuiteExecutor.execute(TestSuiteExecutor.java:81)
	at com.kms.katalon.core.main.TestCaseMain.startTestSuite(TestCaseMain.java:149)
	at com.kms.katalon.core.main.TestCaseMain$startTestSuite$0.call(Unknown Source)
	at TempTestSuite1546348189898.run(TempTestSuite1546348189898.groovy:36)
"/>
         <system-out><![CDATA[2019-01-01 18:12:19 - [TEST_CASE][FAILED] - Test Cases/home page/second learn more: Test Cases/home page/second learn more FAILED.
Reason:
com.kms.katalon.core.exception.StepFailedException: Unable to accept alert (Root cause: com.kms.katalon.core.exception.StepFailedException: No alert found)
	at com.kms.katalon.core.keyword.internal.KeywordMain.stepFailed(KeywordMain.groovy:36)
	at com.kms.katalon.core.webui.keyword.internal.WebUIKeywordMain.stepFailed(WebUIKeywordMain.groovy:65)
	at com.kms.katalon.core.webui.keyword.internal.WebUIKeywordMain.runKeyword(WebUIKeywordMain.groovy:27)
	at com.kms.katalon.core.webui.keyword.builtin.AcceptAlertKeyword.acceptAlert(AcceptAlertKeyword.groovy:71)
	at com.kms.katalon.core.webui.keyword.builtin.AcceptAlertKeyword.execute(AcceptAlertKeyword.groovy:66)
	at com.kms.katalon.core.keyword.internal.KeywordExecutor.executeKeywordForPlatform(KeywordExecutor.groovy:53)
	at com.kms.katalon.core.webui.keyword.WebUiBuiltInKeywords.acceptAlert(WebUiBuiltInKeywords.groovy:1492)
	at com.kms.katalon.core.webui.keyword.WebUiBuiltInKeywords$acceptAlert$6.call(Unknown Source)
	at second learn more.run(second learn more:24)
	at com.kms.katalon.core.main.ScriptEngine.run(ScriptEngine.java:194)
	at com.kms.katalon.core.main.ScriptEngine.runScriptAsRawText(ScriptEngine.java:119)
	at com.kms.katalon.core.main.TestCaseExecutor.runScript(TestCaseExecutor.java:328)
	at com.kms.katalon.core.main.TestCaseExecutor.doExecute(TestCaseExecutor.java:319)
	at com.kms.katalon.core.main.TestCaseExecutor.processExecutionPhase(TestCaseExecutor.java:298)
	at com.kms.katalon.core.main.TestCaseExecutor.accessMainPhase(TestCaseExecutor.java:290)
	at com.kms.katalon.core.main.TestCaseExecutor.execute(TestCaseExecutor.java:224)
	at com.kms.katalon.core.main.TestSuiteExecutor.accessTestCaseMainPhase(TestSuiteExecutor.java:129)
	at com.kms.katalon.core.main.TestSuiteExecutor.accessTestSuiteMainPhase(TestSuiteExecutor.java:112)
	at com.kms.katalon.core.main.TestSuiteExecutor.execute(TestSuiteExecutor.java:81)
	at com.kms.katalon.core.main.TestCaseMain.startTestSuite(TestCaseMain.java:149)
	at com.kms.katalon.core.main.TestCaseMain$startTestSuite$0.call(Unknown Source)
	at TempTestSuite1546348189898.run(TempTestSuite1546348189898.groovy:36)


2019-01-01 18:12:19 - [TEST_STEP][PASSED] - openBrowser(""): Browser is opened with url: ''

2019-01-01 18:12:19 - [MESSAGE][INFO] - Starting 'Chrome' driver

2019-01-01 18:12:21 - [MESSAGE][PASSED] - Browser is opened with url: ''

2019-01-01 18:12:21 - [TEST_STEP][PASSED] - navigateToUrl("http://dev-chiragh.surge.sh/"): Navigate to 'http://dev-chiragh.surge.sh/' successfully

2019-01-01 18:12:34 - [MESSAGE][PASSED] - Navigate to 'http://dev-chiragh.surge.sh/' successfully

2019-01-01 18:12:34 - [TEST_STEP][PASSED] - maximizeWindow(): Current window maximized

2019-01-01 18:12:36 - [MESSAGE][PASSED] - Current window maximized

2019-01-01 18:12:36 - [TEST_STEP][PASSED] - click(findTestObject("Object Repository/second learn more/Page_Chiragh/button_LEARN MORE")): Object: 'Object Repository/second learn more/Page_Chiragh/button_LEARN MORE' is clicked on

2019-01-01 18:12:36 - [MESSAGE][PASSED] - Object: 'Object Repository/second learn more/Page_Chiragh/button_LEARN MORE' is clicked on

2019-01-01 18:12:36 - [TEST_STEP][FAILED] - acceptAlert(): acceptAlert() FAILED.
Reason:
com.kms.katalon.core.exception.StepFailedException: Unable to accept alert (Root cause: com.kms.katalon.core.exception.StepFailedException: No alert found)
	at com.kms.katalon.core.keyword.internal.KeywordMain.stepFailed(KeywordMain.groovy:36)
	at com.kms.katalon.core.webui.keyword.internal.WebUIKeywordMain.stepFailed(WebUIKeywordMain.groovy:65)
	at com.kms.katalon.core.webui.keyword.internal.WebUIKeywordMain.runKeyword(WebUIKeywordMain.groovy:27)
	at com.kms.katalon.core.webui.keyword.builtin.AcceptAlertKeyword.acceptAlert(AcceptAlertKeyword.groovy:71)
	at com.kms.katalon.core.webui.keyword.builtin.AcceptAlertKeyword.execute(AcceptAlertKeyword.groovy:66)
	at com.kms.katalon.core.keyword.internal.KeywordExecutor.executeKeywordForPlatform(KeywordExecutor.groovy:53)
	at com.kms.katalon.core.webui.keyword.WebUiBuiltInKeywords.acceptAlert(WebUiBuiltInKeywords.groovy:1492)
	at com.kms.katalon.core.webui.keyword.WebUiBuiltInKeywords$acceptAlert$6.call(Unknown Source)
	at second learn more.run(second learn more:24)
	at com.kms.katalon.core.main.ScriptEngine.run(ScriptEngine.java:194)
	at com.kms.katalon.core.main.ScriptEngine.runScriptAsRawText(ScriptEngine.java:119)
	at com.kms.katalon.core.main.TestCaseExecutor.runScript(TestCaseExecutor.java:328)
	at com.kms.katalon.core.main.TestCaseExecutor.doExecute(TestCaseExecutor.java:319)
	at com.kms.katalon.core.main.TestCaseExecutor.processExecutionPhase(TestCaseExecutor.java:298)
	at com.kms.katalon.core.main.TestCaseExecutor.accessMainPhase(TestCaseExecutor.java:290)
	at com.kms.katalon.core.main.TestCaseExecutor.execute(TestCaseExecutor.java:224)
	at com.kms.katalon.core.main.TestSuiteExecutor.accessTestCaseMainPhase(TestSuiteExecutor.java:129)
	at com.kms.katalon.core.main.TestSuiteExecutor.accessTestSuiteMainPhase(TestSuiteExecutor.java:112)
	at com.kms.katalon.core.main.TestSuiteExecutor.execute(TestSuiteExecutor.java:81)
	at com.kms.katalon.core.main.TestCaseMain.startTestSuite(TestCaseMain.java:149)
	at com.kms.katalon.core.main.TestCaseMain$startTestSuite$0.call(Unknown Source)
	at TempTestSuite1546348189898.run(TempTestSuite1546348189898.groovy:36)


2019-01-01 18:12:36 - [MESSAGE][FAILED] - No alert found
[[ATTACHMENT|C:\\Users\\HP\\Katalon Studio\\links\\Reports\\Chiragh links\\20190101_180949\\1546348356337.png]]

2019-01-01 18:12:37 - [MESSAGE][FAILED] - Unable to accept alert (Root cause: com.kms.katalon.core.exception.StepFailedException: No alert found)
[[ATTACHMENT|C:\\Users\\HP\\Katalon Studio\\links\\Reports\\Chiragh links\\20190101_180949\\1546348356940.png]]

2019-01-01 18:12:37 - [MESSAGE][FAILED] - acceptAlert() FAILED.
Reason:
com.kms.katalon.core.exception.StepFailedException: Unable to accept alert (Root cause: com.kms.katalon.core.exception.StepFailedException: No alert found)
	at com.kms.katalon.core.keyword.internal.KeywordMain.stepFailed(KeywordMain.groovy:36)
	at com.kms.katalon.core.webui.keyword.internal.WebUIKeywordMain.stepFailed(WebUIKeywordMain.groovy:65)
	at com.kms.katalon.core.webui.keyword.internal.WebUIKeywordMain.runKeyword(WebUIKeywordMain.groovy:27)
	at com.kms.katalon.core.webui.keyword.builtin.AcceptAlertKeyword.acceptAlert(AcceptAlertKeyword.groovy:71)
	at com.kms.katalon.core.webui.keyword.builtin.AcceptAlertKeyword.execute(AcceptAlertKeyword.groovy:66)
	at com.kms.katalon.core.keyword.internal.KeywordExecutor.executeKeywordForPlatform(KeywordExecutor.groovy:53)
	at com.kms.katalon.core.webui.keyword.WebUiBuiltInKeywords.acceptAlert(WebUiBuiltInKeywords.groovy:1492)
	at com.kms.katalon.core.webui.keyword.WebUiBuiltInKeywords$acceptAlert$6.call(Unknown Source)
	at second learn more.run(second learn more:24)
	at com.kms.katalon.core.main.ScriptEngine.run(ScriptEngine.java:194)
	at com.kms.katalon.core.main.ScriptEngine.runScriptAsRawText(ScriptEngine.java:119)
	at com.kms.katalon.core.main.TestCaseExecutor.runScript(TestCaseExecutor.java:328)
	at com.kms.katalon.core.main.TestCaseExecutor.doExecute(TestCaseExecutor.java:319)
	at com.kms.katalon.core.main.TestCaseExecutor.processExecutionPhase(TestCaseExecutor.java:298)
	at com.kms.katalon.core.main.TestCaseExecutor.accessMainPhase(TestCaseExecutor.java:290)
	at com.kms.katalon.core.main.TestCaseExecutor.execute(TestCaseExecutor.java:224)
	at com.kms.katalon.core.main.TestSuiteExecutor.accessTestCaseMainPhase(TestSuiteExecutor.java:129)
	at com.kms.katalon.core.main.TestSuiteExecutor.accessTestSuiteMainPhase(TestSuiteExecutor.java:112)
	at com.kms.katalon.core.main.TestSuiteExecutor.execute(TestSuiteExecutor.java:81)
	at com.kms.katalon.core.main.TestCaseMain.startTestSuite(TestCaseMain.java:149)
	at com.kms.katalon.core.main.TestCaseMain$startTestSuite$0.call(Unknown Source)
	at TempTestSuite1546348189898.run(TempTestSuite1546348189898.groovy:36)


2019-01-01 18:12:37 - [TEST_STEP][PASSED] - Start listener action : sampleAfterTestCase: null

2019-01-01 18:12:37 - [TEST_STEP][PASSED] - println(testCaseContext.getTestCaseId()): null

2019-01-01 18:12:37 - [TEST_STEP][PASSED] - println(testCaseContext.getTestCaseStatus()): null]]></system-out>
         <system-err><![CDATA[2019-01-01 18:12:19 - [TEST_CASE][FAILED] - Test Cases/home page/second learn more: Test Cases/home page/second learn more FAILED.
Reason:
com.kms.katalon.core.exception.StepFailedException: Unable to accept alert (Root cause: com.kms.katalon.core.exception.StepFailedException: No alert found)
	at com.kms.katalon.core.keyword.internal.KeywordMain.stepFailed(KeywordMain.groovy:36)
	at com.kms.katalon.core.webui.keyword.internal.WebUIKeywordMain.stepFailed(WebUIKeywordMain.groovy:65)
	at com.kms.katalon.core.webui.keyword.internal.WebUIKeywordMain.runKeyword(WebUIKeywordMain.groovy:27)
	at com.kms.katalon.core.webui.keyword.builtin.AcceptAlertKeyword.acceptAlert(AcceptAlertKeyword.groovy:71)
	at com.kms.katalon.core.webui.keyword.builtin.AcceptAlertKeyword.execute(AcceptAlertKeyword.groovy:66)
	at com.kms.katalon.core.keyword.internal.KeywordExecutor.executeKeywordForPlatform(KeywordExecutor.groovy:53)
	at com.kms.katalon.core.webui.keyword.WebUiBuiltInKeywords.acceptAlert(WebUiBuiltInKeywords.groovy:1492)
	at com.kms.katalon.core.webui.keyword.WebUiBuiltInKeywords$acceptAlert$6.call(Unknown Source)
	at second learn more.run(second learn more:24)
	at com.kms.katalon.core.main.ScriptEngine.run(ScriptEngine.java:194)
	at com.kms.katalon.core.main.ScriptEngine.runScriptAsRawText(ScriptEngine.java:119)
	at com.kms.katalon.core.main.TestCaseExecutor.runScript(TestCaseExecutor.java:328)
	at com.kms.katalon.core.main.TestCaseExecutor.doExecute(TestCaseExecutor.java:319)
	at com.kms.katalon.core.main.TestCaseExecutor.processExecutionPhase(TestCaseExecutor.java:298)
	at com.kms.katalon.core.main.TestCaseExecutor.accessMainPhase(TestCaseExecutor.java:290)
	at com.kms.katalon.core.main.TestCaseExecutor.execute(TestCaseExecutor.java:224)
	at com.kms.katalon.core.main.TestSuiteExecutor.accessTestCaseMainPhase(TestSuiteExecutor.java:129)
	at com.kms.katalon.core.main.TestSuiteExecutor.accessTestSuiteMainPhase(TestSuiteExecutor.java:112)
	at com.kms.katalon.core.main.TestSuiteExecutor.execute(TestSuiteExecutor.java:81)
	at com.kms.katalon.core.main.TestCaseMain.startTestSuite(TestCaseMain.java:149)
	at com.kms.katalon.core.main.TestCaseMain$startTestSuite$0.call(Unknown Source)
	at TempTestSuite1546348189898.run(TempTestSuite1546348189898.groovy:36)]]></system-err>
      </testcase>
      <testcase name="Test Cases/home page/start now button" classname="Test Cases/home page/start now button" status="FAILED">
         <failure type="FAILED" message="Test Cases/home page/start now button FAILED.
Reason:
com.kms.katalon.core.exception.StepFailedException: Unable to verify object 'Object Repository/sell/Page_Chiragh/Page_Chiragh/form_Sign In' is present (Root cause: com.kms.katalon.core.exception.StepFailedException: com.kms.katalon.core.webui.exception.WebElementNotFoundException: Web element with id: 'Object Repository/sell/Page_Chiragh/Page_Chiragh/form_Sign In' located by 'By.xpath: (.//*[normalize-space(text()) and normalize-space(.)='Resources'])[1]/following::form[1]' not found)
	at com.kms.katalon.core.keyword.internal.KeywordMain.stepFailed(KeywordMain.groovy:36)
	at com.kms.katalon.core.webui.keyword.internal.WebUIKeywordMain.stepFailed(WebUIKeywordMain.groovy:65)
	at com.kms.katalon.core.webui.keyword.internal.WebUIKeywordMain.runKeyword(WebUIKeywordMain.groovy:27)
	at com.kms.katalon.core.webui.keyword.builtin.VerifyElementPresentKeyword.verifyElementPresent(VerifyElementPresentKeyword.groovy:92)
	at com.kms.katalon.core.webui.keyword.builtin.VerifyElementPresentKeyword.execute(VerifyElementPresentKeyword.groovy:68)
	at com.kms.katalon.core.keyword.internal.KeywordExecutor.executeKeywordForPlatform(KeywordExecutor.groovy:53)
	at com.kms.katalon.core.webui.keyword.WebUiBuiltInKeywords.verifyElementPresent(WebUiBuiltInKeywords.groovy:1434)
	at com.kms.katalon.core.webui.keyword.WebUiBuiltInKeywords$verifyElementPresent$3.call(Unknown Source)
	at start now button.run(start now button:24)
	at com.kms.katalon.core.main.ScriptEngine.run(ScriptEngine.java:194)
	at com.kms.katalon.core.main.ScriptEngine.runScriptAsRawText(ScriptEngine.java:119)
	at com.kms.katalon.core.main.TestCaseExecutor.runScript(TestCaseExecutor.java:328)
	at com.kms.katalon.core.main.TestCaseExecutor.doExecute(TestCaseExecutor.java:319)
	at com.kms.katalon.core.main.TestCaseExecutor.processExecutionPhase(TestCaseExecutor.java:298)
	at com.kms.katalon.core.main.TestCaseExecutor.accessMainPhase(TestCaseExecutor.java:290)
	at com.kms.katalon.core.main.TestCaseExecutor.execute(TestCaseExecutor.java:224)
	at com.kms.katalon.core.main.TestSuiteExecutor.accessTestCaseMainPhase(TestSuiteExecutor.java:129)
	at com.kms.katalon.core.main.TestSuiteExecutor.accessTestSuiteMainPhase(TestSuiteExecutor.java:112)
	at com.kms.katalon.core.main.TestSuiteExecutor.execute(TestSuiteExecutor.java:81)
	at com.kms.katalon.core.main.TestCaseMain.startTestSuite(TestCaseMain.java:149)
	at com.kms.katalon.core.main.TestCaseMain$startTestSuite$0.call(Unknown Source)
	at TempTestSuite1546348189898.run(TempTestSuite1546348189898.groovy:36)
"/>
         <system-out><![CDATA[2019-01-01 18:12:37 - [TEST_CASE][FAILED] - Test Cases/home page/start now button: Test Cases/home page/start now button FAILED.
Reason:
com.kms.katalon.core.exception.StepFailedException: Unable to verify object 'Object Repository/sell/Page_Chiragh/Page_Chiragh/form_Sign In' is present (Root cause: com.kms.katalon.core.exception.StepFailedException: com.kms.katalon.core.webui.exception.WebElementNotFoundException: Web element with id: 'Object Repository/sell/Page_Chiragh/Page_Chiragh/form_Sign In' located by 'By.xpath: (.//*[normalize-space(text()) and normalize-space(.)='Resources'])[1]/following::form[1]' not found)
	at com.kms.katalon.core.keyword.internal.KeywordMain.stepFailed(KeywordMain.groovy:36)
	at com.kms.katalon.core.webui.keyword.internal.WebUIKeywordMain.stepFailed(WebUIKeywordMain.groovy:65)
	at com.kms.katalon.core.webui.keyword.internal.WebUIKeywordMain.runKeyword(WebUIKeywordMain.groovy:27)
	at com.kms.katalon.core.webui.keyword.builtin.VerifyElementPresentKeyword.verifyElementPresent(VerifyElementPresentKeyword.groovy:92)
	at com.kms.katalon.core.webui.keyword.builtin.VerifyElementPresentKeyword.execute(VerifyElementPresentKeyword.groovy:68)
	at com.kms.katalon.core.keyword.internal.KeywordExecutor.executeKeywordForPlatform(KeywordExecutor.groovy:53)
	at com.kms.katalon.core.webui.keyword.WebUiBuiltInKeywords.verifyElementPresent(WebUiBuiltInKeywords.groovy:1434)
	at com.kms.katalon.core.webui.keyword.WebUiBuiltInKeywords$verifyElementPresent$3.call(Unknown Source)
	at start now button.run(start now button:24)
	at com.kms.katalon.core.main.ScriptEngine.run(ScriptEngine.java:194)
	at com.kms.katalon.core.main.ScriptEngine.runScriptAsRawText(ScriptEngine.java:119)
	at com.kms.katalon.core.main.TestCaseExecutor.runScript(TestCaseExecutor.java:328)
	at com.kms.katalon.core.main.TestCaseExecutor.doExecute(TestCaseExecutor.java:319)
	at com.kms.katalon.core.main.TestCaseExecutor.processExecutionPhase(TestCaseExecutor.java:298)
	at com.kms.katalon.core.main.TestCaseExecutor.accessMainPhase(TestCaseExecutor.java:290)
	at com.kms.katalon.core.main.TestCaseExecutor.execute(TestCaseExecutor.java:224)
	at com.kms.katalon.core.main.TestSuiteExecutor.accessTestCaseMainPhase(TestSuiteExecutor.java:129)
	at com.kms.katalon.core.main.TestSuiteExecutor.accessTestSuiteMainPhase(TestSuiteExecutor.java:112)
	at com.kms.katalon.core.main.TestSuiteExecutor.execute(TestSuiteExecutor.java:81)
	at com.kms.katalon.core.main.TestCaseMain.startTestSuite(TestCaseMain.java:149)
	at com.kms.katalon.core.main.TestCaseMain$startTestSuite$0.call(Unknown Source)
	at TempTestSuite1546348189898.run(TempTestSuite1546348189898.groovy:36)


2019-01-01 18:12:37 - [TEST_STEP][PASSED] - openBrowser(""): Browser is opened with url: ''

2019-01-01 18:12:37 - [MESSAGE][WARNING] - A browser is already opened. Closing browser and opening a new one

2019-01-01 18:12:38 - [MESSAGE][INFO] - Starting 'Chrome' driver

2019-01-01 18:12:41 - [MESSAGE][PASSED] - Browser is opened with url: ''

2019-01-01 18:12:41 - [TEST_STEP][PASSED] - navigateToUrl("http://dev-chiragh.surge.sh/"): Navigate to 'http://dev-chiragh.surge.sh/' successfully

2019-01-01 18:12:56 - [MESSAGE][PASSED] - Navigate to 'http://dev-chiragh.surge.sh/' successfully

2019-01-01 18:12:56 - [TEST_STEP][PASSED] - click(findTestObject("Object Repository/start now button/Page_Chiragh/button_START NOW")): Object: 'Object Repository/start now button/Page_Chiragh/button_START NOW' is clicked on

2019-01-01 18:12:56 - [MESSAGE][PASSED] - Object: 'Object Repository/start now button/Page_Chiragh/button_START NOW' is clicked on

2019-01-01 18:12:56 - [TEST_STEP][PASSED] - waitForPageLoad(5): Wait for page load successfully

2019-01-01 18:12:56 - [MESSAGE][PASSED] - Wait for page load successfully

2019-01-01 18:12:56 - [TEST_STEP][FAILED] - if (verifyElementPresent(findTestObject("sell/Page_Chiragh/Page_Chiragh/form_Sign In"), 3) == true): if (verifyElementPresent(findTestObject("sell/Page_Chiragh/Page_Chiragh/form_Sign In"), 3) == true) FAILED.
Reason:
com.kms.katalon.core.exception.StepFailedException: Unable to verify object 'Object Repository/sell/Page_Chiragh/Page_Chiragh/form_Sign In' is present (Root cause: com.kms.katalon.core.exception.StepFailedException: com.kms.katalon.core.webui.exception.WebElementNotFoundException: Web element with id: 'Object Repository/sell/Page_Chiragh/Page_Chiragh/form_Sign In' located by 'By.xpath: (.//*[normalize-space(text()) and normalize-space(.)='Resources'])[1]/following::form[1]' not found)
	at com.kms.katalon.core.keyword.internal.KeywordMain.stepFailed(KeywordMain.groovy:36)
	at com.kms.katalon.core.webui.keyword.internal.WebUIKeywordMain.stepFailed(WebUIKeywordMain.groovy:65)
	at com.kms.katalon.core.webui.keyword.internal.WebUIKeywordMain.runKeyword(WebUIKeywordMain.groovy:27)
	at com.kms.katalon.core.webui.keyword.builtin.VerifyElementPresentKeyword.verifyElementPresent(VerifyElementPresentKeyword.groovy:92)
	at com.kms.katalon.core.webui.keyword.builtin.VerifyElementPresentKeyword.execute(VerifyElementPresentKeyword.groovy:68)
	at com.kms.katalon.core.keyword.internal.KeywordExecutor.executeKeywordForPlatform(KeywordExecutor.groovy:53)
	at com.kms.katalon.core.webui.keyword.WebUiBuiltInKeywords.verifyElementPresent(WebUiBuiltInKeywords.groovy:1434)
	at com.kms.katalon.core.webui.keyword.WebUiBuiltInKeywords$verifyElementPresent$3.call(Unknown Source)
	at start now button.run(start now button:24)
	at com.kms.katalon.core.main.ScriptEngine.run(ScriptEngine.java:194)
	at com.kms.katalon.core.main.ScriptEngine.runScriptAsRawText(ScriptEngine.java:119)
	at com.kms.katalon.core.main.TestCaseExecutor.runScript(TestCaseExecutor.java:328)
	at com.kms.katalon.core.main.TestCaseExecutor.doExecute(TestCaseExecutor.java:319)
	at com.kms.katalon.core.main.TestCaseExecutor.processExecutionPhase(TestCaseExecutor.java:298)
	at com.kms.katalon.core.main.TestCaseExecutor.accessMainPhase(TestCaseExecutor.java:290)
	at com.kms.katalon.core.main.TestCaseExecutor.execute(TestCaseExecutor.java:224)
	at com.kms.katalon.core.main.TestSuiteExecutor.accessTestCaseMainPhase(TestSuiteExecutor.java:129)
	at com.kms.katalon.core.main.TestSuiteExecutor.accessTestSuiteMainPhase(TestSuiteExecutor.java:112)
	at com.kms.katalon.core.main.TestSuiteExecutor.execute(TestSuiteExecutor.java:81)
	at com.kms.katalon.core.main.TestCaseMain.startTestSuite(TestCaseMain.java:149)
	at com.kms.katalon.core.main.TestCaseMain$startTestSuite$0.call(Unknown Source)
	at TempTestSuite1546348189898.run(TempTestSuite1546348189898.groovy:36)


2019-01-01 18:13:00 - [MESSAGE][INFO] - Unable to find the element located by 'By.xpath: (.//*[normalize-space(text()) and normalize-space(.)='Resources'])[1]/following::form[1]'. Please recheck the objects properties to make sure the desired element is located. 

2019-01-01 18:13:00 - [MESSAGE][FAILED] - com.kms.katalon.core.webui.exception.WebElementNotFoundException: Web element with id: 'Object Repository/sell/Page_Chiragh/Page_Chiragh/form_Sign In' located by 'By.xpath: (.//*[normalize-space(text()) and normalize-space(.)='Resources'])[1]/following::form[1]' not found
[[ATTACHMENT|C:\\Users\\HP\\Katalon Studio\\links\\Reports\\Chiragh links\\20190101_180949\\1546348380090.png]]

2019-01-01 18:13:00 - [MESSAGE][FAILED] - Unable to verify object 'Object Repository/sell/Page_Chiragh/Page_Chiragh/form_Sign In' is present (Root cause: com.kms.katalon.core.exception.StepFailedException: com.kms.katalon.core.webui.exception.WebElementNotFoundException: Web element with id: 'Object Repository/sell/Page_Chiragh/Page_Chiragh/form_Sign In' located by 'By.xpath: (.//*[normalize-space(text()) and normalize-space(.)='Resources'])[1]/following::form[1]' not found)
[[ATTACHMENT|C:\\Users\\HP\\Katalon Studio\\links\\Reports\\Chiragh links\\20190101_180949\\1546348380388.png]]

2019-01-01 18:13:00 - [MESSAGE][FAILED] - if (verifyElementPresent(findTestObject("sell/Page_Chiragh/Page_Chiragh/form_Sign In"), 3) == true) FAILED.
Reason:
com.kms.katalon.core.exception.StepFailedException: Unable to verify object 'Object Repository/sell/Page_Chiragh/Page_Chiragh/form_Sign In' is present (Root cause: com.kms.katalon.core.exception.StepFailedException: com.kms.katalon.core.webui.exception.WebElementNotFoundException: Web element with id: 'Object Repository/sell/Page_Chiragh/Page_Chiragh/form_Sign In' located by 'By.xpath: (.//*[normalize-space(text()) and normalize-space(.)='Resources'])[1]/following::form[1]' not found)
	at com.kms.katalon.core.keyword.internal.KeywordMain.stepFailed(KeywordMain.groovy:36)
	at com.kms.katalon.core.webui.keyword.internal.WebUIKeywordMain.stepFailed(WebUIKeywordMain.groovy:65)
	at com.kms.katalon.core.webui.keyword.internal.WebUIKeywordMain.runKeyword(WebUIKeywordMain.groovy:27)
	at com.kms.katalon.core.webui.keyword.builtin.VerifyElementPresentKeyword.verifyElementPresent(VerifyElementPresentKeyword.groovy:92)
	at com.kms.katalon.core.webui.keyword.builtin.VerifyElementPresentKeyword.execute(VerifyElementPresentKeyword.groovy:68)
	at com.kms.katalon.core.keyword.internal.KeywordExecutor.executeKeywordForPlatform(KeywordExecutor.groovy:53)
	at com.kms.katalon.core.webui.keyword.WebUiBuiltInKeywords.verifyElementPresent(WebUiBuiltInKeywords.groovy:1434)
	at com.kms.katalon.core.webui.keyword.WebUiBuiltInKeywords$verifyElementPresent$3.call(Unknown Source)
	at start now button.run(start now button:24)
	at com.kms.katalon.core.main.ScriptEngine.run(ScriptEngine.java:194)
	at com.kms.katalon.core.main.ScriptEngine.runScriptAsRawText(ScriptEngine.java:119)
	at com.kms.katalon.core.main.TestCaseExecutor.runScript(TestCaseExecutor.java:328)
	at com.kms.katalon.core.main.TestCaseExecutor.doExecute(TestCaseExecutor.java:319)
	at com.kms.katalon.core.main.TestCaseExecutor.processExecutionPhase(TestCaseExecutor.java:298)
	at com.kms.katalon.core.main.TestCaseExecutor.accessMainPhase(TestCaseExecutor.java:290)
	at com.kms.katalon.core.main.TestCaseExecutor.execute(TestCaseExecutor.java:224)
	at com.kms.katalon.core.main.TestSuiteExecutor.accessTestCaseMainPhase(TestSuiteExecutor.java:129)
	at com.kms.katalon.core.main.TestSuiteExecutor.accessTestSuiteMainPhase(TestSuiteExecutor.java:112)
	at com.kms.katalon.core.main.TestSuiteExecutor.execute(TestSuiteExecutor.java:81)
	at com.kms.katalon.core.main.TestCaseMain.startTestSuite(TestCaseMain.java:149)
	at com.kms.katalon.core.main.TestCaseMain$startTestSuite$0.call(Unknown Source)
	at TempTestSuite1546348189898.run(TempTestSuite1546348189898.groovy:36)


2019-01-01 18:13:00 - [TEST_STEP][PASSED] - Start listener action : sampleAfterTestCase: null

2019-01-01 18:13:00 - [TEST_STEP][PASSED] - println(testCaseContext.getTestCaseId()): null

2019-01-01 18:13:00 - [TEST_STEP][PASSED] - println(testCaseContext.getTestCaseStatus()): null]]></system-out>
         <system-err><![CDATA[2019-01-01 18:12:37 - [TEST_CASE][FAILED] - Test Cases/home page/start now button: Test Cases/home page/start now button FAILED.
Reason:
com.kms.katalon.core.exception.StepFailedException: Unable to verify object 'Object Repository/sell/Page_Chiragh/Page_Chiragh/form_Sign In' is present (Root cause: com.kms.katalon.core.exception.StepFailedException: com.kms.katalon.core.webui.exception.WebElementNotFoundException: Web element with id: 'Object Repository/sell/Page_Chiragh/Page_Chiragh/form_Sign In' located by 'By.xpath: (.//*[normalize-space(text()) and normalize-space(.)='Resources'])[1]/following::form[1]' not found)
	at com.kms.katalon.core.keyword.internal.KeywordMain.stepFailed(KeywordMain.groovy:36)
	at com.kms.katalon.core.webui.keyword.internal.WebUIKeywordMain.stepFailed(WebUIKeywordMain.groovy:65)
	at com.kms.katalon.core.webui.keyword.internal.WebUIKeywordMain.runKeyword(WebUIKeywordMain.groovy:27)
	at com.kms.katalon.core.webui.keyword.builtin.VerifyElementPresentKeyword.verifyElementPresent(VerifyElementPresentKeyword.groovy:92)
	at com.kms.katalon.core.webui.keyword.builtin.VerifyElementPresentKeyword.execute(VerifyElementPresentKeyword.groovy:68)
	at com.kms.katalon.core.keyword.internal.KeywordExecutor.executeKeywordForPlatform(KeywordExecutor.groovy:53)
	at com.kms.katalon.core.webui.keyword.WebUiBuiltInKeywords.verifyElementPresent(WebUiBuiltInKeywords.groovy:1434)
	at com.kms.katalon.core.webui.keyword.WebUiBuiltInKeywords$verifyElementPresent$3.call(Unknown Source)
	at start now button.run(start now button:24)
	at com.kms.katalon.core.main.ScriptEngine.run(ScriptEngine.java:194)
	at com.kms.katalon.core.main.ScriptEngine.runScriptAsRawText(ScriptEngine.java:119)
	at com.kms.katalon.core.main.TestCaseExecutor.runScript(TestCaseExecutor.java:328)
	at com.kms.katalon.core.main.TestCaseExecutor.doExecute(TestCaseExecutor.java:319)
	at com.kms.katalon.core.main.TestCaseExecutor.processExecutionPhase(TestCaseExecutor.java:298)
	at com.kms.katalon.core.main.TestCaseExecutor.accessMainPhase(TestCaseExecutor.java:290)
	at com.kms.katalon.core.main.TestCaseExecutor.execute(TestCaseExecutor.java:224)
	at com.kms.katalon.core.main.TestSuiteExecutor.accessTestCaseMainPhase(TestSuiteExecutor.java:129)
	at com.kms.katalon.core.main.TestSuiteExecutor.accessTestSuiteMainPhase(TestSuiteExecutor.java:112)
	at com.kms.katalon.core.main.TestSuiteExecutor.execute(TestSuiteExecutor.java:81)
	at com.kms.katalon.core.main.TestCaseMain.startTestSuite(TestCaseMain.java:149)
	at com.kms.katalon.core.main.TestCaseMain$startTestSuite$0.call(Unknown Source)
	at TempTestSuite1546348189898.run(TempTestSuite1546348189898.groovy:36)]]></system-err>
      </testcase>
      <testcase name="Test Cases/home page/view property by name" classname="Test Cases/home page/view property by name" status="PASSED">
         <system-out><![CDATA[2019-01-01 18:13:00 - [TEST_CASE][PASSED] - Test Cases/home page/view property by name: Test Cases/home page/view property by name

2019-01-01 18:13:01 - [TEST_STEP][PASSED] - openBrowser(""): Browser is opened with url: ''

2019-01-01 18:13:01 - [MESSAGE][WARNING] - A browser is already opened. Closing browser and opening a new one

2019-01-01 18:13:02 - [MESSAGE][INFO] - Starting 'Chrome' driver

2019-01-01 18:13:04 - [MESSAGE][PASSED] - Browser is opened with url: ''

2019-01-01 18:13:04 - [TEST_STEP][PASSED] - navigateToUrl("http://dev-chiragh.surge.sh/"): Navigate to 'http://dev-chiragh.surge.sh/' successfully

2019-01-01 18:13:18 - [MESSAGE][PASSED] - Navigate to 'http://dev-chiragh.surge.sh/' successfully

2019-01-01 18:13:18 - [TEST_STEP][PASSED] - maximizeWindow(): Current window maximized

2019-01-01 18:13:19 - [MESSAGE][PASSED] - Current window maximized

2019-01-01 18:13:19 - [TEST_STEP][PASSED] - delay(3): Delayed 3 second(s)

2019-01-01 18:13:22 - [MESSAGE][PASSED] - Delayed 3 second(s)

2019-01-01 18:13:22 - [TEST_STEP][PASSED] - click(findTestObject("Object Repository/property by name/Page_Chiragh/h2_Project 51468 Penthouse wit")): Object: 'Object Repository/property by name/Page_Chiragh/h2_Project 51468 Penthouse wit' is clicked on

2019-01-01 18:13:22 - [MESSAGE][PASSED] - Object: 'Object Repository/property by name/Page_Chiragh/h2_Project 51468 Penthouse wit' is clicked on

2019-01-01 18:13:22 - [TEST_STEP][PASSED] - delay(3): Delayed 3 second(s)

2019-01-01 18:13:25 - [MESSAGE][PASSED] - Delayed 3 second(s)

2019-01-01 18:13:25 - [TEST_STEP][PASSED] - verifyElementPresent(findTestObject("Object Repository/property by name/Page_Chiragh/div_Exit VR"), 3): Object 'Object Repository/property by name/Page_Chiragh/div_Exit VR' is present

2019-01-01 18:13:25 - [MESSAGE][PASSED] - Object 'Object Repository/property by name/Page_Chiragh/div_Exit VR' is present

2019-01-01 18:13:25 - [TEST_STEP][PASSED] - closeBrowser(): Browser is closed

2019-01-01 18:13:26 - [MESSAGE][PASSED] - Browser is closed

2019-01-01 18:13:26 - [TEST_STEP][PASSED] - Start listener action : sampleAfterTestCase: null

2019-01-01 18:13:26 - [TEST_STEP][PASSED] - println(testCaseContext.getTestCaseId()): null

2019-01-01 18:13:26 - [TEST_STEP][PASSED] - println(testCaseContext.getTestCaseStatus()): null]]></system-out>
         <system-err><![CDATA[]]></system-err>
      </testcase>
      <testcase name="Test Cases/home page/view property" classname="Test Cases/home page/view property" status="PASSED">
         <system-out><![CDATA[2019-01-01 18:13:26 - [TEST_CASE][PASSED] - Test Cases/home page/view property: Test Cases/home page/view property

2019-01-01 18:13:26 - [TEST_STEP][PASSED] - openBrowser(""): Browser is opened with url: ''

2019-01-01 18:13:26 - [MESSAGE][INFO] - Starting 'Chrome' driver

2019-01-01 18:13:29 - [MESSAGE][PASSED] - Browser is opened with url: ''

2019-01-01 18:13:29 - [TEST_STEP][PASSED] - navigateToUrl("http://dev-chiragh.surge.sh/"): Navigate to 'http://dev-chiragh.surge.sh/' successfully

2019-01-01 18:13:44 - [MESSAGE][PASSED] - Navigate to 'http://dev-chiragh.surge.sh/' successfully

2019-01-01 18:13:44 - [TEST_STEP][PASSED] - maximizeWindow(): Current window maximized

2019-01-01 18:13:45 - [MESSAGE][PASSED] - Current window maximized

2019-01-01 18:13:45 - [TEST_STEP][PASSED] - delay(3): Delayed 3 second(s)

2019-01-01 18:13:48 - [MESSAGE][PASSED] - Delayed 3 second(s)

2019-01-01 18:13:48 - [TEST_STEP][PASSED] - click(findTestObject("Object Repository/view property/Page_Chiragh/img")): Object: 'Object Repository/view property/Page_Chiragh/img' is clicked on

2019-01-01 18:13:48 - [MESSAGE][PASSED] - Object: 'Object Repository/view property/Page_Chiragh/img' is clicked on

2019-01-01 18:13:48 - [TEST_STEP][PASSED] - delay(3): Delayed 3 second(s)

2019-01-01 18:13:51 - [MESSAGE][PASSED] - Delayed 3 second(s)

2019-01-01 18:13:51 - [TEST_STEP][PASSED] - verifyElementPresent(findTestObject("Object Repository/view property/Page_Chiragh/ul_PROPERTY DESCRIPTION"), 3): Object 'Object Repository/view property/Page_Chiragh/ul_PROPERTY DESCRIPTION' is present

2019-01-01 18:13:51 - [MESSAGE][PASSED] - Object 'Object Repository/view property/Page_Chiragh/ul_PROPERTY DESCRIPTION' is present

2019-01-01 18:13:51 - [TEST_STEP][PASSED] - verifyElementPresent(findTestObject("Object Repository/view property/Page_Chiragh/div_Exit VR"), 3): Object 'Object Repository/view property/Page_Chiragh/div_Exit VR' is present

2019-01-01 18:13:51 - [MESSAGE][PASSED] - Object 'Object Repository/view property/Page_Chiragh/div_Exit VR' is present

2019-01-01 18:13:51 - [TEST_STEP][PASSED] - closeBrowser(): Browser is closed

2019-01-01 18:13:52 - [MESSAGE][PASSED] - Browser is closed

2019-01-01 18:13:52 - [TEST_STEP][PASSED] - Start listener action : sampleAfterTestCase: null

2019-01-01 18:13:52 - [TEST_STEP][PASSED] - println(testCaseContext.getTestCaseId()): null

2019-01-01 18:13:52 - [TEST_STEP][PASSED] - println(testCaseContext.getTestCaseStatus()): null]]></system-out>
         <system-err><![CDATA[]]></system-err>
      </testcase>
      <testcase name="Test Cases/header/about us" classname="Test Cases/header/about us" status="PASSED">
         <system-out><![CDATA[2019-01-01 18:13:52 - [TEST_CASE][PASSED] - Test Cases/header/about us: Test Cases/header/about us

2019-01-01 18:13:53 - [TEST_STEP][PASSED] - openBrowser(""): Browser is opened with url: ''

2019-01-01 18:13:53 - [MESSAGE][INFO] - Starting 'Chrome' driver

2019-01-01 18:13:55 - [MESSAGE][PASSED] - Browser is opened with url: ''

2019-01-01 18:13:55 - [TEST_STEP][PASSED] - navigateToUrl("http://dev-chiragh.surge.sh/"): Navigate to 'http://dev-chiragh.surge.sh/' successfully

2019-01-01 18:14:08 - [MESSAGE][PASSED] - Navigate to 'http://dev-chiragh.surge.sh/' successfully

2019-01-01 18:14:08 - [TEST_STEP][PASSED] - maximizeWindow(): Current window maximized

2019-01-01 18:14:10 - [MESSAGE][PASSED] - Current window maximized

2019-01-01 18:14:10 - [TEST_STEP][PASSED] - delay(3): Delayed 3 second(s)

2019-01-01 18:14:13 - [MESSAGE][PASSED] - Delayed 3 second(s)

2019-01-01 18:14:13 - [TEST_STEP][PASSED] - click(findTestObject("Object Repository/about us/Page_Chiragh/a_About Us(current)")): Object: 'Object Repository/about us/Page_Chiragh/a_About Us(current)' is clicked on

2019-01-01 18:14:13 - [MESSAGE][PASSED] - Object: 'Object Repository/about us/Page_Chiragh/a_About Us(current)' is clicked on

2019-01-01 18:14:13 - [TEST_STEP][PASSED] - delay(3): Delayed 3 second(s)

2019-01-01 18:14:16 - [MESSAGE][PASSED] - Delayed 3 second(s)

2019-01-01 18:14:16 - [TEST_STEP][PASSED] - verifyElementPresent(findTestObject("Object Repository/about us/Page_Chiragh/div_MISSION STATEMENT"), 5): Object 'Object Repository/about us/Page_Chiragh/div_MISSION STATEMENT' is present

2019-01-01 18:14:16 - [MESSAGE][PASSED] - Object 'Object Repository/about us/Page_Chiragh/div_MISSION STATEMENT' is present

2019-01-01 18:14:16 - [TEST_STEP][PASSED] - closeBrowser(): Browser is closed

2019-01-01 18:14:17 - [MESSAGE][PASSED] - Browser is closed

2019-01-01 18:14:17 - [TEST_STEP][PASSED] - Start listener action : sampleAfterTestCase: null

2019-01-01 18:14:17 - [TEST_STEP][PASSED] - println(testCaseContext.getTestCaseId()): null

2019-01-01 18:14:17 - [TEST_STEP][PASSED] - println(testCaseContext.getTestCaseStatus()): null]]></system-out>
         <system-err><![CDATA[]]></system-err>
      </testcase>
      <testcase name="Test Cases/header/Buy" classname="Test Cases/header/Buy" status="PASSED">
         <system-out><![CDATA[2019-01-01 18:14:17 - [TEST_CASE][PASSED] - Test Cases/header/Buy: Test Cases/header/Buy

2019-01-01 18:14:17 - [TEST_STEP][PASSED] - openBrowser(""): Browser is opened with url: ''

2019-01-01 18:14:17 - [MESSAGE][INFO] - Starting 'Chrome' driver

2019-01-01 18:14:19 - [MESSAGE][PASSED] - Browser is opened with url: ''

2019-01-01 18:14:19 - [TEST_STEP][PASSED] - navigateToUrl("http://dev-chiragh.surge.sh/"): Navigate to 'http://dev-chiragh.surge.sh/' successfully

2019-01-01 18:14:34 - [MESSAGE][PASSED] - Navigate to 'http://dev-chiragh.surge.sh/' successfully

2019-01-01 18:14:34 - [TEST_STEP][PASSED] - maximizeWindow(): Current window maximized

2019-01-01 18:14:35 - [MESSAGE][PASSED] - Current window maximized

2019-01-01 18:14:35 - [TEST_STEP][PASSED] - delay(3): Delayed 3 second(s)

2019-01-01 18:14:38 - [MESSAGE][PASSED] - Delayed 3 second(s)

2019-01-01 18:14:38 - [TEST_STEP][PASSED] - click(findTestObject("buy/Page_Chiragh/a_Buy")): Object: 'Object Repository/buy/Page_Chiragh/a_Buy' is clicked on

2019-01-01 18:14:38 - [MESSAGE][PASSED] - Object: 'Object Repository/buy/Page_Chiragh/a_Buy' is clicked on

2019-01-01 18:14:38 - [TEST_STEP][PASSED] - delay(3): Delayed 3 second(s)

2019-01-01 18:14:41 - [MESSAGE][PASSED] - Delayed 3 second(s)

2019-01-01 18:14:41 - [TEST_STEP][PASSED] - verifyElementPresent(findTestObject("buy/new/Page_Chiragh/div_Current Auctions        Ac"), 5): Object 'Object Repository/buy/new/Page_Chiragh/div_Current Auctions        Ac' is present

2019-01-01 18:14:41 - [MESSAGE][PASSED] - Object 'Object Repository/buy/new/Page_Chiragh/div_Current Auctions        Ac' is present

2019-01-01 18:14:41 - [TEST_STEP][PASSED] - closeBrowser(): Browser is closed

2019-01-01 18:14:42 - [MESSAGE][PASSED] - Browser is closed

2019-01-01 18:14:42 - [TEST_STEP][PASSED] - Start listener action : sampleAfterTestCase: null

2019-01-01 18:14:42 - [TEST_STEP][PASSED] - println(testCaseContext.getTestCaseId()): null

2019-01-01 18:14:42 - [TEST_STEP][PASSED] - println(testCaseContext.getTestCaseStatus()): null]]></system-out>
         <system-err><![CDATA[]]></system-err>
      </testcase>
      <testcase name="Test Cases/header/FAQS" classname="Test Cases/header/FAQS" status="PASSED">
         <system-out><![CDATA[2019-01-01 18:14:42 - [TEST_CASE][PASSED] - Test Cases/header/FAQS: Test Cases/header/FAQS

2019-01-01 18:14:43 - [TEST_STEP][PASSED] - openBrowser(""): Browser is opened with url: ''

2019-01-01 18:14:43 - [MESSAGE][INFO] - Starting 'Chrome' driver

2019-01-01 18:14:45 - [MESSAGE][PASSED] - Browser is opened with url: ''

2019-01-01 18:14:45 - [TEST_STEP][PASSED] - navigateToUrl("http://dev-chiragh.surge.sh/"): Navigate to 'http://dev-chiragh.surge.sh/' successfully

2019-01-01 18:14:59 - [MESSAGE][PASSED] - Navigate to 'http://dev-chiragh.surge.sh/' successfully

2019-01-01 18:14:59 - [TEST_STEP][PASSED] - maximizeWindow(): Current window maximized

2019-01-01 18:15:00 - [MESSAGE][PASSED] - Current window maximized

2019-01-01 18:15:00 - [TEST_STEP][PASSED] - delay(3): Delayed 3 second(s)

2019-01-01 18:15:03 - [MESSAGE][PASSED] - Delayed 3 second(s)

2019-01-01 18:15:03 - [TEST_STEP][PASSED] - click(findTestObject("Object Repository/FAQS/Page_Chiragh/a_FAQs")): Object: 'Object Repository/FAQS/Page_Chiragh/a_FAQs' is clicked on

2019-01-01 18:15:03 - [MESSAGE][PASSED] - Object: 'Object Repository/FAQS/Page_Chiragh/a_FAQs' is clicked on

2019-01-01 18:15:03 - [TEST_STEP][PASSED] - delay(3): Delayed 3 second(s)

2019-01-01 18:15:06 - [MESSAGE][PASSED] - Delayed 3 second(s)

2019-01-01 18:15:06 - [TEST_STEP][PASSED] - verifyElementPresent(findTestObject("Object Repository/FAQS/Page_Chiragh/div_Frequently Asked Questions"), 3): Object 'Object Repository/FAQS/Page_Chiragh/div_Frequently Asked Questions' is present

2019-01-01 18:15:07 - [MESSAGE][PASSED] - Object 'Object Repository/FAQS/Page_Chiragh/div_Frequently Asked Questions' is present

2019-01-01 18:15:07 - [TEST_STEP][PASSED] - closeBrowser(): Browser is closed

2019-01-01 18:15:07 - [MESSAGE][PASSED] - Browser is closed

2019-01-01 18:15:07 - [TEST_STEP][PASSED] - Start listener action : sampleAfterTestCase: null

2019-01-01 18:15:07 - [TEST_STEP][PASSED] - println(testCaseContext.getTestCaseId()): null

2019-01-01 18:15:07 - [TEST_STEP][PASSED] - println(testCaseContext.getTestCaseStatus()): null]]></system-out>
         <system-err><![CDATA[]]></system-err>
      </testcase>
      <testcase name="Test Cases/header/How it Works" classname="Test Cases/header/How it Works" status="PASSED">
         <system-out><![CDATA[2019-01-01 18:15:07 - [TEST_CASE][PASSED] - Test Cases/header/How it Works: Test Cases/header/How it Works

2019-01-01 18:15:08 - [TEST_STEP][PASSED] - openBrowser(""): Browser is opened with url: ''

2019-01-01 18:15:08 - [MESSAGE][INFO] - Starting 'Chrome' driver

2019-01-01 18:15:10 - [MESSAGE][PASSED] - Browser is opened with url: ''

2019-01-01 18:15:10 - [TEST_STEP][PASSED] - navigateToUrl("http://dev-chiragh.surge.sh/"): Navigate to 'http://dev-chiragh.surge.sh/' successfully

2019-01-01 18:15:25 - [MESSAGE][PASSED] - Navigate to 'http://dev-chiragh.surge.sh/' successfully

2019-01-01 18:15:25 - [TEST_STEP][PASSED] - maximizeWindow(): Current window maximized

2019-01-01 18:15:26 - [MESSAGE][PASSED] - Current window maximized

2019-01-01 18:15:26 - [TEST_STEP][PASSED] - delay(3): Delayed 3 second(s)

2019-01-01 18:15:29 - [MESSAGE][PASSED] - Delayed 3 second(s)

2019-01-01 18:15:29 - [TEST_STEP][PASSED] - click(findTestObject("Object Repository/How it Works/Page_Chiragh/a_How it Works")): Object: 'Object Repository/How it Works/Page_Chiragh/a_How it Works' is clicked on

2019-01-01 18:15:29 - [MESSAGE][PASSED] - Object: 'Object Repository/How it Works/Page_Chiragh/a_How it Works' is clicked on

2019-01-01 18:15:29 - [TEST_STEP][PASSED] - delay(3): Delayed 3 second(s)

2019-01-01 18:15:32 - [MESSAGE][PASSED] - Delayed 3 second(s)

2019-01-01 18:15:32 - [TEST_STEP][PASSED] - verifyElementPresent(findTestObject("Object Repository/How it Works/Page_Chiragh/div_Seller  Buyer Process"), 5): Object 'Object Repository/How it Works/Page_Chiragh/div_Seller  Buyer Process' is present

2019-01-01 18:15:32 - [MESSAGE][PASSED] - Object 'Object Repository/How it Works/Page_Chiragh/div_Seller  Buyer Process' is present

2019-01-01 18:15:32 - [TEST_STEP][PASSED] - closeBrowser(): Browser is closed

2019-01-01 18:15:33 - [MESSAGE][PASSED] - Browser is closed

2019-01-01 18:15:33 - [TEST_STEP][PASSED] - Start listener action : sampleAfterTestCase: null

2019-01-01 18:15:33 - [TEST_STEP][PASSED] - println(testCaseContext.getTestCaseId()): null

2019-01-01 18:15:33 - [TEST_STEP][PASSED] - println(testCaseContext.getTestCaseStatus()): null]]></system-out>
         <system-err><![CDATA[]]></system-err>
      </testcase>
      <testcase name="Test Cases/header/repurchase" classname="Test Cases/header/repurchase" status="PASSED">
         <system-out><![CDATA[2019-01-01 18:15:33 - [TEST_CASE][PASSED] - Test Cases/header/repurchase: Test Cases/header/repurchase

2019-01-01 18:15:33 - [TEST_STEP][PASSED] - openBrowser(""): Browser is opened with url: ''

2019-01-01 18:15:33 - [MESSAGE][INFO] - Starting 'Chrome' driver

2019-01-01 18:15:36 - [MESSAGE][PASSED] - Browser is opened with url: ''

2019-01-01 18:15:36 - [TEST_STEP][PASSED] - navigateToUrl("http://dev-chiragh.surge.sh/"): Navigate to 'http://dev-chiragh.surge.sh/' successfully

2019-01-01 18:15:52 - [MESSAGE][PASSED] - Navigate to 'http://dev-chiragh.surge.sh/' successfully

2019-01-01 18:15:52 - [TEST_STEP][PASSED] - maximizeWindow(): Current window maximized

2019-01-01 18:15:53 - [MESSAGE][PASSED] - Current window maximized

2019-01-01 18:15:53 - [TEST_STEP][PASSED] - delay(3): Delayed 3 second(s)

2019-01-01 18:15:56 - [MESSAGE][PASSED] - Delayed 3 second(s)

2019-01-01 18:15:56 - [TEST_STEP][PASSED] - click(findTestObject("Object Repository/repurchase/Page_Chiragh/a_Repurchase")): Object: 'Object Repository/repurchase/Page_Chiragh/a_Repurchase' is clicked on

2019-01-01 18:15:56 - [MESSAGE][PASSED] - Object: 'Object Repository/repurchase/Page_Chiragh/a_Repurchase' is clicked on

2019-01-01 18:15:56 - [TEST_STEP][PASSED] - delay(3): Delayed 3 second(s)

2019-01-01 18:15:59 - [MESSAGE][PASSED] - Delayed 3 second(s)

2019-01-01 18:15:59 - [TEST_STEP][PASSED] - verifyElementPresent(findTestObject("Object Repository/repurchase/Page_Chiragh/div_BUY BACK OR REPURCHASE AGR"), 5): Object 'Object Repository/repurchase/Page_Chiragh/div_BUY BACK OR REPURCHASE AGR' is present

2019-01-01 18:15:59 - [MESSAGE][PASSED] - Object 'Object Repository/repurchase/Page_Chiragh/div_BUY BACK OR REPURCHASE AGR' is present

2019-01-01 18:15:59 - [TEST_STEP][PASSED] - closeBrowser(): Browser is closed

2019-01-01 18:16:00 - [MESSAGE][PASSED] - Browser is closed

2019-01-01 18:16:00 - [TEST_STEP][PASSED] - Start listener action : sampleAfterTestCase: null

2019-01-01 18:16:00 - [TEST_STEP][PASSED] - println(testCaseContext.getTestCaseId()): null

2019-01-01 18:16:00 - [TEST_STEP][PASSED] - println(testCaseContext.getTestCaseStatus()): null]]></system-out>
         <system-err><![CDATA[]]></system-err>
      </testcase>
      <testcase name="Test Cases/header/resources" classname="Test Cases/header/resources" status="PASSED">
         <system-out><![CDATA[2019-01-01 18:16:00 - [TEST_CASE][PASSED] - Test Cases/header/resources: Test Cases/header/resources

2019-01-01 18:16:00 - [TEST_STEP][PASSED] - openBrowser(""): Browser is opened with url: ''

2019-01-01 18:16:00 - [MESSAGE][INFO] - Starting 'Chrome' driver

2019-01-01 18:16:03 - [MESSAGE][PASSED] - Browser is opened with url: ''

2019-01-01 18:16:03 - [TEST_STEP][PASSED] - navigateToUrl("http://dev-chiragh.surge.sh/"): Navigate to 'http://dev-chiragh.surge.sh/' successfully

2019-01-01 18:16:18 - [MESSAGE][PASSED] - Navigate to 'http://dev-chiragh.surge.sh/' successfully

2019-01-01 18:16:18 - [TEST_STEP][PASSED] - maximizeWindow(): Current window maximized

2019-01-01 18:16:19 - [MESSAGE][PASSED] - Current window maximized

2019-01-01 18:16:19 - [TEST_STEP][PASSED] - delay(3): Delayed 3 second(s)

2019-01-01 18:16:22 - [MESSAGE][PASSED] - Delayed 3 second(s)

2019-01-01 18:16:22 - [TEST_STEP][PASSED] - click(findTestObject("Object Repository/RESOURCES/Page_Chiragh/a_Resources")): Object: 'Object Repository/RESOURCES/Page_Chiragh/a_Resources' is clicked on

2019-01-01 18:16:22 - [MESSAGE][PASSED] - Object: 'Object Repository/RESOURCES/Page_Chiragh/a_Resources' is clicked on

2019-01-01 18:16:22 - [TEST_STEP][PASSED] - delay(3): Delayed 3 second(s)

2019-01-01 18:16:25 - [MESSAGE][PASSED] - Delayed 3 second(s)

2019-01-01 18:16:25 - [TEST_STEP][PASSED] - verifyElementPresent(findTestObject("Object Repository/RESOURCES/Page_Chiragh/div_Resources"), 3): Object 'Object Repository/RESOURCES/Page_Chiragh/div_Resources' is present

2019-01-01 18:16:25 - [MESSAGE][PASSED] - Object 'Object Repository/RESOURCES/Page_Chiragh/div_Resources' is present

2019-01-01 18:16:25 - [TEST_STEP][PASSED] - closeBrowser(): Browser is closed

2019-01-01 18:16:26 - [MESSAGE][PASSED] - Browser is closed

2019-01-01 18:16:26 - [TEST_STEP][PASSED] - Start listener action : sampleAfterTestCase: null

2019-01-01 18:16:26 - [TEST_STEP][PASSED] - println(testCaseContext.getTestCaseId()): null

2019-01-01 18:16:26 - [TEST_STEP][PASSED] - println(testCaseContext.getTestCaseStatus()): null]]></system-out>
         <system-err><![CDATA[]]></system-err>
      </testcase>
      <testcase name="Test Cases/header/Sell" classname="Test Cases/header/Sell" status="PASSED">
         <system-out><![CDATA[2019-01-01 18:16:26 - [TEST_CASE][PASSED] - Test Cases/header/Sell: Test Cases/header/Sell

2019-01-01 18:16:27 - [TEST_STEP][PASSED] - openBrowser(""): Browser is opened with url: ''

2019-01-01 18:16:27 - [MESSAGE][INFO] - Starting 'Chrome' driver

2019-01-01 18:16:29 - [MESSAGE][PASSED] - Browser is opened with url: ''

2019-01-01 18:16:29 - [TEST_STEP][PASSED] - navigateToUrl("http://dev-chiragh.surge.sh/"): Navigate to 'http://dev-chiragh.surge.sh/' successfully

2019-01-01 18:16:41 - [MESSAGE][PASSED] - Navigate to 'http://dev-chiragh.surge.sh/' successfully

[...]
	at com.kms.katalon.core.main.TestCaseExecutor.processExecutionPhase(TestCaseExecutor.java:298)
	at com.kms.katalon.core.main.TestCaseExecutor.accessMainPhase(TestCaseExecutor.java:290)
	at com.kms.katalon.core.main.TestCaseExecutor.execute(TestCaseExecutor.java:224)
	at com.kms.katalon.core.main.TestSuiteExecutor.accessTestCaseMainPhase(TestSuiteExecutor.java:129)
	at com.kms.katalon.core.main.TestSuiteExecutor.accessTestSuiteMainPhase(TestSuiteExecutor.java:112)
	at com.kms.katalon.core.main.TestSuiteExecutor.execute(TestSuiteExecutor.java:81)
	at com.kms.katalon.core.main.TestCaseMain.startTestSuite(TestCaseMain.java:149)
	at com.kms.katalon.core.main.TestCaseMain$startTestSuite$0.call(Unknown Source)
	at TempTestSuite1546348189898.run(TempTestSuite1546348189898.groovy:36)
"/>
         <system-out><![CDATA[2019-01-01 18:21:57 - [TEST_CASE][FAILED] - Test Cases/about us page/start selling now button: Test Cases/about us page/start selling now button FAILED.
Reason:
com.kms.katalon.core.exception.StepFailedException: Unable to verify object 'Object Repository/sell/Page_Chiragh/Page_Chiragh/form_Sign In' is present (Root cause: com.kms.katalon.core.exception.StepFailedException: com.kms.katalon.core.webui.exception.WebElementNotFoundException: Web element with id: 'Object Repository/sell/Page_Chiragh/Page_Chiragh/form_Sign In' located by 'By.xpath: (.//*[normalize-space(text()) and normalize-space(.)='Resources'])[1]/following::form[1]' not found)
	at com.kms.katalon.core.keyword.internal.KeywordMain.stepFailed(KeywordMain.groovy:36)
	at com.kms.katalon.core.webui.keyword.internal.WebUIKeywordMain.stepFailed(WebUIKeywordMain.groovy:65)
	at com.kms.katalon.core.webui.keyword.internal.WebUIKeywordMain.runKeyword(WebUIKeywordMain.groovy:27)
	at com.kms.katalon.core.webui.keyword.builtin.VerifyElementPresentKeyword.verifyElementPresent(VerifyElementPresentKeyword.groovy:92)
	at com.kms.katalon.core.webui.keyword.builtin.VerifyElementPresentKeyword.execute(VerifyElementPresentKeyword.groovy:68)
	at com.kms.katalon.core.keyword.internal.KeywordExecutor.executeKeywordForPlatform(KeywordExecutor.groovy:53)
	at com.kms.katalon.core.webui.keyword.WebUiBuiltInKeywords.verifyElementPresent(WebUiBuiltInKeywords.groovy:1434)
	at com.kms.katalon.core.webui.keyword.WebUiBuiltInKeywords$verifyElementPresent$3.call(Unknown Source)
	at start selling now button.run(start selling now button:30)
	at com.kms.katalon.core.main.ScriptEngine.run(ScriptEngine.java:194)
	at com.kms.katalon.core.main.ScriptEngine.runScriptAsRawText(ScriptEngine.java:119)
	at com.kms.katalon.core.main.TestCaseExecutor.runScript(TestCaseExecutor.java:328)
	at com.kms.katalon.core.main.TestCaseExecutor.doExecute(TestCaseExecutor.java:319)
	at com.kms.katalon.core.main.TestCaseExecutor.processExecutionPhase(TestCaseExecutor.java:298)
	at com.kms.katalon.core.main.TestCaseExecutor.accessMainPhase(TestCaseExecutor.java:290)
	at com.kms.katalon.core.main.TestCaseExecutor.execute(TestCaseExecutor.java:224)
	at com.kms.katalon.core.main.TestSuiteExecutor.accessTestCaseMainPhase(TestSuiteExecutor.java:129)
	at com.kms.katalon.core.main.TestSuiteExecutor.accessTestSuiteMainPhase(TestSuiteExecutor.java:112)
	at com.kms.katalon.core.main.TestSuiteExecutor.execute(TestSuiteExecutor.java:81)
	at com.kms.katalon.core.main.TestCaseMain.startTestSuite(TestCaseMain.java:149)
	at com.kms.katalon.core.main.TestCaseMain$startTestSuite$0.call(Unknown Source)
	at TempTestSuite1546348189898.run(TempTestSuite1546348189898.groovy:36)


2019-01-01 18:21:58 - [TEST_STEP][PASSED] - openBrowser(""): Browser is opened with url: ''

2019-01-01 18:21:58 - [MESSAGE][WARNING] - A browser is already opened. Closing browser and opening a new one

2019-01-01 18:21:58 - [MESSAGE][INFO] - Starting 'Chrome' driver

2019-01-01 18:22:01 - [MESSAGE][PASSED] - Browser is opened with url: ''

2019-01-01 18:22:01 - [TEST_STEP][PASSED] - navigateToUrl("http://dev-chiragh.surge.sh/"): Navigate to 'http://dev-chiragh.surge.sh/' successfully

2019-01-01 18:22:15 - [MESSAGE][PASSED] - Navigate to 'http://dev-chiragh.surge.sh/' successfully

2019-01-01 18:22:15 - [TEST_STEP][PASSED] - maximizeWindow(): Current window maximized

2019-01-01 18:22:16 - [MESSAGE][PASSED] - Current window maximized

2019-01-01 18:22:16 - [TEST_STEP][PASSED] - delay(5): Delayed 5 second(s)

2019-01-01 18:22:21 - [MESSAGE][PASSED] - Delayed 5 second(s)

2019-01-01 18:22:21 - [TEST_STEP][PASSED] - click(findTestObject("Object Repository/about us/Page_Chiragh/a_About Us(current) (1)")): Object: 'Object Repository/about us/Page_Chiragh/a_About Us(current) (1)' is clicked on

2019-01-01 18:22:21 - [MESSAGE][PASSED] - Object: 'Object Repository/about us/Page_Chiragh/a_About Us(current) (1)' is clicked on

2019-01-01 18:22:21 - [TEST_STEP][PASSED] - click(findTestObject("Object Repository/about us/Page_Chiragh/button_Start                Se")): Object: 'Object Repository/about us/Page_Chiragh/button_Start                Se' is clicked on

2019-01-01 18:22:21 - [MESSAGE][PASSED] - Object: 'Object Repository/about us/Page_Chiragh/button_Start                Se' is clicked on

2019-01-01 18:22:21 - [TEST_STEP][PASSED] - waitForPageLoad(5): Wait for page load successfully

2019-01-01 18:22:21 - [MESSAGE][PASSED] - Wait for page load successfully

2019-01-01 18:22:21 - [TEST_STEP][FAILED] - if (verifyElementPresent(findTestObject("sell/Page_Chiragh/Page_Chiragh/form_Sign In"), 3) == true): if (verifyElementPresent(findTestObject("sell/Page_Chiragh/Page_Chiragh/form_Sign In"), 3) == true) FAILED.
Reason:
com.kms.katalon.core.exception.StepFailedException: Unable to verify object 'Object Repository/sell/Page_Chiragh/Page_Chiragh/form_Sign In' is present (Root cause: com.kms.katalon.core.exception.StepFailedException: com.kms.katalon.core.webui.exception.WebElementNotFoundException: Web element with id: 'Object Repository/sell/Page_Chiragh/Page_Chiragh/form_Sign In' located by 'By.xpath: (.//*[normalize-space(text()) and normalize-space(.)='Resources'])[1]/following::form[1]' not found)
	at com.kms.katalon.core.keyword.internal.KeywordMain.stepFailed(KeywordMain.groovy:36)
	at com.kms.katalon.core.webui.keyword.internal.WebUIKeywordMain.stepFailed(WebUIKeywordMain.groovy:65)
	at com.kms.katalon.core.webui.keyword.internal.WebUIKeywordMain.runKeyword(WebUIKeywordMain.groovy:27)
	at com.kms.katalon.core.webui.keyword.builtin.VerifyElementPresentKeyword.verifyElementPresent(VerifyElementPresentKeyword.groovy:92)
	at com.kms.katalon.core.webui.keyword.builtin.VerifyElementPresentKeyword.execute(VerifyElementPresentKeyword.groovy:68)
	at com.kms.katalon.core.keyword.internal.KeywordExecutor.executeKeywordForPlatform(KeywordExecutor.groovy:53)
	at com.kms.katalon.core.webui.keyword.WebUiBuiltInKeywords.verifyElementPresent(WebUiBuiltInKeywords.groovy:1434)
	at com.kms.katalon.core.webui.keyword.WebUiBuiltInKeywords$verifyElementPresent$3.call(Unknown Source)
	at start selling now button.run(start selling now button:30)
	at com.kms.katalon.core.main.ScriptEngine.run(ScriptEngine.java:194)
	at com.kms.katalon.core.main.ScriptEngine.runScriptAsRawText(ScriptEngine.java:119)
	at com.kms.katalon.core.main.TestCaseExecutor.runScript(TestCaseExecutor.java:328)
	at com.kms.katalon.core.main.TestCaseExecutor.doExecute(TestCaseExecutor.java:319)
	at com.kms.katalon.core.main.TestCaseExecutor.processExecutionPhase(TestCaseExecutor.java:298)
	at com.kms.katalon.core.main.TestCaseExecutor.accessMainPhase(TestCaseExecutor.java:290)
	at com.kms.katalon.core.main.TestCaseExecutor.execute(TestCaseExecutor.java:224)
	at com.kms.katalon.core.main.TestSuiteExecutor.accessTestCaseMainPhase(TestSuiteExecutor.java:129)
	at com.kms.katalon.core.main.TestSuiteExecutor.accessTestSuiteMainPhase(TestSuiteExecutor.java:112)
	at com.kms.katalon.core.main.TestSuiteExecutor.execute(TestSuiteExecutor.java:81)
	at com.kms.katalon.core.main.TestCaseMain.startTestSuite(TestCaseMain.java:149)
	at com.kms.katalon.core.main.TestCaseMain$startTestSuite$0.call(Unknown Source)
	at TempTestSuite1546348189898.run(TempTestSuite1546348189898.groovy:36)


2019-01-01 18:22:25 - [MESSAGE][INFO] - Unable to find the element located by 'By.xpath: (.//*[normalize-space(text()) and normalize-space(.)='Resources'])[1]/following::form[1]'. Please recheck the objects properties to make sure the desired element is located. 

2019-01-01 18:22:25 - [MESSAGE][FAILED] - com.kms.katalon.core.webui.exception.WebElementNotFoundException: Web element with id: 'Object Repository/sell/Page_Chiragh/Page_Chiragh/form_Sign In' located by 'By.xpath: (.//*[normalize-space(text()) and normalize-space(.)='Resources'])[1]/following::form[1]' not found
[[ATTACHMENT|C:\\Users\\HP\\Katalon Studio\\links\\Reports\\Chiragh links\\20190101_180949\\1546348945053.png]]

2019-01-01 18:22:25 - [MESSAGE][FAILED] - Unable to verify object 'Object Repository/sell/Page_Chiragh/Page_Chiragh/form_Sign In' is present (Root cause: com.kms.katalon.core.exception.StepFailedException: com.kms.katalon.core.webui.exception.WebElementNotFoundException: Web element with id: 'Object Repository/sell/Page_Chiragh/Page_Chiragh/form_Sign In' located by 'By.xpath: (.//*[normalize-space(text()) and normalize-space(.)='Resources'])[1]/following::form[1]' not found)
[[ATTACHMENT|C:\\Users\\HP\\Katalon Studio\\links\\Reports\\Chiragh links\\20190101_180949\\1546348945353.png]]

2019-01-01 18:22:25 - [MESSAGE][FAILED] - if (verifyElementPresent(findTestObject("sell/Page_Chiragh/Page_Chiragh/form_Sign In"), 3) == true) FAILED.
Reason:
com.kms.katalon.core.exception.StepFailedException: Unable to verify object 'Object Repository/sell/Page_Chiragh/Page_Chiragh/form_Sign In' is present (Root cause: com.kms.katalon.core.exception.StepFailedException: com.kms.katalon.core.webui.exception.WebElementNotFoundException: Web element with id: 'Object Repository/sell/Page_Chiragh/Page_Chiragh/form_Sign In' located by 'By.xpath: (.//*[normalize-space(text()) and normalize-space(.)='Resources'])[1]/following::form[1]' not found)
	at com.kms.katalon.core.keyword.internal.KeywordMain.stepFailed(KeywordMain.groovy:36)
	at com.kms.katalon.core.webui.keyword.internal.WebUIKeywordMain.stepFailed(WebUIKeywordMain.groovy:65)
	at com.kms.katalon.core.webui.keyword.internal.WebUIKeywordMain.runKeyword(WebUIKeywordMain.groovy:27)
	at com.kms.katalon.core.webui.keyword.builtin.VerifyElementPresentKeyword.verifyElementPresent(VerifyElementPresentKeyword.groovy:92)
	at com.kms.katalon.core.webui.keyword.builtin.VerifyElementPresentKeyword.execute(VerifyElementPresentKeyword.groovy:68)
	at com.kms.katalon.core.keyword.internal.KeywordExecutor.executeKeywordForPlatform(KeywordExecutor.groovy:53)
	at com.kms.katalon.core.webui.keyword.WebUiBuiltInKeywords.verifyElementPresent(WebUiBuiltInKeywords.groovy:1434)
	at com.kms.katalon.core.webui.keyword.WebUiBuiltInKeywords$verifyElementPresent$3.call(Unknown Source)
	at start selling now button.run(start selling now button:30)
	at com.kms.katalon.core.main.ScriptEngine.run(ScriptEngine.java:194)
	at com.kms.katalon.core.main.ScriptEngine.runScriptAsRawText(ScriptEngine.java:119)
	at com.kms.katalon.core.main.TestCaseExecutor.runScript(TestCaseExecutor.java:328)
	at com.kms.katalon.core.main.TestCaseExecutor.doExecute(TestCaseExecutor.java:319)
	at com.kms.katalon.core.main.TestCaseExecutor.processExecutionPhase(TestCaseExecutor.java:298)
	at com.kms.katalon.core.main.TestCaseExecutor.accessMainPhase(TestCaseExecutor.java:290)
	at com.kms.katalon.core.main.TestCaseExecutor.execute(TestCaseExecutor.java:224)
	at com.kms.katalon.core.main.TestSuiteExecutor.accessTestCaseMainPhase(TestSuiteExecutor.java:129)
	at com.kms.katalon.core.main.TestSuiteExecutor.accessTestSuiteMainPhase(TestSuiteExecutor.java:112)
	at com.kms.katalon.core.main.TestSuiteExecutor.execute(TestSuiteExecutor.java:81)
	at com.kms.katalon.core.main.TestCaseMain.startTestSuite(TestCaseMain.java:149)
	at com.kms.katalon.core.main.TestCaseMain$startTestSuite$0.call(Unknown Source)
	at TempTestSuite1546348189898.run(TempTestSuite1546348189898.groovy:36)


2019-01-01 18:22:25 - [TEST_STEP][PASSED] - Start listener action : sampleAfterTestCase: null

2019-01-01 18:22:25 - [TEST_STEP][PASSED] - println(testCaseContext.getTestCaseId()): null

2019-01-01 18:22:25 - [TEST_STEP][PASSED] - println(testCaseContext.getTestCaseStatus()): null]]></system-out>
         <system-err><![CDATA[2019-01-01 18:21:57 - [TEST_CASE][FAILED] - Test Cases/about us page/start selling now button: Test Cases/about us page/start selling now button FAILED.
Reason:
com.kms.katalon.core.exception.StepFailedException: Unable to verify object 'Object Repository/sell/Page_Chiragh/Page_Chiragh/form_Sign In' is present (Root cause: com.kms.katalon.core.exception.StepFailedException: com.kms.katalon.core.webui.exception.WebElementNotFoundException: Web element with id: 'Object Repository/sell/Page_Chiragh/Page_Chiragh/form_Sign In' located by 'By.xpath: (.//*[normalize-space(text()) and normalize-space(.)='Resources'])[1]/following::form[1]' not found)
	at com.kms.katalon.core.keyword.internal.KeywordMain.stepFailed(KeywordMain.groovy:36)
	at com.kms.katalon.core.webui.keyword.internal.WebUIKeywordMain.stepFailed(WebUIKeywordMain.groovy:65)
	at com.kms.katalon.core.webui.keyword.internal.WebUIKeywordMain.runKeyword(WebUIKeywordMain.groovy:27)
	at com.kms.katalon.core.webui.keyword.builtin.VerifyElementPresentKeyword.verifyElementPresent(VerifyElementPresentKeyword.groovy:92)
	at com.kms.katalon.core.webui.keyword.builtin.VerifyElementPresentKeyword.execute(VerifyElementPresentKeyword.groovy:68)
	at com.kms.katalon.core.keyword.internal.KeywordExecutor.executeKeywordForPlatform(KeywordExecutor.groovy:53)
	at com.kms.katalon.core.webui.keyword.WebUiBuiltInKeywords.verifyElementPresent(WebUiBuiltInKeywords.groovy:1434)
	at com.kms.katalon.core.webui.keyword.WebUiBuiltInKeywords$verifyElementPresent$3.call(Unknown Source)
	at start selling now button.run(start selling now button:30)
	at com.kms.katalon.core.main.ScriptEngine.run(ScriptEngine.java:194)
	at com.kms.katalon.core.main.ScriptEngine.runScriptAsRawText(ScriptEngine.java:119)
	at com.kms.katalon.core.main.TestCaseExecutor.runScript(TestCaseExecutor.java:328)
	at com.kms.katalon.core.main.TestCaseExecutor.doExecute(TestCaseExecutor.java:319)
	at com.kms.katalon.core.main.TestCaseExecutor.processExecutionPhase(TestCaseExecutor.java:298)
	at com.kms.katalon.core.main.TestCaseExecutor.accessMainPhase(TestCaseExecutor.java:290)
	at com.kms.katalon.core.main.TestCaseExecutor.execute(TestCaseExecutor.java:224)
	at com.kms.katalon.core.main.TestSuiteExecutor.accessTestCaseMainPhase(TestSuiteExecutor.java:129)
	at com.kms.katalon.core.main.TestSuiteExecutor.accessTestSuiteMainPhase(TestSuiteExecutor.java:112)
	at com.kms.katalon.core.main.TestSuiteExecutor.execute(TestSuiteExecutor.java:81)
	at com.kms.katalon.core.main.TestCaseMain.startTestSuite(TestCaseMain.java:149)
	at com.kms.katalon.core.main.TestCaseMain$startTestSuite$0.call(Unknown Source)
	at TempTestSuite1546348189898.run(TempTestSuite1546348189898.groovy:36)]]></system-err>
      </testcase>
      <system-out><![CDATA[2019-01-01 18:09:52 - [TEST_SUITE][FAILED] - Chiragh links: Test Cases/home page/first learn more FAILED.
Reason:
com.kms.katalon.core.exception.StepFailedException: Unable to accept alert (Root cause: com.kms.katalon.core.exception.StepFailedException: No alert found)
	at com.kms.katalon.core.keyword.internal.KeywordMain.stepFailed(KeywordMain.groovy:36)
	at com.kms.katalon.core.webui.keyword.internal.WebUIKeywordMain.stepFailed(WebUIKeywordMain.groovy:65)
	at com.kms.katalon.core.webui.keyword.internal.WebUIKeywordMain.runKeyword(WebUIKeywordMain.groovy:27)
	at com.kms.katalon.core.webui.keyword.builtin.AcceptAlertKeyword.acceptAlert(AcceptAlertKeyword.groovy:71)
	at com.kms.katalon.core.webui.keyword.builtin.AcceptAlertKeyword.execute(AcceptAlertKeyword.groovy:66)
	at com.kms.katalon.core.keyword.internal.KeywordExecutor.executeKeywordForPlatform(KeywordExecutor.groovy:53)
	at com.kms.katalon.core.webui.keyword.WebUiBuiltInKeywords.acceptAlert(WebUiBuiltInKeywords.groovy:1492)
	at com.kms.katalon.core.webui.keyword.WebUiBuiltInKeywords$acceptAlert$6.call(Unknown Source)
	at first learn more.run(first learn more:22)
	at com.kms.katalon.core.main.ScriptEngine.run(ScriptEngine.java:194)
	at com.kms.katalon.core.main.ScriptEngine.runScriptAsRawText(ScriptEngine.java:119)
	at com.kms.katalon.core.main.TestCaseExecutor.runScript(TestCaseExecutor.java:328)
	at com.kms.katalon.core.main.TestCaseExecutor.doExecute(TestCaseExecutor.java:319)
	at com.kms.katalon.core.main.TestCaseExecutor.processExecutionPhase(TestCaseExecutor.java:298)
	at com.kms.katalon.core.main.TestCaseExecutor.accessMainPhase(TestCaseExecutor.java:290)
	at com.kms.katalon.core.main.TestCaseExecutor.execute(TestCaseExecutor.java:224)
	at com.kms.katalon.core.main.TestSuiteExecutor.accessTestCaseMainPhase(TestSuiteExecutor.java:129)
	at com.kms.katalon.core.main.TestSuiteExecutor.accessTestSuiteMainPhase(TestSuiteExecutor.java:112)
	at com.kms.katalon.core.main.TestSuiteExecutor.execute(TestSuiteExecutor.java:81)
	at com.kms.katalon.core.main.TestCaseMain.startTestSuite(TestCaseMain.java:149)
	at com.kms.katalon.core.main.TestCaseMain$startTestSuite$0.call(Unknown Source)
	at TempTestSuite1546348189898.run(TempTestSuite1546348189898.groovy:36)]]></system-out>
      <system-err><![CDATA[2019-01-01 18:09:52 - [TEST_SUITE][FAILED] - Chiragh links: Test Cases/home page/first learn more FAILED.
Reason:
com.kms.katalon.core.exception.StepFailedException: Unable to accept alert (Root cause: com.kms.katalon.core.exception.StepFailedException: No alert found)
	at com.kms.katalon.core.keyword.internal.KeywordMain.stepFailed(KeywordMain.groovy:36)
	at com.kms.katalon.core.webui.keyword.internal.WebUIKeywordMain.stepFailed(WebUIKeywordMain.groovy:65)
	at com.kms.katalon.core.webui.keyword.internal.WebUIKeywordMain.runKeyword(WebUIKeywordMain.groovy:27)
	at com.kms.katalon.core.webui.keyword.builtin.AcceptAlertKeyword.acceptAlert(AcceptAlertKeyword.groovy:71)
	at com.kms.katalon.core.webui.keyword.builtin.AcceptAlertKeyword.execute(AcceptAlertKeyword.groovy:66)
	at com.kms.katalon.core.keyword.internal.KeywordExecutor.executeKeywordForPlatform(KeywordExecutor.groovy:53)
	at com.kms.katalon.core.webui.keyword.WebUiBuiltInKeywords.acceptAlert(WebUiBuiltInKeywords.groovy:1492)
	at com.kms.katalon.core.webui.keyword.WebUiBuiltInKeywords$acceptAlert$6.call(Unknown Source)
	at first learn more.run(first learn more:22)
	at com.kms.katalon.core.main.ScriptEngine.run(ScriptEngine.java:194)
	at com.kms.katalon.core.main.ScriptEngine.runScriptAsRawText(ScriptEngine.java:119)
	at com.kms.katalon.core.main.TestCaseExecutor.runScript(TestCaseExecutor.java:328)
	at com.kms.katalon.core.main.TestCaseExecutor.doExecute(TestCaseExecutor.java:319)
	at com.kms.katalon.core.main.TestCaseExecutor.processExecutionPhase(TestCaseExecutor.java:298)
	at com.kms.katalon.core.main.TestCaseExecutor.accessMainPhase(TestCaseExecutor.java:290)
	at com.kms.katalon.core.main.TestCaseExecutor.execute(TestCaseExecutor.java:224)
	at com.kms.katalon.core.main.TestSuiteExecutor.accessTestCaseMainPhase(TestSuiteExecutor.java:129)
	at com.kms.katalon.core.main.TestSuiteExecutor.accessTestSuiteMainPhase(TestSuiteExecutor.java:112)
	at com.kms.katalon.core.main.TestSuiteExecutor.execute(TestSuiteExecutor.java:81)
	at com.kms.katalon.core.main.TestCaseMain.startTestSuite(TestCaseMain.java:149)
	at com.kms.katalon.core.main.TestCaseMain$startTestSuite$0.call(Unknown Source)
	at TempTestSuite1546348189898.run(TempTestSuite1546348189898.groovy:36)]]></system-err>
   </testsuite>
</testsuites>
