<?xml version="1.0" encoding="UTF-8"?>
<testsuites name="Chiragh Smoke Tests" time="1155" tests="24" failures="9" errors="0">
   <testsuite name="Chiragh Smoke Tests" tests="24" failures="9" errors="0" time="1155" timestamp="2019-03-07 17:14:16" hostname="hp - 192.168.0.112" id="Test Suites/Chiragh Smoke Tests">
      <properties>
[...]
</properties>
      <testcase name="Test Cases/signin/Forgot Password" classname="Test Cases/signin/Forgot Password" status="PASSED">
         <system-out><![CDATA[2019-03-07 17:14:17 - [TEST_CASE][PASSED] - Test Cases/signin/Forgot Password: Test Cases/signin/Forgot Password

2019-03-07 17:14:17 - [TEST_STEP][PASSED] - openBrowser(""): Browser is opened with url: ''

2019-03-07 17:14:18 - [MESSAGE][INFO] - Starting 'Chrome' driver

2019-03-07 17:14:18 - [MESSAGE][INFO] - Action delay is set to 0 seconds

2019-03-07 17:14:24 - [MESSAGE][PASSED] - Browser is opened with url: ''

2019-03-07 17:14:24 - [TEST_STEP][PASSED] - navigateToUrl(Url): Navigate to 'http://dev.chiragh.com/' successfully

2019-03-07 17:14:43 - [MESSAGE][PASSED] - Navigate to 'http://dev.chiragh.com/' successfully

2019-03-07 17:14:43 - [TEST_STEP][PASSED] - maximizeWindow(): Current window maximized

2019-03-07 17:14:44 - [MESSAGE][PASSED] - Current window maximized

2019-03-07 17:14:44 - [TEST_STEP][PASSED] - delay(3): Delayed 3 second(s)

2019-03-07 17:14:47 - [MESSAGE][PASSED] - Delayed 3 second(s)

2019-03-07 17:14:47 - [TEST_STEP][PASSED] - click(findTestObject("Object Repository/forgot password/Page_Chiragh/div_Login                    o")): Object: 'Object Repository/forgot password/Page_Chiragh/div_Login                    o' is clicked on

2019-03-07 17:14:48 - [MESSAGE][PASSED] - Object: 'Object Repository/forgot password/Page_Chiragh/div_Login                    o' is clicked on

2019-03-07 17:14:48 - [TEST_STEP][PASSED] - click(findTestObject("Object Repository/forgot password/Page_Chiragh/a_Login")): Object: 'Object Repository/forgot password/Page_Chiragh/a_Login' is clicked on

2019-03-07 17:14:48 - [MESSAGE][PASSED] - Object: 'Object Repository/forgot password/Page_Chiragh/a_Login' is clicked on

2019-03-07 17:14:48 - [TEST_STEP][PASSED] - delay(3): Delayed 3 second(s)

2019-03-07 17:14:51 - [MESSAGE][PASSED] - Delayed 3 second(s)

2019-03-07 17:14:51 - [TEST_STEP][PASSED] - click(findTestObject("Object Repository/forgot password/Page_Chiragh/a_Forgot Password")): Object: 'Object Repository/forgot password/Page_Chiragh/a_Forgot Password' is clicked on

2019-03-07 17:14:51 - [MESSAGE][PASSED] - Object: 'Object Repository/forgot password/Page_Chiragh/a_Forgot Password' is clicked on

2019-03-07 17:14:51 - [TEST_STEP][PASSED] - verifyElementPresent(findTestObject("Object Repository/forgot password/Page_Chiragh/form_Forgot Password"), 3): Object 'Object Repository/forgot password/Page_Chiragh/form_Forgot Password' is present

2019-03-07 17:14:51 - [MESSAGE][PASSED] - Object 'Object Repository/forgot password/Page_Chiragh/form_Forgot Password' is present

2019-03-07 17:14:51 - [TEST_STEP][PASSED] - verifyElementPresent(findTestObject("Object Repository/forgot password/Page_Chiragh/div_Follow these simple steps"), 3): Object 'Object Repository/forgot password/Page_Chiragh/div_Follow these simple steps' is present

2019-03-07 17:14:52 - [MESSAGE][PASSED] - Object 'Object Repository/forgot password/Page_Chiragh/div_Follow these simple steps' is present

2019-03-07 17:14:52 - [TEST_STEP][PASSED] - verifyElementPresent(findTestObject("Object Repository/forgot password/Page_Chiragh/div_Submit"), 3): Object 'Object Repository/forgot password/Page_Chiragh/div_Submit' is present

2019-03-07 17:14:52 - [MESSAGE][PASSED] - Object 'Object Repository/forgot password/Page_Chiragh/div_Submit' is present

2019-03-07 17:14:52 - [TEST_STEP][PASSED] - closeBrowser(): Browser is closed

2019-03-07 17:14:53 - [MESSAGE][PASSED] - Browser is closed

2019-03-07 17:14:53 - [TEST_STEP][PASSED] - Start listener action : sampleAfterTestCase: null

2019-03-07 17:14:53 - [TEST_STEP][PASSED] - println(testCaseContext.getTestCaseId()): null

2019-03-07 17:14:53 - [TEST_STEP][PASSED] - println(testCaseContext.getTestCaseStatus()): null]]></system-out>
         <system-err><![CDATA[]]></system-err>
      </testcase>
      <testcase name="Test Cases/register user/useremail already exist" classname="Test Cases/register user/useremail already exist" status="PASSED">
         <system-out><![CDATA[2019-03-07 17:14:53 - [TEST_CASE][PASSED] - Test Cases/register user/useremail already exist: Test Cases/register user/useremail already exist

2019-03-07 17:14:53 - [TEST_STEP][PASSED] - openBrowser(""): Browser is opened with url: ''

2019-03-07 17:14:53 - [MESSAGE][INFO] - Starting 'Chrome' driver

2019-03-07 17:14:57 - [MESSAGE][PASSED] - Browser is opened with url: ''

2019-03-07 17:14:57 - [TEST_STEP][PASSED] - navigateToUrl(Url): Navigate to 'http://dev.chiragh.com/' successfully

2019-03-07 17:15:24 - [MESSAGE][PASSED] - Navigate to 'http://dev.chiragh.com/' successfully

2019-03-07 17:15:24 - [TEST_STEP][PASSED] - maximizeWindow(): Current window maximized

2019-03-07 17:15:25 - [MESSAGE][PASSED] - Current window maximized

2019-03-07 17:15:25 - [TEST_STEP][PASSED] - click(findTestObject("Object Repository/Page_Chiragh/div_Login or Register")): Object: 'Object Repository/Page_Chiragh/div_Login or Register' is clicked on

2019-03-07 17:15:26 - [MESSAGE][PASSED] - Object: 'Object Repository/Page_Chiragh/div_Login or Register' is clicked on

2019-03-07 17:15:26 - [TEST_STEP][PASSED] - click(findTestObject("Object Repository/Page_Chiragh/a_Register")): Object: 'Object Repository/Page_Chiragh/a_Register' is clicked on

2019-03-07 17:15:26 - [MESSAGE][PASSED] - Object: 'Object Repository/Page_Chiragh/a_Register' is clicked on

2019-03-07 17:15:26 - [TEST_STEP][PASSED] - setText(findTestObject("Object Repository/Page_Chiragh/input_First Name_userFirstName"), "new"): Text 'new' is set on object 'Object Repository/Page_Chiragh/input_First Name_userFirstName'

2019-03-07 17:15:28 - [MESSAGE][PASSED] - Text 'new' is set on object 'Object Repository/Page_Chiragh/input_First Name_userFirstName'

2019-03-07 17:15:28 - [TEST_STEP][PASSED] - setText(findTestObject("Object Repository/Page_Chiragh/input_Last Name_userLastName"), "user"): Text 'user' is set on object 'Object Repository/Page_Chiragh/input_Last Name_userLastName'

2019-03-07 17:15:28 - [MESSAGE][PASSED] - Text 'user' is set on object 'Object Repository/Page_Chiragh/input_Last Name_userLastName'

2019-03-07 17:15:28 - [TEST_STEP][PASSED] - username = RandomStringUtils.randomAlphanumeric(8): null

2019-03-07 17:15:28 - [TEST_STEP][PASSED] - setText(findTestObject("Object Repository/Page_Chiragh/input_Create Username_userName"), username): Text 'b4VZFNne' is set on object 'Object Repository/Page_Chiragh/input_Create Username_userName'

2019-03-07 17:15:29 - [MESSAGE][PASSED] - Text 'b4VZFNne' is set on object 'Object Repository/Page_Chiragh/input_Create Username_userName'

2019-03-07 17:15:29 - [TEST_STEP][PASSED] - setEncryptedText(findTestObject("Object Repository/Page_Chiragh/input_Create Password_userPass"), "RigbBhfdqOBGNlJIWM1ClA=="): Text ****** has been set on object 'Object Repository/Page_Chiragh/input_Create Password_userPass'

2019-03-07 17:15:29 - [MESSAGE][PASSED] - Text ****** has been set on object 'Object Repository/Page_Chiragh/input_Create Password_userPass'

2019-03-07 17:15:29 - [TEST_STEP][PASSED] - setEncryptedText(findTestObject("Object Repository/Page_Chiragh/input_Confirm Password_userCon"), "RigbBhfdqOBGNlJIWM1ClA=="): Text ****** has been set on object 'Object Repository/Page_Chiragh/input_Confirm Password_userCon'

2019-03-07 17:15:29 - [MESSAGE][PASSED] - Text ****** has been set on object 'Object Repository/Page_Chiragh/input_Confirm Password_userCon'

2019-03-07 17:15:29 - [TEST_STEP][PASSED] - setText(findTestObject("Object Repository/Page_Chiragh/input_Your Email_userEmail"), "a@gmail.com"): Text 'a@gmail.com' is set on object 'Object Repository/Page_Chiragh/input_Your Email_userEmail'

2019-03-07 17:15:30 - [MESSAGE][PASSED] - Text 'a@gmail.com' is set on object 'Object Repository/Page_Chiragh/input_Your Email_userEmail'

2019-03-07 17:15:30 - [TEST_STEP][PASSED] - click(findTestObject("Object Repository/Page_Chiragh/span_XXX")): Object: 'Object Repository/Page_Chiragh/span_XXX' is clicked on

2019-03-07 17:15:30 - [MESSAGE][PASSED] - Object: 'Object Repository/Page_Chiragh/span_XXX' is clicked on

2019-03-07 17:15:30 - [TEST_STEP][PASSED] - setText(findTestObject("Object Repository/Page_Chiragh/input_Soon_select2-search__fie"), "971"): Text '971' is set on object 'Object Repository/Page_Chiragh/input_Soon_select2-search__fie'

2019-03-07 17:15:30 - [MESSAGE][PASSED] - Text '971' is set on object 'Object Repository/Page_Chiragh/input_Soon_select2-search__fie'

2019-03-07 17:15:30 - [TEST_STEP][PASSED] - sendKeys(findTestObject("Object Repository/Page_Chiragh/input_Soon_select2-search__fie"), Keys.chord(ENTER)): Keys 'ENTER + ' sent to object: 'Object Repository/Page_Chiragh/input_Soon_select2-search__fie'

2019-03-07 17:15:30 - [MESSAGE][PASSED] - Keys 'ENTER + ' sent to object: 'Object Repository/Page_Chiragh/input_Soon_select2-search__fie'

2019-03-07 17:15:30 - [TEST_STEP][PASSED] - setText(findTestObject("Object Repository/Page_Chiragh/input_Mobile Number_mobileNo"), "454544554"): Text '454544554' is set on object 'Object Repository/Page_Chiragh/input_Mobile Number_mobileNo'

2019-03-07 17:15:30 - [MESSAGE][PASSED] - Text '454544554' is set on object 'Object Repository/Page_Chiragh/input_Mobile Number_mobileNo'

2019-03-07 17:15:30 - [TEST_STEP][PASSED] - click(findTestObject("Object Repository/Page_Chiragh/span_Accept Terms  Conditions_")): Object: 'Object Repository/Page_Chiragh/span_Accept Terms  Conditions_' is clicked on

2019-03-07 17:15:31 - [MESSAGE][PASSED] - Object: 'Object Repository/Page_Chiragh/span_Accept Terms  Conditions_' is clicked on

2019-03-07 17:15:31 - [TEST_STEP][PASSED] - click(findTestObject("Object Repository/Page_Chiragh/button_Register")): Object: 'Object Repository/Page_Chiragh/button_Register' is clicked on

2019-03-07 17:15:31 - [MESSAGE][PASSED] - Object: 'Object Repository/Page_Chiragh/button_Register' is clicked on

2019-03-07 17:15:31 - [TEST_STEP][PASSED] - click(findTestObject("Object Repository/Page_Chiragh/button_Register")): Object: 'Object Repository/Page_Chiragh/button_Register' is clicked on

2019-03-07 17:15:31 - [MESSAGE][PASSED] - Object: 'Object Repository/Page_Chiragh/button_Register' is clicked on

2019-03-07 17:15:31 - [TEST_STEP][PASSED] - delay(10): Delayed 10 second(s)

2019-03-07 17:15:41 - [MESSAGE][PASSED] - Delayed 10 second(s)

2019-03-07 17:15:41 - [TEST_STEP][PASSED] - if (verifyTextPresent("An account with this email already exist.", true)): Browser is closed

2019-03-07 17:15:42 - [MESSAGE][PASSED] - Text 'An account with this email already exist.' is present on page  using regular expression

2019-03-07 17:15:42 - [TEST_STEP][PASSED] - email = RandomStringUtils.randomAlphanumeric(8): null

2019-03-07 17:15:42 - [TEST_STEP][PASSED] - setText(findTestObject("Object Repository/Page_Chiragh/input_Your Email_userEmail"), email + "@gmail.com"): Text 'rOm9aKyx@gmail.com' is set on object 'Object Repository/Page_Chiragh/input_Your Email_userEmail'

2019-03-07 17:15:42 - [MESSAGE][PASSED] - Text 'rOm9aKyx@gmail.com' is set on object 'Object Repository/Page_Chiragh/input_Your Email_userEmail'

2019-03-07 17:15:42 - [TEST_STEP][PASSED] - delay(10): Delayed 10 second(s)

2019-03-07 17:15:52 - [MESSAGE][PASSED] - Delayed 10 second(s)

2019-03-07 17:15:52 - [TEST_STEP][PASSED] - click(findTestObject("Object Repository/Page_Chiragh/button_Register")): Object: 'Object Repository/Page_Chiragh/button_Register' is clicked on

2019-03-07 17:15:53 - [MESSAGE][PASSED] - Object: 'Object Repository/Page_Chiragh/button_Register' is clicked on

2019-03-07 17:15:53 - [TEST_STEP][PASSED] - verifyElementPresent(findTestObject("Object Repository/register user/Page_Chiragh/div_You are almost thereVerify"), 5): Object 'Object Repository/register user/Page_Chiragh/div_You are almost thereVerify' is present

2019-03-07 17:15:53 - [MESSAGE][PASSED] - Object 'Object Repository/register user/Page_Chiragh/div_You are almost thereVerify' is present

2019-03-07 17:15:53 - [TEST_STEP][PASSED] - closeBrowser(): Browser is closed

2019-03-07 17:15:53 - [MESSAGE][PASSED] - Browser is closed

2019-03-07 17:15:53 - [TEST_STEP][PASSED] - Start listener action : sampleAfterTestCase: null

2019-03-07 17:15:53 - [TEST_STEP][PASSED] - println(testCaseContext.getTestCaseId()): null

2019-03-07 17:15:53 - [TEST_STEP][PASSED] - println(testCaseContext.getTestCaseStatus()): null]]></system-out>
         <system-err><![CDATA[]]></system-err>
      </testcase>
      <testcase name="Test Cases/register user/username already exist" classname="Test Cases/register user/username already exist" status="PASSED">
         <system-out><![CDATA[2019-03-07 17:15:53 - [TEST_CASE][PASSED] - Test Cases/register user/username already exist: Test Cases/register user/username already exist

2019-03-07 17:15:54 - [TEST_STEP][PASSED] - openBrowser(""): Browser is opened with url: ''

2019-03-07 17:15:54 - [MESSAGE][INFO] - Starting 'Chrome' driver

2019-03-07 17:15:57 - [MESSAGE][PASSED] - Browser is opened with url: ''

2019-03-07 17:15:57 - [TEST_STEP][PASSED] - navigateToUrl(Url): Navigate to 'http://dev.chiragh.com/' successfully

2019-03-07 17:16:36 - [MESSAGE][PASSED] - Navigate to 'http://dev.chiragh.com/' successfully

2019-03-07 17:16:36 - [TEST_STEP][PASSED] - maximizeWindow(): Current window maximized

2019-03-07 17:16:37 - [MESSAGE][PASSED] - Current window maximized

2019-03-07 17:16:37 - [TEST_STEP][PASSED] - click(findTestObject("Object Repository/Page_Chiragh/div_Login or Register")): Object: 'Object Repository/Page_Chiragh/div_Login or Register' is clicked on

2019-03-07 17:16:37 - [MESSAGE][PASSED] - Object: 'Object Repository/Page_Chiragh/div_Login or Register' is clicked on

2019-03-07 17:16:37 - [TEST_STEP][PASSED] - click(findTestObject("Object Repository/Page_Chiragh/a_Register")): Object: 'Object Repository/Page_Chiragh/a_Register' is clicked on

2019-03-07 17:16:38 - [MESSAGE][PASSED] - Object: 'Object Repository/Page_Chiragh/a_Register' is clicked on

2019-03-07 17:16:38 - [TEST_STEP][PASSED] - setText(findTestObject("Object Repository/Page_Chiragh/input_First Name_userFirstName"), "new"): Text 'new' is set on object 'Object Repository/Page_Chiragh/input_First Name_userFirstName'

2019-03-07 17:16:56 - [MESSAGE][PASSED] - Text 'new' is set on object 'Object Repository/Page_Chiragh/input_First Name_userFirstName'

2019-03-07 17:16:56 - [TEST_STEP][PASSED] - setText(findTestObject("Object Repository/Page_Chiragh/input_Last Name_userLastName"), "user"): Text 'user' is set on object 'Object Repository/Page_Chiragh/input_Last Name_userLastName'

2019-03-07 17:16:57 - [MESSAGE][PASSED] - Text 'user' is set on object 'Object Repository/Page_Chiragh/input_Last Name_userLastName'

2019-03-07 17:16:57 - [TEST_STEP][PASSED] - setText(findTestObject("Object Repository/Page_Chiragh/input_Create Username_userName"), userName): Text 'newuser01' is set on object 'Object Repository/Page_Chiragh/input_Create Username_userName'

2019-03-07 17:16:57 - [MESSAGE][PASSED] - Text 'newuser01' is set on object 'Object Repository/Page_Chiragh/input_Create Username_userName'

2019-03-07 17:16:57 - [TEST_STEP][PASSED] - setEncryptedText(findTestObject("Object Repository/Page_Chiragh/input_Create Password_userPass"), "RigbBhfdqOBGNlJIWM1ClA=="): Text ****** has been set on object 'Object Repository/Page_Chiragh/input_Create Password_userPass'

2019-03-07 17:16:57 - [MESSAGE][PASSED] - Text ****** has been set on object 'Object Repository/Page_Chiragh/input_Create Password_userPass'

2019-03-07 17:16:57 - [TEST_STEP][PASSED] - setEncryptedText(findTestObject("Object Repository/Page_Chiragh/input_Confirm Password_userCon"), "RigbBhfdqOBGNlJIWM1ClA=="): Text ****** has been set on object 'Object Repository/Page_Chiragh/input_Confirm Password_userCon'

2019-03-07 17:16:57 - [MESSAGE][PASSED] - Text ****** has been set on object 'Object Repository/Page_Chiragh/input_Confirm Password_userCon'

2019-03-07 17:16:57 - [TEST_STEP][PASSED] - email = RandomStringUtils.randomAlphanumeric(8): null

2019-03-07 17:16:57 - [TEST_STEP][PASSED] - setText(findTestObject("Object Repository/Page_Chiragh/input_Your Email_userEmail"), email + "@gmail.com"): Text 'tV6Nbf2k@gmail.com' is set on object 'Object Repository/Page_Chiragh/input_Your Email_userEmail'

2019-03-07 17:16:58 - [MESSAGE][PASSED] - Text 'tV6Nbf2k@gmail.com' is set on object 'Object Repository/Page_Chiragh/input_Your Email_userEmail'

2019-03-07 17:16:58 - [TEST_STEP][PASSED] - click(findTestObject("Object Repository/Page_Chiragh/span_XXX")): Object: 'Object Repository/Page_Chiragh/span_XXX' is clicked on

2019-03-07 17:16:58 - [MESSAGE][PASSED] - Object: 'Object Repository/Page_Chiragh/span_XXX' is clicked on

2019-03-07 17:16:58 - [TEST_STEP][PASSED] - setText(findTestObject("Object Repository/Page_Chiragh/input_Soon_select2-search__fie"), "971"): Text '971' is set on object 'Object Repository/Page_Chiragh/input_Soon_select2-search__fie'

2019-03-07 17:16:58 - [MESSAGE][PASSED] - Text '971' is set on object 'Object Repository/Page_Chiragh/input_Soon_select2-search__fie'

2019-03-07 17:16:58 - [TEST_STEP][PASSED] - sendKeys(findTestObject("Object Repository/Page_Chiragh/input_Soon_select2-search__fie"), Keys.chord(ENTER)): Keys 'ENTER + ' sent to object: 'Object Repository/Page_Chiragh/input_Soon_select2-search__fie'

2019-03-07 17:16:58 - [MESSAGE][PASSED] - Keys 'ENTER + ' sent to object: 'Object Repository/Page_Chiragh/input_Soon_select2-search__fie'

2019-03-07 17:16:58 - [TEST_STEP][PASSED] - setText(findTestObject("Object Repository/Page_Chiragh/input_Mobile Number_mobileNo"), "454544554"): Text '454544554' is set on object 'Object Repository/Page_Chiragh/input_Mobile Number_mobileNo'

2019-03-07 17:16:58 - [MESSAGE][PASSED] - Text '454544554' is set on object 'Object Repository/Page_Chiragh/input_Mobile Number_mobileNo'

2019-03-07 17:16:58 - [TEST_STEP][PASSED] - click(findTestObject("Object Repository/Page_Chiragh/span_Accept Terms  Conditions_")): Object: 'Object Repository/Page_Chiragh/span_Accept Terms  Conditions_' is clicked on

2019-03-07 17:16:59 - [MESSAGE][PASSED] - Object: 'Object Repository/Page_Chiragh/span_Accept Terms  Conditions_' is clicked on

2019-03-07 17:16:59 - [TEST_STEP][PASSED] - click(findTestObject("Object Repository/Page_Chiragh/button_Register")): Object: 'Object Repository/Page_Chiragh/button_Register' is clicked on

2019-03-07 17:16:59 - [MESSAGE][PASSED] - Object: 'Object Repository/Page_Chiragh/button_Register' is clicked on

2019-03-07 17:16:59 - [TEST_STEP][PASSED] - click(findTestObject("Object Repository/Page_Chiragh/button_Register")): Object: 'Object Repository/Page_Chiragh/button_Register' is clicked on

2019-03-07 17:16:59 - [MESSAGE][PASSED] - Object: 'Object Repository/Page_Chiragh/button_Register' is clicked on

2019-03-07 17:16:59 - [TEST_STEP][PASSED] - delay(3): Delayed 3 second(s)

2019-03-07 17:17:02 - [MESSAGE][PASSED] - Delayed 3 second(s)

2019-03-07 17:17:02 - [TEST_STEP][PASSED] - if (verifyTextPresent("Username already exist. Try a different one.", true)): Browser is closed

2019-03-07 17:17:03 - [MESSAGE][PASSED] - Text 'Username already exist. Try a different one.' is present on page  using regular expression

2019-03-07 17:17:03 - [TEST_STEP][PASSED] - username = RandomStringUtils.randomAlphanumeric(8): null

2019-03-07 17:17:03 - [TEST_STEP][PASSED] - setText(findTestObject("Object Repository/Page_Chiragh/input_Create Username_userName"), username): Text 'cIFibGai' is set on object 'Object Repository/Page_Chiragh/input_Create Username_userName'

2019-03-07 17:17:03 - [MESSAGE][PASSED] - Text 'cIFibGai' is set on object 'Object Repository/Page_Chiragh/input_Create Username_userName'

2019-03-07 17:17:03 - [TEST_STEP][PASSED] - delay(10): Delayed 10 second(s)

2019-03-07 17:17:13 - [MESSAGE][PASSED] - Delayed 10 second(s)

2019-03-07 17:17:13 - [TEST_STEP][PASSED] - click(findTestObject("Object Repository/Page_Chiragh/button_Register")): Object: 'Object Repository/Page_Chiragh/button_Register' is clicked on

2019-03-07 17:17:13 - [MESSAGE][PASSED] - Object: 'Object Repository/Page_Chiragh/button_Register' is clicked on

2019-03-07 17:17:13 - [TEST_STEP][PASSED] - verifyElementPresent(findTestObject("Object Repository/Page_Chiragh/div_We have sent you a verific"), 5): Object 'Object Repository/Page_Chiragh/div_We have sent you a verific' is present

2019-03-07 17:17:17 - [MESSAGE][PASSED] - Object 'Object Repository/Page_Chiragh/div_We have sent you a verific' is present

2019-03-07 17:17:17 - [TEST_STEP][PASSED] - closeBrowser(): Browser is closed

2019-03-07 17:17:18 - [MESSAGE][PASSED] - Browser is closed

2019-03-07 17:17:18 - [TEST_STEP][PASSED] - Start listener action : sampleAfterTestCase: null

2019-03-07 17:17:18 - [TEST_STEP][PASSED] - println(testCaseContext.getTestCaseId()): null

2019-03-07 17:17:18 - [TEST_STEP][PASSED] - println(testCaseContext.getTestCaseStatus()): null]]></system-out>
         <system-err><![CDATA[]]></system-err>
      </testcase>
      <testcase name="Test Cases/register/read more" classname="Test Cases/register/read more" status="PASSED">
         <system-out><![CDATA[2019-03-07 17:17:18 - [TEST_CASE][PASSED] - Test Cases/register/read more: Test Cases/register/read more

2019-03-07 17:17:18 - [TEST_STEP][PASSED] - openBrowser(""): Browser is opened with url: ''

2019-03-07 17:17:18 - [MESSAGE][INFO] - Starting 'Chrome' driver

2019-03-07 17:17:21 - [MESSAGE][PASSED] - Browser is opened with url: ''

2019-03-07 17:17:21 - [TEST_STEP][PASSED] - navigateToUrl(Url): Navigate to 'http://dev.chiragh.com/' successfully

2019-03-07 17:18:08 - [MESSAGE][PASSED] - Navigate to 'http://dev.chiragh.com/' successfully

2019-03-07 17:18:08 - [TEST_STEP][PASSED] - maximizeWindow(): Current window maximized

2019-03-07 17:18:09 - [MESSAGE][PASSED] - Current window maximized

2019-03-07 17:18:09 - [TEST_STEP][PASSED] - delay(3): Delayed 3 second(s)

2019-03-07 17:18:12 - [MESSAGE][PASSED] - Delayed 3 second(s)

2019-03-07 17:18:12 - [TEST_STEP][PASSED] - click(findTestObject("sign in/Page_Chiragh/div_Login                    o")): Object: 'Object Repository/sign in/Page_Chiragh/div_Login                    o' is clicked on

2019-03-07 17:18:13 - [MESSAGE][PASSED] - Object: 'Object Repository/sign in/Page_Chiragh/div_Login                    o' is clicked on

2019-03-07 17:18:13 - [TEST_STEP][PASSED] - click(findTestObject("sign in/Page_Chiragh/a_Register")): Object: 'Object Repository/sign in/Page_Chiragh/a_Register' is clicked on

2019-03-07 17:18:13 - [MESSAGE][PASSED] - Object: 'Object Repository/sign in/Page_Chiragh/a_Register' is clicked on

2019-03-07 17:18:13 - [TEST_STEP][PASSED] - delay(3): Delayed 3 second(s)

2019-03-07 17:18:16 - [MESSAGE][PASSED] - Delayed 3 second(s)

2019-03-07 17:18:16 - [TEST_STEP][PASSED] - click(findTestObject("Object Repository/read more/Page_Chiragh/a_(Read More)")): Object: 'Object Repository/read more/Page_Chiragh/a_(Read More)' is clicked on

2019-03-07 17:18:17 - [MESSAGE][PASSED] - Object: 'Object Repository/read more/Page_Chiragh/a_(Read More)' is clicked on

2019-03-07 17:18:17 - [TEST_STEP][PASSED] - verifyElementPresent(findTestObject("Object Repository/read more/Page_Chiragh/div_Terms  Conditions"), 5): Object 'Object Repository/read more/Page_Chiragh/div_Terms  Conditions' is present

2019-03-07 17:18:17 - [MESSAGE][PASSED] - Object 'Object Repository/read more/Page_Chiragh/div_Terms  Conditions' is present

2019-03-07 17:18:17 - [TEST_STEP][PASSED] - closeBrowser(): Browser is closed

2019-03-07 17:18:18 - [MESSAGE][PASSED] - Browser is closed

2019-03-07 17:18:18 - [TEST_STEP][PASSED] - Start listener action : sampleAfterTestCase: null

2019-03-07 17:18:18 - [TEST_STEP][PASSED] - println(testCaseContext.getTestCaseId()): null

2019-03-07 17:18:18 - [TEST_STEP][PASSED] - println(testCaseContext.getTestCaseStatus()): null]]></system-out>
         <system-err><![CDATA[]]></system-err>
      </testcase>
      <testcase name="Test Cases/home page/Contact Us" classname="Test Cases/home page/Contact Us" status="FAILED">
         <failure type="FAILED" message="Test Cases/home page/Contact Us FAILED.
Reason:
com.kms.katalon.core.exception.StepFailedException: Unable to verify object 'Object Repository/Contact Us/Page_Chiragh/div_Headquarter' is present
	at com.kms.katalon.core.keyword.internal.KeywordMain.stepFailed(KeywordMain.groovy:48)
	at com.kms.katalon.core.webui.keyword.internal.WebUIKeywordMain.stepFailed(WebUIKeywordMain.groovy:65)
	at com.kms.katalon.core.webui.keyword.internal.WebUIKeywordMain.runKeyword(WebUIKeywordMain.groovy:27)
	at com.kms.katalon.core.webui.keyword.builtin.VerifyElementPresentKeyword.verifyElementPresent(VerifyElementPresentKeyword.groovy:92)
	at com.kms.katalon.core.webui.keyword.builtin.VerifyElementPresentKeyword.execute(VerifyElementPresentKeyword.groovy:68)
	at com.kms.katalon.core.keyword.internal.KeywordExecutor.executeKeywordForPlatform(KeywordExecutor.groovy:56)
	at com.kms.katalon.core.webui.keyword.WebUiBuiltInKeywords.verifyElementPresent(WebUiBuiltInKeywords.groovy:1434)
	at com.kms.katalon.core.webui.keyword.WebUiBuiltInKeywords$verifyElementPresent$3.call(Unknown Source)
	at Contact Us.run(Contact Us:28)
	at com.kms.katalon.core.main.ScriptEngine.run(ScriptEngine.java:194)
	at com.kms.katalon.core.main.ScriptEngine.runScriptAsRawText(ScriptEngine.java:119)
	at com.kms.katalon.core.main.TestCaseExecutor.runScript(TestCaseExecutor.java:331)
	at com.kms.katalon.core.main.TestCaseExecutor.doExecute(TestCaseExecutor.java:322)
	at com.kms.katalon.core.main.TestCaseExecutor.processExecutionPhase(TestCaseExecutor.java:301)
	at com.kms.katalon.core.main.TestCaseExecutor.accessMainPhase(TestCaseExecutor.java:293)
	at com.kms.katalon.core.main.TestCaseExecutor.execute(TestCaseExecutor.java:227)
	at com.kms.katalon.core.main.TestSuiteExecutor.accessTestCaseMainPhase(TestSuiteExecutor.java:129)
	at com.kms.katalon.core.main.TestSuiteExecutor.accessTestSuiteMainPhase(TestSuiteExecutor.java:112)
	at com.kms.katalon.core.main.TestSuiteExecutor.execute(TestSuiteExecutor.java:81)
	at com.kms.katalon.core.main.TestCaseMain.startTestSuite(TestCaseMain.java:157)
	at com.kms.katalon.core.main.TestCaseMain$startTestSuite$0.call(Unknown Source)
	at TempTestSuite1551960849155.run(TempTestSuite1551960849155.groovy:35)
"/>
         <system-out><![CDATA[2019-03-07 17:18:18 - [TEST_CASE][FAILED] - Test Cases/home page/Contact Us: Test Cases/home page/Contact Us FAILED.
Reason:
com.kms.katalon.core.exception.StepFailedException: Unable to verify object 'Object Repository/Contact Us/Page_Chiragh/div_Headquarter' is present
	at com.kms.katalon.core.keyword.internal.KeywordMain.stepFailed(KeywordMain.groovy:48)
	at com.kms.katalon.core.webui.keyword.internal.WebUIKeywordMain.stepFailed(WebUIKeywordMain.groovy:65)
	at com.kms.katalon.core.webui.keyword.internal.WebUIKeywordMain.runKeyword(WebUIKeywordMain.groovy:27)
	at com.kms.katalon.core.webui.keyword.builtin.VerifyElementPresentKeyword.verifyElementPresent(VerifyElementPresentKeyword.groovy:92)
	at com.kms.katalon.core.webui.keyword.builtin.VerifyElementPresentKeyword.execute(VerifyElementPresentKeyword.groovy:68)
	at com.kms.katalon.core.keyword.internal.KeywordExecutor.executeKeywordForPlatform(KeywordExecutor.groovy:56)
	at com.kms.katalon.core.webui.keyword.WebUiBuiltInKeywords.verifyElementPresent(WebUiBuiltInKeywords.groovy:1434)
	at com.kms.katalon.core.webui.keyword.WebUiBuiltInKeywords$verifyElementPresent$3.call(Unknown Source)
	at Contact Us.run(Contact Us:28)
	at com.kms.katalon.core.main.ScriptEngine.run(ScriptEngine.java:194)
	at com.kms.katalon.core.main.ScriptEngine.runScriptAsRawText(ScriptEngine.java:119)
	at com.kms.katalon.core.main.TestCaseExecutor.runScript(TestCaseExecutor.java:331)
	at com.kms.katalon.core.main.TestCaseExecutor.doExecute(TestCaseExecutor.java:322)
	at com.kms.katalon.core.main.TestCaseExecutor.processExecutionPhase(TestCaseExecutor.java:301)
	at com.kms.katalon.core.main.TestCaseExecutor.accessMainPhase(TestCaseExecutor.java:293)
	at com.kms.katalon.core.main.TestCaseExecutor.execute(TestCaseExecutor.java:227)
	at com.kms.katalon.core.main.TestSuiteExecutor.accessTestCaseMainPhase(TestSuiteExecutor.java:129)
	at com.kms.katalon.core.main.TestSuiteExecutor.accessTestSuiteMainPhase(TestSuiteExecutor.java:112)
	at com.kms.katalon.core.main.TestSuiteExecutor.execute(TestSuiteExecutor.java:81)
	at com.kms.katalon.core.main.TestCaseMain.startTestSuite(TestCaseMain.java:157)
	at com.kms.katalon.core.main.TestCaseMain$startTestSuite$0.call(Unknown Source)
	at TempTestSuite1551960849155.run(TempTestSuite1551960849155.groovy:35)


2019-03-07 17:18:18 - [TEST_STEP][PASSED] - openBrowser(""): Browser is opened with url: ''

2019-03-07 17:18:18 - [MESSAGE][INFO] - Starting 'Chrome' driver

2019-03-07 17:18:21 - [MESSAGE][PASSED] - Browser is opened with url: ''

2019-03-07 17:18:21 - [TEST_STEP][PASSED] - navigateToUrl(Url): Navigate to 'http://dev.chiragh.com/' successfully

2019-03-07 17:18:49 - [MESSAGE][PASSED] - Navigate to 'http://dev.chiragh.com/' successfully

2019-03-07 17:18:49 - [TEST_STEP][PASSED] - maximizeWindow(): Current window maximized

2019-03-07 17:18:50 - [MESSAGE][PASSED] - Current window maximized

2019-03-07 17:18:50 - [TEST_STEP][PASSED] - delay(3): Delayed 3 second(s)

2019-03-07 17:18:53 - [MESSAGE][PASSED] - Delayed 3 second(s)

2019-03-07 17:18:53 - [TEST_STEP][PASSED] - click(findTestObject("Object Repository/Contact Us/Page_Chiragh/a_CONTACT US")): Object: 'Object Repository/Contact Us/Page_Chiragh/a_CONTACT US' is clicked on

2019-03-07 17:18:54 - [MESSAGE][PASSED] - Object: 'Object Repository/Contact Us/Page_Chiragh/a_CONTACT US' is clicked on

2019-03-07 17:18:54 - [TEST_STEP][PASSED] - delay(3): Delayed 3 second(s)

2019-03-07 17:18:57 - [MESSAGE][PASSED] - Delayed 3 second(s)

2019-03-07 17:18:57 - [TEST_STEP][FAILED] - verifyElementPresent(findTestObject("Object Repository/Contact Us/Page_Chiragh/div_Headquarter"), 3): verifyElementPresent(findTestObject("Object Repository/Contact Us/Page_Chiragh/div_Headquarter"), 3) FAILED.
Reason:
com.kms.katalon.core.exception.StepFailedException: Unable to verify object 'Object Repository/Contact Us/Page_Chiragh/div_Headquarter' is present
	at com.kms.katalon.core.keyword.internal.KeywordMain.stepFailed(KeywordMain.groovy:48)
	at com.kms.katalon.core.webui.keyword.internal.WebUIKeywordMain.stepFailed(WebUIKeywordMain.groovy:65)
	at com.kms.katalon.core.webui.keyword.internal.WebUIKeywordMain.runKeyword(WebUIKeywordMain.groovy:27)
	at com.kms.katalon.core.webui.keyword.builtin.VerifyElementPresentKeyword.verifyElementPresent(VerifyElementPresentKeyword.groovy:92)
	at com.kms.katalon.core.webui.keyword.builtin.VerifyElementPresentKeyword.execute(VerifyElementPresentKeyword.groovy:68)
	at com.kms.katalon.core.keyword.internal.KeywordExecutor.executeKeywordForPlatform(KeywordExecutor.groovy:56)
	at com.kms.katalon.core.webui.keyword.WebUiBuiltInKeywords.verifyElementPresent(WebUiBuiltInKeywords.groovy:1434)
	at com.kms.katalon.core.webui.keyword.WebUiBuiltInKeywords$verifyElementPresent$3.call(Unknown Source)
	at Contact Us.run(Contact Us:28)
	at com.kms.katalon.core.main.ScriptEngine.run(ScriptEngine.java:194)
	at com.kms.katalon.core.main.ScriptEngine.runScriptAsRawText(ScriptEngine.java:119)
	at com.kms.katalon.core.main.TestCaseExecutor.runScript(TestCaseExecutor.java:331)
	at com.kms.katalon.core.main.TestCaseExecutor.doExecute(TestCaseExecutor.java:322)
	at com.kms.katalon.core.main.TestCaseExecutor.processExecutionPhase(TestCaseExecutor.java:301)
	at com.kms.katalon.core.main.TestCaseExecutor.accessMainPhase(TestCaseExecutor.java:293)
	at com.kms.katalon.core.main.TestCaseExecutor.execute(TestCaseExecutor.java:227)
	at com.kms.katalon.core.main.TestSuiteExecutor.accessTestCaseMainPhase(TestSuiteExecutor.java:129)
	at com.kms.katalon.core.main.TestSuiteExecutor.accessTestSuiteMainPhase(TestSuiteExecutor.java:112)
	at com.kms.katalon.core.main.TestSuiteExecutor.execute(TestSuiteExecutor.java:81)
	at com.kms.katalon.core.main.TestCaseMain.startTestSuite(TestCaseMain.java:157)
	at com.kms.katalon.core.main.TestCaseMain$startTestSuite$0.call(Unknown Source)
	at TempTestSuite1551960849155.run(TempTestSuite1551960849155.groovy:35)


2019-03-07 17:19:00 - [MESSAGE][INFO] - Unable to find the element located by 'By.xpath: (.//*[normalize-space(text()) and normalize-space(.)='Report a map error'])[1]/following::div[11]'. Please recheck the objects properties to make sure the desired element is located. 

2019-03-07 17:19:00 - [MESSAGE][FAILED] - com.kms.katalon.core.webui.exception.WebElementNotFoundException: Web element with id: 'Object Repository/Contact Us/Page_Chiragh/div_Headquarter' located by 'By.xpath: (.//*[normalize-space(text()) and normalize-space(.)='Report a map error'])[1]/following::div[11]' not found
[[ATTACHMENT|C:\\Users\\hp\\git\\ChiraghWebTests\\Reports\\Chiragh Smoke Tests\\20190307_171408\\1551961140418.png]]

2019-03-07 17:19:01 - [MESSAGE][FAILED] - Unable to verify object 'Object Repository/Contact Us/Page_Chiragh/div_Headquarter' is present
[[ATTACHMENT|C:\\Users\\hp\\git\\ChiraghWebTests\\Reports\\Chiragh Smoke Tests\\20190307_171408\\1551961140948.png]]

2019-03-07 17:19:01 - [MESSAGE][FAILED] - verifyElementPresent(findTestObject("Object Repository/Contact Us/Page_Chiragh/div_Headquarter"), 3) FAILED.
Reason:
com.kms.katalon.core.exception.StepFailedException: Unable to verify object 'Object Repository/Contact Us/Page_Chiragh/div_Headquarter' is present
	at com.kms.katalon.core.keyword.internal.KeywordMain.stepFailed(KeywordMain.groovy:48)
	at com.kms.katalon.core.webui.keyword.internal.WebUIKeywordMain.stepFailed(WebUIKeywordMain.groovy:65)
	at com.kms.katalon.core.webui.keyword.internal.WebUIKeywordMain.runKeyword(WebUIKeywordMain.groovy:27)
	at com.kms.katalon.core.webui.keyword.builtin.VerifyElementPresentKeyword.verifyElementPresent(VerifyElementPresentKeyword.groovy:92)
	at com.kms.katalon.core.webui.keyword.builtin.VerifyElementPresentKeyword.execute(VerifyElementPresentKeyword.groovy:68)
	at com.kms.katalon.core.keyword.internal.KeywordExecutor.executeKeywordForPlatform(KeywordExecutor.groovy:56)
	at com.kms.katalon.core.webui.keyword.WebUiBuiltInKeywords.verifyElementPresent(WebUiBuiltInKeywords.groovy:1434)
	at com.kms.katalon.core.webui.keyword.WebUiBuiltInKeywords$verifyElementPresent$3.call(Unknown Source)
	at Contact Us.run(Contact Us:28)
	at com.kms.katalon.core.main.ScriptEngine.run(ScriptEngine.java:194)
	at com.kms.katalon.core.main.ScriptEngine.runScriptAsRawText(ScriptEngine.java:119)
	at com.kms.katalon.core.main.TestCaseExecutor.runScript(TestCaseExecutor.java:331)
	at com.kms.katalon.core.main.TestCaseExecutor.doExecute(TestCaseExecutor.java:322)
	at com.kms.katalon.core.main.TestCaseExecutor.processExecutionPhase(TestCaseExecutor.java:301)
	at com.kms.katalon.core.main.TestCaseExecutor.accessMainPhase(TestCaseExecutor.java:293)
	at com.kms.katalon.core.main.TestCaseExecutor.execute(TestCaseExecutor.java:227)
	at com.kms.katalon.core.main.TestSuiteExecutor.accessTestCaseMainPhase(TestSuiteExecutor.java:129)
	at com.kms.katalon.core.main.TestSuiteExecutor.accessTestSuiteMainPhase(TestSuiteExecutor.java:112)
	at com.kms.katalon.core.main.TestSuiteExecutor.execute(TestSuiteExecutor.java:81)
	at com.kms.katalon.core.main.TestCaseMain.startTestSuite(TestCaseMain.java:157)
	at com.kms.katalon.core.main.TestCaseMain$startTestSuite$0.call(Unknown Source)
	at TempTestSuite1551960849155.run(TempTestSuite1551960849155.groovy:35)


2019-03-07 17:19:01 - [TEST_STEP][PASSED] - Start listener action : sampleAfterTestCase: null

2019-03-07 17:19:01 - [TEST_STEP][PASSED] - println(testCaseContext.getTestCaseId()): null

2019-03-07 17:19:01 - [TEST_STEP][PASSED] - println(testCaseContext.getTestCaseStatus()): null]]></system-out>
         <system-err><![CDATA[2019-03-07 17:18:18 - [TEST_CASE][FAILED] - Test Cases/home page/Contact Us: Test Cases/home page/Contact Us FAILED.
Reason:
com.kms.katalon.core.exception.StepFailedException: Unable to verify object 'Object Repository/Contact Us/Page_Chiragh/div_Headquarter' is present
	at com.kms.katalon.core.keyword.internal.KeywordMain.stepFailed(KeywordMain.groovy:48)
	at com.kms.katalon.core.webui.keyword.internal.WebUIKeywordMain.stepFailed(WebUIKeywordMain.groovy:65)
	at com.kms.katalon.core.webui.keyword.internal.WebUIKeywordMain.runKeyword(WebUIKeywordMain.groovy:27)
	at com.kms.katalon.core.webui.keyword.builtin.VerifyElementPresentKeyword.verifyElementPresent(VerifyElementPresentKeyword.groovy:92)
	at com.kms.katalon.core.webui.keyword.builtin.VerifyElementPresentKeyword.execute(VerifyElementPresentKeyword.groovy:68)
	at com.kms.katalon.core.keyword.internal.KeywordExecutor.executeKeywordForPlatform(KeywordExecutor.groovy:56)
	at com.kms.katalon.core.webui.keyword.WebUiBuiltInKeywords.verifyElementPresent(WebUiBuiltInKeywords.groovy:1434)
	at com.kms.katalon.core.webui.keyword.WebUiBuiltInKeywords$verifyElementPresent$3.call(Unknown Source)
	at Contact Us.run(Contact Us:28)
	at com.kms.katalon.core.main.ScriptEngine.run(ScriptEngine.java:194)
	at com.kms.katalon.core.main.ScriptEngine.runScriptAsRawText(ScriptEngine.java:119)
	at com.kms.katalon.core.main.TestCaseExecutor.runScript(TestCaseExecutor.java:331)
	at com.kms.katalon.core.main.TestCaseExecutor.doExecute(TestCaseExecutor.java:322)
	at com.kms.katalon.core.main.TestCaseExecutor.processExecutionPhase(TestCaseExecutor.java:301)
	at com.kms.katalon.core.main.TestCaseExecutor.accessMainPhase(TestCaseExecutor.java:293)
	at com.kms.katalon.core.main.TestCaseExecutor.execute(TestCaseExecutor.java:227)
	at com.kms.katalon.core.main.TestSuiteExecutor.accessTestCaseMainPhase(TestSuiteExecutor.java:129)
	at com.kms.katalon.core.main.TestSuiteExecutor.accessTestSuiteMainPhase(TestSuiteExecutor.java:112)
	at com.kms.katalon.core.main.TestSuiteExecutor.execute(TestSuiteExecutor.java:81)
	at com.kms.katalon.core.main.TestCaseMain.startTestSuite(TestCaseMain.java:157)
	at com.kms.katalon.core.main.TestCaseMain$startTestSuite$0.call(Unknown Source)
	at TempTestSuite1551960849155.run(TempTestSuite1551960849155.groovy:35)]]></system-err>
      </testcase>
      <testcase name="Test Cases/home page/first learn more" classname="Test Cases/home page/first learn more" status="FAILED">
         <failure type="FAILED" message="Test Cases/home page/first learn more FAILED.
Reason:
com.kms.katalon.core.exception.StepFailedException: Unable to accept alert
	at com.kms.katalon.core.keyword.internal.KeywordMain.stepFailed(KeywordMain.groovy:48)
	at com.kms.katalon.core.webui.keyword.internal.WebUIKeywordMain.stepFailed(WebUIKeywordMain.groovy:65)
	at com.kms.katalon.core.webui.keyword.internal.WebUIKeywordMain.runKeyword(WebUIKeywordMain.groovy:27)
	at com.kms.katalon.core.webui.keyword.builtin.AcceptAlertKeyword.acceptAlert(AcceptAlertKeyword.groovy:71)
	at com.kms.katalon.core.webui.keyword.builtin.AcceptAlertKeyword.execute(AcceptAlertKeyword.groovy:66)
	at com.kms.katalon.core.keyword.internal.KeywordExecutor.executeKeywordForPlatform(KeywordExecutor.groovy:56)
	at com.kms.katalon.core.webui.keyword.WebUiBuiltInKeywords.acceptAlert(WebUiBuiltInKeywords.groovy:1492)
	at com.kms.katalon.core.webui.keyword.WebUiBuiltInKeywords$acceptAlert$9.call(Unknown Source)
	at first learn more.run(first learn more:22)
	at com.kms.katalon.core.main.ScriptEngine.run(ScriptEngine.java:194)
	at com.kms.katalon.core.main.ScriptEngine.runScriptAsRawText(ScriptEngine.java:119)
	at com.kms.katalon.core.main.TestCaseExecutor.runScript(TestCaseExecutor.java:331)
	at com.kms.katalon.core.main.TestCaseExecutor.doExecute(TestCaseExecutor.java:322)
	at com.kms.katalon.core.main.TestCaseExecutor.processExecutionPhase(TestCaseExecutor.java:301)
	at com.kms.katalon.core.main.TestCaseExecutor.accessMainPhase(TestCaseExecutor.java:293)
	at com.kms.katalon.core.main.TestCaseExecutor.execute(TestCaseExecutor.java:227)
	at com.kms.katalon.core.main.TestSuiteExecutor.accessTestCaseMainPhase(TestSuiteExecutor.java:129)
	at com.kms.katalon.core.main.TestSuiteExecutor.accessTestSuiteMainPhase(TestSuiteExecutor.java:112)
	at com.kms.katalon.core.main.TestSuiteExecutor.execute(TestSuiteExecutor.java:81)
	at com.kms.katalon.core.main.TestCaseMain.startTestSuite(TestCaseMain.java:157)
	at com.kms.katalon.core.main.TestCaseMain$startTestSuite$0.call(Unknown Source)
	at TempTestSuite1551960849155.run(TempTestSuite1551960849155.groovy:35)
"/>
         <system-out><![CDATA[2019-03-07 17:19:01 - [TEST_CASE][FAILED] - Test Cases/home page/first learn more: Test Cases/home page/first learn more FAILED.
Reason:
com.kms.katalon.core.exception.StepFailedException: Unable to accept alert
	at com.kms.katalon.core.keyword.internal.KeywordMain.stepFailed(KeywordMain.groovy:48)
	at com.kms.katalon.core.webui.keyword.internal.WebUIKeywordMain.stepFailed(WebUIKeywordMain.groovy:65)
	at com.kms.katalon.core.webui.keyword.internal.WebUIKeywordMain.runKeyword(WebUIKeywordMain.groovy:27)
	at com.kms.katalon.core.webui.keyword.builtin.AcceptAlertKeyword.acceptAlert(AcceptAlertKeyword.groovy:71)
	at com.kms.katalon.core.webui.keyword.builtin.AcceptAlertKeyword.execute(AcceptAlertKeyword.groovy:66)
	at com.kms.katalon.core.keyword.internal.KeywordExecutor.executeKeywordForPlatform(KeywordExecutor.groovy:56)
	at com.kms.katalon.core.webui.keyword.WebUiBuiltInKeywords.acceptAlert(WebUiBuiltInKeywords.groovy:1492)
	at com.kms.katalon.core.webui.keyword.WebUiBuiltInKeywords$acceptAlert$9.call(Unknown Source)
	at first learn more.run(first learn more:22)
	at com.kms.katalon.core.main.ScriptEngine.run(ScriptEngine.java:194)
	at com.kms.katalon.core.main.ScriptEngine.runScriptAsRawText(ScriptEngine.java:119)
	at com.kms.katalon.core.main.TestCaseExecutor.runScript(TestCaseExecutor.java:331)
	at com.kms.katalon.core.main.TestCaseExecutor.doExecute(TestCaseExecutor.java:322)
	at com.kms.katalon.core.main.TestCaseExecutor.processExecutionPhase(TestCaseExecutor.java:301)
	at com.kms.katalon.core.main.TestCaseExecutor.accessMainPhase(TestCaseExecutor.java:293)
	at com.kms.katalon.core.main.TestCaseExecutor.execute(TestCaseExecutor.java:227)
	at com.kms.katalon.core.main.TestSuiteExecutor.accessTestCaseMainPhase(TestSuiteExecutor.java:129)
	at com.kms.katalon.core.main.TestSuiteExecutor.accessTestSuiteMainPhase(TestSuiteExecutor.java:112)
	at com.kms.katalon.core.main.TestSuiteExecutor.execute(TestSuiteExecutor.java:81)
	at com.kms.katalon.core.main.TestCaseMain.startTestSuite(TestCaseMain.java:157)
	at com.kms.katalon.core.main.TestCaseMain$startTestSuite$0.call(Unknown Source)
	at TempTestSuite1551960849155.run(TempTestSuite1551960849155.groovy:35)


2019-03-07 17:19:01 - [TEST_STEP][PASSED] - openBrowser(""): Browser is opened with url: ''

2019-03-07 17:19:01 - [MESSAGE][WARNING] - A browser is already opened. Closing browser and opening a new one

2019-03-07 17:19:02 - [MESSAGE][INFO] - Starting 'Chrome' driver

2019-03-07 17:19:05 - [MESSAGE][PASSED] - Browser is opened with url: ''

2019-03-07 17:19:05 - [TEST_STEP][PASSED] - navigateToUrl(Url): Navigate to 'http://dev.chiragh.com/' successfully

2019-03-07 17:19:44 - [MESSAGE][PASSED] - Navigate to 'http://dev.chiragh.com/' successfully

2019-03-07 17:19:44 - [TEST_STEP][PASSED] - click(findTestObject("Object Repository/first learn more/Page_Chiragh/button_LEARN MORE")): Object: 'Object Repository/first learn more/Page_Chiragh/button_LEARN MORE' is clicked on

2019-03-07 17:19:45 - [MESSAGE][PASSED] - Object: 'Object Repository/first learn more/Page_Chiragh/button_LEARN MORE' is clicked on

2019-03-07 17:19:45 - [TEST_STEP][FAILED] - acceptAlert(): acceptAlert() FAILED.
Reason:
com.kms.katalon.core.exception.StepFailedException: Unable to accept alert
	at com.kms.katalon.core.keyword.internal.KeywordMain.stepFailed(KeywordMain.groovy:48)
	at com.kms.katalon.core.webui.keyword.internal.WebUIKeywordMain.stepFailed(WebUIKeywordMain.groovy:65)
	at com.kms.katalon.core.webui.keyword.internal.WebUIKeywordMain.runKeyword(WebUIKeywordMain.groovy:27)
	at com.kms.katalon.core.webui.keyword.builtin.AcceptAlertKeyword.acceptAlert(AcceptAlertKeyword.groovy:71)
	at com.kms.katalon.core.webui.keyword.builtin.AcceptAlertKeyword.execute(AcceptAlertKeyword.groovy:66)
	at com.kms.katalon.core.keyword.internal.KeywordExecutor.executeKeywordForPlatform(KeywordExecutor.groovy:56)
	at com.kms.katalon.core.webui.keyword.WebUiBuiltInKeywords.acceptAlert(WebUiBuiltInKeywords.groovy:1492)
	at com.kms.katalon.core.webui.keyword.WebUiBuiltInKeywords$acceptAlert$9.call(Unknown Source)
	at first learn more.run(first learn more:22)
	at com.kms.katalon.core.main.ScriptEngine.run(ScriptEngine.java:194)
	at com.kms.katalon.core.main.ScriptEngine.runScriptAsRawText(ScriptEngine.java:119)
	at com.kms.katalon.core.main.TestCaseExecutor.runScript(TestCaseExecutor.java:331)
	at com.kms.katalon.core.main.TestCaseExecutor.doExecute(TestCaseExecutor.java:322)
	at com.kms.katalon.core.main.TestCaseExecutor.processExecutionPhase(TestCaseExecutor.java:301)
	at com.kms.katalon.core.main.TestCaseExecutor.accessMainPhase(TestCaseExecutor.java:293)
	at com.kms.katalon.core.main.TestCaseExecutor.execute(TestCaseExecutor.java:227)
	at com.kms.katalon.core.main.TestSuiteExecutor.accessTestCaseMainPhase(TestSuiteExecutor.java:129)
	at com.kms.katalon.core.main.TestSuiteExecutor.accessTestSuiteMainPhase(TestSuiteExecutor.java:112)
	at com.kms.katalon.core.main.TestSuiteExecutor.execute(TestSuiteExecutor.java:81)
	at com.kms.katalon.core.main.TestCaseMain.startTestSuite(TestCaseMain.java:157)
	at com.kms.katalon.core.main.TestCaseMain$startTestSuite$0.call(Unknown Source)
	at TempTestSuite1551960849155.run(TempTestSuite1551960849155.groovy:35)


2019-03-07 17:19:45 - [MESSAGE][FAILED] - No alert found
[[ATTACHMENT|C:\\Users\\hp\\git\\ChiraghWebTests\\Reports\\Chiragh Smoke Tests\\20190307_171408\\1551961185229.png]]

2019-03-07 17:19:46 - [MESSAGE][FAILED] - Unable to accept alert
[[ATTACHMENT|C:\\Users\\hp\\git\\ChiraghWebTests\\Reports\\Chiragh Smoke Tests\\20190307_171408\\1551961185598.png]]

2019-03-07 17:19:46 - [MESSAGE][FAILED] - acceptAlert() FAILED.
Reason:
com.kms.katalon.core.exception.StepFailedException: Unable to accept alert
	at com.kms.katalon.core.keyword.internal.KeywordMain.stepFailed(KeywordMain.groovy:48)
	at com.kms.katalon.core.webui.keyword.internal.WebUIKeywordMain.stepFailed(WebUIKeywordMain.groovy:65)
	at com.kms.katalon.core.webui.keyword.internal.WebUIKeywordMain.runKeyword(WebUIKeywordMain.groovy:27)
	at com.kms.katalon.core.webui.keyword.builtin.AcceptAlertKeyword.acceptAlert(AcceptAlertKeyword.groovy:71)
	at com.kms.katalon.core.webui.keyword.builtin.AcceptAlertKeyword.execute(AcceptAlertKeyword.groovy:66)
	at com.kms.katalon.core.keyword.internal.KeywordExecutor.executeKeywordForPlatform(KeywordExecutor.groovy:56)
	at com.kms.katalon.core.webui.keyword.WebUiBuiltInKeywords.acceptAlert(WebUiBuiltInKeywords.groovy:1492)
	at com.kms.katalon.core.webui.keyword.WebUiBuiltInKeywords$acceptAlert$9.call(Unknown Source)
	at first learn more.run(first learn more:22)
	at com.kms.katalon.core.main.ScriptEngine.run(ScriptEngine.java:194)
	at com.kms.katalon.core.main.ScriptEngine.runScriptAsRawText(ScriptEngine.java:119)
	at com.kms.katalon.core.main.TestCaseExecutor.runScript(TestCaseExecutor.java:331)
	at com.kms.katalon.core.main.TestCaseExecutor.doExecute(TestCaseExecutor.java:322)
	at com.kms.katalon.core.main.TestCaseExecutor.processExecutionPhase(TestCaseExecutor.java:301)
	at com.kms.katalon.core.main.TestCaseExecutor.accessMainPhase(TestCaseExecutor.java:293)
	at com.kms.katalon.core.main.TestCaseExecutor.execute(TestCaseExecutor.java:227)
	at com.kms.katalon.core.main.TestSuiteExecutor.accessTestCaseMainPhase(TestSuiteExecutor.java:129)
	at com.kms.katalon.core.main.TestSuiteExecutor.accessTestSuiteMainPhase(TestSuiteExecutor.java:112)
	at com.kms.katalon.core.main.TestSuiteExecutor.execute(TestSuiteExecutor.java:81)
	at com.kms.katalon.core.main.TestCaseMain.startTestSuite(TestCaseMain.java:157)
	at com.kms.katalon.core.main.TestCaseMain$startTestSuite$0.call(Unknown Source)
	at TempTestSuite1551960849155.run(TempTestSuite1551960849155.groovy:35)


2019-03-07 17:19:46 - [TEST_STEP][PASSED] - Start listener action : sampleAfterTestCase: null

2019-03-07 17:19:46 - [TEST_STEP][PASSED] - println(testCaseContext.getTestCaseId()): null

2019-03-07 17:19:46 - [TEST_STEP][PASSED] - println(testCaseContext.getTestCaseStatus()): null]]></system-out>
         <system-err><![CDATA[2019-03-07 17:19:01 - [TEST_CASE][FAILED] - Test Cases/home page/first learn more: Test Cases/home page/first learn more FAILED.
Reason:
com.kms.katalon.core.exception.StepFailedException: Unable to accept alert
	at com.kms.katalon.core.keyword.internal.KeywordMain.stepFailed(KeywordMain.groovy:48)
	at com.kms.katalon.core.webui.keyword.internal.WebUIKeywordMain.stepFailed(WebUIKeywordMain.groovy:65)
	at com.kms.katalon.core.webui.keyword.internal.WebUIKeywordMain.runKeyword(WebUIKeywordMain.groovy:27)
	at com.kms.katalon.core.webui.keyword.builtin.AcceptAlertKeyword.acceptAlert(AcceptAlertKeyword.groovy:71)
	at com.kms.katalon.core.webui.keyword.builtin.AcceptAlertKeyword.execute(AcceptAlertKeyword.groovy:66)
	at com.kms.katalon.core.keyword.internal.KeywordExecutor.executeKeywordForPlatform(KeywordExecutor.groovy:56)
	at com.kms.katalon.core.webui.keyword.WebUiBuiltInKeywords.acceptAlert(WebUiBuiltInKeywords.groovy:1492)
	at com.kms.katalon.core.webui.keyword.WebUiBuiltInKeywords$acceptAlert$9.call(Unknown Source)
	at first learn more.run(first learn more:22)
	at com.kms.katalon.core.main.ScriptEngine.run(ScriptEngine.java:194)
	at com.kms.katalon.core.main.ScriptEngine.runScriptAsRawText(ScriptEngine.java:119)
	at com.kms.katalon.core.main.TestCaseExecutor.runScript(TestCaseExecutor.java:331)
	at com.kms.katalon.core.main.TestCaseExecutor.doExecute(TestCaseExecutor.java:322)
	at com.kms.katalon.core.main.TestCaseExecutor.processExecutionPhase(TestCaseExecutor.java:301)
	at com.kms.katalon.core.main.TestCaseExecutor.accessMainPhase(TestCaseExecutor.java:293)
	at com.kms.katalon.core.main.TestCaseExecutor.execute(TestCaseExecutor.java:227)
	at com.kms.katalon.core.main.TestSuiteExecutor.accessTestCaseMainPhase(TestSuiteExecutor.java:129)
	at com.kms.katalon.core.main.TestSuiteExecutor.accessTestSuiteMainPhase(TestSuiteExecutor.java:112)
	at com.kms.katalon.core.main.TestSuiteExecutor.execute(TestSuiteExecutor.java:81)
	at com.kms.katalon.core.main.TestCaseMain.startTestSuite(TestCaseMain.java:157)
	at com.kms.katalon.core.main.TestCaseMain$startTestSuite$0.call(Unknown Source)
	at TempTestSuite1551960849155.run(TempTestSuite1551960849155.groovy:35)]]></system-err>
      </testcase>
      <testcase name="Test Cases/home page/load more" classname="Test Cases/home page/load more" status="PASSED">
         <system-out><![CDATA[2019-03-07 17:19:46 - [TEST_CASE][PASSED] - Test Cases/home page/load more: Test Cases/home page/load more

2019-03-07 17:19:46 - [TEST_STEP][PASSED] - openBrowser(""): Browser is opened with url: ''

2019-03-07 17:19:46 - [MESSAGE][WARNING] - A browser is already opened. Closing browser and opening a new one

2019-03-07 17:19:47 - [MESSAGE][INFO] - Starting 'Chrome' driver

2019-03-07 17:19:50 - [MESSAGE][PASSED] - Browser is opened with url: ''

2019-03-07 17:19:50 - [TEST_STEP][PASSED] - navigateToUrl(Url): Navigate to 'http://dev.chiragh.com/' successfully

2019-03-07 17:20:20 - [MESSAGE][PASSED] - Navigate to 'http://dev.chiragh.com/' successfully

2019-03-07 17:20:20 - [TEST_STEP][PASSED] - maximizeWindow(): Current window maximized

2019-03-07 17:20:21 - [MESSAGE][PASSED] - Current window maximized

2019-03-07 17:20:21 - [TEST_STEP][PASSED] - delay(3): Delayed 3 second(s)

2019-03-07 17:20:24 - [MESSAGE][PASSED] - Delayed 3 second(s)

2019-03-07 17:20:24 - [TEST_STEP][PASSED] - verifyElementPresent(findTestObject("load more/Page_Chiragh/div_property id 51556 (1)"), 7): Object 'Object Repository/load more/Page_Chiragh/div_property id 51556 (1)' is present

2019-03-07 17:20:25 - [MESSAGE][PASSED] - Object 'Object Repository/load more/Page_Chiragh/div_property id 51556 (1)' is present

2019-03-07 17:20:25 - [TEST_STEP][PASSED] - attribute2 = getText(findTestObject("load more/Page_Chiragh/div_property id 51556 (1)")): Text of object 'Object Repository/load more/Page_Chiragh/div_property id 51556 (1)' is: 'PROPERTY ID: 51556'

2019-03-07 17:20:25 - [MESSAGE][PASSED] - Text of object 'Object Repository/load more/Page_Chiragh/div_property id 51556 (1)' is: 'PROPERTY ID: 51556'

2019-03-07 17:20:25 - [TEST_STEP][PASSED] - click(findTestObject("Object Repository/test/Page_Chiragh/button_LOAD MORE")): Object: 'Object Repository/test/Page_Chiragh/button_LOAD MORE' is clicked on

2019-03-07 17:20:25 - [MESSAGE][PASSED] - Object: 'Object Repository/test/Page_Chiragh/button_LOAD MORE' is clicked on

2019-03-07 17:20:25 - [TEST_STEP][PASSED] - delay(5): Delayed 5 second(s)

2019-03-07 17:20:30 - [MESSAGE][PASSED] - Delayed 5 second(s)

2019-03-07 17:20:30 - [TEST_STEP][PASSED] - verifyElementPresent(findTestObject("load more/Page_Chiragh/div_property id 51466"), 7): Object 'Object Repository/load more/Page_Chiragh/div_property id 51466' is present

2019-03-07 17:20:30 - [MESSAGE][PASSED] - Object 'Object Repository/load more/Page_Chiragh/div_property id 51466' is present

2019-03-07 17:20:30 - [TEST_STEP][PASSED] - attribute1 = getText(findTestObject("load more/Page_Chiragh/div_property id 51466")): Text of object 'Object Repository/load more/Page_Chiragh/div_property id 51466' is: 'PROPERTY ID: 51466'

2019-03-07 17:20:30 - [MESSAGE][PASSED] - Text of object 'Object Repository/load more/Page_Chiragh/div_property id 51466' is: 'PROPERTY ID: 51466'

2019-03-07 17:20:30 - [TEST_STEP][PASSED] - verifyNotMatch("attribute2", "attribute1", false): Actual text 'attribute2' and expected text 'attribute1' are not matched 

2019-03-07 17:20:30 - [MESSAGE][PASSED] - Actual text 'attribute2' and expected text 'attribute1' are not matched 

2019-03-07 17:20:30 - [TEST_STEP][PASSED] - closeBrowser(): Browser is closed

2019-03-07 17:20:31 - [MESSAGE][PASSED] - Browser is closed

2019-03-07 17:20:31 - [TEST_STEP][PASSED] - Start listener action : sampleAfterTestCase: null

2019-03-07 17:20:31 - [TEST_STEP][PASSED] - println(testCaseContext.getTestCaseId()): null

2019-03-07 17:20:31 - [TEST_STEP][PASSED] - println(testCaseContext.getTestCaseStatus()): null]]></system-out>
         <system-err><![CDATA[]]></system-err>
      </testcase>
      <testcase name="Test Cases/home page/second learn more" classname="Test Cases/home page/second learn more" status="FAILED">
         <failure type="FAILED" message="Test Cases/home page/second learn more FAILED.
Reason:
com.kms.katalon.core.exception.StepFailedException: Unable to accept alert
	at com.kms.katalon.core.keyword.internal.KeywordMain.stepFailed(KeywordMain.groovy:48)
	at com.kms.katalon.core.webui.keyword.internal.WebUIKeywordMain.stepFailed(WebUIKeywordMain.groovy:65)
	at com.kms.katalon.core.webui.keyword.internal.WebUIKeywordMain.runKeyword(WebUIKeywordMain.groovy:27)
	at com.kms.katalon.core.webui.keyword.builtin.AcceptAlertKeyword.acceptAlert(AcceptAlertKeyword.groovy:71)
	at com.kms.katalon.core.webui.keyword.builtin.AcceptAlertKeyword.execute(AcceptAlertKeyword.groovy:66)
	at com.kms.katalon.core.keyword.internal.KeywordExecutor.executeKeywordForPlatform(KeywordExecutor.groovy:56)
	at com.kms.katalon.core.webui.keyword.WebUiBuiltInKeywords.acceptAlert(WebUiBuiltInKeywords.groovy:1492)
	at com.kms.katalon.core.webui.keyword.WebUiBuiltInKeywords$acceptAlert$9.call(Unknown Source)
	at second learn more.run(second learn more:24)
	at com.kms.katalon.core.main.ScriptEngine.run(ScriptEngine.java:194)
	at com.kms.katalon.core.main.ScriptEngine.runScriptAsRawText(ScriptEngine.java:119)
	at com.kms.katalon.core.main.TestCaseExecutor.runScript(TestCaseExecutor.java:331)
	at com.kms.katalon.core.main.TestCaseExecutor.doExecute(TestCaseExecutor.java:322)
	at com.kms.katalon.core.main.TestCaseExecutor.processExecutionPhase(TestCaseExecutor.java:301)
	at com.kms.katalon.core.main.TestCaseExecutor.accessMainPhase(TestCaseExecutor.java:293)
	at com.kms.katalon.core.main.TestCaseExecutor.execute(TestCaseExecutor.java:227)
	at com.kms.katalon.core.main.TestSuiteExecutor.accessTestCaseMainPhase(TestSuiteExecutor.java:129)
	at com.kms.katalon.core.main.TestSuiteExecutor.accessTestSuiteMainPhase(TestSuiteExecutor.java:112)
	at com.kms.katalon.core.main.TestSuiteExecutor.execute(TestSuiteExecutor.java:81)
	at com.kms.katalon.core.main.TestCaseMain.startTestSuite(TestCaseMain.java:157)
	at com.kms.katalon.core.main.TestCaseMain$startTestSuite$0.call(Unknown Source)
	at TempTestSuite1551960849155.run(TempTestSuite1551960849155.groovy:35)
"/>
         <system-out><![CDATA[2019-03-07 17:20:31 - [TEST_CASE][FAILED] - Test Cases/home page/second learn more: Test Cases/home page/second learn more FAILED.
Reason:
com.kms.katalon.core.exception.StepFailedException: Unable to accept alert
	at com.kms.katalon.core.keyword.internal.KeywordMain.stepFailed(KeywordMain.groovy:48)
	at com.kms.katalon.core.webui.keyword.internal.WebUIKeywordMain.stepFailed(WebUIKeywordMain.groovy:65)
	at com.kms.katalon.core.webui.keyword.internal.WebUIKeywordMain.runKeyword(WebUIKeywordMain.groovy:27)
	at com.kms.katalon.core.webui.keyword.builtin.AcceptAlertKeyword.acceptAlert(AcceptAlertKeyword.groovy:71)
	at com.kms.katalon.core.webui.keyword.builtin.AcceptAlertKeyword.execute(AcceptAlertKeyword.groovy:66)
	at com.kms.katalon.core.keyword.internal.KeywordExecutor.executeKeywordForPlatform(KeywordExecutor.groovy:56)
	at com.kms.katalon.core.webui.keyword.WebUiBuiltInKeywords.acceptAlert(WebUiBuiltInKeywords.groovy:1492)
	at com.kms.katalon.core.webui.keyword.WebUiBuiltInKeywords$acceptAlert$9.call(Unknown Source)
	at second learn more.run(second learn more:24)
	at com.kms.katalon.core.main.ScriptEngine.run(ScriptEngine.java:194)
	at com.kms.katalon.core.main.ScriptEngine.runScriptAsRawText(ScriptEngine.java:119)
	at com.kms.katalon.core.main.TestCaseExecutor.runScript(TestCaseExecutor.java:331)
	at com.kms.katalon.core.main.TestCaseExecutor.doExecute(TestCaseExecutor.java:322)
	at com.kms.katalon.core.main.TestCaseExecutor.processExecutionPhase(TestCaseExecutor.java:301)
	at com.kms.katalon.core.main.TestCaseExecutor.accessMainPhase(TestCaseExecutor.java:293)
	at com.kms.katalon.core.main.TestCaseExecutor.execute(TestCaseExecutor.java:227)
	at com.kms.katalon.core.main.TestSuiteExecutor.accessTestCaseMainPhase(TestSuiteExecutor.java:129)
	at com.kms.katalon.core.main.TestSuiteExecutor.accessTestSuiteMainPhase(TestSuiteExecutor.java:112)
	at com.kms.katalon.core.main.TestSuiteExecutor.execute(TestSuiteExecutor.java:81)
	at com.kms.katalon.core.main.TestCaseMain.startTestSuite(TestCaseMain.java:157)
	at com.kms.katalon.core.main.TestCaseMain$startTestSuite$0.call(Unknown Source)
	at TempTestSuite1551960849155.run(TempTestSuite1551960849155.groovy:35)


2019-03-07 17:20:31 - [TEST_STEP][PASSED] - openBrowser(""): Browser is opened with url: ''

2019-03-07 17:20:31 - [MESSAGE][INFO] - Starting 'Chrome' driver

2019-03-07 17:20:34 - [MESSAGE][PASSED] - Browser is opened with url: ''

2019-03-07 17:20:34 - [TEST_STEP][PASSED] - navigateToUrl(Url): Navigate to 'http://dev.chiragh.com/' successfully

2019-03-07 17:20:54 - [MESSAGE][PASSED] - Navigate to 'http://dev.chiragh.com/' successfully

2019-03-07 17:20:54 - [TEST_STEP][PASSED] - maximizeWindow(): Current window maximized

2019-03-07 17:20:55 - [MESSAGE][PASSED] - Current window maximized

2019-03-07 17:20:55 - [TEST_STEP][PASSED] - click(findTestObject("Object Repository/second learn more/Page_Chiragh/button_LEARN MORE")): Object: 'Object Repository/second learn more/Page_Chiragh/button_LEARN MORE' is clicked on

2019-03-07 17:20:55 - [MESSAGE][PASSED] - Object: 'Object Repository/second learn more/Page_Chiragh/button_LEARN MORE' is clicked on

2019-03-07 17:20:55 - [TEST_STEP][FAILED] - acceptAlert(): acceptAlert() FAILED.
Reason:
com.kms.katalon.core.exception.StepFailedException: Unable to accept alert
	at com.kms.katalon.core.keyword.internal.KeywordMain.stepFailed(KeywordMain.groovy:48)
	at com.kms.katalon.core.webui.keyword.internal.WebUIKeywordMain.stepFailed(WebUIKeywordMain.groovy:65)
	at com.kms.katalon.core.webui.keyword.internal.WebUIKeywordMain.runKeyword(WebUIKeywordMain.groovy:27)
	at com.kms.katalon.core.webui.keyword.builtin.AcceptAlertKeyword.acceptAlert(AcceptAlertKeyword.groovy:71)
	at com.kms.katalon.core.webui.keyword.builtin.AcceptAlertKeyword.execute(AcceptAlertKeyword.groovy:66)
	at com.kms.katalon.core.keyword.internal.KeywordExecutor.executeKeywordForPlatform(KeywordExecutor.groovy:56)
	at com.kms.katalon.core.webui.keyword.WebUiBuiltInKeywords.acceptAlert(WebUiBuiltInKeywords.groovy:1492)
	at com.kms.katalon.core.webui.keyword.WebUiBuiltInKeywords$acceptAlert$9.call(Unknown Source)
	at second learn more.run(second learn more:24)
	at com.kms.katalon.core.main.ScriptEngine.run(ScriptEngine.java:194)
	at com.kms.katalon.core.main.ScriptEngine.runScriptAsRawText(ScriptEngine.java:119)
	at com.kms.katalon.core.main.TestCaseExecutor.runScript(TestCaseExecutor.java:331)
	at com.kms.katalon.core.main.TestCaseExecutor.doExecute(TestCaseExecutor.java:322)
	at com.kms.katalon.core.main.TestCaseExecutor.processExecutionPhase(TestCaseExecutor.java:301)
	at com.kms.katalon.core.main.TestCaseExecutor.accessMainPhase(TestCaseExecutor.java:293)
	at com.kms.katalon.core.main.TestCaseExecutor.execute(TestCaseExecutor.java:227)
	at com.kms.katalon.core.main.TestSuiteExecutor.accessTestCaseMainPhase(TestSuiteExecutor.java:129)
	at com.kms.katalon.core.main.TestSuiteExecutor.accessTestSuiteMainPhase(TestSuiteExecutor.java:112)
	at com.kms.katalon.core.main.TestSuiteExecutor.execute(TestSuiteExecutor.java:81)
	at com.kms.katalon.core.main.TestCaseMain.startTestSuite(TestCaseMain.java:157)
	at com.kms.katalon.core.main.TestCaseMain$startTestSuite$0.call(Unknown Source)
	at TempTestSuite1551960849155.run(TempTestSuite1551960849155.groovy:35)


2019-03-07 17:20:56 - [MESSAGE][FAILED] - No alert found
[[ATTACHMENT|C:\\Users\\hp\\git\\ChiraghWebTests\\Reports\\Chiragh Smoke Tests\\20190307_171408\\1551961255939.png]]

2019-03-07 17:20:56 - [MESSAGE][FAILED] - Unable to accept alert
[[ATTACHMENT|C:\\Users\\hp\\git\\ChiraghWebTests\\Reports\\Chiragh Smoke Tests\\20190307_171408\\1551961256334.png]]

2019-03-07 17:20:56 - [MESSAGE][FAILED] - acceptAlert() FAILED.
Reason:
com.kms.katalon.core.exception.StepFailedException: Unable to accept alert
	at com.kms.katalon.core.keyword.internal.KeywordMain.stepFailed(KeywordMain.groovy:48)
	at com.kms.katalon.core.webui.keyword.internal.WebUIKeywordMain.stepFailed(WebUIKeywordMain.groovy:65)
	at com.kms.katalon.core.webui.keyword.internal.WebUIKeywordMain.runKeyword(WebUIKeywordMain.groovy:27)
	at com.kms.katalon.core.webui.keyword.builtin.AcceptAlertKeyword.acceptAlert(AcceptAlertKeyword.groovy:71)
	at com.kms.katalon.core.webui.keyword.builtin.AcceptAlertKeyword.execute(AcceptAlertKeyword.groovy:66)
	at com.kms.katalon.core.keyword.internal.KeywordExecutor.executeKeywordForPlatform(KeywordExecutor.groovy:56)
	at com.kms.katalon.core.webui.keyword.WebUiBuiltInKeywords.acceptAlert(WebUiBuiltInKeywords.groovy:1492)
	at com.kms.katalon.core.webui.keyword.WebUiBuiltInKeywords$acceptAlert$9.call(Unknown Source)
	at second learn more.run(second learn more:24)
	at com.kms.katalon.core.main.ScriptEngine.run(ScriptEngine.java:194)
	at com.kms.katalon.core.main.ScriptEngine.runScriptAsRawText(ScriptEngine.java:119)
	at com.kms.katalon.core.main.TestCaseExecutor.runScript(TestCaseExecutor.java:331)
	at com.kms.katalon.core.main.TestCaseExecutor.doExecute(TestCaseExecutor.java:322)
	at com.kms.katalon.core.main.TestCaseExecutor.processExecutionPhase(TestCaseExecutor.java:301)
	at com.kms.katalon.core.main.TestCaseExecutor.accessMainPhase(TestCaseExecutor.java:293)
	at com.kms.katalon.core.main.TestCaseExecutor.execute(TestCaseExecutor.java:227)
	at com.kms.katalon.core.main.TestSuiteExecutor.accessTestCaseMainPhase(TestSuiteExecutor.java:129)
	at com.kms.katalon.core.main.TestSuiteExecutor.accessTestSuiteMainPhase(TestSuiteExecutor.java:112)
	at com.kms.katalon.core.main.TestSuiteExecutor.execute(TestSuiteExecutor.java:81)
	at com.kms.katalon.core.main.TestCaseMain.startTestSuite(TestCaseMain.java:157)
	at com.kms.katalon.core.main.TestCaseMain$startTestSuite$0.call(Unknown Source)
	at TempTestSuite1551960849155.run(TempTestSuite1551960849155.groovy:35)


2019-03-07 17:20:56 - [TEST_STEP][PASSED] - Start listener action : sampleAfterTestCase: null

2019-03-07 17:20:56 - [TEST_STEP][PASSED] - println(testCaseContext.getTestCaseId()): null

2019-03-07 17:20:56 - [TEST_STEP][PASSED] - println(testCaseContext.getTestCaseStatus()): null]]></system-out>
         <system-err><![CDATA[2019-03-07 17:20:31 - [TEST_CASE][FAILED] - Test Cases/home page/second learn more: Test Cases/home page/second learn more FAILED.
Reason:
com.kms.katalon.core.exception.StepFailedException: Unable to accept alert
	at com.kms.katalon.core.keyword.internal.KeywordMain.stepFailed(KeywordMain.groovy:48)
	at com.kms.katalon.core.webui.keyword.internal.WebUIKeywordMain.stepFailed(WebUIKeywordMain.groovy:65)
	at com.kms.katalon.core.webui.keyword.internal.WebUIKeywordMain.runKeyword(WebUIKeywordMain.groovy:27)
	at com.kms.katalon.core.webui.keyword.builtin.AcceptAlertKeyword.acceptAlert(AcceptAlertKeyword.groovy:71)
	at com.kms.katalon.core.webui.keyword.builtin.AcceptAlertKeyword.execute(AcceptAlertKeyword.groovy:66)
	at com.kms.katalon.core.keyword.internal.KeywordExecutor.executeKeywordForPlatform(KeywordExecutor.groovy:56)
	at com.kms.katalon.core.webui.keyword.WebUiBuiltInKeywords.acceptAlert(WebUiBuiltInKeywords.groovy:1492)
	at com.kms.katalon.core.webui.keyword.WebUiBuiltInKeywords$acceptAlert$9.call(Unknown Source)
	at second learn more.run(second learn more:24)
	at com.kms.katalon.core.main.ScriptEngine.run(ScriptEngine.java:194)
	at com.kms.katalon.core.main.ScriptEngine.runScriptAsRawText(ScriptEngine.java:119)
	at com.kms.katalon.core.main.TestCaseExecutor.runScript(TestCaseExecutor.java:331)
	at com.kms.katalon.core.main.TestCaseExecutor.doExecute(TestCaseExecutor.java:322)
	at com.kms.katalon.core.main.TestCaseExecutor.processExecutionPhase(TestCaseExecutor.java:301)
	at com.kms.katalon.core.main.TestCaseExecutor.accessMainPhase(TestCaseExecutor.java:293)
	at com.kms.katalon.core.main.TestCaseExecutor.execute(TestCaseExecutor.java:227)
	at com.kms.katalon.core.main.TestSuiteExecutor.accessTestCaseMainPhase(TestSuiteExecutor.java:129)
	at com.kms.katalon.core.main.TestSuiteExecutor.accessTestSuiteMainPhase(TestSuiteExecutor.java:112)
	at com.kms.katalon.core.main.TestSuiteExecutor.execute(TestSuiteExecutor.java:81)
	at com.kms.katalon.core.main.TestCaseMain.startTestSuite(TestCaseMain.java:157)
	at com.kms.katalon.core.main.TestCaseMain$startTestSuite$0.call(Unknown Source)
	at TempTestSuite1551960849155.run(TempTestSuite1551960849155.groovy:35)]]></system-err>
      </testcase>
      <testcase name="Test Cases/home page/start now button" classname="Test Cases/home page/start now button" status="PASSED">
         <system-out><![CDATA[2019-03-07 17:20:56 - [TEST_CASE][PASSED] - Test Cases/home page/start now button: Test Cases/home page/start now button

2019-03-07 17:20:57 - [TEST_STEP][PASSED] - openBrowser(""): Browser is opened with url: ''

2019-03-07 17:20:57 - [MESSAGE][WARNING] - A browser is already opened. Closing browser and opening a new one

2019-03-07 17:20:57 - [MESSAGE][INFO] - Starting 'Chrome' driver

2019-03-07 17:21:01 - [MESSAGE][PASSED] - Browser is opened with url: ''

2019-03-07 17:21:01 - [TEST_STEP][PASSED] - navigateToUrl(Url): Navigate to 'http://dev.chiragh.com/' successfully

2019-03-07 17:21:10 - [MESSAGE][PASSED] - Navigate to 'http://dev.chiragh.com/' successfully

2019-03-07 17:21:10 - [TEST_STEP][PASSED] - click(findTestObject("Object Repository/start now button/Page_Chiragh/button_START NOW")): Object: 'Object Repository/start now button/Page_Chiragh/button_START NOW' is clicked on

2019-03-07 17:21:10 - [MESSAGE][PASSED] - Object: 'Object Repository/start now button/Page_Chiragh/button_START NOW' is clicked on

2019-03-07 17:21:10 - [TEST_STEP][PASSED] - waitForPageLoad(5): Wait for page load successfully

2019-03-07 17:21:10 - [MESSAGE][PASSED] - Wait for page load successfully

2019-03-07 17:21:10 - [TEST_STEP][PASSED] - if (verifyElementPresent(findTestObject("sell/Page_Chiragh/Page_Chiragh/form_Sign In"), 3) == true): Object 'Object Repository/sell/Page_Chiragh/Page_Chiragh/form_Owner Details' is present

2019-03-07 17:21:13 - [MESSAGE][PASSED] - Object 'Object Repository/sell/Page_Chiragh/Page_Chiragh/form_Sign In' is present

2019-03-07 17:21:13 - [TEST_STEP][PASSED] - setText(findTestObject("sell/Page_Chiragh/input_Sign In_userName"), userName): Text 'newuser01' is set on object 'Object Repository/sell/Page_Chiragh/input_Sign In_userName'

2019-03-07 17:21:13 - [MESSAGE][PASSED] - Text 'newuser01' is set on object 'Object Repository/sell/Page_Chiragh/input_Sign In_userName'

2019-03-07 17:21:13 - [TEST_STEP][PASSED] - setText(findTestObject("sell/Page_Chiragh/input_Sign In_userPassword"), passWord): Text '1234567890' is set on object 'Object Repository/sell/Page_Chiragh/input_Sign In_userPassword'

2019-03-07 17:21:13 - [MESSAGE][PASSED] - Text '1234567890' is set on object 'Object Repository/sell/Page_Chiragh/input_Sign In_userPassword'

2019-03-07 17:21:13 - [TEST_STEP][PASSED] - click(findTestObject("Page_Chiragh/button_Sign In")): Object: 'Object Repository/Page_Chiragh/button_Sign In' is clicked on

2019-03-07 17:21:13 - [MESSAGE][PASSED] - Object: 'Object Repository/Page_Chiragh/button_Sign In' is clicked on

2019-03-07 17:21:13 - [TEST_STEP][PASSED] - delay(3): Delayed 3 second(s)

2019-03-07 17:21:16 - [MESSAGE][PASSED] - Delayed 3 second(s)

2019-03-07 17:21:16 - [TEST_STEP][PASSED] - verifyElementPresent(findTestObject("sell/Page_Chiragh/Page_Chiragh/form_Owner Details"), 3): Object 'Object Repository/sell/Page_Chiragh/Page_Chiragh/form_Owner Details' is present

2019-03-07 17:21:16 - [MESSAGE][PASSED] - Object 'Object Repository/sell/Page_Chiragh/Page_Chiragh/form_Owner Details' is present

2019-03-07 17:21:16 - [TEST_STEP][PASSED] - closeBrowser(): Browser is closed

2019-03-07 17:21:17 - [MESSAGE][PASSED] - Browser is closed

2019-03-07 17:21:17 - [TEST_STEP][PASSED] - Start listener action : sampleAfterTestCase: null

2019-03-07 17:21:17 - [TEST_STEP][PASSED] - println(testCaseContext.getTestCaseId()): null

2019-03-07 17:21:17 - [TEST_STEP][PASSED] - println(testCaseContext.getTestCaseStatus()): null]]></system-out>
         <system-err><![CDATA[]]></system-err>
      </testcase>
      <testcase name="Test Cases/home page/view property by name" classname="Test Cases/home page/view property by name" status="PASSED">
         <system-out><![CDATA[2019-03-07 17:21:17 - [TEST_CASE][PASSED] - Test Cases/home page/view property by name: Test Cases/home page/view property by name

2019-03-07 17:21:17 - [TEST_STEP][PASSED] - openBrowser(""): Browser is opened with url: ''

2019-03-07 17:21:17 - [MESSAGE][INFO] - Starting 'Chrome' driver

2019-03-07 17:21:20 - [MESSAGE][PASSED] - Browser is opened with url: ''

2019-03-07 17:21:20 - [TEST_STEP][PASSED] - navigateToUrl(Url): Navigate to 'http://dev.chiragh.com/' successfully

2019-03-07 17:22:09 - [MESSAGE][PASSED] - Navigate to 'http://dev.chiragh.com/' successfully

2019-03-07 17:22:09 - [TEST_STEP][PASSED] - maximizeWindow(): Current window maximized

2019-03-07 17:22:10 - [MESSAGE][PASSED] - Current window maximized

2019-03-07 17:22:10 - [TEST_STEP][PASSED] - click(findTestObject("Object Repository/property by name/Page_Chiragh/a_Burj Dubai")): Object: 'Object Repository/property by name/Page_Chiragh/a_Burj Dubai' is clicked on

2019-03-07 17:22:10 - [MESSAGE][PASSED] - Object: 'Object Repository/property by name/Page_Chiragh/a_Burj Dubai' is clicked on

2019-03-07 17:22:10 - [TEST_STEP][PASSED] - verifyElementPresent(findTestObject("Object Repository/property by name/Page_Chiragh/div_Exit VR"), 8): Object 'Object Repository/property by name/Page_Chiragh/div_Exit VR' is present

2019-03-07 17:22:10 - [MESSAGE][PASSED] - Object 'Object Repository/property by name/Page_Chiragh/div_Exit VR' is present

2019-03-07 17:22:10 - [TEST_STEP][PASSED] - closeBrowser(): Browser is closed

2019-03-07 17:22:11 - [MESSAGE][PASSED] - Browser is closed

2019-03-07 17:22:11 - [TEST_STEP][PASSED] - Start listener action : sampleAfterTestCase: null

2019-03-07 17:22:11 - [TEST_STEP][PASSED] - println(testCaseContext.getTestCaseId()): null

2019-03-07 17:22:11 - [TEST_STEP][PASSED] - println(testCaseContext.getTestCaseStatus()): null]]></system-out>
         <system-err><![CDATA[]]></system-err>
      </testcase>
      <testcase name="Test Cases/home page/view property" classname="Test Cases/home page/view property" status="PASSED">
         <system-out><![CDATA[2019-03-07 17:22:11 - [TEST_CASE][PASSED] - Test Cases/home page/view property: Test Cases/home page/view property

2019-03-07 17:22:11 - [TEST_STEP][PASSED] - openBrowser(""): Browser is opened with url: ''

2019-03-07 17:22:11 - [MESSAGE][INFO] - Starting 'Chrome' driver

2019-03-07 17:22:14 - [MESSAGE][PASSED] - Browser is opened with url: ''

2019-03-07 17:22:14 - [TEST_STEP][PASSED] - navigateToUrl(Url): Navigate to 'http://dev.chiragh.com/' successfully

2019-03-07 17:22:55 - [MESSAGE][PASSED] - Navigate to 'http://dev.chiragh.com/' successfully

2019-03-07 17:22:55 - [TEST_STEP][PASSED] - maximizeWindow(): Current window maximized

2019-03-07 17:22:56 - [MESSAGE][PASSED] - Current window maximized

2019-03-07 17:22:56 - [TEST_STEP][PASSED] - delay(3): Delayed 3 second(s)

2019-03-07 17:22:59 - [MESSAGE][PASSED] - Delayed 3 second(s)

2019-03-07 17:22:59 - [TEST_STEP][PASSED] - click(findTestObject("Object Repository/view property/Page_Chiragh/img (1)")): Object: 'Object Repository/view property/Page_Chiragh/img (1)' is clicked on

2019-03-07 17:23:00 - [MESSAGE][PASSED] - Object: 'Object Repository/view property/Page_Chiragh/img (1)' is clicked on

2019-03-07 17:23:00 - [TEST_STEP][PASSED] - delay(3): Delayed 3 second(s)

2019-03-07 17:23:03 - [MESSAGE][PASSED] - Delayed 3 second(s)

2019-03-07 17:23:03 - [TEST_STEP][PASSED] - verifyElementPresent(findTestObject("Object Repository/view property/Page_Chiragh/div_Exit VR (1)"), 3): Object 'Object Repository/view property/Page_Chiragh/div_Exit VR (1)' is present

2019-03-07 17:23:03 - [MESSAGE][PASSED] - Object 'Object Repository/view property/Page_Chiragh/div_Exit VR (1)' is present

2019-03-07 17:23:03 - [TEST_STEP][PASSED] - closeBrowser(): Browser is closed

2019-03-07 17:23:04 - [MESSAGE][PASSED] - Browser is closed

2019-03-07 17:23:04 - [TEST_STEP][PASSED] - Start listener action : sampleAfterTestCase: null

2019-03-07 17:23:04 - [TEST_STEP][PASSED] - println(testCaseContext.getTestCaseId()): null

2019-03-07 17:23:04 - [TEST_STEP][PASSED] - println(testCaseContext.getTestCaseStatus()): null]]></system-out>
         <system-err><![CDATA[]]></system-err>
      </testcase>
      <testcase name="Test Cases/header/about us" classname="Test Cases/header/about us" status="PASSED">
         <system-out><![CDATA[2019-03-07 17:23:04 - [TEST_CASE][PASSED] - Test Cases/header/about us: Test Cases/header/about us

2019-03-07 17:23:04 - [TEST_STEP][PASSED] - openBrowser(""): Browser is opened with url: ''

2019-03-07 17:23:04 - [MESSAGE][INFO] - Starting 'Chrome' driver

2019-03-07 17:23:07 - [MESSAGE][PASSED] - Browser is opened with url: ''

2019-03-07 17:23:07 - [TEST_STEP][PASSED] - navigateToUrl(Url): Navigate to 'http://dev.chiragh.com/' successfully

2019-03-07 17:23:46 - [MESSAGE][PASSED] - Navigate to 'http://dev.chiragh.com/' successfully

2019-03-07 17:23:46 - [TEST_STEP][PASSED] - maximizeWindow(): Current window maximized

2019-03-07 17:23:48 - [MESSAGE][PASSED] - Current window maximized

2019-03-07 17:23:48 - [TEST_STEP][PASSED] - delay(3): Delayed 3 second(s)

2019-03-07 17:23:51 - [MESSAGE][PASSED] - Delayed 3 second(s)

2019-03-07 17:23:51 - [TEST_STEP][PASSED] - click(findTestObject("Object Repository/about us/Page_Chiragh/a_About Us(current)")): Object: 'Object Repository/about us/Page_Chiragh/a_About Us(current)' is clicked on

2019-03-07 17:23:51 - [MESSAGE][PASSED] - Object: 'Object Repository/about us/Page_Chiragh/a_About Us(current)' is clicked on

2019-03-07 17:23:51 - [TEST_STEP][PASSED] - delay(3): Delayed 3 second(s)

2019-03-07 17:23:54 - [MESSAGE][PASSED] - Delayed 3 second(s)

2019-03-07 17:23:54 - [TEST_STEP][PASSED] - verifyElementPresent(findTestObject("Object Repository/about us/Page_Chiragh/div_MISSION STATEMENT"), 5): Object 'Object Repository/about us/Page_Chiragh/div_MISSION STATEMENT' is present

2019-03-07 17:23:54 - [MESSAGE][PASSED] - Object 'Object Repository/about us/Page_Chiragh/div_MISSION STATEMENT' is present

2019-03-07 17:23:54 - [TEST_STEP][PASSED] - closeBrowser(): Browser is closed

2019-03-07 17:23:55 - [MESSAGE][PASSED] - Browser is closed

2019-03-07 17:23:55 - [TEST_STEP][PASSED] - Start listener action : sampleAfterTestCase: null

2019-03-07 17:23:55 - [TEST_STEP][PASSED] - println(testCaseContext.getTestCaseId()): null

2019-03-07 17:23:55 - [TEST_STEP][PASSED] - println(testCaseContext.getTestCaseStatus()): null]]></system-out>
         <system-err><![CDATA[]]></system-err>
      </testcase>
      <testcase name="Test Cases/header/Buy" classname="Test Cases/header/Buy" status="PASSED">
         <system-out><![CDATA[2019-03-07 17:23:55 - [TEST_CASE][PASSED] - Test Cases/header/Buy: Test Cases/header/Buy

2019-03-07 17:23:55 - [TEST_STEP][PASSED] - openBrowser(""): Browser is opened with url: ''

2019-03-07 17:23:56 - [MESSAGE][INFO] - Starting 'Chrome' driver

2019-03-07 17:23:58 - [MESSAGE][PASSED] - Browser is opened with url: ''

2019-03-07 17:23:58 - [TEST_STEP][PASSED] - navigateToUrl(Url): Navigate to 'http://dev.chiragh.com/' successfully

2019-03-07 17:24:14 - [MESSAGE][PASSED] - Navigate to 'http://dev.chiragh.com/' successfully

[...]
	at com.kms.katalon.core.main.TestCaseExecutor.processExecutionPhase(TestCaseExecutor.java:301)
	at com.kms.katalon.core.main.TestCaseExecutor.accessMainPhase(TestCaseExecutor.java:293)
	at com.kms.katalon.core.main.TestCaseExecutor.execute(TestCaseExecutor.java:227)
	at com.kms.katalon.core.main.TestSuiteExecutor.accessTestCaseMainPhase(TestSuiteExecutor.java:129)
	at com.kms.katalon.core.main.TestSuiteExecutor.accessTestSuiteMainPhase(TestSuiteExecutor.java:112)
	at com.kms.katalon.core.main.TestSuiteExecutor.execute(TestSuiteExecutor.java:81)
	at com.kms.katalon.core.main.TestCaseMain.startTestSuite(TestCaseMain.java:157)
	at com.kms.katalon.core.main.TestCaseMain$startTestSuite$0.call(Unknown Source)
	at TempTestSuite1551960849155.run(TempTestSuite1551960849155.groovy:35)
"/>
         <system-out><![CDATA[2019-03-07 17:33:11 - [TEST_CASE][FAILED] - Test Cases/upload profile picture: Test Cases/upload profile picture FAILED.
Reason:
com.kms.katalon.core.exception.StepFailedException: Unable to upload file 'C:\Users\HP\Katalon Studio\register\Include\images\800px_COLOURBOX5609690.jpg' to object 'Object Repository/upload profile picture/Page_Chiragh/div_Personal InfoPersonal Deta'
	at com.kms.katalon.core.keyword.internal.KeywordMain.stepFailed(KeywordMain.groovy:48)
	at com.kms.katalon.core.webui.keyword.internal.WebUIKeywordMain.stepFailed(WebUIKeywordMain.groovy:65)
	at com.kms.katalon.core.webui.keyword.internal.WebUIKeywordMain.runKeyword(WebUIKeywordMain.groovy:27)
	at com.kms.katalon.core.webui.keyword.builtin.UploadFileKeyword.uploadFile(UploadFileKeyword.groovy:87)
	at com.kms.katalon.core.webui.keyword.builtin.UploadFileKeyword.execute(UploadFileKeyword.groovy:68)
	at com.kms.katalon.core.keyword.internal.KeywordExecutor.executeKeywordForPlatform(KeywordExecutor.groovy:56)
	at com.kms.katalon.core.webui.keyword.WebUiBuiltInKeywords.uploadFile(WebUiBuiltInKeywords.groovy:2945)
	at com.kms.katalon.core.webui.keyword.WebUiBuiltInKeywords$uploadFile$12.call(Unknown Source)
	at upload profile picture.run(upload profile picture:40)
	at com.kms.katalon.core.main.ScriptEngine.run(ScriptEngine.java:194)
	at com.kms.katalon.core.main.ScriptEngine.runScriptAsRawText(ScriptEngine.java:119)
	at com.kms.katalon.core.main.TestCaseExecutor.runScript(TestCaseExecutor.java:331)
	at com.kms.katalon.core.main.TestCaseExecutor.doExecute(TestCaseExecutor.java:322)
	at com.kms.katalon.core.main.TestCaseExecutor.processExecutionPhase(TestCaseExecutor.java:301)
	at com.kms.katalon.core.main.TestCaseExecutor.accessMainPhase(TestCaseExecutor.java:293)
	at com.kms.katalon.core.main.TestCaseExecutor.execute(TestCaseExecutor.java:227)
	at com.kms.katalon.core.main.TestSuiteExecutor.accessTestCaseMainPhase(TestSuiteExecutor.java:129)
	at com.kms.katalon.core.main.TestSuiteExecutor.accessTestSuiteMainPhase(TestSuiteExecutor.java:112)
	at com.kms.katalon.core.main.TestSuiteExecutor.execute(TestSuiteExecutor.java:81)
	at com.kms.katalon.core.main.TestCaseMain.startTestSuite(TestCaseMain.java:157)
	at com.kms.katalon.core.main.TestCaseMain$startTestSuite$0.call(Unknown Source)
	at TempTestSuite1551960849155.run(TempTestSuite1551960849155.groovy:35)


2019-03-07 17:33:12 - [TEST_STEP][PASSED] - openBrowser(""): Browser is opened with url: ''

2019-03-07 17:33:12 - [MESSAGE][INFO] - Starting 'Chrome' driver

2019-03-07 17:33:14 - [MESSAGE][PASSED] - Browser is opened with url: ''

2019-03-07 17:33:14 - [TEST_STEP][PASSED] - navigateToUrl(Url): Navigate to 'http://dev.chiragh.com/' successfully

2019-03-07 17:33:21 - [MESSAGE][PASSED] - Navigate to 'http://dev.chiragh.com/' successfully

2019-03-07 17:33:21 - [TEST_STEP][PASSED] - maximizeWindow(): Current window maximized

2019-03-07 17:33:22 - [MESSAGE][PASSED] - Current window maximized

2019-03-07 17:33:22 - [TEST_STEP][PASSED] - click(findTestObject("Page_Chiragh/div_Login or Register")): Object: 'Object Repository/Page_Chiragh/div_Login or Register' is clicked on

2019-03-07 17:33:22 - [MESSAGE][PASSED] - Object: 'Object Repository/Page_Chiragh/div_Login or Register' is clicked on

2019-03-07 17:33:22 - [TEST_STEP][PASSED] - click(findTestObject("Object Repository/upload profile picture/Page_Chiragh/a_Login")): Object: 'Object Repository/upload profile picture/Page_Chiragh/a_Login' is clicked on

2019-03-07 17:33:22 - [MESSAGE][PASSED] - Object: 'Object Repository/upload profile picture/Page_Chiragh/a_Login' is clicked on

2019-03-07 17:33:22 - [TEST_STEP][PASSED] - setText(findTestObject("Object Repository/upload profile picture/Page_Chiragh/input_Sign In_userName"), userName): Text 'newuser01' is set on object 'Object Repository/upload profile picture/Page_Chiragh/input_Sign In_userName'

2019-03-07 17:33:23 - [MESSAGE][PASSED] - Text 'newuser01' is set on object 'Object Repository/upload profile picture/Page_Chiragh/input_Sign In_userName'

2019-03-07 17:33:23 - [TEST_STEP][PASSED] - setText(findTestObject("Object Repository/upload profile picture/Page_Chiragh/input_Sign In_userPassword"), passWord): Text '1234567890' is set on object 'Object Repository/upload profile picture/Page_Chiragh/input_Sign In_userPassword'

2019-03-07 17:33:24 - [MESSAGE][PASSED] - Text '1234567890' is set on object 'Object Repository/upload profile picture/Page_Chiragh/input_Sign In_userPassword'

2019-03-07 17:33:24 - [TEST_STEP][PASSED] - click(findTestObject("Object Repository/upload profile picture/Page_Chiragh/button_Sign In")): Object: 'Object Repository/upload profile picture/Page_Chiragh/button_Sign In' is clicked on

2019-03-07 17:33:24 - [MESSAGE][PASSED] - Object: 'Object Repository/upload profile picture/Page_Chiragh/button_Sign In' is clicked on

2019-03-07 17:33:24 - [TEST_STEP][PASSED] - delay(4): Delayed 4 second(s)

2019-03-07 17:33:28 - [MESSAGE][PASSED] - Delayed 4 second(s)

2019-03-07 17:33:28 - [TEST_STEP][PASSED] - click(findTestObject("Page_Chiragh/div_Login or Register")): Object: 'Object Repository/Page_Chiragh/div_Login or Register' is clicked on

2019-03-07 17:33:28 - [MESSAGE][PASSED] - Object: 'Object Repository/Page_Chiragh/div_Login or Register' is clicked on

2019-03-07 17:33:28 - [TEST_STEP][PASSED] - click(findTestObject("Object Repository/upload profile picture/Page_Chiragh/a_Profile")): Object: 'Object Repository/upload profile picture/Page_Chiragh/a_Profile' is clicked on

2019-03-07 17:33:28 - [MESSAGE][PASSED] - Object: 'Object Repository/upload profile picture/Page_Chiragh/a_Profile' is clicked on

2019-03-07 17:33:28 - [TEST_STEP][PASSED] - verifyElementPresent(findTestObject("upload profile picture/Page_Chiragh/div_Personal InfoPersonal Deta"), 5): Object 'Object Repository/upload profile picture/Page_Chiragh/div_Personal InfoPersonal Deta' is present

2019-03-07 17:33:31 - [MESSAGE][PASSED] - Object 'Object Repository/upload profile picture/Page_Chiragh/div_Personal InfoPersonal Deta' is present

2019-03-07 17:33:31 - [TEST_STEP][FAILED] - uploadFile(findTestObject("upload profile picture/Page_Chiragh/div_Personal InfoPersonal Deta"), "C:\Users\HP\Katalon Studio\register\Include\images\800px_COLOURBOX5609690.jpg"): uploadFile(findTestObject("upload profile picture/Page_Chiragh/div_Personal InfoPersonal Deta"), "C:\Users\HP\Katalon Studio\register\Include\images\800px_COLOURBOX5609690.jpg") FAILED.
Reason:
com.kms.katalon.core.exception.StepFailedException: Unable to upload file 'C:\Users\HP\Katalon Studio\register\Include\images\800px_COLOURBOX5609690.jpg' to object 'Object Repository/upload profile picture/Page_Chiragh/div_Personal InfoPersonal Deta'
	at com.kms.katalon.core.keyword.internal.KeywordMain.stepFailed(KeywordMain.groovy:48)
	at com.kms.katalon.core.webui.keyword.internal.WebUIKeywordMain.stepFailed(WebUIKeywordMain.groovy:65)
	at com.kms.katalon.core.webui.keyword.internal.WebUIKeywordMain.runKeyword(WebUIKeywordMain.groovy:27)
	at com.kms.katalon.core.webui.keyword.builtin.UploadFileKeyword.uploadFile(UploadFileKeyword.groovy:87)
	at com.kms.katalon.core.webui.keyword.builtin.UploadFileKeyword.execute(UploadFileKeyword.groovy:68)
	at com.kms.katalon.core.keyword.internal.KeywordExecutor.executeKeywordForPlatform(KeywordExecutor.groovy:56)
	at com.kms.katalon.core.webui.keyword.WebUiBuiltInKeywords.uploadFile(WebUiBuiltInKeywords.groovy:2945)
	at com.kms.katalon.core.webui.keyword.WebUiBuiltInKeywords$uploadFile$12.call(Unknown Source)
	at upload profile picture.run(upload profile picture:40)
	at com.kms.katalon.core.main.ScriptEngine.run(ScriptEngine.java:194)
	at com.kms.katalon.core.main.ScriptEngine.runScriptAsRawText(ScriptEngine.java:119)
	at com.kms.katalon.core.main.TestCaseExecutor.runScript(TestCaseExecutor.java:331)
	at com.kms.katalon.core.main.TestCaseExecutor.doExecute(TestCaseExecutor.java:322)
	at com.kms.katalon.core.main.TestCaseExecutor.processExecutionPhase(TestCaseExecutor.java:301)
	at com.kms.katalon.core.main.TestCaseExecutor.accessMainPhase(TestCaseExecutor.java:293)
	at com.kms.katalon.core.main.TestCaseExecutor.execute(TestCaseExecutor.java:227)
	at com.kms.katalon.core.main.TestSuiteExecutor.accessTestCaseMainPhase(TestSuiteExecutor.java:129)
	at com.kms.katalon.core.main.TestSuiteExecutor.accessTestSuiteMainPhase(TestSuiteExecutor.java:112)
	at com.kms.katalon.core.main.TestSuiteExecutor.execute(TestSuiteExecutor.java:81)
	at com.kms.katalon.core.main.TestCaseMain.startTestSuite(TestCaseMain.java:157)
	at com.kms.katalon.core.main.TestCaseMain$startTestSuite$0.call(Unknown Source)
	at TempTestSuite1551960849155.run(TempTestSuite1551960849155.groovy:35)


2019-03-07 17:33:31 - [MESSAGE][FAILED] - Unable to upload file 'C:\Users\HP\Katalon Studio\register\Include\images\800px_COLOURBOX5609690.jpg' to object 'Object Repository/upload profile picture/Page_Chiragh/div_Personal InfoPersonal Deta'
[[ATTACHMENT|C:\\Users\\hp\\git\\ChiraghWebTests\\Reports\\Chiragh Smoke Tests\\20190307_171408\\1551962011264.png]]

2019-03-07 17:33:31 - [MESSAGE][FAILED] - uploadFile(findTestObject("upload profile picture/Page_Chiragh/div_Personal InfoPersonal Deta"), "C:\Users\HP\Katalon Studio\register\Include\images\800px_COLOURBOX5609690.jpg") FAILED.
Reason:
com.kms.katalon.core.exception.StepFailedException: Unable to upload file 'C:\Users\HP\Katalon Studio\register\Include\images\800px_COLOURBOX5609690.jpg' to object 'Object Repository/upload profile picture/Page_Chiragh/div_Personal InfoPersonal Deta'
	at com.kms.katalon.core.keyword.internal.KeywordMain.stepFailed(KeywordMain.groovy:48)
	at com.kms.katalon.core.webui.keyword.internal.WebUIKeywordMain.stepFailed(WebUIKeywordMain.groovy:65)
	at com.kms.katalon.core.webui.keyword.internal.WebUIKeywordMain.runKeyword(WebUIKeywordMain.groovy:27)
	at com.kms.katalon.core.webui.keyword.builtin.UploadFileKeyword.uploadFile(UploadFileKeyword.groovy:87)
	at com.kms.katalon.core.webui.keyword.builtin.UploadFileKeyword.execute(UploadFileKeyword.groovy:68)
	at com.kms.katalon.core.keyword.internal.KeywordExecutor.executeKeywordForPlatform(KeywordExecutor.groovy:56)
	at com.kms.katalon.core.webui.keyword.WebUiBuiltInKeywords.uploadFile(WebUiBuiltInKeywords.groovy:2945)
	at com.kms.katalon.core.webui.keyword.WebUiBuiltInKeywords$uploadFile$12.call(Unknown Source)
	at upload profile picture.run(upload profile picture:40)
	at com.kms.katalon.core.main.ScriptEngine.run(ScriptEngine.java:194)
	at com.kms.katalon.core.main.ScriptEngine.runScriptAsRawText(ScriptEngine.java:119)
	at com.kms.katalon.core.main.TestCaseExecutor.runScript(TestCaseExecutor.java:331)
	at com.kms.katalon.core.main.TestCaseExecutor.doExecute(TestCaseExecutor.java:322)
	at com.kms.katalon.core.main.TestCaseExecutor.processExecutionPhase(TestCaseExecutor.java:301)
	at com.kms.katalon.core.main.TestCaseExecutor.accessMainPhase(TestCaseExecutor.java:293)
	at com.kms.katalon.core.main.TestCaseExecutor.execute(TestCaseExecutor.java:227)
	at com.kms.katalon.core.main.TestSuiteExecutor.accessTestCaseMainPhase(TestSuiteExecutor.java:129)
	at com.kms.katalon.core.main.TestSuiteExecutor.accessTestSuiteMainPhase(TestSuiteExecutor.java:112)
	at com.kms.katalon.core.main.TestSuiteExecutor.execute(TestSuiteExecutor.java:81)
	at com.kms.katalon.core.main.TestCaseMain.startTestSuite(TestCaseMain.java:157)
	at com.kms.katalon.core.main.TestCaseMain$startTestSuite$0.call(Unknown Source)
	at TempTestSuite1551960849155.run(TempTestSuite1551960849155.groovy:35)


2019-03-07 17:33:31 - [TEST_STEP][PASSED] - Start listener action : sampleAfterTestCase: null

2019-03-07 17:33:31 - [TEST_STEP][PASSED] - println(testCaseContext.getTestCaseId()): null

2019-03-07 17:33:31 - [TEST_STEP][PASSED] - println(testCaseContext.getTestCaseStatus()): null]]></system-out>
         <system-err><![CDATA[2019-03-07 17:33:11 - [TEST_CASE][FAILED] - Test Cases/upload profile picture: Test Cases/upload profile picture FAILED.
Reason:
com.kms.katalon.core.exception.StepFailedException: Unable to upload file 'C:\Users\HP\Katalon Studio\register\Include\images\800px_COLOURBOX5609690.jpg' to object 'Object Repository/upload profile picture/Page_Chiragh/div_Personal InfoPersonal Deta'
	at com.kms.katalon.core.keyword.internal.KeywordMain.stepFailed(KeywordMain.groovy:48)
	at com.kms.katalon.core.webui.keyword.internal.WebUIKeywordMain.stepFailed(WebUIKeywordMain.groovy:65)
	at com.kms.katalon.core.webui.keyword.internal.WebUIKeywordMain.runKeyword(WebUIKeywordMain.groovy:27)
	at com.kms.katalon.core.webui.keyword.builtin.UploadFileKeyword.uploadFile(UploadFileKeyword.groovy:87)
	at com.kms.katalon.core.webui.keyword.builtin.UploadFileKeyword.execute(UploadFileKeyword.groovy:68)
	at com.kms.katalon.core.keyword.internal.KeywordExecutor.executeKeywordForPlatform(KeywordExecutor.groovy:56)
	at com.kms.katalon.core.webui.keyword.WebUiBuiltInKeywords.uploadFile(WebUiBuiltInKeywords.groovy:2945)
	at com.kms.katalon.core.webui.keyword.WebUiBuiltInKeywords$uploadFile$12.call(Unknown Source)
	at upload profile picture.run(upload profile picture:40)
	at com.kms.katalon.core.main.ScriptEngine.run(ScriptEngine.java:194)
	at com.kms.katalon.core.main.ScriptEngine.runScriptAsRawText(ScriptEngine.java:119)
	at com.kms.katalon.core.main.TestCaseExecutor.runScript(TestCaseExecutor.java:331)
	at com.kms.katalon.core.main.TestCaseExecutor.doExecute(TestCaseExecutor.java:322)
	at com.kms.katalon.core.main.TestCaseExecutor.processExecutionPhase(TestCaseExecutor.java:301)
	at com.kms.katalon.core.main.TestCaseExecutor.accessMainPhase(TestCaseExecutor.java:293)
	at com.kms.katalon.core.main.TestCaseExecutor.execute(TestCaseExecutor.java:227)
	at com.kms.katalon.core.main.TestSuiteExecutor.accessTestCaseMainPhase(TestSuiteExecutor.java:129)
	at com.kms.katalon.core.main.TestSuiteExecutor.accessTestSuiteMainPhase(TestSuiteExecutor.java:112)
	at com.kms.katalon.core.main.TestSuiteExecutor.execute(TestSuiteExecutor.java:81)
	at com.kms.katalon.core.main.TestCaseMain.startTestSuite(TestCaseMain.java:157)
	at com.kms.katalon.core.main.TestCaseMain$startTestSuite$0.call(Unknown Source)
	at TempTestSuite1551960849155.run(TempTestSuite1551960849155.groovy:35)]]></system-err>
      </testcase>
      <system-out><![CDATA[2019-03-07 17:14:16 - [TEST_SUITE][FAILED] - Chiragh Smoke Tests: Test Cases/home page/Contact Us FAILED.
Reason:
com.kms.katalon.core.exception.StepFailedException: Unable to verify object 'Object Repository/Contact Us/Page_Chiragh/div_Headquarter' is present
	at com.kms.katalon.core.keyword.internal.KeywordMain.stepFailed(KeywordMain.groovy:48)
	at com.kms.katalon.core.webui.keyword.internal.WebUIKeywordMain.stepFailed(WebUIKeywordMain.groovy:65)
	at com.kms.katalon.core.webui.keyword.internal.WebUIKeywordMain.runKeyword(WebUIKeywordMain.groovy:27)
	at com.kms.katalon.core.webui.keyword.builtin.VerifyElementPresentKeyword.verifyElementPresent(VerifyElementPresentKeyword.groovy:92)
	at com.kms.katalon.core.webui.keyword.builtin.VerifyElementPresentKeyword.execute(VerifyElementPresentKeyword.groovy:68)
	at com.kms.katalon.core.keyword.internal.KeywordExecutor.executeKeywordForPlatform(KeywordExecutor.groovy:56)
	at com.kms.katalon.core.webui.keyword.WebUiBuiltInKeywords.verifyElementPresent(WebUiBuiltInKeywords.groovy:1434)
	at com.kms.katalon.core.webui.keyword.WebUiBuiltInKeywords$verifyElementPresent$3.call(Unknown Source)
	at Contact Us.run(Contact Us:28)
	at com.kms.katalon.core.main.ScriptEngine.run(ScriptEngine.java:194)
	at com.kms.katalon.core.main.ScriptEngine.runScriptAsRawText(ScriptEngine.java:119)
	at com.kms.katalon.core.main.TestCaseExecutor.runScript(TestCaseExecutor.java:331)
	at com.kms.katalon.core.main.TestCaseExecutor.doExecute(TestCaseExecutor.java:322)
	at com.kms.katalon.core.main.TestCaseExecutor.processExecutionPhase(TestCaseExecutor.java:301)
	at com.kms.katalon.core.main.TestCaseExecutor.accessMainPhase(TestCaseExecutor.java:293)
	at com.kms.katalon.core.main.TestCaseExecutor.execute(TestCaseExecutor.java:227)
	at com.kms.katalon.core.main.TestSuiteExecutor.accessTestCaseMainPhase(TestSuiteExecutor.java:129)
	at com.kms.katalon.core.main.TestSuiteExecutor.accessTestSuiteMainPhase(TestSuiteExecutor.java:112)
	at com.kms.katalon.core.main.TestSuiteExecutor.execute(TestSuiteExecutor.java:81)
	at com.kms.katalon.core.main.TestCaseMain.startTestSuite(TestCaseMain.java:157)
	at com.kms.katalon.core.main.TestCaseMain$startTestSuite$0.call(Unknown Source)
	at TempTestSuite1551960849155.run(TempTestSuite1551960849155.groovy:35)]]></system-out>
      <system-err><![CDATA[2019-03-07 17:14:16 - [TEST_SUITE][FAILED] - Chiragh Smoke Tests: Test Cases/home page/Contact Us FAILED.
Reason:
com.kms.katalon.core.exception.StepFailedException: Unable to verify object 'Object Repository/Contact Us/Page_Chiragh/div_Headquarter' is present
	at com.kms.katalon.core.keyword.internal.KeywordMain.stepFailed(KeywordMain.groovy:48)
	at com.kms.katalon.core.webui.keyword.internal.WebUIKeywordMain.stepFailed(WebUIKeywordMain.groovy:65)
	at com.kms.katalon.core.webui.keyword.internal.WebUIKeywordMain.runKeyword(WebUIKeywordMain.groovy:27)
	at com.kms.katalon.core.webui.keyword.builtin.VerifyElementPresentKeyword.verifyElementPresent(VerifyElementPresentKeyword.groovy:92)
	at com.kms.katalon.core.webui.keyword.builtin.VerifyElementPresentKeyword.execute(VerifyElementPresentKeyword.groovy:68)
	at com.kms.katalon.core.keyword.internal.KeywordExecutor.executeKeywordForPlatform(KeywordExecutor.groovy:56)
	at com.kms.katalon.core.webui.keyword.WebUiBuiltInKeywords.verifyElementPresent(WebUiBuiltInKeywords.groovy:1434)
	at com.kms.katalon.core.webui.keyword.WebUiBuiltInKeywords$verifyElementPresent$3.call(Unknown Source)
	at Contact Us.run(Contact Us:28)
	at com.kms.katalon.core.main.ScriptEngine.run(ScriptEngine.java:194)
	at com.kms.katalon.core.main.ScriptEngine.runScriptAsRawText(ScriptEngine.java:119)
	at com.kms.katalon.core.main.TestCaseExecutor.runScript(TestCaseExecutor.java:331)
	at com.kms.katalon.core.main.TestCaseExecutor.doExecute(TestCaseExecutor.java:322)
	at com.kms.katalon.core.main.TestCaseExecutor.processExecutionPhase(TestCaseExecutor.java:301)
	at com.kms.katalon.core.main.TestCaseExecutor.accessMainPhase(TestCaseExecutor.java:293)
	at com.kms.katalon.core.main.TestCaseExecutor.execute(TestCaseExecutor.java:227)
	at com.kms.katalon.core.main.TestSuiteExecutor.accessTestCaseMainPhase(TestSuiteExecutor.java:129)
	at com.kms.katalon.core.main.TestSuiteExecutor.accessTestSuiteMainPhase(TestSuiteExecutor.java:112)
	at com.kms.katalon.core.main.TestSuiteExecutor.execute(TestSuiteExecutor.java:81)
	at com.kms.katalon.core.main.TestCaseMain.startTestSuite(TestCaseMain.java:157)
	at com.kms.katalon.core.main.TestCaseMain$startTestSuite$0.call(Unknown Source)
	at TempTestSuite1551960849155.run(TempTestSuite1551960849155.groovy:35)]]></system-err>
   </testsuite>
</testsuites>
