<?xml version="1.0" encoding="UTF-8"?>
<testsuites name="Chiragh Smoke Tests" time="1181" tests="21" failures="11" errors="0">
   <testsuite name="Chiragh Smoke Tests" tests="21" failures="11" errors="0" time="1181" timestamp="2019-01-21 12:25:03" hostname="HP - DESKTOP-2D7LI1O" id="Test Suites/Chiragh Smoke Tests">
      <properties>
[...]
</properties>
      <testcase name="Test Cases/signin/Forgot Password" classname="Test Cases/signin/Forgot Password" status="PASSED">
         <system-out><![CDATA[2019-01-21 12:25:04 - [TEST_CASE][PASSED] - Test Cases/signin/Forgot Password: Test Cases/signin/Forgot Password

2019-01-21 12:25:04 - [TEST_STEP][PASSED] - openBrowser(""): Browser is opened with url: ''

2019-01-21 12:25:05 - [MESSAGE][INFO] - Starting 'Chrome' driver

2019-01-21 12:25:05 - [MESSAGE][INFO] - Action delay is set to 0 seconds

2019-01-21 12:25:08 - [MESSAGE][PASSED] - Browser is opened with url: ''

2019-01-21 12:25:08 - [TEST_STEP][PASSED] - navigateToUrl(Url): Navigate to 'http://dev.chiragh.com/' successfully

2019-01-21 12:26:04 - [MESSAGE][PASSED] - Navigate to 'http://dev.chiragh.com/' successfully

2019-01-21 12:26:04 - [TEST_STEP][PASSED] - maximizeWindow(): Current window maximized

2019-01-21 12:26:05 - [MESSAGE][PASSED] - Current window maximized

2019-01-21 12:26:05 - [TEST_STEP][PASSED] - delay(3): Delayed 3 second(s)

2019-01-21 12:26:08 - [MESSAGE][PASSED] - Delayed 3 second(s)

2019-01-21 12:26:08 - [TEST_STEP][PASSED] - click(findTestObject("Object Repository/forgot password/Page_Chiragh/div_Login                    o")): Object: 'Object Repository/forgot password/Page_Chiragh/div_Login                    o' is clicked on

2019-01-21 12:26:08 - [MESSAGE][PASSED] - Object: 'Object Repository/forgot password/Page_Chiragh/div_Login                    o' is clicked on

2019-01-21 12:26:08 - [TEST_STEP][PASSED] - click(findTestObject("Object Repository/forgot password/Page_Chiragh/a_Login")): Object: 'Object Repository/forgot password/Page_Chiragh/a_Login' is clicked on

2019-01-21 12:26:08 - [MESSAGE][PASSED] - Object: 'Object Repository/forgot password/Page_Chiragh/a_Login' is clicked on

2019-01-21 12:26:08 - [TEST_STEP][PASSED] - delay(3): Delayed 3 second(s)

2019-01-21 12:26:11 - [MESSAGE][PASSED] - Delayed 3 second(s)

2019-01-21 12:26:11 - [TEST_STEP][PASSED] - click(findTestObject("Object Repository/forgot password/Page_Chiragh/a_Forgot Password")): Object: 'Object Repository/forgot password/Page_Chiragh/a_Forgot Password' is clicked on

2019-01-21 12:26:11 - [MESSAGE][PASSED] - Object: 'Object Repository/forgot password/Page_Chiragh/a_Forgot Password' is clicked on

2019-01-21 12:26:11 - [TEST_STEP][PASSED] - verifyElementPresent(findTestObject("Object Repository/forgot password/Page_Chiragh/form_Forgot Password"), 3): Object 'Object Repository/forgot password/Page_Chiragh/form_Forgot Password' is present

2019-01-21 12:26:11 - [MESSAGE][PASSED] - Object 'Object Repository/forgot password/Page_Chiragh/form_Forgot Password' is present

2019-01-21 12:26:11 - [TEST_STEP][PASSED] - verifyElementPresent(findTestObject("Object Repository/forgot password/Page_Chiragh/div_Follow these simple steps"), 3): Object 'Object Repository/forgot password/Page_Chiragh/div_Follow these simple steps' is present

2019-01-21 12:26:12 - [MESSAGE][PASSED] - Object 'Object Repository/forgot password/Page_Chiragh/div_Follow these simple steps' is present

2019-01-21 12:26:12 - [TEST_STEP][PASSED] - verifyElementPresent(findTestObject("Object Repository/forgot password/Page_Chiragh/div_Submit"), 3): Object 'Object Repository/forgot password/Page_Chiragh/div_Submit' is present

2019-01-21 12:26:12 - [MESSAGE][PASSED] - Object 'Object Repository/forgot password/Page_Chiragh/div_Submit' is present

2019-01-21 12:26:12 - [TEST_STEP][PASSED] - closeBrowser(): Browser is closed

2019-01-21 12:26:12 - [MESSAGE][PASSED] - Browser is closed

2019-01-21 12:26:12 - [TEST_STEP][PASSED] - Start listener action : sampleAfterTestCase: null

2019-01-21 12:26:12 - [TEST_STEP][PASSED] - println(testCaseContext.getTestCaseId()): null

2019-01-21 12:26:12 - [TEST_STEP][PASSED] - println(testCaseContext.getTestCaseStatus()): null]]></system-out>
         <system-err><![CDATA[]]></system-err>
      </testcase>
      <testcase name="Test Cases/register user/useremail already exist" classname="Test Cases/register user/useremail already exist" status="PASSED">
         <system-out><![CDATA[2019-01-21 12:26:12 - [TEST_CASE][PASSED] - Test Cases/register user/useremail already exist: Test Cases/register user/useremail already exist

2019-01-21 12:26:13 - [TEST_STEP][PASSED] - openBrowser(""): Browser is opened with url: ''

2019-01-21 12:26:13 - [MESSAGE][INFO] - Starting 'Chrome' driver

2019-01-21 12:26:15 - [MESSAGE][PASSED] - Browser is opened with url: ''

2019-01-21 12:26:15 - [TEST_STEP][PASSED] - navigateToUrl(Url): Navigate to 'http://dev.chiragh.com/' successfully

2019-01-21 12:26:30 - [MESSAGE][PASSED] - Navigate to 'http://dev.chiragh.com/' successfully

2019-01-21 12:26:30 - [TEST_STEP][PASSED] - maximizeWindow(): Current window maximized

2019-01-21 12:26:31 - [MESSAGE][PASSED] - Current window maximized

2019-01-21 12:26:31 - [TEST_STEP][PASSED] - click(findTestObject("Object Repository/Page_Chiragh/div_Login or Register")): Object: 'Object Repository/Page_Chiragh/div_Login or Register' is clicked on

2019-01-21 12:26:31 - [MESSAGE][PASSED] - Object: 'Object Repository/Page_Chiragh/div_Login or Register' is clicked on

2019-01-21 12:26:31 - [TEST_STEP][PASSED] - click(findTestObject("Object Repository/Page_Chiragh/a_Register")): Object: 'Object Repository/Page_Chiragh/a_Register' is clicked on

2019-01-21 12:26:31 - [MESSAGE][PASSED] - Object: 'Object Repository/Page_Chiragh/a_Register' is clicked on

2019-01-21 12:26:31 - [TEST_STEP][PASSED] - setText(findTestObject("Object Repository/Page_Chiragh/input_First Name_userFirstName"), "new"): Text 'new' is set on object 'Object Repository/Page_Chiragh/input_First Name_userFirstName'

2019-01-21 12:26:34 - [MESSAGE][PASSED] - Text 'new' is set on object 'Object Repository/Page_Chiragh/input_First Name_userFirstName'

2019-01-21 12:26:34 - [TEST_STEP][PASSED] - setText(findTestObject("Object Repository/Page_Chiragh/input_Last Name_userLastName"), "user"): Text 'user' is set on object 'Object Repository/Page_Chiragh/input_Last Name_userLastName'

2019-01-21 12:26:34 - [MESSAGE][PASSED] - Text 'user' is set on object 'Object Repository/Page_Chiragh/input_Last Name_userLastName'

2019-01-21 12:26:34 - [TEST_STEP][PASSED] - username = RandomStringUtils.randomAlphanumeric(8): null

2019-01-21 12:26:34 - [TEST_STEP][PASSED] - setText(findTestObject("Object Repository/Page_Chiragh/input_Create Username_userName"), username): Text 'HAN0QR5d' is set on object 'Object Repository/Page_Chiragh/input_Create Username_userName'

2019-01-21 12:26:34 - [MESSAGE][PASSED] - Text 'HAN0QR5d' is set on object 'Object Repository/Page_Chiragh/input_Create Username_userName'

2019-01-21 12:26:34 - [TEST_STEP][PASSED] - setEncryptedText(findTestObject("Object Repository/Page_Chiragh/input_Create Password_userPass"), "RigbBhfdqOBGNlJIWM1ClA=="): Text ****** has been set on object 'Object Repository/Page_Chiragh/input_Create Password_userPass'

2019-01-21 12:26:34 - [MESSAGE][PASSED] - Text ****** has been set on object 'Object Repository/Page_Chiragh/input_Create Password_userPass'

2019-01-21 12:26:34 - [TEST_STEP][PASSED] - setEncryptedText(findTestObject("Object Repository/Page_Chiragh/input_Confirm Password_userCon"), "RigbBhfdqOBGNlJIWM1ClA=="): Text ****** has been set on object 'Object Repository/Page_Chiragh/input_Confirm Password_userCon'

2019-01-21 12:26:35 - [MESSAGE][PASSED] - Text ****** has been set on object 'Object Repository/Page_Chiragh/input_Confirm Password_userCon'

2019-01-21 12:26:35 - [TEST_STEP][PASSED] - setText(findTestObject("Object Repository/Page_Chiragh/input_Your Email_userEmail"), "a@gmail.com"): Text 'a@gmail.com' is set on object 'Object Repository/Page_Chiragh/input_Your Email_userEmail'

2019-01-21 12:26:35 - [MESSAGE][PASSED] - Text 'a@gmail.com' is set on object 'Object Repository/Page_Chiragh/input_Your Email_userEmail'

2019-01-21 12:26:35 - [TEST_STEP][PASSED] - click(findTestObject("Object Repository/Page_Chiragh/span_XXX")): Object: 'Object Repository/Page_Chiragh/span_XXX' is clicked on

2019-01-21 12:26:35 - [MESSAGE][PASSED] - Object: 'Object Repository/Page_Chiragh/span_XXX' is clicked on

2019-01-21 12:26:35 - [TEST_STEP][PASSED] - setText(findTestObject("Object Repository/Page_Chiragh/input_Soon_select2-search__fie"), "971"): Text '971' is set on object 'Object Repository/Page_Chiragh/input_Soon_select2-search__fie'

2019-01-21 12:26:36 - [MESSAGE][PASSED] - Text '971' is set on object 'Object Repository/Page_Chiragh/input_Soon_select2-search__fie'

2019-01-21 12:26:36 - [TEST_STEP][PASSED] - sendKeys(findTestObject("Object Repository/Page_Chiragh/input_Soon_select2-search__fie"), Keys.chord(ENTER)): Keys 'ENTER + ' sent to object: 'Object Repository/Page_Chiragh/input_Soon_select2-search__fie'

2019-01-21 12:26:36 - [MESSAGE][PASSED] - Keys 'ENTER + ' sent to object: 'Object Repository/Page_Chiragh/input_Soon_select2-search__fie'

2019-01-21 12:26:36 - [TEST_STEP][PASSED] - setText(findTestObject("Object Repository/Page_Chiragh/input_Mobile Number_mobileNo"), "454544554"): Text '454544554' is set on object 'Object Repository/Page_Chiragh/input_Mobile Number_mobileNo'

2019-01-21 12:26:36 - [MESSAGE][PASSED] - Text '454544554' is set on object 'Object Repository/Page_Chiragh/input_Mobile Number_mobileNo'

2019-01-21 12:26:36 - [TEST_STEP][PASSED] - click(findTestObject("Object Repository/Page_Chiragh/span_Accept Terms  Conditions_")): Object: 'Object Repository/Page_Chiragh/span_Accept Terms  Conditions_' is clicked on

2019-01-21 12:26:36 - [MESSAGE][PASSED] - Object: 'Object Repository/Page_Chiragh/span_Accept Terms  Conditions_' is clicked on

2019-01-21 12:26:36 - [TEST_STEP][PASSED] - click(findTestObject("Object Repository/Page_Chiragh/button_Register")): Object: 'Object Repository/Page_Chiragh/button_Register' is clicked on

2019-01-21 12:26:36 - [MESSAGE][PASSED] - Object: 'Object Repository/Page_Chiragh/button_Register' is clicked on

2019-01-21 12:26:36 - [TEST_STEP][PASSED] - click(findTestObject("Object Repository/Page_Chiragh/button_Register")): Object: 'Object Repository/Page_Chiragh/button_Register' is clicked on

2019-01-21 12:26:36 - [MESSAGE][PASSED] - Object: 'Object Repository/Page_Chiragh/button_Register' is clicked on

2019-01-21 12:26:36 - [TEST_STEP][PASSED] - delay(10): Delayed 10 second(s)

2019-01-21 12:26:46 - [MESSAGE][PASSED] - Delayed 10 second(s)

2019-01-21 12:26:46 - [TEST_STEP][PASSED] - if (verifyTextPresent("An account with this email already exist.", true)): Browser is closed

2019-01-21 12:26:47 - [MESSAGE][PASSED] - Text 'An account with this email already exist.' is present on page  using regular expression

2019-01-21 12:26:47 - [TEST_STEP][PASSED] - email = RandomStringUtils.randomAlphanumeric(8): null

2019-01-21 12:26:47 - [TEST_STEP][PASSED] - setText(findTestObject("Object Repository/Page_Chiragh/input_Your Email_userEmail"), email + "@gmail.com"): Text 'yjkMTkHl@gmail.com' is set on object 'Object Repository/Page_Chiragh/input_Your Email_userEmail'

2019-01-21 12:26:47 - [MESSAGE][PASSED] - Text 'yjkMTkHl@gmail.com' is set on object 'Object Repository/Page_Chiragh/input_Your Email_userEmail'

2019-01-21 12:26:47 - [TEST_STEP][PASSED] - delay(10): Delayed 10 second(s)

2019-01-21 12:26:57 - [MESSAGE][PASSED] - Delayed 10 second(s)

2019-01-21 12:26:57 - [TEST_STEP][PASSED] - click(findTestObject("Object Repository/Page_Chiragh/button_Register")): Object: 'Object Repository/Page_Chiragh/button_Register' is clicked on

2019-01-21 12:26:57 - [MESSAGE][PASSED] - Object: 'Object Repository/Page_Chiragh/button_Register' is clicked on

2019-01-21 12:26:57 - [TEST_STEP][PASSED] - verifyElementPresent(findTestObject("Object Repository/register user/Page_Chiragh/div_You are almost thereVerify"), 5): Object 'Object Repository/register user/Page_Chiragh/div_You are almost thereVerify' is present

2019-01-21 12:26:57 - [MESSAGE][PASSED] - Object 'Object Repository/register user/Page_Chiragh/div_You are almost thereVerify' is present

2019-01-21 12:26:57 - [TEST_STEP][PASSED] - closeBrowser(): Browser is closed

2019-01-21 12:26:58 - [MESSAGE][PASSED] - Browser is closed

2019-01-21 12:26:58 - [TEST_STEP][PASSED] - Start listener action : sampleAfterTestCase: null

2019-01-21 12:26:58 - [TEST_STEP][PASSED] - println(testCaseContext.getTestCaseId()): null

2019-01-21 12:26:58 - [TEST_STEP][PASSED] - println(testCaseContext.getTestCaseStatus()): null]]></system-out>
         <system-err><![CDATA[]]></system-err>
      </testcase>
      <testcase name="Test Cases/register user/username already exist" classname="Test Cases/register user/username already exist" status="FAILED">
         <failure type="FAILED" message="Test Cases/register user/username already exist FAILED.
Reason:
com.kms.katalon.core.exception.StepFailedException: Unable to set text '971' of object 'Object Repository/Page_Chiragh/input_Soon_select2-search__fie' (Root cause: com.kms.katalon.core.webui.exception.WebElementNotFoundException: Web element with id: 'Object Repository/Page_Chiragh/input_Soon_select2-search__fie' located by 'By.xpath: //input[@type='search']' not found)
	at com.kms.katalon.core.keyword.internal.KeywordMain.stepFailed(KeywordMain.groovy:36)
	at com.kms.katalon.core.webui.keyword.internal.WebUIKeywordMain.stepFailed(WebUIKeywordMain.groovy:65)
	at com.kms.katalon.core.webui.keyword.internal.WebUIKeywordMain.runKeyword(WebUIKeywordMain.groovy:27)
	at com.kms.katalon.core.webui.keyword.builtin.SetTextKeyword.setText(SetTextKeyword.groovy:65)
	at com.kms.katalon.core.webui.keyword.builtin.SetTextKeyword.execute(SetTextKeyword.groovy:37)
	at com.kms.katalon.core.keyword.internal.KeywordExecutor.executeKeywordForPlatform(KeywordExecutor.groovy:53)
	at com.kms.katalon.core.webui.keyword.WebUiBuiltInKeywords.setText(WebUiBuiltInKeywords.groovy:950)
	at com.kms.katalon.core.webui.keyword.WebUiBuiltInKeywords$setText$5.call(Unknown Source)
	at username already exist.run(username already exist:43)
	at com.kms.katalon.core.main.ScriptEngine.run(ScriptEngine.java:194)
	at com.kms.katalon.core.main.ScriptEngine.runScriptAsRawText(ScriptEngine.java:119)
	at com.kms.katalon.core.main.TestCaseExecutor.runScript(TestCaseExecutor.java:328)
	at com.kms.katalon.core.main.TestCaseExecutor.doExecute(TestCaseExecutor.java:319)
	at com.kms.katalon.core.main.TestCaseExecutor.processExecutionPhase(TestCaseExecutor.java:298)
	at com.kms.katalon.core.main.TestCaseExecutor.accessMainPhase(TestCaseExecutor.java:290)
	at com.kms.katalon.core.main.TestCaseExecutor.execute(TestCaseExecutor.java:224)
	at com.kms.katalon.core.main.TestSuiteExecutor.accessTestCaseMainPhase(TestSuiteExecutor.java:129)
	at com.kms.katalon.core.main.TestSuiteExecutor.accessTestSuiteMainPhase(TestSuiteExecutor.java:112)
	at com.kms.katalon.core.main.TestSuiteExecutor.execute(TestSuiteExecutor.java:81)
	at com.kms.katalon.core.main.TestCaseMain.startTestSuite(TestCaseMain.java:149)
	at com.kms.katalon.core.main.TestCaseMain$startTestSuite$0.call(Unknown Source)
	at TempTestSuite1548055500864.run(TempTestSuite1548055500864.groovy:36)
"/>
         <system-out><![CDATA[2019-01-21 12:26:58 - [TEST_CASE][FAILED] - Test Cases/register user/username already exist: Test Cases/register user/username already exist FAILED.
Reason:
com.kms.katalon.core.exception.StepFailedException: Unable to set text '971' of object 'Object Repository/Page_Chiragh/input_Soon_select2-search__fie' (Root cause: com.kms.katalon.core.webui.exception.WebElementNotFoundException: Web element with id: 'Object Repository/Page_Chiragh/input_Soon_select2-search__fie' located by 'By.xpath: //input[@type='search']' not found)
	at com.kms.katalon.core.keyword.internal.KeywordMain.stepFailed(KeywordMain.groovy:36)
	at com.kms.katalon.core.webui.keyword.internal.WebUIKeywordMain.stepFailed(WebUIKeywordMain.groovy:65)
	at com.kms.katalon.core.webui.keyword.internal.WebUIKeywordMain.runKeyword(WebUIKeywordMain.groovy:27)
	at com.kms.katalon.core.webui.keyword.builtin.SetTextKeyword.setText(SetTextKeyword.groovy:65)
	at com.kms.katalon.core.webui.keyword.builtin.SetTextKeyword.execute(SetTextKeyword.groovy:37)
	at com.kms.katalon.core.keyword.internal.KeywordExecutor.executeKeywordForPlatform(KeywordExecutor.groovy:53)
	at com.kms.katalon.core.webui.keyword.WebUiBuiltInKeywords.setText(WebUiBuiltInKeywords.groovy:950)
	at com.kms.katalon.core.webui.keyword.WebUiBuiltInKeywords$setText$5.call(Unknown Source)
	at username already exist.run(username already exist:43)
	at com.kms.katalon.core.main.ScriptEngine.run(ScriptEngine.java:194)
	at com.kms.katalon.core.main.ScriptEngine.runScriptAsRawText(ScriptEngine.java:119)
	at com.kms.katalon.core.main.TestCaseExecutor.runScript(TestCaseExecutor.java:328)
	at com.kms.katalon.core.main.TestCaseExecutor.doExecute(TestCaseExecutor.java:319)
	at com.kms.katalon.core.main.TestCaseExecutor.processExecutionPhase(TestCaseExecutor.java:298)
	at com.kms.katalon.core.main.TestCaseExecutor.accessMainPhase(TestCaseExecutor.java:290)
	at com.kms.katalon.core.main.TestCaseExecutor.execute(TestCaseExecutor.java:224)
	at com.kms.katalon.core.main.TestSuiteExecutor.accessTestCaseMainPhase(TestSuiteExecutor.java:129)
	at com.kms.katalon.core.main.TestSuiteExecutor.accessTestSuiteMainPhase(TestSuiteExecutor.java:112)
	at com.kms.katalon.core.main.TestSuiteExecutor.execute(TestSuiteExecutor.java:81)
	at com.kms.katalon.core.main.TestCaseMain.startTestSuite(TestCaseMain.java:149)
	at com.kms.katalon.core.main.TestCaseMain$startTestSuite$0.call(Unknown Source)
	at TempTestSuite1548055500864.run(TempTestSuite1548055500864.groovy:36)


2019-01-21 12:26:58 - [TEST_STEP][PASSED] - openBrowser(""): Browser is opened with url: ''

2019-01-21 12:26:58 - [MESSAGE][INFO] - Starting 'Chrome' driver

2019-01-21 12:27:01 - [MESSAGE][PASSED] - Browser is opened with url: ''

2019-01-21 12:27:01 - [TEST_STEP][PASSED] - navigateToUrl(Url): Navigate to 'http://dev.chiragh.com/' successfully

2019-01-21 12:27:38 - [MESSAGE][PASSED] - Navigate to 'http://dev.chiragh.com/' successfully

2019-01-21 12:27:38 - [TEST_STEP][PASSED] - maximizeWindow(): Current window maximized

2019-01-21 12:27:39 - [MESSAGE][PASSED] - Current window maximized

2019-01-21 12:27:39 - [TEST_STEP][PASSED] - click(findTestObject("Object Repository/Page_Chiragh/div_Login or Register")): Object: 'Object Repository/Page_Chiragh/div_Login or Register' is clicked on

2019-01-21 12:27:39 - [MESSAGE][PASSED] - Object: 'Object Repository/Page_Chiragh/div_Login or Register' is clicked on

2019-01-21 12:27:39 - [TEST_STEP][PASSED] - click(findTestObject("Object Repository/Page_Chiragh/a_Register")): Object: 'Object Repository/Page_Chiragh/a_Register' is clicked on

2019-01-21 12:27:39 - [MESSAGE][PASSED] - Object: 'Object Repository/Page_Chiragh/a_Register' is clicked on

2019-01-21 12:27:39 - [TEST_STEP][PASSED] - setText(findTestObject("Object Repository/Page_Chiragh/input_First Name_userFirstName"), "new"): Text 'new' is set on object 'Object Repository/Page_Chiragh/input_First Name_userFirstName'

2019-01-21 12:27:41 - [MESSAGE][PASSED] - Text 'new' is set on object 'Object Repository/Page_Chiragh/input_First Name_userFirstName'

2019-01-21 12:27:41 - [TEST_STEP][PASSED] - setText(findTestObject("Object Repository/Page_Chiragh/input_Last Name_userLastName"), "user"): Text 'user' is set on object 'Object Repository/Page_Chiragh/input_Last Name_userLastName'

2019-01-21 12:27:41 - [MESSAGE][PASSED] - Text 'user' is set on object 'Object Repository/Page_Chiragh/input_Last Name_userLastName'

2019-01-21 12:27:41 - [TEST_STEP][PASSED] - setText(findTestObject("Object Repository/Page_Chiragh/input_Create Username_userName"), userName): Text 'newuser01' is set on object 'Object Repository/Page_Chiragh/input_Create Username_userName'

2019-01-21 12:27:41 - [MESSAGE][PASSED] - Text 'newuser01' is set on object 'Object Repository/Page_Chiragh/input_Create Username_userName'

2019-01-21 12:27:41 - [TEST_STEP][PASSED] - setEncryptedText(findTestObject("Object Repository/Page_Chiragh/input_Create Password_userPass"), "RigbBhfdqOBGNlJIWM1ClA=="): Text ****** has been set on object 'Object Repository/Page_Chiragh/input_Create Password_userPass'

2019-01-21 12:27:42 - [MESSAGE][PASSED] - Text ****** has been set on object 'Object Repository/Page_Chiragh/input_Create Password_userPass'

2019-01-21 12:27:42 - [TEST_STEP][PASSED] - setEncryptedText(findTestObject("Object Repository/Page_Chiragh/input_Confirm Password_userCon"), "RigbBhfdqOBGNlJIWM1ClA=="): Text ****** has been set on object 'Object Repository/Page_Chiragh/input_Confirm Password_userCon'

2019-01-21 12:27:42 - [MESSAGE][PASSED] - Text ****** has been set on object 'Object Repository/Page_Chiragh/input_Confirm Password_userCon'

2019-01-21 12:27:42 - [TEST_STEP][PASSED] - email = RandomStringUtils.randomAlphanumeric(8): null

2019-01-21 12:27:42 - [TEST_STEP][PASSED] - setText(findTestObject("Object Repository/Page_Chiragh/input_Your Email_userEmail"), email + "@gmail.com"): Text 'UkT9dgcg@gmail.com' is set on object 'Object Repository/Page_Chiragh/input_Your Email_userEmail'

2019-01-21 12:27:42 - [MESSAGE][PASSED] - Text 'UkT9dgcg@gmail.com' is set on object 'Object Repository/Page_Chiragh/input_Your Email_userEmail'

2019-01-21 12:27:42 - [TEST_STEP][PASSED] - click(findTestObject("Object Repository/Page_Chiragh/span_XXX")): Object: 'Object Repository/Page_Chiragh/span_XXX' is clicked on

2019-01-21 12:27:42 - [MESSAGE][PASSED] - Object: 'Object Repository/Page_Chiragh/span_XXX' is clicked on

2019-01-21 12:27:42 - [TEST_STEP][FAILED] - setText(findTestObject("Object Repository/Page_Chiragh/input_Soon_select2-search__fie"), "971"): setText(findTestObject("Object Repository/Page_Chiragh/input_Soon_select2-search__fie"), "971") FAILED.
Reason:
com.kms.katalon.core.exception.StepFailedException: Unable to set text '971' of object 'Object Repository/Page_Chiragh/input_Soon_select2-search__fie' (Root cause: com.kms.katalon.core.webui.exception.WebElementNotFoundException: Web element with id: 'Object Repository/Page_Chiragh/input_Soon_select2-search__fie' located by 'By.xpath: //input[@type='search']' not found)
	at com.kms.katalon.core.keyword.internal.KeywordMain.stepFailed(KeywordMain.groovy:36)
	at com.kms.katalon.core.webui.keyword.internal.WebUIKeywordMain.stepFailed(WebUIKeywordMain.groovy:65)
	at com.kms.katalon.core.webui.keyword.internal.WebUIKeywordMain.runKeyword(WebUIKeywordMain.groovy:27)
	at com.kms.katalon.core.webui.keyword.builtin.SetTextKeyword.setText(SetTextKeyword.groovy:65)
	at com.kms.katalon.core.webui.keyword.builtin.SetTextKeyword.execute(SetTextKeyword.groovy:37)
	at com.kms.katalon.core.keyword.internal.KeywordExecutor.executeKeywordForPlatform(KeywordExecutor.groovy:53)
	at com.kms.katalon.core.webui.keyword.WebUiBuiltInKeywords.setText(WebUiBuiltInKeywords.groovy:950)
	at com.kms.katalon.core.webui.keyword.WebUiBuiltInKeywords$setText$5.call(Unknown Source)
	at username already exist.run(username already exist:43)
	at com.kms.katalon.core.main.ScriptEngine.run(ScriptEngine.java:194)
	at com.kms.katalon.core.main.ScriptEngine.runScriptAsRawText(ScriptEngine.java:119)
	at com.kms.katalon.core.main.TestCaseExecutor.runScript(TestCaseExecutor.java:328)
	at com.kms.katalon.core.main.TestCaseExecutor.doExecute(TestCaseExecutor.java:319)
	at com.kms.katalon.core.main.TestCaseExecutor.processExecutionPhase(TestCaseExecutor.java:298)
	at com.kms.katalon.core.main.TestCaseExecutor.accessMainPhase(TestCaseExecutor.java:290)
	at com.kms.katalon.core.main.TestCaseExecutor.execute(TestCaseExecutor.java:224)
	at com.kms.katalon.core.main.TestSuiteExecutor.accessTestCaseMainPhase(TestSuiteExecutor.java:129)
	at com.kms.katalon.core.main.TestSuiteExecutor.accessTestSuiteMainPhase(TestSuiteExecutor.java:112)
	at com.kms.katalon.core.main.TestSuiteExecutor.execute(TestSuiteExecutor.java:81)
	at com.kms.katalon.core.main.TestCaseMain.startTestSuite(TestCaseMain.java:149)
	at com.kms.katalon.core.main.TestCaseMain$startTestSuite$0.call(Unknown Source)
	at TempTestSuite1548055500864.run(TempTestSuite1548055500864.groovy:36)


2019-01-21 12:28:14 - [MESSAGE][INFO] - Unable to find the element located by 'By.xpath: //input[@type='search']'. Please recheck the objects properties to make sure the desired element is located. 

2019-01-21 12:28:15 - [MESSAGE][FAILED] - Unable to set text '971' of object 'Object Repository/Page_Chiragh/input_Soon_select2-search__fie' (Root cause: com.kms.katalon.core.webui.exception.WebElementNotFoundException: Web element with id: 'Object Repository/Page_Chiragh/input_Soon_select2-search__fie' located by 'By.xpath: //input[@type='search']' not found)
[[ATTACHMENT|C:\\Users\\HP\\git\\ChiraghWebTests\\Reports\\Chiragh Smoke Tests\\20190121_122500\\1548055694562.png]]

2019-01-21 12:28:15 - [MESSAGE][FAILED] - setText(findTestObject("Object Repository/Page_Chiragh/input_Soon_select2-search__fie"), "971") FAILED.
Reason:
com.kms.katalon.core.exception.StepFailedException: Unable to set text '971' of object 'Object Repository/Page_Chiragh/input_Soon_select2-search__fie' (Root cause: com.kms.katalon.core.webui.exception.WebElementNotFoundException: Web element with id: 'Object Repository/Page_Chiragh/input_Soon_select2-search__fie' located by 'By.xpath: //input[@type='search']' not found)
	at com.kms.katalon.core.keyword.internal.KeywordMain.stepFailed(KeywordMain.groovy:36)
	at com.kms.katalon.core.webui.keyword.internal.WebUIKeywordMain.stepFailed(WebUIKeywordMain.groovy:65)
	at com.kms.katalon.core.webui.keyword.internal.WebUIKeywordMain.runKeyword(WebUIKeywordMain.groovy:27)
	at com.kms.katalon.core.webui.keyword.builtin.SetTextKeyword.setText(SetTextKeyword.groovy:65)
	at com.kms.katalon.core.webui.keyword.builtin.SetTextKeyword.execute(SetTextKeyword.groovy:37)
	at com.kms.katalon.core.keyword.internal.KeywordExecutor.executeKeywordForPlatform(KeywordExecutor.groovy:53)
	at com.kms.katalon.core.webui.keyword.WebUiBuiltInKeywords.setText(WebUiBuiltInKeywords.groovy:950)
	at com.kms.katalon.core.webui.keyword.WebUiBuiltInKeywords$setText$5.call(Unknown Source)
	at username already exist.run(username already exist:43)
	at com.kms.katalon.core.main.ScriptEngine.run(ScriptEngine.java:194)
	at com.kms.katalon.core.main.ScriptEngine.runScriptAsRawText(ScriptEngine.java:119)
	at com.kms.katalon.core.main.TestCaseExecutor.runScript(TestCaseExecutor.java:328)
	at com.kms.katalon.core.main.TestCaseExecutor.doExecute(TestCaseExecutor.java:319)
	at com.kms.katalon.core.main.TestCaseExecutor.processExecutionPhase(TestCaseExecutor.java:298)
	at com.kms.katalon.core.main.TestCaseExecutor.accessMainPhase(TestCaseExecutor.java:290)
	at com.kms.katalon.core.main.TestCaseExecutor.execute(TestCaseExecutor.java:224)
	at com.kms.katalon.core.main.TestSuiteExecutor.accessTestCaseMainPhase(TestSuiteExecutor.java:129)
	at com.kms.katalon.core.main.TestSuiteExecutor.accessTestSuiteMainPhase(TestSuiteExecutor.java:112)
	at com.kms.katalon.core.main.TestSuiteExecutor.execute(TestSuiteExecutor.java:81)
	at com.kms.katalon.core.main.TestCaseMain.startTestSuite(TestCaseMain.java:149)
	at com.kms.katalon.core.main.TestCaseMain$startTestSuite$0.call(Unknown Source)
	at TempTestSuite1548055500864.run(TempTestSuite1548055500864.groovy:36)


2019-01-21 12:28:15 - [TEST_STEP][PASSED] - Start listener action : sampleAfterTestCase: null

2019-01-21 12:28:15 - [TEST_STEP][PASSED] - println(testCaseContext.getTestCaseId()): null

2019-01-21 12:28:15 - [TEST_STEP][PASSED] - println(testCaseContext.getTestCaseStatus()): null]]></system-out>
         <system-err><![CDATA[2019-01-21 12:26:58 - [TEST_CASE][FAILED] - Test Cases/register user/username already exist: Test Cases/register user/username already exist FAILED.
Reason:
com.kms.katalon.core.exception.StepFailedException: Unable to set text '971' of object 'Object Repository/Page_Chiragh/input_Soon_select2-search__fie' (Root cause: com.kms.katalon.core.webui.exception.WebElementNotFoundException: Web element with id: 'Object Repository/Page_Chiragh/input_Soon_select2-search__fie' located by 'By.xpath: //input[@type='search']' not found)
	at com.kms.katalon.core.keyword.internal.KeywordMain.stepFailed(KeywordMain.groovy:36)
	at com.kms.katalon.core.webui.keyword.internal.WebUIKeywordMain.stepFailed(WebUIKeywordMain.groovy:65)
	at com.kms.katalon.core.webui.keyword.internal.WebUIKeywordMain.runKeyword(WebUIKeywordMain.groovy:27)
	at com.kms.katalon.core.webui.keyword.builtin.SetTextKeyword.setText(SetTextKeyword.groovy:65)
	at com.kms.katalon.core.webui.keyword.builtin.SetTextKeyword.execute(SetTextKeyword.groovy:37)
	at com.kms.katalon.core.keyword.internal.KeywordExecutor.executeKeywordForPlatform(KeywordExecutor.groovy:53)
	at com.kms.katalon.core.webui.keyword.WebUiBuiltInKeywords.setText(WebUiBuiltInKeywords.groovy:950)
	at com.kms.katalon.core.webui.keyword.WebUiBuiltInKeywords$setText$5.call(Unknown Source)
	at username already exist.run(username already exist:43)
	at com.kms.katalon.core.main.ScriptEngine.run(ScriptEngine.java:194)
	at com.kms.katalon.core.main.ScriptEngine.runScriptAsRawText(ScriptEngine.java:119)
	at com.kms.katalon.core.main.TestCaseExecutor.runScript(TestCaseExecutor.java:328)
	at com.kms.katalon.core.main.TestCaseExecutor.doExecute(TestCaseExecutor.java:319)
	at com.kms.katalon.core.main.TestCaseExecutor.processExecutionPhase(TestCaseExecutor.java:298)
	at com.kms.katalon.core.main.TestCaseExecutor.accessMainPhase(TestCaseExecutor.java:290)
	at com.kms.katalon.core.main.TestCaseExecutor.execute(TestCaseExecutor.java:224)
	at com.kms.katalon.core.main.TestSuiteExecutor.accessTestCaseMainPhase(TestSuiteExecutor.java:129)
	at com.kms.katalon.core.main.TestSuiteExecutor.accessTestSuiteMainPhase(TestSuiteExecutor.java:112)
	at com.kms.katalon.core.main.TestSuiteExecutor.execute(TestSuiteExecutor.java:81)
	at com.kms.katalon.core.main.TestCaseMain.startTestSuite(TestCaseMain.java:149)
	at com.kms.katalon.core.main.TestCaseMain$startTestSuite$0.call(Unknown Source)
	at TempTestSuite1548055500864.run(TempTestSuite1548055500864.groovy:36)]]></system-err>
      </testcase>
      <testcase name="Test Cases/register/read more" classname="Test Cases/register/read more" status="PASSED">
         <system-out><![CDATA[2019-01-21 12:28:15 - [TEST_CASE][PASSED] - Test Cases/register/read more: Test Cases/register/read more

2019-01-21 12:28:15 - [TEST_STEP][PASSED] - openBrowser(""): Browser is opened with url: ''

2019-01-21 12:28:15 - [MESSAGE][WARNING] - A browser is already opened. Closing browser and opening a new one

2019-01-21 12:28:16 - [MESSAGE][INFO] - Starting 'Chrome' driver

2019-01-21 12:28:18 - [MESSAGE][PASSED] - Browser is opened with url: ''

2019-01-21 12:28:18 - [TEST_STEP][PASSED] - navigateToUrl(Url): Navigate to 'http://dev.chiragh.com/' successfully

2019-01-21 12:28:32 - [MESSAGE][PASSED] - Navigate to 'http://dev.chiragh.com/' successfully

2019-01-21 12:28:32 - [TEST_STEP][PASSED] - maximizeWindow(): Current window maximized

2019-01-21 12:28:33 - [MESSAGE][PASSED] - Current window maximized

2019-01-21 12:28:33 - [TEST_STEP][PASSED] - delay(3): Delayed 3 second(s)

2019-01-21 12:28:36 - [MESSAGE][PASSED] - Delayed 3 second(s)

2019-01-21 12:28:36 - [TEST_STEP][PASSED] - click(findTestObject("sign in/Page_Chiragh/div_Login                    o")): Object: 'Object Repository/sign in/Page_Chiragh/div_Login                    o' is clicked on

2019-01-21 12:28:36 - [MESSAGE][PASSED] - Object: 'Object Repository/sign in/Page_Chiragh/div_Login                    o' is clicked on

2019-01-21 12:28:36 - [TEST_STEP][PASSED] - click(findTestObject("sign in/Page_Chiragh/a_Register")): Object: 'Object Repository/sign in/Page_Chiragh/a_Register' is clicked on

2019-01-21 12:28:36 - [MESSAGE][PASSED] - Object: 'Object Repository/sign in/Page_Chiragh/a_Register' is clicked on

2019-01-21 12:28:36 - [TEST_STEP][PASSED] - delay(3): Delayed 3 second(s)

2019-01-21 12:28:39 - [MESSAGE][PASSED] - Delayed 3 second(s)

2019-01-21 12:28:39 - [TEST_STEP][PASSED] - click(findTestObject("Object Repository/read more/Page_Chiragh/a_(Read More)")): Object: 'Object Repository/read more/Page_Chiragh/a_(Read More)' is clicked on

2019-01-21 12:28:39 - [MESSAGE][PASSED] - Object: 'Object Repository/read more/Page_Chiragh/a_(Read More)' is clicked on

2019-01-21 12:28:39 - [TEST_STEP][PASSED] - verifyElementPresent(findTestObject("Object Repository/read more/Page_Chiragh/div_Terms  Conditions"), 5): Object 'Object Repository/read more/Page_Chiragh/div_Terms  Conditions' is present

2019-01-21 12:28:39 - [MESSAGE][PASSED] - Object 'Object Repository/read more/Page_Chiragh/div_Terms  Conditions' is present

2019-01-21 12:28:39 - [TEST_STEP][PASSED] - closeBrowser(): Browser is closed

2019-01-21 12:28:40 - [MESSAGE][PASSED] - Browser is closed

2019-01-21 12:28:40 - [TEST_STEP][PASSED] - Start listener action : sampleAfterTestCase: null

2019-01-21 12:28:40 - [TEST_STEP][PASSED] - println(testCaseContext.getTestCaseId()): null

2019-01-21 12:28:40 - [TEST_STEP][PASSED] - println(testCaseContext.getTestCaseStatus()): null]]></system-out>
         <system-err><![CDATA[]]></system-err>
      </testcase>
      <testcase name="Test Cases/home page/Contact Us" classname="Test Cases/home page/Contact Us" status="FAILED">
         <failure type="FAILED" message="Test Cases/home page/Contact Us FAILED.
Reason:
com.kms.katalon.core.exception.StepFailedException: Unable to verify object 'Object Repository/Contact Us/Page_Chiragh/div_Headquarter' is present (Root cause: com.kms.katalon.core.exception.StepFailedException: com.kms.katalon.core.webui.exception.WebElementNotFoundException: Web element with id: 'Object Repository/Contact Us/Page_Chiragh/div_Headquarter' located by 'By.xpath: (.//*[normalize-space(text()) and normalize-space(.)='Report a map error'])[1]/following::div[11]' not found)
	at com.kms.katalon.core.keyword.internal.KeywordMain.stepFailed(KeywordMain.groovy:36)
	at com.kms.katalon.core.webui.keyword.internal.WebUIKeywordMain.stepFailed(WebUIKeywordMain.groovy:65)
	at com.kms.katalon.core.webui.keyword.internal.WebUIKeywordMain.runKeyword(WebUIKeywordMain.groovy:27)
	at com.kms.katalon.core.webui.keyword.builtin.VerifyElementPresentKeyword.verifyElementPresent(VerifyElementPresentKeyword.groovy:92)
	at com.kms.katalon.core.webui.keyword.builtin.VerifyElementPresentKeyword.execute(VerifyElementPresentKeyword.groovy:68)
	at com.kms.katalon.core.keyword.internal.KeywordExecutor.executeKeywordForPlatform(KeywordExecutor.groovy:53)
	at com.kms.katalon.core.webui.keyword.WebUiBuiltInKeywords.verifyElementPresent(WebUiBuiltInKeywords.groovy:1434)
	at com.kms.katalon.core.webui.keyword.WebUiBuiltInKeywords$verifyElementPresent$3.call(Unknown Source)
	at Contact Us.run(Contact Us:28)
	at com.kms.katalon.core.main.ScriptEngine.run(ScriptEngine.java:194)
	at com.kms.katalon.core.main.ScriptEngine.runScriptAsRawText(ScriptEngine.java:119)
	at com.kms.katalon.core.main.TestCaseExecutor.runScript(TestCaseExecutor.java:328)
	at com.kms.katalon.core.main.TestCaseExecutor.doExecute(TestCaseExecutor.java:319)
	at com.kms.katalon.core.main.TestCaseExecutor.processExecutionPhase(TestCaseExecutor.java:298)
	at com.kms.katalon.core.main.TestCaseExecutor.accessMainPhase(TestCaseExecutor.java:290)
	at com.kms.katalon.core.main.TestCaseExecutor.execute(TestCaseExecutor.java:224)
	at com.kms.katalon.core.main.TestSuiteExecutor.accessTestCaseMainPhase(TestSuiteExecutor.java:129)
	at com.kms.katalon.core.main.TestSuiteExecutor.accessTestSuiteMainPhase(TestSuiteExecutor.java:112)
	at com.kms.katalon.core.main.TestSuiteExecutor.execute(TestSuiteExecutor.java:81)
	at com.kms.katalon.core.main.TestCaseMain.startTestSuite(TestCaseMain.java:149)
	at com.kms.katalon.core.main.TestCaseMain$startTestSuite$0.call(Unknown Source)
	at TempTestSuite1548055500864.run(TempTestSuite1548055500864.groovy:36)
"/>
         <system-out><![CDATA[2019-01-21 12:28:40 - [TEST_CASE][FAILED] - Test Cases/home page/Contact Us: Test Cases/home page/Contact Us FAILED.
Reason:
com.kms.katalon.core.exception.StepFailedException: Unable to verify object 'Object Repository/Contact Us/Page_Chiragh/div_Headquarter' is present (Root cause: com.kms.katalon.core.exception.StepFailedException: com.kms.katalon.core.webui.exception.WebElementNotFoundException: Web element with id: 'Object Repository/Contact Us/Page_Chiragh/div_Headquarter' located by 'By.xpath: (.//*[normalize-space(text()) and normalize-space(.)='Report a map error'])[1]/following::div[11]' not found)
	at com.kms.katalon.core.keyword.internal.KeywordMain.stepFailed(KeywordMain.groovy:36)
	at com.kms.katalon.core.webui.keyword.internal.WebUIKeywordMain.stepFailed(WebUIKeywordMain.groovy:65)
	at com.kms.katalon.core.webui.keyword.internal.WebUIKeywordMain.runKeyword(WebUIKeywordMain.groovy:27)
	at com.kms.katalon.core.webui.keyword.builtin.VerifyElementPresentKeyword.verifyElementPresent(VerifyElementPresentKeyword.groovy:92)
	at com.kms.katalon.core.webui.keyword.builtin.VerifyElementPresentKeyword.execute(VerifyElementPresentKeyword.groovy:68)
	at com.kms.katalon.core.keyword.internal.KeywordExecutor.executeKeywordForPlatform(KeywordExecutor.groovy:53)
	at com.kms.katalon.core.webui.keyword.WebUiBuiltInKeywords.verifyElementPresent(WebUiBuiltInKeywords.groovy:1434)
	at com.kms.katalon.core.webui.keyword.WebUiBuiltInKeywords$verifyElementPresent$3.call(Unknown Source)
	at Contact Us.run(Contact Us:28)
	at com.kms.katalon.core.main.ScriptEngine.run(ScriptEngine.java:194)
	at com.kms.katalon.core.main.ScriptEngine.runScriptAsRawText(ScriptEngine.java:119)
	at com.kms.katalon.core.main.TestCaseExecutor.runScript(TestCaseExecutor.java:328)
	at com.kms.katalon.core.main.TestCaseExecutor.doExecute(TestCaseExecutor.java:319)
	at com.kms.katalon.core.main.TestCaseExecutor.processExecutionPhase(TestCaseExecutor.java:298)
	at com.kms.katalon.core.main.TestCaseExecutor.accessMainPhase(TestCaseExecutor.java:290)
	at com.kms.katalon.core.main.TestCaseExecutor.execute(TestCaseExecutor.java:224)
	at com.kms.katalon.core.main.TestSuiteExecutor.accessTestCaseMainPhase(TestSuiteExecutor.java:129)
	at com.kms.katalon.core.main.TestSuiteExecutor.accessTestSuiteMainPhase(TestSuiteExecutor.java:112)
	at com.kms.katalon.core.main.TestSuiteExecutor.execute(TestSuiteExecutor.java:81)
	at com.kms.katalon.core.main.TestCaseMain.startTestSuite(TestCaseMain.java:149)
	at com.kms.katalon.core.main.TestCaseMain$startTestSuite$0.call(Unknown Source)
	at TempTestSuite1548055500864.run(TempTestSuite1548055500864.groovy:36)


2019-01-21 12:28:40 - [TEST_STEP][PASSED] - openBrowser(""): Browser is opened with url: ''

2019-01-21 12:28:40 - [MESSAGE][INFO] - Starting 'Chrome' driver

2019-01-21 12:28:43 - [MESSAGE][PASSED] - Browser is opened with url: ''

2019-01-21 12:28:43 - [TEST_STEP][PASSED] - navigateToUrl(Url): Navigate to 'http://dev.chiragh.com/' successfully

2019-01-21 12:28:54 - [MESSAGE][PASSED] - Navigate to 'http://dev.chiragh.com/' successfully

2019-01-21 12:28:54 - [TEST_STEP][PASSED] - maximizeWindow(): Current window maximized

2019-01-21 12:28:55 - [MESSAGE][PASSED] - Current window maximized

2019-01-21 12:28:55 - [TEST_STEP][PASSED] - delay(3): Delayed 3 second(s)

2019-01-21 12:28:58 - [MESSAGE][PASSED] - Delayed 3 second(s)

2019-01-21 12:28:58 - [TEST_STEP][PASSED] - click(findTestObject("Object Repository/Contact Us/Page_Chiragh/a_CONTACT US")): Object: 'Object Repository/Contact Us/Page_Chiragh/a_CONTACT US' is clicked on

2019-01-21 12:28:58 - [MESSAGE][PASSED] - Object: 'Object Repository/Contact Us/Page_Chiragh/a_CONTACT US' is clicked on

2019-01-21 12:28:58 - [TEST_STEP][PASSED] - delay(3): Delayed 3 second(s)

2019-01-21 12:29:01 - [MESSAGE][PASSED] - Delayed 3 second(s)

2019-01-21 12:29:01 - [TEST_STEP][FAILED] - verifyElementPresent(findTestObject("Object Repository/Contact Us/Page_Chiragh/div_Headquarter"), 3): verifyElementPresent(findTestObject("Object Repository/Contact Us/Page_Chiragh/div_Headquarter"), 3) FAILED.
Reason:
com.kms.katalon.core.exception.StepFailedException: Unable to verify object 'Object Repository/Contact Us/Page_Chiragh/div_Headquarter' is present (Root cause: com.kms.katalon.core.exception.StepFailedException: com.kms.katalon.core.webui.exception.WebElementNotFoundException: Web element with id: 'Object Repository/Contact Us/Page_Chiragh/div_Headquarter' located by 'By.xpath: (.//*[normalize-space(text()) and normalize-space(.)='Report a map error'])[1]/following::div[11]' not found)
	at com.kms.katalon.core.keyword.internal.KeywordMain.stepFailed(KeywordMain.groovy:36)
	at com.kms.katalon.core.webui.keyword.internal.WebUIKeywordMain.stepFailed(WebUIKeywordMain.groovy:65)
	at com.kms.katalon.core.webui.keyword.internal.WebUIKeywordMain.runKeyword(WebUIKeywordMain.groovy:27)
	at com.kms.katalon.core.webui.keyword.builtin.VerifyElementPresentKeyword.verifyElementPresent(VerifyElementPresentKeyword.groovy:92)
	at com.kms.katalon.core.webui.keyword.builtin.VerifyElementPresentKeyword.execute(VerifyElementPresentKeyword.groovy:68)
	at com.kms.katalon.core.keyword.internal.KeywordExecutor.executeKeywordForPlatform(KeywordExecutor.groovy:53)
	at com.kms.katalon.core.webui.keyword.WebUiBuiltInKeywords.verifyElementPresent(WebUiBuiltInKeywords.groovy:1434)
	at com.kms.katalon.core.webui.keyword.WebUiBuiltInKeywords$verifyElementPresent$3.call(Unknown Source)
	at Contact Us.run(Contact Us:28)
	at com.kms.katalon.core.main.ScriptEngine.run(ScriptEngine.java:194)
	at com.kms.katalon.core.main.ScriptEngine.runScriptAsRawText(ScriptEngine.java:119)
	at com.kms.katalon.core.main.TestCaseExecutor.runScript(TestCaseExecutor.java:328)
	at com.kms.katalon.core.main.TestCaseExecutor.doExecute(TestCaseExecutor.java:319)
	at com.kms.katalon.core.main.TestCaseExecutor.processExecutionPhase(TestCaseExecutor.java:298)
	at com.kms.katalon.core.main.TestCaseExecutor.accessMainPhase(TestCaseExecutor.java:290)
	at com.kms.katalon.core.main.TestCaseExecutor.execute(TestCaseExecutor.java:224)
	at com.kms.katalon.core.main.TestSuiteExecutor.accessTestCaseMainPhase(TestSuiteExecutor.java:129)
	at com.kms.katalon.core.main.TestSuiteExecutor.accessTestSuiteMainPhase(TestSuiteExecutor.java:112)
	at com.kms.katalon.core.main.TestSuiteExecutor.execute(TestSuiteExecutor.java:81)
	at com.kms.katalon.core.main.TestCaseMain.startTestSuite(TestCaseMain.java:149)
	at com.kms.katalon.core.main.TestCaseMain$startTestSuite$0.call(Unknown Source)
	at TempTestSuite1548055500864.run(TempTestSuite1548055500864.groovy:36)


2019-01-21 12:29:04 - [MESSAGE][INFO] - Unable to find the element located by 'By.xpath: (.//*[normalize-space(text()) and normalize-space(.)='Report a map error'])[1]/following::div[11]'. Please recheck the objects properties to make sure the desired element is located. 

2019-01-21 12:29:05 - [MESSAGE][FAILED] - com.kms.katalon.core.webui.exception.WebElementNotFoundException: Web element with id: 'Object Repository/Contact Us/Page_Chiragh/div_Headquarter' located by 'By.xpath: (.//*[normalize-space(text()) and normalize-space(.)='Report a map error'])[1]/following::div[11]' not found
[[ATTACHMENT|C:\\Users\\HP\\git\\ChiraghWebTests\\Reports\\Chiragh Smoke Tests\\20190121_122500\\1548055744760.png]]

2019-01-21 12:29:05 - [MESSAGE][FAILED] - Unable to verify object 'Object Repository/Contact Us/Page_Chiragh/div_Headquarter' is present (Root cause: com.kms.katalon.core.exception.StepFailedException: com.kms.katalon.core.webui.exception.WebElementNotFoundException: Web element with id: 'Object Repository/Contact Us/Page_Chiragh/div_Headquarter' located by 'By.xpath: (.//*[normalize-space(text()) and normalize-space(.)='Report a map error'])[1]/following::div[11]' not found)
[[ATTACHMENT|C:\\Users\\HP\\git\\ChiraghWebTests\\Reports\\Chiragh Smoke Tests\\20190121_122500\\1548055745185.png]]

2019-01-21 12:29:05 - [MESSAGE][FAILED] - verifyElementPresent(findTestObject("Object Repository/Contact Us/Page_Chiragh/div_Headquarter"), 3) FAILED.
Reason:
com.kms.katalon.core.exception.StepFailedException: Unable to verify object 'Object Repository/Contact Us/Page_Chiragh/div_Headquarter' is present (Root cause: com.kms.katalon.core.exception.StepFailedException: com.kms.katalon.core.webui.exception.WebElementNotFoundException: Web element with id: 'Object Repository/Contact Us/Page_Chiragh/div_Headquarter' located by 'By.xpath: (.//*[normalize-space(text()) and normalize-space(.)='Report a map error'])[1]/following::div[11]' not found)
	at com.kms.katalon.core.keyword.internal.KeywordMain.stepFailed(KeywordMain.groovy:36)
	at com.kms.katalon.core.webui.keyword.internal.WebUIKeywordMain.stepFailed(WebUIKeywordMain.groovy:65)
	at com.kms.katalon.core.webui.keyword.internal.WebUIKeywordMain.runKeyword(WebUIKeywordMain.groovy:27)
	at com.kms.katalon.core.webui.keyword.builtin.VerifyElementPresentKeyword.verifyElementPresent(VerifyElementPresentKeyword.groovy:92)
	at com.kms.katalon.core.webui.keyword.builtin.VerifyElementPresentKeyword.execute(VerifyElementPresentKeyword.groovy:68)
	at com.kms.katalon.core.keyword.internal.KeywordExecutor.executeKeywordForPlatform(KeywordExecutor.groovy:53)
	at com.kms.katalon.core.webui.keyword.WebUiBuiltInKeywords.verifyElementPresent(WebUiBuiltInKeywords.groovy:1434)
	at com.kms.katalon.core.webui.keyword.WebUiBuiltInKeywords$verifyElementPresent$3.call(Unknown Source)
	at Contact Us.run(Contact Us:28)
	at com.kms.katalon.core.main.ScriptEngine.run(ScriptEngine.java:194)
	at com.kms.katalon.core.main.ScriptEngine.runScriptAsRawText(ScriptEngine.java:119)
	at com.kms.katalon.core.main.TestCaseExecutor.runScript(TestCaseExecutor.java:328)
	at com.kms.katalon.core.main.TestCaseExecutor.doExecute(TestCaseExecutor.java:319)
	at com.kms.katalon.core.main.TestCaseExecutor.processExecutionPhase(TestCaseExecutor.java:298)
	at com.kms.katalon.core.main.TestCaseExecutor.accessMainPhase(TestCaseExecutor.java:290)
	at com.kms.katalon.core.main.TestCaseExecutor.execute(TestCaseExecutor.java:224)
	at com.kms.katalon.core.main.TestSuiteExecutor.accessTestCaseMainPhase(TestSuiteExecutor.java:129)
	at com.kms.katalon.core.main.TestSuiteExecutor.accessTestSuiteMainPhase(TestSuiteExecutor.java:112)
	at com.kms.katalon.core.main.TestSuiteExecutor.execute(TestSuiteExecutor.java:81)
	at com.kms.katalon.core.main.TestCaseMain.startTestSuite(TestCaseMain.java:149)
	at com.kms.katalon.core.main.TestCaseMain$startTestSuite$0.call(Unknown Source)
	at TempTestSuite1548055500864.run(TempTestSuite1548055500864.groovy:36)


2019-01-21 12:29:05 - [TEST_STEP][PASSED] - Start listener action : sampleAfterTestCase: null

2019-01-21 12:29:05 - [TEST_STEP][PASSED] - println(testCaseContext.getTestCaseId()): null

2019-01-21 12:29:05 - [TEST_STEP][PASSED] - println(testCaseContext.getTestCaseStatus()): null]]></system-out>
         <system-err><![CDATA[2019-01-21 12:28:40 - [TEST_CASE][FAILED] - Test Cases/home page/Contact Us: Test Cases/home page/Contact Us FAILED.
Reason:
com.kms.katalon.core.exception.StepFailedException: Unable to verify object 'Object Repository/Contact Us/Page_Chiragh/div_Headquarter' is present (Root cause: com.kms.katalon.core.exception.StepFailedException: com.kms.katalon.core.webui.exception.WebElementNotFoundException: Web element with id: 'Object Repository/Contact Us/Page_Chiragh/div_Headquarter' located by 'By.xpath: (.//*[normalize-space(text()) and normalize-space(.)='Report a map error'])[1]/following::div[11]' not found)
	at com.kms.katalon.core.keyword.internal.KeywordMain.stepFailed(KeywordMain.groovy:36)
	at com.kms.katalon.core.webui.keyword.internal.WebUIKeywordMain.stepFailed(WebUIKeywordMain.groovy:65)
	at com.kms.katalon.core.webui.keyword.internal.WebUIKeywordMain.runKeyword(WebUIKeywordMain.groovy:27)
	at com.kms.katalon.core.webui.keyword.builtin.VerifyElementPresentKeyword.verifyElementPresent(VerifyElementPresentKeyword.groovy:92)
	at com.kms.katalon.core.webui.keyword.builtin.VerifyElementPresentKeyword.execute(VerifyElementPresentKeyword.groovy:68)
	at com.kms.katalon.core.keyword.internal.KeywordExecutor.executeKeywordForPlatform(KeywordExecutor.groovy:53)
	at com.kms.katalon.core.webui.keyword.WebUiBuiltInKeywords.verifyElementPresent(WebUiBuiltInKeywords.groovy:1434)
	at com.kms.katalon.core.webui.keyword.WebUiBuiltInKeywords$verifyElementPresent$3.call(Unknown Source)
	at Contact Us.run(Contact Us:28)
	at com.kms.katalon.core.main.ScriptEngine.run(ScriptEngine.java:194)
	at com.kms.katalon.core.main.ScriptEngine.runScriptAsRawText(ScriptEngine.java:119)
	at com.kms.katalon.core.main.TestCaseExecutor.runScript(TestCaseExecutor.java:328)
	at com.kms.katalon.core.main.TestCaseExecutor.doExecute(TestCaseExecutor.java:319)
	at com.kms.katalon.core.main.TestCaseExecutor.processExecutionPhase(TestCaseExecutor.java:298)
	at com.kms.katalon.core.main.TestCaseExecutor.accessMainPhase(TestCaseExecutor.java:290)
	at com.kms.katalon.core.main.TestCaseExecutor.execute(TestCaseExecutor.java:224)
	at com.kms.katalon.core.main.TestSuiteExecutor.accessTestCaseMainPhase(TestSuiteExecutor.java:129)
	at com.kms.katalon.core.main.TestSuiteExecutor.accessTestSuiteMainPhase(TestSuiteExecutor.java:112)
	at com.kms.katalon.core.main.TestSuiteExecutor.execute(TestSuiteExecutor.java:81)
	at com.kms.katalon.core.main.TestCaseMain.startTestSuite(TestCaseMain.java:149)
	at com.kms.katalon.core.main.TestCaseMain$startTestSuite$0.call(Unknown Source)
	at TempTestSuite1548055500864.run(TempTestSuite1548055500864.groovy:36)]]></system-err>
      </testcase>
      <testcase name="Test Cases/home page/first learn more" classname="Test Cases/home page/first learn more" status="FAILED">
         <failure type="FAILED" message="Test Cases/home page/first learn more FAILED.
Reason:
com.kms.katalon.core.exception.StepFailedException: Unable to accept alert (Root cause: com.kms.katalon.core.exception.StepFailedException: No alert found)
	at com.kms.katalon.core.keyword.internal.KeywordMain.stepFailed(KeywordMain.groovy:36)
	at com.kms.katalon.core.webui.keyword.internal.WebUIKeywordMain.stepFailed(WebUIKeywordMain.groovy:65)
	at com.kms.katalon.core.webui.keyword.internal.WebUIKeywordMain.runKeyword(WebUIKeywordMain.groovy:27)
	at com.kms.katalon.core.webui.keyword.builtin.AcceptAlertKeyword.acceptAlert(AcceptAlertKeyword.groovy:71)
	at com.kms.katalon.core.webui.keyword.builtin.AcceptAlertKeyword.execute(AcceptAlertKeyword.groovy:66)
	at com.kms.katalon.core.keyword.internal.KeywordExecutor.executeKeywordForPlatform(KeywordExecutor.groovy:53)
	at com.kms.katalon.core.webui.keyword.WebUiBuiltInKeywords.acceptAlert(WebUiBuiltInKeywords.groovy:1492)
	at com.kms.katalon.core.webui.keyword.WebUiBuiltInKeywords$acceptAlert$9.call(Unknown Source)
	at first learn more.run(first learn more:22)
	at com.kms.katalon.core.main.ScriptEngine.run(ScriptEngine.java:194)
	at com.kms.katalon.core.main.ScriptEngine.runScriptAsRawText(ScriptEngine.java:119)
	at com.kms.katalon.core.main.TestCaseExecutor.runScript(TestCaseExecutor.java:328)
	at com.kms.katalon.core.main.TestCaseExecutor.doExecute(TestCaseExecutor.java:319)
	at com.kms.katalon.core.main.TestCaseExecutor.processExecutionPhase(TestCaseExecutor.java:298)
	at com.kms.katalon.core.main.TestCaseExecutor.accessMainPhase(TestCaseExecutor.java:290)
	at com.kms.katalon.core.main.TestCaseExecutor.execute(TestCaseExecutor.java:224)
	at com.kms.katalon.core.main.TestSuiteExecutor.accessTestCaseMainPhase(TestSuiteExecutor.java:129)
	at com.kms.katalon.core.main.TestSuiteExecutor.accessTestSuiteMainPhase(TestSuiteExecutor.java:112)
	at com.kms.katalon.core.main.TestSuiteExecutor.execute(TestSuiteExecutor.java:81)
	at com.kms.katalon.core.main.TestCaseMain.startTestSuite(TestCaseMain.java:149)
	at com.kms.katalon.core.main.TestCaseMain$startTestSuite$0.call(Unknown Source)
	at TempTestSuite1548055500864.run(TempTestSuite1548055500864.groovy:36)
"/>
         <system-out><![CDATA[2019-01-21 12:29:05 - [TEST_CASE][FAILED] - Test Cases/home page/first learn more: Test Cases/home page/first learn more FAILED.
Reason:
com.kms.katalon.core.exception.StepFailedException: Unable to accept alert (Root cause: com.kms.katalon.core.exception.StepFailedException: No alert found)
	at com.kms.katalon.core.keyword.internal.KeywordMain.stepFailed(KeywordMain.groovy:36)
	at com.kms.katalon.core.webui.keyword.internal.WebUIKeywordMain.stepFailed(WebUIKeywordMain.groovy:65)
	at com.kms.katalon.core.webui.keyword.internal.WebUIKeywordMain.runKeyword(WebUIKeywordMain.groovy:27)
	at com.kms.katalon.core.webui.keyword.builtin.AcceptAlertKeyword.acceptAlert(AcceptAlertKeyword.groovy:71)
	at com.kms.katalon.core.webui.keyword.builtin.AcceptAlertKeyword.execute(AcceptAlertKeyword.groovy:66)
	at com.kms.katalon.core.keyword.internal.KeywordExecutor.executeKeywordForPlatform(KeywordExecutor.groovy:53)
	at com.kms.katalon.core.webui.keyword.WebUiBuiltInKeywords.acceptAlert(WebUiBuiltInKeywords.groovy:1492)
	at com.kms.katalon.core.webui.keyword.WebUiBuiltInKeywords$acceptAlert$9.call(Unknown Source)
	at first learn more.run(first learn more:22)
	at com.kms.katalon.core.main.ScriptEngine.run(ScriptEngine.java:194)
	at com.kms.katalon.core.main.ScriptEngine.runScriptAsRawText(ScriptEngine.java:119)
	at com.kms.katalon.core.main.TestCaseExecutor.runScript(TestCaseExecutor.java:328)
	at com.kms.katalon.core.main.TestCaseExecutor.doExecute(TestCaseExecutor.java:319)
	at com.kms.katalon.core.main.TestCaseExecutor.processExecutionPhase(TestCaseExecutor.java:298)
	at com.kms.katalon.core.main.TestCaseExecutor.accessMainPhase(TestCaseExecutor.java:290)
	at com.kms.katalon.core.main.TestCaseExecutor.execute(TestCaseExecutor.java:224)
	at com.kms.katalon.core.main.TestSuiteExecutor.accessTestCaseMainPhase(TestSuiteExecutor.java:129)
	at com.kms.katalon.core.main.TestSuiteExecutor.accessTestSuiteMainPhase(TestSuiteExecutor.java:112)
	at com.kms.katalon.core.main.TestSuiteExecutor.execute(TestSuiteExecutor.java:81)
	at com.kms.katalon.core.main.TestCaseMain.startTestSuite(TestCaseMain.java:149)
	at com.kms.katalon.core.main.TestCaseMain$startTestSuite$0.call(Unknown Source)
	at TempTestSuite1548055500864.run(TempTestSuite1548055500864.groovy:36)


2019-01-21 12:29:05 - [TEST_STEP][PASSED] - openBrowser(""): Browser is opened with url: ''

2019-01-21 12:29:05 - [MESSAGE][WARNING] - A browser is already opened. Closing browser and opening a new one

2019-01-21 12:29:06 - [MESSAGE][INFO] - Starting 'Chrome' driver

2019-01-21 12:29:09 - [MESSAGE][PASSED] - Browser is opened with url: ''

2019-01-21 12:29:09 - [TEST_STEP][PASSED] - navigateToUrl(Url): Navigate to 'http://dev.chiragh.com/' successfully

2019-01-21 12:29:18 - [MESSAGE][PASSED] - Navigate to 'http://dev.chiragh.com/' successfully

2019-01-21 12:29:18 - [TEST_STEP][PASSED] - click(findTestObject("Object Repository/first learn more/Page_Chiragh/button_LEARN MORE")): Object: 'Object Repository/first learn more/Page_Chiragh/button_LEARN MORE' is clicked on

2019-01-21 12:29:18 - [MESSAGE][PASSED] - Object: 'Object Repository/first learn more/Page_Chiragh/button_LEARN MORE' is clicked on

2019-01-21 12:29:18 - [TEST_STEP][FAILED] - acceptAlert(): acceptAlert() FAILED.
Reason:
com.kms.katalon.core.exception.StepFailedException: Unable to accept alert (Root cause: com.kms.katalon.core.exception.StepFailedException: No alert found)
	at com.kms.katalon.core.keyword.internal.KeywordMain.stepFailed(KeywordMain.groovy:36)
	at com.kms.katalon.core.webui.keyword.internal.WebUIKeywordMain.stepFailed(WebUIKeywordMain.groovy:65)
	at com.kms.katalon.core.webui.keyword.internal.WebUIKeywordMain.runKeyword(WebUIKeywordMain.groovy:27)
	at com.kms.katalon.core.webui.keyword.builtin.AcceptAlertKeyword.acceptAlert(AcceptAlertKeyword.groovy:71)
	at com.kms.katalon.core.webui.keyword.builtin.AcceptAlertKeyword.execute(AcceptAlertKeyword.groovy:66)
	at com.kms.katalon.core.keyword.internal.KeywordExecutor.executeKeywordForPlatform(KeywordExecutor.groovy:53)
	at com.kms.katalon.core.webui.keyword.WebUiBuiltInKeywords.acceptAlert(WebUiBuiltInKeywords.groovy:1492)
	at com.kms.katalon.core.webui.keyword.WebUiBuiltInKeywords$acceptAlert$9.call(Unknown Source)
	at first learn more.run(first learn more:22)
	at com.kms.katalon.core.main.ScriptEngine.run(ScriptEngine.java:194)
	at com.kms.katalon.core.main.ScriptEngine.runScriptAsRawText(ScriptEngine.java:119)
	at com.kms.katalon.core.main.TestCaseExecutor.runScript(TestCaseExecutor.java:328)
	at com.kms.katalon.core.main.TestCaseExecutor.doExecute(TestCaseExecutor.java:319)
	at com.kms.katalon.core.main.TestCaseExecutor.processExecutionPhase(TestCaseExecutor.java:298)
	at com.kms.katalon.core.main.TestCaseExecutor.accessMainPhase(TestCaseExecutor.java:290)
	at com.kms.katalon.core.main.TestCaseExecutor.execute(TestCaseExecutor.java:224)
	at com.kms.katalon.core.main.TestSuiteExecutor.accessTestCaseMainPhase(TestSuiteExecutor.java:129)
	at com.kms.katalon.core.main.TestSuiteExecutor.accessTestSuiteMainPhase(TestSuiteExecutor.java:112)
	at com.kms.katalon.core.main.TestSuiteExecutor.execute(TestSuiteExecutor.java:81)
	at com.kms.katalon.core.main.TestCaseMain.startTestSuite(TestCaseMain.java:149)
	at com.kms.katalon.core.main.TestCaseMain$startTestSuite$0.call(Unknown Source)
	at TempTestSuite1548055500864.run(TempTestSuite1548055500864.groovy:36)


2019-01-21 12:29:19 - [MESSAGE][FAILED] - No alert found
[[ATTACHMENT|C:\\Users\\HP\\git\\ChiraghWebTests\\Reports\\Chiragh Smoke Tests\\20190121_122500\\1548055758601.png]]

2019-01-21 12:29:19 - [MESSAGE][FAILED] - Unable to accept alert (Root cause: com.kms.katalon.core.exception.StepFailedException: No alert found)
[[ATTACHMENT|C:\\Users\\HP\\git\\ChiraghWebTests\\Reports\\Chiragh Smoke Tests\\20190121_122500\\1548055759068.png]]

2019-01-21 12:29:19 - [MESSAGE][FAILED] - acceptAlert() FAILED.
Reason:
com.kms.katalon.core.exception.StepFailedException: Unable to accept alert (Root cause: com.kms.katalon.core.exception.StepFailedException: No alert found)
	at com.kms.katalon.core.keyword.internal.KeywordMain.stepFailed(KeywordMain.groovy:36)
	at com.kms.katalon.core.webui.keyword.internal.WebUIKeywordMain.stepFailed(WebUIKeywordMain.groovy:65)
	at com.kms.katalon.core.webui.keyword.internal.WebUIKeywordMain.runKeyword(WebUIKeywordMain.groovy:27)
	at com.kms.katalon.core.webui.keyword.builtin.AcceptAlertKeyword.acceptAlert(AcceptAlertKeyword.groovy:71)
	at com.kms.katalon.core.webui.keyword.builtin.AcceptAlertKeyword.execute(AcceptAlertKeyword.groovy:66)
	at com.kms.katalon.core.keyword.internal.KeywordExecutor.executeKeywordForPlatform(KeywordExecutor.groovy:53)
	at com.kms.katalon.core.webui.keyword.WebUiBuiltInKeywords.acceptAlert(WebUiBuiltInKeywords.groovy:1492)
	at com.kms.katalon.core.webui.keyword.WebUiBuiltInKeywords$acceptAlert$9.call(Unknown Source)
	at first learn more.run(first learn more:22)
	at com.kms.katalon.core.main.ScriptEngine.run(ScriptEngine.java:194)
	at com.kms.katalon.core.main.ScriptEngine.runScriptAsRawText(ScriptEngine.java:119)
	at com.kms.katalon.core.main.TestCaseExecutor.runScript(TestCaseExecutor.java:328)
	at com.kms.katalon.core.main.TestCaseExecutor.doExecute(TestCaseExecutor.java:319)
	at com.kms.katalon.core.main.TestCaseExecutor.processExecutionPhase(TestCaseExecutor.java:298)
	at com.kms.katalon.core.main.TestCaseExecutor.accessMainPhase(TestCaseExecutor.java:290)
	at com.kms.katalon.core.main.TestCaseExecutor.execute(TestCaseExecutor.java:224)
	at com.kms.katalon.core.main.TestSuiteExecutor.accessTestCaseMainPhase(TestSuiteExecutor.java:129)
	at com.kms.katalon.core.main.TestSuiteExecutor.accessTestSuiteMainPhase(TestSuiteExecutor.java:112)
	at com.kms.katalon.core.main.TestSuiteExecutor.execute(TestSuiteExecutor.java:81)
	at com.kms.katalon.core.main.TestCaseMain.startTestSuite(TestCaseMain.java:149)
	at com.kms.katalon.core.main.TestCaseMain$startTestSuite$0.call(Unknown Source)
	at TempTestSuite1548055500864.run(TempTestSuite1548055500864.groovy:36)


2019-01-21 12:29:19 - [TEST_STEP][PASSED] - Start listener action : sampleAfterTestCase: null

2019-01-21 12:29:19 - [TEST_STEP][PASSED] - println(testCaseContext.getTestCaseId()): null

2019-01-21 12:29:19 - [TEST_STEP][PASSED] - println(testCaseContext.getTestCaseStatus()): null]]></system-out>
         <system-err><![CDATA[2019-01-21 12:29:05 - [TEST_CASE][FAILED] - Test Cases/home page/first learn more: Test Cases/home page/first learn more FAILED.
Reason:
com.kms.katalon.core.exception.StepFailedException: Unable to accept alert (Root cause: com.kms.katalon.core.exception.StepFailedException: No alert found)
	at com.kms.katalon.core.keyword.internal.KeywordMain.stepFailed(KeywordMain.groovy:36)
	at com.kms.katalon.core.webui.keyword.internal.WebUIKeywordMain.stepFailed(WebUIKeywordMain.groovy:65)
	at com.kms.katalon.core.webui.keyword.internal.WebUIKeywordMain.runKeyword(WebUIKeywordMain.groovy:27)
	at com.kms.katalon.core.webui.keyword.builtin.AcceptAlertKeyword.acceptAlert(AcceptAlertKeyword.groovy:71)
	at com.kms.katalon.core.webui.keyword.builtin.AcceptAlertKeyword.execute(AcceptAlertKeyword.groovy:66)
	at com.kms.katalon.core.keyword.internal.KeywordExecutor.executeKeywordForPlatform(KeywordExecutor.groovy:53)
	at com.kms.katalon.core.webui.keyword.WebUiBuiltInKeywords.acceptAlert(WebUiBuiltInKeywords.groovy:1492)
	at com.kms.katalon.core.webui.keyword.WebUiBuiltInKeywords$acceptAlert$9.call(Unknown Source)
	at first learn more.run(first learn more:22)
	at com.kms.katalon.core.main.ScriptEngine.run(ScriptEngine.java:194)
	at com.kms.katalon.core.main.ScriptEngine.runScriptAsRawText(ScriptEngine.java:119)
	at com.kms.katalon.core.main.TestCaseExecutor.runScript(TestCaseExecutor.java:328)
	at com.kms.katalon.core.main.TestCaseExecutor.doExecute(TestCaseExecutor.java:319)
	at com.kms.katalon.core.main.TestCaseExecutor.processExecutionPhase(TestCaseExecutor.java:298)
	at com.kms.katalon.core.main.TestCaseExecutor.accessMainPhase(TestCaseExecutor.java:290)
	at com.kms.katalon.core.main.TestCaseExecutor.execute(TestCaseExecutor.java:224)
	at com.kms.katalon.core.main.TestSuiteExecutor.accessTestCaseMainPhase(TestSuiteExecutor.java:129)
	at com.kms.katalon.core.main.TestSuiteExecutor.accessTestSuiteMainPhase(TestSuiteExecutor.java:112)
	at com.kms.katalon.core.main.TestSuiteExecutor.execute(TestSuiteExecutor.java:81)
	at com.kms.katalon.core.main.TestCaseMain.startTestSuite(TestCaseMain.java:149)
	at com.kms.katalon.core.main.TestCaseMain$startTestSuite$0.call(Unknown Source)
	at TempTestSuite1548055500864.run(TempTestSuite1548055500864.groovy:36)]]></system-err>
      </testcase>
      <testcase name="Test Cases/home page/load more" classname="Test Cases/home page/load more" status="PASSED">
         <system-out><![CDATA[2019-01-21 12:29:19 - [TEST_CASE][PASSED] - Test Cases/home page/load more: Test Cases/home page/load more

2019-01-21 12:29:19 - [TEST_STEP][PASSED] - openBrowser(""): Browser is opened with url: ''

2019-01-21 12:29:19 - [MESSAGE][WARNING] - A browser is already opened. Closing browser and opening a new one

2019-01-21 12:29:20 - [MESSAGE][INFO] - Starting 'Chrome' driver

2019-01-21 12:29:22 - [MESSAGE][PASSED] - Browser is opened with url: ''

2019-01-21 12:29:22 - [TEST_STEP][PASSED] - navigateToUrl(Url): Navigate to 'http://dev.chiragh.com/' successfully

2019-01-21 12:29:56 - [MESSAGE][PASSED] - Navigate to 'http://dev.chiragh.com/' successfully

2019-01-21 12:29:56 - [TEST_STEP][PASSED] - maximizeWindow(): Current window maximized

2019-01-21 12:29:57 - [MESSAGE][PASSED] - Current window maximized

2019-01-21 12:29:57 - [TEST_STEP][PASSED] - delay(3): Delayed 3 second(s)

2019-01-21 12:30:00 - [MESSAGE][PASSED] - Delayed 3 second(s)

2019-01-21 12:30:00 - [TEST_STEP][PASSED] - verifyElementPresent(findTestObject("load more/Page_Chiragh/div_property id 51556 (1)"), 7): Object 'Object Repository/load more/Page_Chiragh/div_property id 51556 (1)' is present

2019-01-21 12:30:00 - [MESSAGE][PASSED] - Object 'Object Repository/load more/Page_Chiragh/div_property id 51556 (1)' is present

2019-01-21 12:30:00 - [TEST_STEP][PASSED] - attribute2 = getText(findTestObject("load more/Page_Chiragh/div_property id 51556 (1)")): Text of object 'Object Repository/load more/Page_Chiragh/div_property id 51556 (1)' is: 'PROPERTY ID: 51556'

2019-01-21 12:30:00 - [MESSAGE][PASSED] - Text of object 'Object Repository/load more/Page_Chiragh/div_property id 51556 (1)' is: 'PROPERTY ID: 51556'

2019-01-21 12:30:00 - [TEST_STEP][PASSED] - click(findTestObject("Object Repository/test/Page_Chiragh/button_LOAD MORE")): Object: 'Object Repository/test/Page_Chiragh/button_LOAD MORE' is clicked on

2019-01-21 12:30:00 - [MESSAGE][PASSED] - Object: 'Object Repository/test/Page_Chiragh/button_LOAD MORE' is clicked on

2019-01-21 12:30:00 - [TEST_STEP][PASSED] - delay(5): Delayed 5 second(s)

2019-01-21 12:30:05 - [MESSAGE][PASSED] - Delayed 5 second(s)

2019-01-21 12:30:05 - [TEST_STEP][PASSED] - verifyElementPresent(findTestObject("load more/Page_Chiragh/div_property id 51466"), 7): Object 'Object Repository/load more/Page_Chiragh/div_property id 51466' is present

2019-01-21 12:30:05 - [MESSAGE][PASSED] - Object 'Object Repository/load more/Page_Chiragh/div_property id 51466' is present

2019-01-21 12:30:05 - [TEST_STEP][PASSED] - attribute1 = getText(findTestObject("load more/Page_Chiragh/div_property id 51466")): Text of object 'Object Repository/load more/Page_Chiragh/div_property id 51466' is: 'PROPERTY ID: 51466'

2019-01-21 12:30:05 - [MESSAGE][PASSED] - Text of object 'Object Repository/load more/Page_Chiragh/div_property id 51466' is: 'PROPERTY ID: 51466'

2019-01-21 12:30:05 - [TEST_STEP][PASSED] - verifyNotMatch("attribute2", "attribute1", false): Actual text 'attribute2' and expected text 'attribute1' are not matched 

2019-01-21 12:30:05 - [MESSAGE][PASSED] - Actual text 'attribute2' and expected text 'attribute1' are not matched 

2019-01-21 12:30:05 - [TEST_STEP][PASSED] - closeBrowser(): Browser is closed

2019-01-21 12:30:06 - [MESSAGE][PASSED] - Browser is closed

2019-01-21 12:30:06 - [TEST_STEP][PASSED] - Start listener action : sampleAfterTestCase: null

2019-01-21 12:30:06 - [TEST_STEP][PASSED] - println(testCaseContext.getTestCaseId()): null

2019-01-21 12:30:06 - [TEST_STEP][PASSED] - println(testCaseContext.getTestCaseStatus()): null]]></system-out>
         <system-err><![CDATA[]]></system-err>
      </testcase>
      <testcase name="Test Cases/home page/second learn more" classname="Test Cases/home page/second learn more" status="FAILED">
         <failure type="FAILED" message="Test Cases/home page/second learn more FAILED.
Reason:
com.kms.katalon.core.exception.StepFailedException: Unable to accept alert (Root cause: com.kms.katalon.core.exception.StepFailedException: No alert found)
	at com.kms.katalon.core.keyword.internal.KeywordMain.stepFailed(KeywordMain.groovy:36)
	at com.kms.katalon.core.webui.keyword.internal.WebUIKeywordMain.stepFailed(WebUIKeywordMain.groovy:65)
	at com.kms.katalon.core.webui.keyword.internal.WebUIKeywordMain.runKeyword(WebUIKeywordMain.groovy:27)
	at com.kms.katalon.core.webui.keyword.builtin.AcceptAlertKeyword.acceptAlert(AcceptAlertKeyword.groovy:71)
	at com.kms.katalon.core.webui.keyword.builtin.AcceptAlertKeyword.execute(AcceptAlertKeyword.groovy:66)
	at com.kms.katalon.core.keyword.internal.KeywordExecutor.executeKeywordForPlatform(KeywordExecutor.groovy:53)
	at com.kms.katalon.core.webui.keyword.WebUiBuiltInKeywords.acceptAlert(WebUiBuiltInKeywords.groovy:1492)
	at com.kms.katalon.core.webui.keyword.WebUiBuiltInKeywords$acceptAlert$9.call(Unknown Source)
	at second learn more.run(second learn more:24)
	at com.kms.katalon.core.main.ScriptEngine.run(ScriptEngine.java:194)
	at com.kms.katalon.core.main.ScriptEngine.runScriptAsRawText(ScriptEngine.java:119)
	at com.kms.katalon.core.main.TestCaseExecutor.runScript(TestCaseExecutor.java:328)
	at com.kms.katalon.core.main.TestCaseExecutor.doExecute(TestCaseExecutor.java:319)
	at com.kms.katalon.core.main.TestCaseExecutor.processExecutionPhase(TestCaseExecutor.java:298)
	at com.kms.katalon.core.main.TestCaseExecutor.accessMainPhase(TestCaseExecutor.java:290)
	at com.kms.katalon.core.main.TestCaseExecutor.execute(TestCaseExecutor.java:224)
	at com.kms.katalon.core.main.TestSuiteExecutor.accessTestCaseMainPhase(TestSuiteExecutor.java:129)
	at com.kms.katalon.core.main.TestSuiteExecutor.accessTestSuiteMainPhase(TestSuiteExecutor.java:112)
	at com.kms.katalon.core.main.TestSuiteExecutor.execute(TestSuiteExecutor.java:81)
	at com.kms.katalon.core.main.TestCaseMain.startTestSuite(TestCaseMain.java:149)
	at com.kms.katalon.core.main.TestCaseMain$startTestSuite$0.call(Unknown Source)
	at TempTestSuite1548055500864.run(TempTestSuite1548055500864.groovy:36)
"/>
         <system-out><![CDATA[2019-01-21 12:30:06 - [TEST_CASE][FAILED] - Test Cases/home page/second learn more: Test Cases/home page/second learn more FAILED.
Reason:
com.kms.katalon.core.exception.StepFailedException: Unable to accept alert (Root cause: com.kms.katalon.core.exception.StepFailedException: No alert found)
	at com.kms.katalon.core.keyword.internal.KeywordMain.stepFailed(KeywordMain.groovy:36)
	at com.kms.katalon.core.webui.keyword.internal.WebUIKeywordMain.stepFailed(WebUIKeywordMain.groovy:65)
	at com.kms.katalon.core.webui.keyword.internal.WebUIKeywordMain.runKeyword(WebUIKeywordMain.groovy:27)
	at com.kms.katalon.core.webui.keyword.builtin.AcceptAlertKeyword.acceptAlert(AcceptAlertKeyword.groovy:71)
	at com.kms.katalon.core.webui.keyword.builtin.AcceptAlertKeyword.execute(AcceptAlertKeyword.groovy:66)
	at com.kms.katalon.core.keyword.internal.KeywordExecutor.executeKeywordForPlatform(KeywordExecutor.groovy:53)
	at com.kms.katalon.core.webui.keyword.WebUiBuiltInKeywords.acceptAlert(WebUiBuiltInKeywords.groovy:1492)
	at com.kms.katalon.core.webui.keyword.WebUiBuiltInKeywords$acceptAlert$9.call(Unknown Source)
	at second learn more.run(second learn more:24)
	at com.kms.katalon.core.main.ScriptEngine.run(ScriptEngine.java:194)
	at com.kms.katalon.core.main.ScriptEngine.runScriptAsRawText(ScriptEngine.java:119)
	at com.kms.katalon.core.main.TestCaseExecutor.runScript(TestCaseExecutor.java:328)
	at com.kms.katalon.core.main.TestCaseExecutor.doExecute(TestCaseExecutor.java:319)
	at com.kms.katalon.core.main.TestCaseExecutor.processExecutionPhase(TestCaseExecutor.java:298)
	at com.kms.katalon.core.main.TestCaseExecutor.accessMainPhase(TestCaseExecutor.java:290)
	at com.kms.katalon.core.main.TestCaseExecutor.execute(TestCaseExecutor.java:224)
	at com.kms.katalon.core.main.TestSuiteExecutor.accessTestCaseMainPhase(TestSuiteExecutor.java:129)
	at com.kms.katalon.core.main.TestSuiteExecutor.accessTestSuiteMainPhase(TestSuiteExecutor.java:112)
	at com.kms.katalon.core.main.TestSuiteExecutor.execute(TestSuiteExecutor.java:81)
	at com.kms.katalon.core.main.TestCaseMain.startTestSuite(TestCaseMain.java:149)
	at com.kms.katalon.core.main.TestCaseMain$startTestSuite$0.call(Unknown Source)
	at TempTestSuite1548055500864.run(TempTestSuite1548055500864.groovy:36)


2019-01-21 12:30:06 - [TEST_STEP][PASSED] - openBrowser(""): Browser is opened with url: ''

2019-01-21 12:30:06 - [MESSAGE][INFO] - Starting 'Chrome' driver

2019-01-21 12:30:08 - [MESSAGE][PASSED] - Browser is opened with url: ''

2019-01-21 12:30:08 - [TEST_STEP][PASSED] - navigateToUrl(Url): Navigate to 'http://dev.chiragh.com/' successfully

2019-01-21 12:30:21 - [MESSAGE][PASSED] - Navigate to 'http://dev.chiragh.com/' successfully

2019-01-21 12:30:21 - [TEST_STEP][PASSED] - maximizeWindow(): Current window maximized

2019-01-21 12:30:22 - [MESSAGE][PASSED] - Current window maximized

2019-01-21 12:30:22 - [TEST_STEP][PASSED] - click(findTestObject("Object Repository/second learn more/Page_Chiragh/button_LEARN MORE")): Object: 'Object Repository/second learn more/Page_Chiragh/button_LEARN MORE' is clicked on

2019-01-21 12:30:23 - [MESSAGE][PASSED] - Object: 'Object Repository/second learn more/Page_Chiragh/button_LEARN MORE' is clicked on

2019-01-21 12:30:23 - [TEST_STEP][FAILED] - acceptAlert(): acceptAlert() FAILED.
Reason:
com.kms.katalon.core.exception.StepFailedException: Unable to accept alert (Root cause: com.kms.katalon.core.exception.StepFailedException: No alert found)
	at com.kms.katalon.core.keyword.internal.KeywordMain.stepFailed(KeywordMain.groovy:36)
	at com.kms.katalon.core.webui.keyword.internal.WebUIKeywordMain.stepFailed(WebUIKeywordMain.groovy:65)
	at com.kms.katalon.core.webui.keyword.internal.WebUIKeywordMain.runKeyword(WebUIKeywordMain.groovy:27)
	at com.kms.katalon.core.webui.keyword.builtin.AcceptAlertKeyword.acceptAlert(AcceptAlertKeyword.groovy:71)
	at com.kms.katalon.core.webui.keyword.builtin.AcceptAlertKeyword.execute(AcceptAlertKeyword.groovy:66)
	at com.kms.katalon.core.keyword.internal.KeywordExecutor.executeKeywordForPlatform(KeywordExecutor.groovy:53)
	at com.kms.katalon.core.webui.keyword.WebUiBuiltInKeywords.acceptAlert(WebUiBuiltInKeywords.groovy:1492)
	at com.kms.katalon.core.webui.keyword.WebUiBuiltInKeywords$acceptAlert$9.call(Unknown Source)
	at second learn more.run(second learn more:24)
	at com.kms.katalon.core.main.ScriptEngine.run(ScriptEngine.java:194)
	at com.kms.katalon.core.main.ScriptEngine.runScriptAsRawText(ScriptEngine.java:119)
	at com.kms.katalon.core.main.TestCaseExecutor.runScript(TestCaseExecutor.java:328)
	at com.kms.katalon.core.main.TestCaseExecutor.doExecute(TestCaseExecutor.java:319)
	at com.kms.katalon.core.main.TestCaseExecutor.processExecutionPhase(TestCaseExecutor.java:298)
	at com.kms.katalon.core.main.TestCaseExecutor.accessMainPhase(TestCaseExecutor.java:290)
	at com.kms.katalon.core.main.TestCaseExecutor.execute(TestCaseExecutor.java:224)
	at com.kms.katalon.core.main.TestSuiteExecutor.accessTestCaseMainPhase(TestSuiteExecutor.java:129)
	at com.kms.katalon.core.main.TestSuiteExecutor.accessTestSuiteMainPhase(TestSuiteExecutor.java:112)
	at com.kms.katalon.core.main.TestSuiteExecutor.execute(TestSuiteExecutor.java:81)
	at com.kms.katalon.core.main.TestCaseMain.startTestSuite(TestCaseMain.java:149)
	at com.kms.katalon.core.main.TestCaseMain$startTestSuite$0.call(Unknown Source)
	at TempTestSuite1548055500864.run(TempTestSuite1548055500864.groovy:36)


2019-01-21 12:30:23 - [MESSAGE][FAILED] - No alert found
[[ATTACHMENT|C:\\Users\\HP\\git\\ChiraghWebTests\\Reports\\Chiragh Smoke Tests\\20190121_122500\\1548055823075.png]]

2019-01-21 12:30:24 - [MESSAGE][FAILED] - Unable to accept alert (Root cause: com.kms.katalon.core.exception.StepFailedException: No alert found)
[[ATTACHMENT|C:\\Users\\HP\\git\\ChiraghWebTests\\Reports\\Chiragh Smoke Tests\\20190121_122500\\1548055823725.png]]

2019-01-21 12:30:24 - [MESSAGE][FAILED] - acceptAlert() FAILED.
Reason:
com.kms.katalon.core.exception.StepFailedException: Unable to accept alert (Root cause: com.kms.katalon.core.exception.StepFailedException: No alert found)
	at com.kms.katalon.core.keyword.internal.KeywordMain.stepFailed(KeywordMain.groovy:36)
	at com.kms.katalon.core.webui.keyword.internal.WebUIKeywordMain.stepFailed(WebUIKeywordMain.groovy:65)
	at com.kms.katalon.core.webui.keyword.internal.WebUIKeywordMain.runKeyword(WebUIKeywordMain.groovy:27)
	at com.kms.katalon.core.webui.keyword.builtin.AcceptAlertKeyword.acceptAlert(AcceptAlertKeyword.groovy:71)
	at com.kms.katalon.core.webui.keyword.builtin.AcceptAlertKeyword.execute(AcceptAlertKeyword.groovy:66)
	at com.kms.katalon.core.keyword.internal.KeywordExecutor.executeKeywordForPlatform(KeywordExecutor.groovy:53)
	at com.kms.katalon.core.webui.keyword.WebUiBuiltInKeywords.acceptAlert(WebUiBuiltInKeywords.groovy:1492)
	at com.kms.katalon.core.webui.keyword.WebUiBuiltInKeywords$acceptAlert$9.call(Unknown Source)
	at second learn more.run(second learn more:24)
	at com.kms.katalon.core.main.ScriptEngine.run(ScriptEngine.java:194)
	at com.kms.katalon.core.main.ScriptEngine.runScriptAsRawText(ScriptEngine.java:119)
	at com.kms.katalon.core.main.TestCaseExecutor.runScript(TestCaseExecutor.java:328)
	at com.kms.katalon.core.main.TestCaseExecutor.doExecute(TestCaseExecutor.java:319)
	at com.kms.katalon.core.main.TestCaseExecutor.processExecutionPhase(TestCaseExecutor.java:298)
	at com.kms.katalon.core.main.TestCaseExecutor.accessMainPhase(TestCaseExecutor.java:290)
	at com.kms.katalon.core.main.TestCaseExecutor.execute(TestCaseExecutor.java:224)
	at com.kms.katalon.core.main.TestSuiteExecutor.accessTestCaseMainPhase(TestSuiteExecutor.java:129)
	at com.kms.katalon.core.main.TestSuiteExecutor.accessTestSuiteMainPhase(TestSuiteExecutor.java:112)
	at com.kms.katalon.core.main.TestSuiteExecutor.execute(TestSuiteExecutor.java:81)
	at com.kms.katalon.core.main.TestCaseMain.startTestSuite(TestCaseMain.java:149)
	at com.kms.katalon.core.main.TestCaseMain$startTestSuite$0.call(Unknown Source)
	at TempTestSuite1548055500864.run(TempTestSuite1548055500864.groovy:36)


2019-01-21 12:30:24 - [TEST_STEP][PASSED] - Start listener action : sampleAfterTestCase: null

2019-01-21 12:30:24 - [TEST_STEP][PASSED] - println(testCaseContext.getTestCaseId()): null

2019-01-21 12:30:24 - [TEST_STEP][PASSED] - println(testCaseContext.getTestCaseStatus()): null]]></system-out>
         <system-err><![CDATA[2019-01-21 12:30:06 - [TEST_CASE][FAILED] - Test Cases/home page/second learn more: Test Cases/home page/second learn more FAILED.
Reason:
com.kms.katalon.core.exception.StepFailedException: Unable to accept alert (Root cause: com.kms.katalon.core.exception.StepFailedException: No alert found)
	at com.kms.katalon.core.keyword.internal.KeywordMain.stepFailed(KeywordMain.groovy:36)
	at com.kms.katalon.core.webui.keyword.internal.WebUIKeywordMain.stepFailed(WebUIKeywordMain.groovy:65)
	at com.kms.katalon.core.webui.keyword.internal.WebUIKeywordMain.runKeyword(WebUIKeywordMain.groovy:27)
	at com.kms.katalon.core.webui.keyword.builtin.AcceptAlertKeyword.acceptAlert(AcceptAlertKeyword.groovy:71)
	at com.kms.katalon.core.webui.keyword.builtin.AcceptAlertKeyword.execute(AcceptAlertKeyword.groovy:66)
	at com.kms.katalon.core.keyword.internal.KeywordExecutor.executeKeywordForPlatform(KeywordExecutor.groovy:53)
	at com.kms.katalon.core.webui.keyword.WebUiBuiltInKeywords.acceptAlert(WebUiBuiltInKeywords.groovy:1492)
	at com.kms.katalon.core.webui.keyword.WebUiBuiltInKeywords$acceptAlert$9.call(Unknown Source)
	at second learn more.run(second learn more:24)
	at com.kms.katalon.core.main.ScriptEngine.run(ScriptEngine.java:194)
	at com.kms.katalon.core.main.ScriptEngine.runScriptAsRawText(ScriptEngine.java:119)
[...]

2019-01-21 12:43:59 - [TEST_STEP][PASSED] - click(findTestObject("about us/Page_Chiragh/Page_Chiragh/button_Start Buying")): Object: 'Object Repository/about us/Page_Chiragh/Page_Chiragh/button_Start Buying' is clicked on

2019-01-21 12:43:59 - [MESSAGE][PASSED] - Object: 'Object Repository/about us/Page_Chiragh/Page_Chiragh/button_Start Buying' is clicked on

2019-01-21 12:43:59 - [TEST_STEP][FAILED] - if (verifyElementPresent(findTestObject("sell/Page_Chiragh/Page_Chiragh/form_Sign In"), 3) == true): if (verifyElementPresent(findTestObject("sell/Page_Chiragh/Page_Chiragh/form_Sign In"), 3) == true) FAILED.
Reason:
com.kms.katalon.core.exception.StepFailedException: Unable to verify object 'Object Repository/sell/Page_Chiragh/Page_Chiragh/form_Sign In' is present (Root cause: com.kms.katalon.core.exception.StepFailedException: com.kms.katalon.core.webui.exception.WebElementNotFoundException: Web element with id: 'Object Repository/sell/Page_Chiragh/Page_Chiragh/form_Sign In' located by 'By.xpath: (.//*[normalize-space(text()) and normalize-space(.)='Resources'])[1]/following::form[1]' not found)
	at com.kms.katalon.core.keyword.internal.KeywordMain.stepFailed(KeywordMain.groovy:36)
	at com.kms.katalon.core.webui.keyword.internal.WebUIKeywordMain.stepFailed(WebUIKeywordMain.groovy:65)
	at com.kms.katalon.core.webui.keyword.internal.WebUIKeywordMain.runKeyword(WebUIKeywordMain.groovy:27)
	at com.kms.katalon.core.webui.keyword.builtin.VerifyElementPresentKeyword.verifyElementPresent(VerifyElementPresentKeyword.groovy:92)
	at com.kms.katalon.core.webui.keyword.builtin.VerifyElementPresentKeyword.execute(VerifyElementPresentKeyword.groovy:68)
	at com.kms.katalon.core.keyword.internal.KeywordExecutor.executeKeywordForPlatform(KeywordExecutor.groovy:53)
	at com.kms.katalon.core.webui.keyword.WebUiBuiltInKeywords.verifyElementPresent(WebUiBuiltInKeywords.groovy:1434)
	at com.kms.katalon.core.webui.keyword.WebUiBuiltInKeywords$verifyElementPresent$3.call(Unknown Source)
	at start buying now button.run(start buying now button:28)
	at com.kms.katalon.core.main.ScriptEngine.run(ScriptEngine.java:194)
	at com.kms.katalon.core.main.ScriptEngine.runScriptAsRawText(ScriptEngine.java:119)
	at com.kms.katalon.core.main.TestCaseExecutor.runScript(TestCaseExecutor.java:328)
	at com.kms.katalon.core.main.TestCaseExecutor.doExecute(TestCaseExecutor.java:319)
	at com.kms.katalon.core.main.TestCaseExecutor.processExecutionPhase(TestCaseExecutor.java:298)
	at com.kms.katalon.core.main.TestCaseExecutor.accessMainPhase(TestCaseExecutor.java:290)
	at com.kms.katalon.core.main.TestCaseExecutor.execute(TestCaseExecutor.java:224)
	at com.kms.katalon.core.main.TestSuiteExecutor.accessTestCaseMainPhase(TestSuiteExecutor.java:129)
	at com.kms.katalon.core.main.TestSuiteExecutor.accessTestSuiteMainPhase(TestSuiteExecutor.java:112)
	at com.kms.katalon.core.main.TestSuiteExecutor.execute(TestSuiteExecutor.java:81)
	at com.kms.katalon.core.main.TestCaseMain.startTestSuite(TestCaseMain.java:149)
	at com.kms.katalon.core.main.TestCaseMain$startTestSuite$0.call(Unknown Source)
	at TempTestSuite1548055500864.run(TempTestSuite1548055500864.groovy:36)


2019-01-21 12:44:02 - [MESSAGE][INFO] - Unable to find the element located by 'By.xpath: (.//*[normalize-space(text()) and normalize-space(.)='Resources'])[1]/following::form[1]'. Please recheck the objects properties to make sure the desired element is located. 

2019-01-21 12:44:02 - [MESSAGE][FAILED] - com.kms.katalon.core.webui.exception.WebElementNotFoundException: Web element with id: 'Object Repository/sell/Page_Chiragh/Page_Chiragh/form_Sign In' located by 'By.xpath: (.//*[normalize-space(text()) and normalize-space(.)='Resources'])[1]/following::form[1]' not found
[[ATTACHMENT|C:\\Users\\HP\\git\\ChiraghWebTests\\Reports\\Chiragh Smoke Tests\\20190121_122500\\1548056642490.png]]

2019-01-21 12:44:03 - [MESSAGE][FAILED] - Unable to verify object 'Object Repository/sell/Page_Chiragh/Page_Chiragh/form_Sign In' is present (Root cause: com.kms.katalon.core.exception.StepFailedException: com.kms.katalon.core.webui.exception.WebElementNotFoundException: Web element with id: 'Object Repository/sell/Page_Chiragh/Page_Chiragh/form_Sign In' located by 'By.xpath: (.//*[normalize-space(text()) and normalize-space(.)='Resources'])[1]/following::form[1]' not found)
[[ATTACHMENT|C:\\Users\\HP\\git\\ChiraghWebTests\\Reports\\Chiragh Smoke Tests\\20190121_122500\\1548056642827.png]]

2019-01-21 12:44:03 - [MESSAGE][FAILED] - if (verifyElementPresent(findTestObject("sell/Page_Chiragh/Page_Chiragh/form_Sign In"), 3) == true) FAILED.
Reason:
com.kms.katalon.core.exception.StepFailedException: Unable to verify object 'Object Repository/sell/Page_Chiragh/Page_Chiragh/form_Sign In' is present (Root cause: com.kms.katalon.core.exception.StepFailedException: com.kms.katalon.core.webui.exception.WebElementNotFoundException: Web element with id: 'Object Repository/sell/Page_Chiragh/Page_Chiragh/form_Sign In' located by 'By.xpath: (.//*[normalize-space(text()) and normalize-space(.)='Resources'])[1]/following::form[1]' not found)
	at com.kms.katalon.core.keyword.internal.KeywordMain.stepFailed(KeywordMain.groovy:36)
	at com.kms.katalon.core.webui.keyword.internal.WebUIKeywordMain.stepFailed(WebUIKeywordMain.groovy:65)
	at com.kms.katalon.core.webui.keyword.internal.WebUIKeywordMain.runKeyword(WebUIKeywordMain.groovy:27)
	at com.kms.katalon.core.webui.keyword.builtin.VerifyElementPresentKeyword.verifyElementPresent(VerifyElementPresentKeyword.groovy:92)
	at com.kms.katalon.core.webui.keyword.builtin.VerifyElementPresentKeyword.execute(VerifyElementPresentKeyword.groovy:68)
	at com.kms.katalon.core.keyword.internal.KeywordExecutor.executeKeywordForPlatform(KeywordExecutor.groovy:53)
	at com.kms.katalon.core.webui.keyword.WebUiBuiltInKeywords.verifyElementPresent(WebUiBuiltInKeywords.groovy:1434)
	at com.kms.katalon.core.webui.keyword.WebUiBuiltInKeywords$verifyElementPresent$3.call(Unknown Source)
	at start buying now button.run(start buying now button:28)
	at com.kms.katalon.core.main.ScriptEngine.run(ScriptEngine.java:194)
	at com.kms.katalon.core.main.ScriptEngine.runScriptAsRawText(ScriptEngine.java:119)
	at com.kms.katalon.core.main.TestCaseExecutor.runScript(TestCaseExecutor.java:328)
	at com.kms.katalon.core.main.TestCaseExecutor.doExecute(TestCaseExecutor.java:319)
	at com.kms.katalon.core.main.TestCaseExecutor.processExecutionPhase(TestCaseExecutor.java:298)
	at com.kms.katalon.core.main.TestCaseExecutor.accessMainPhase(TestCaseExecutor.java:290)
	at com.kms.katalon.core.main.TestCaseExecutor.execute(TestCaseExecutor.java:224)
	at com.kms.katalon.core.main.TestSuiteExecutor.accessTestCaseMainPhase(TestSuiteExecutor.java:129)
	at com.kms.katalon.core.main.TestSuiteExecutor.accessTestSuiteMainPhase(TestSuiteExecutor.java:112)
	at com.kms.katalon.core.main.TestSuiteExecutor.execute(TestSuiteExecutor.java:81)
	at com.kms.katalon.core.main.TestCaseMain.startTestSuite(TestCaseMain.java:149)
	at com.kms.katalon.core.main.TestCaseMain$startTestSuite$0.call(Unknown Source)
	at TempTestSuite1548055500864.run(TempTestSuite1548055500864.groovy:36)


2019-01-21 12:44:03 - [TEST_STEP][PASSED] - Start listener action : sampleAfterTestCase: null

2019-01-21 12:44:03 - [TEST_STEP][PASSED] - println(testCaseContext.getTestCaseId()): null

2019-01-21 12:44:03 - [TEST_STEP][PASSED] - println(testCaseContext.getTestCaseStatus()): null]]></system-out>
         <system-err><![CDATA[2019-01-21 12:43:37 - [TEST_CASE][FAILED] - Test Cases/about us page/start buying now button: Test Cases/about us page/start buying now button FAILED.
Reason:
com.kms.katalon.core.exception.StepFailedException: Unable to verify object 'Object Repository/sell/Page_Chiragh/Page_Chiragh/form_Sign In' is present (Root cause: com.kms.katalon.core.exception.StepFailedException: com.kms.katalon.core.webui.exception.WebElementNotFoundException: Web element with id: 'Object Repository/sell/Page_Chiragh/Page_Chiragh/form_Sign In' located by 'By.xpath: (.//*[normalize-space(text()) and normalize-space(.)='Resources'])[1]/following::form[1]' not found)
	at com.kms.katalon.core.keyword.internal.KeywordMain.stepFailed(KeywordMain.groovy:36)
	at com.kms.katalon.core.webui.keyword.internal.WebUIKeywordMain.stepFailed(WebUIKeywordMain.groovy:65)
	at com.kms.katalon.core.webui.keyword.internal.WebUIKeywordMain.runKeyword(WebUIKeywordMain.groovy:27)
	at com.kms.katalon.core.webui.keyword.builtin.VerifyElementPresentKeyword.verifyElementPresent(VerifyElementPresentKeyword.groovy:92)
	at com.kms.katalon.core.webui.keyword.builtin.VerifyElementPresentKeyword.execute(VerifyElementPresentKeyword.groovy:68)
	at com.kms.katalon.core.keyword.internal.KeywordExecutor.executeKeywordForPlatform(KeywordExecutor.groovy:53)
	at com.kms.katalon.core.webui.keyword.WebUiBuiltInKeywords.verifyElementPresent(WebUiBuiltInKeywords.groovy:1434)
	at com.kms.katalon.core.webui.keyword.WebUiBuiltInKeywords$verifyElementPresent$3.call(Unknown Source)
	at start buying now button.run(start buying now button:28)
	at com.kms.katalon.core.main.ScriptEngine.run(ScriptEngine.java:194)
	at com.kms.katalon.core.main.ScriptEngine.runScriptAsRawText(ScriptEngine.java:119)
	at com.kms.katalon.core.main.TestCaseExecutor.runScript(TestCaseExecutor.java:328)
	at com.kms.katalon.core.main.TestCaseExecutor.doExecute(TestCaseExecutor.java:319)
	at com.kms.katalon.core.main.TestCaseExecutor.processExecutionPhase(TestCaseExecutor.java:298)
	at com.kms.katalon.core.main.TestCaseExecutor.accessMainPhase(TestCaseExecutor.java:290)
	at com.kms.katalon.core.main.TestCaseExecutor.execute(TestCaseExecutor.java:224)
	at com.kms.katalon.core.main.TestSuiteExecutor.accessTestCaseMainPhase(TestSuiteExecutor.java:129)
	at com.kms.katalon.core.main.TestSuiteExecutor.accessTestSuiteMainPhase(TestSuiteExecutor.java:112)
	at com.kms.katalon.core.main.TestSuiteExecutor.execute(TestSuiteExecutor.java:81)
	at com.kms.katalon.core.main.TestCaseMain.startTestSuite(TestCaseMain.java:149)
	at com.kms.katalon.core.main.TestCaseMain$startTestSuite$0.call(Unknown Source)
	at TempTestSuite1548055500864.run(TempTestSuite1548055500864.groovy:36)]]></system-err>
      </testcase>
      <testcase name="Test Cases/about us page/start selling now button" classname="Test Cases/about us page/start selling now button" status="PASSED">
         <system-out><![CDATA[2019-01-21 12:44:03 - [TEST_CASE][PASSED] - Test Cases/about us page/start selling now button: Test Cases/about us page/start selling now button

2019-01-21 12:44:03 - [TEST_STEP][PASSED] - openBrowser(""): Browser is opened with url: ''

2019-01-21 12:44:03 - [MESSAGE][WARNING] - A browser is already opened. Closing browser and opening a new one

2019-01-21 12:44:04 - [MESSAGE][INFO] - Starting 'Chrome' driver

2019-01-21 12:44:06 - [MESSAGE][PASSED] - Browser is opened with url: ''

2019-01-21 12:44:06 - [TEST_STEP][PASSED] - navigateToUrl(Url): Navigate to 'http://dev.chiragh.com/' successfully

2019-01-21 12:44:32 - [MESSAGE][PASSED] - Navigate to 'http://dev.chiragh.com/' successfully

2019-01-21 12:44:32 - [TEST_STEP][PASSED] - maximizeWindow(): Current window maximized

2019-01-21 12:44:33 - [MESSAGE][PASSED] - Current window maximized

2019-01-21 12:44:33 - [TEST_STEP][PASSED] - delay(5): Delayed 5 second(s)

2019-01-21 12:44:38 - [MESSAGE][PASSED] - Delayed 5 second(s)

2019-01-21 12:44:38 - [TEST_STEP][PASSED] - click(findTestObject("Object Repository/about us/Page_Chiragh/a_About Us(current) (1)")): Object: 'Object Repository/about us/Page_Chiragh/a_About Us(current) (1)' is clicked on

2019-01-21 12:44:38 - [MESSAGE][PASSED] - Object: 'Object Repository/about us/Page_Chiragh/a_About Us(current) (1)' is clicked on

2019-01-21 12:44:38 - [TEST_STEP][PASSED] - click(findTestObject("Object Repository/about us/Page_Chiragh/button_Start                Se")): Object: 'Object Repository/about us/Page_Chiragh/button_Start                Se' is clicked on

2019-01-21 12:44:39 - [MESSAGE][PASSED] - Object: 'Object Repository/about us/Page_Chiragh/button_Start                Se' is clicked on

2019-01-21 12:44:39 - [TEST_STEP][PASSED] - waitForPageLoad(5): Wait for page load successfully

2019-01-21 12:44:39 - [MESSAGE][PASSED] - Wait for page load successfully

2019-01-21 12:44:39 - [TEST_STEP][PASSED] - if (verifyElementPresent(findTestObject("sell/Page_Chiragh/Page_Chiragh/form_Sign In"), 3) == true): Object 'Object Repository/sell/Page_Chiragh/Page_Chiragh/form_Owner Details' is present

2019-01-21 12:44:40 - [MESSAGE][PASSED] - Object 'Object Repository/sell/Page_Chiragh/Page_Chiragh/form_Sign In' is present

2019-01-21 12:44:40 - [TEST_STEP][PASSED] - setText(findTestObject("sell/Page_Chiragh/input_Sign In_userName"), userName): Text 'newuser01' is set on object 'Object Repository/sell/Page_Chiragh/input_Sign In_userName'

2019-01-21 12:44:40 - [MESSAGE][PASSED] - Text 'newuser01' is set on object 'Object Repository/sell/Page_Chiragh/input_Sign In_userName'

2019-01-21 12:44:40 - [TEST_STEP][PASSED] - setText(findTestObject("sell/Page_Chiragh/input_Sign In_userPassword"), passWord): Text '1234567890' is set on object 'Object Repository/sell/Page_Chiragh/input_Sign In_userPassword'

2019-01-21 12:44:41 - [MESSAGE][PASSED] - Text '1234567890' is set on object 'Object Repository/sell/Page_Chiragh/input_Sign In_userPassword'

2019-01-21 12:44:41 - [TEST_STEP][PASSED] - click(findTestObject("Page_Chiragh/button_Sign In")): Object: 'Object Repository/Page_Chiragh/button_Sign In' is clicked on

2019-01-21 12:44:41 - [MESSAGE][PASSED] - Object: 'Object Repository/Page_Chiragh/button_Sign In' is clicked on

2019-01-21 12:44:41 - [TEST_STEP][PASSED] - delay(3): Delayed 3 second(s)

2019-01-21 12:44:44 - [MESSAGE][PASSED] - Delayed 3 second(s)

2019-01-21 12:44:44 - [TEST_STEP][PASSED] - verifyElementPresent(findTestObject("sell/Page_Chiragh/Page_Chiragh/form_Owner Details"), 3): Object 'Object Repository/sell/Page_Chiragh/Page_Chiragh/form_Owner Details' is present

2019-01-21 12:44:44 - [MESSAGE][PASSED] - Object 'Object Repository/sell/Page_Chiragh/Page_Chiragh/form_Owner Details' is present

2019-01-21 12:44:44 - [TEST_STEP][PASSED] - closeBrowser(): Browser is closed

2019-01-21 12:44:45 - [MESSAGE][PASSED] - Browser is closed

2019-01-21 12:44:45 - [TEST_STEP][PASSED] - Start listener action : sampleAfterTestCase: null

2019-01-21 12:44:45 - [TEST_STEP][PASSED] - println(testCaseContext.getTestCaseId()): null

2019-01-21 12:44:45 - [TEST_STEP][PASSED] - println(testCaseContext.getTestCaseStatus()): null]]></system-out>
         <system-err><![CDATA[]]></system-err>
      </testcase>
      <system-out><![CDATA[2019-01-21 12:25:03 - [TEST_SUITE][FAILED] - Chiragh Smoke Tests: Test Cases/register user/username already exist FAILED.
Reason:
com.kms.katalon.core.exception.StepFailedException: Unable to set text '971' of object 'Object Repository/Page_Chiragh/input_Soon_select2-search__fie' (Root cause: com.kms.katalon.core.webui.exception.WebElementNotFoundException: Web element with id: 'Object Repository/Page_Chiragh/input_Soon_select2-search__fie' located by 'By.xpath: //input[@type='search']' not found)
	at com.kms.katalon.core.keyword.internal.KeywordMain.stepFailed(KeywordMain.groovy:36)
	at com.kms.katalon.core.webui.keyword.internal.WebUIKeywordMain.stepFailed(WebUIKeywordMain.groovy:65)
	at com.kms.katalon.core.webui.keyword.internal.WebUIKeywordMain.runKeyword(WebUIKeywordMain.groovy:27)
	at com.kms.katalon.core.webui.keyword.builtin.SetTextKeyword.setText(SetTextKeyword.groovy:65)
	at com.kms.katalon.core.webui.keyword.builtin.SetTextKeyword.execute(SetTextKeyword.groovy:37)
	at com.kms.katalon.core.keyword.internal.KeywordExecutor.executeKeywordForPlatform(KeywordExecutor.groovy:53)
	at com.kms.katalon.core.webui.keyword.WebUiBuiltInKeywords.setText(WebUiBuiltInKeywords.groovy:950)
	at com.kms.katalon.core.webui.keyword.WebUiBuiltInKeywords$setText$5.call(Unknown Source)
	at username already exist.run(username already exist:43)
	at com.kms.katalon.core.main.ScriptEngine.run(ScriptEngine.java:194)
	at com.kms.katalon.core.main.ScriptEngine.runScriptAsRawText(ScriptEngine.java:119)
	at com.kms.katalon.core.main.TestCaseExecutor.runScript(TestCaseExecutor.java:328)
	at com.kms.katalon.core.main.TestCaseExecutor.doExecute(TestCaseExecutor.java:319)
	at com.kms.katalon.core.main.TestCaseExecutor.processExecutionPhase(TestCaseExecutor.java:298)
	at com.kms.katalon.core.main.TestCaseExecutor.accessMainPhase(TestCaseExecutor.java:290)
	at com.kms.katalon.core.main.TestCaseExecutor.execute(TestCaseExecutor.java:224)
	at com.kms.katalon.core.main.TestSuiteExecutor.accessTestCaseMainPhase(TestSuiteExecutor.java:129)
	at com.kms.katalon.core.main.TestSuiteExecutor.accessTestSuiteMainPhase(TestSuiteExecutor.java:112)
	at com.kms.katalon.core.main.TestSuiteExecutor.execute(TestSuiteExecutor.java:81)
	at com.kms.katalon.core.main.TestCaseMain.startTestSuite(TestCaseMain.java:149)
	at com.kms.katalon.core.main.TestCaseMain$startTestSuite$0.call(Unknown Source)
	at TempTestSuite1548055500864.run(TempTestSuite1548055500864.groovy:36)]]></system-out>
      <system-err><![CDATA[2019-01-21 12:25:03 - [TEST_SUITE][FAILED] - Chiragh Smoke Tests: Test Cases/register user/username already exist FAILED.
Reason:
com.kms.katalon.core.exception.StepFailedException: Unable to set text '971' of object 'Object Repository/Page_Chiragh/input_Soon_select2-search__fie' (Root cause: com.kms.katalon.core.webui.exception.WebElementNotFoundException: Web element with id: 'Object Repository/Page_Chiragh/input_Soon_select2-search__fie' located by 'By.xpath: //input[@type='search']' not found)
	at com.kms.katalon.core.keyword.internal.KeywordMain.stepFailed(KeywordMain.groovy:36)
	at com.kms.katalon.core.webui.keyword.internal.WebUIKeywordMain.stepFailed(WebUIKeywordMain.groovy:65)
	at com.kms.katalon.core.webui.keyword.internal.WebUIKeywordMain.runKeyword(WebUIKeywordMain.groovy:27)
	at com.kms.katalon.core.webui.keyword.builtin.SetTextKeyword.setText(SetTextKeyword.groovy:65)
	at com.kms.katalon.core.webui.keyword.builtin.SetTextKeyword.execute(SetTextKeyword.groovy:37)
	at com.kms.katalon.core.keyword.internal.KeywordExecutor.executeKeywordForPlatform(KeywordExecutor.groovy:53)
	at com.kms.katalon.core.webui.keyword.WebUiBuiltInKeywords.setText(WebUiBuiltInKeywords.groovy:950)
	at com.kms.katalon.core.webui.keyword.WebUiBuiltInKeywords$setText$5.call(Unknown Source)
	at username already exist.run(username already exist:43)
	at com.kms.katalon.core.main.ScriptEngine.run(ScriptEngine.java:194)
	at com.kms.katalon.core.main.ScriptEngine.runScriptAsRawText(ScriptEngine.java:119)
	at com.kms.katalon.core.main.TestCaseExecutor.runScript(TestCaseExecutor.java:328)
	at com.kms.katalon.core.main.TestCaseExecutor.doExecute(TestCaseExecutor.java:319)
	at com.kms.katalon.core.main.TestCaseExecutor.processExecutionPhase(TestCaseExecutor.java:298)
	at com.kms.katalon.core.main.TestCaseExecutor.accessMainPhase(TestCaseExecutor.java:290)
	at com.kms.katalon.core.main.TestCaseExecutor.execute(TestCaseExecutor.java:224)
	at com.kms.katalon.core.main.TestSuiteExecutor.accessTestCaseMainPhase(TestSuiteExecutor.java:129)
	at com.kms.katalon.core.main.TestSuiteExecutor.accessTestSuiteMainPhase(TestSuiteExecutor.java:112)
	at com.kms.katalon.core.main.TestSuiteExecutor.execute(TestSuiteExecutor.java:81)
	at com.kms.katalon.core.main.TestCaseMain.startTestSuite(TestCaseMain.java:149)
	at com.kms.katalon.core.main.TestCaseMain$startTestSuite$0.call(Unknown Source)
	at TempTestSuite1548055500864.run(TempTestSuite1548055500864.groovy:36)]]></system-err>
   </testsuite>
</testsuites>
