<?xml version="1.0" encoding="UTF-8"?>
<testsuites name="Chiragh links" time="610" tests="16" failures="14" errors="0">
   <testsuite name="Chiragh links" tests="16" failures="14" errors="0" time="610" timestamp="2019-01-03 12:31:47" hostname="HP - DESKTOP-2D7LI1O.mshome.net" id="Test Suites/Chiragh links">
      <properties>
[...]
</properties>
      <testcase name="Test Cases/register/read more" classname="Test Cases/register/read more" status="PASSED">
         <system-out><![CDATA[2019-01-03 12:31:48 - [TEST_CASE][PASSED] - Test Cases/register/read more: Test Cases/register/read more

2019-01-03 12:31:48 - [TEST_STEP][PASSED] - openBrowser(""): Browser is opened with url: ''

2019-01-03 12:31:49 - [MESSAGE][INFO] - Starting 'Chrome' driver

2019-01-03 12:31:49 - [MESSAGE][INFO] - Action delay is set to 0 seconds

2019-01-03 12:31:53 - [MESSAGE][PASSED] - Browser is opened with url: ''

2019-01-03 12:31:53 - [TEST_STEP][PASSED] - navigateToUrl(Url): Navigate to 'http://demo.chiragh.com/' successfully

2019-01-03 12:32:03 - [MESSAGE][PASSED] - Navigate to 'http://demo.chiragh.com/' successfully

2019-01-03 12:32:03 - [TEST_STEP][PASSED] - maximizeWindow(): Current window maximized

2019-01-03 12:32:04 - [MESSAGE][PASSED] - Current window maximized

2019-01-03 12:32:04 - [TEST_STEP][PASSED] - delay(3): Delayed 3 second(s)

2019-01-03 12:32:07 - [MESSAGE][PASSED] - Delayed 3 second(s)

2019-01-03 12:32:07 - [TEST_STEP][PASSED] - click(findTestObject("sign in/Page_Chiragh/div_Login                    o")): Object: 'Object Repository/sign in/Page_Chiragh/div_Login                    o' is clicked on

2019-01-03 12:32:07 - [MESSAGE][PASSED] - Object: 'Object Repository/sign in/Page_Chiragh/div_Login                    o' is clicked on

2019-01-03 12:32:07 - [TEST_STEP][PASSED] - click(findTestObject("sign in/Page_Chiragh/a_Register")): Object: 'Object Repository/sign in/Page_Chiragh/a_Register' is clicked on

2019-01-03 12:32:07 - [MESSAGE][PASSED] - Object: 'Object Repository/sign in/Page_Chiragh/a_Register' is clicked on

2019-01-03 12:32:07 - [TEST_STEP][PASSED] - delay(3): Delayed 3 second(s)

2019-01-03 12:32:10 - [MESSAGE][PASSED] - Delayed 3 second(s)

2019-01-03 12:32:10 - [TEST_STEP][PASSED] - click(findTestObject("Object Repository/read more/Page_Chiragh/a_(Read More)")): Object: 'Object Repository/read more/Page_Chiragh/a_(Read More)' is clicked on

2019-01-03 12:32:11 - [MESSAGE][PASSED] - Object: 'Object Repository/read more/Page_Chiragh/a_(Read More)' is clicked on

2019-01-03 12:32:11 - [TEST_STEP][PASSED] - verifyElementPresent(findTestObject("Object Repository/read more/Page_Chiragh/div_Terms  Conditions"), 5): Object 'Object Repository/read more/Page_Chiragh/div_Terms  Conditions' is present

2019-01-03 12:32:11 - [MESSAGE][PASSED] - Object 'Object Repository/read more/Page_Chiragh/div_Terms  Conditions' is present

2019-01-03 12:32:11 - [TEST_STEP][PASSED] - closeBrowser(): Browser is closed

2019-01-03 12:32:12 - [MESSAGE][PASSED] - Browser is closed

2019-01-03 12:32:12 - [TEST_STEP][PASSED] - Start listener action : sampleAfterTestCase: null

2019-01-03 12:32:12 - [TEST_STEP][PASSED] - println(testCaseContext.getTestCaseId()): null

2019-01-03 12:32:12 - [TEST_STEP][PASSED] - println(testCaseContext.getTestCaseStatus()): null]]></system-out>
         <system-err><![CDATA[]]></system-err>
      </testcase>
      <testcase name="Test Cases/signin/Forgot Password" classname="Test Cases/signin/Forgot Password" status="PASSED">
         <system-out><![CDATA[2019-01-03 12:32:12 - [TEST_CASE][PASSED] - Test Cases/signin/Forgot Password: Test Cases/signin/Forgot Password

2019-01-03 12:32:12 - [TEST_STEP][PASSED] - openBrowser(""): Browser is opened with url: ''

2019-01-03 12:32:12 - [MESSAGE][INFO] - Starting 'Chrome' driver

2019-01-03 12:32:14 - [MESSAGE][PASSED] - Browser is opened with url: ''

2019-01-03 12:32:14 - [TEST_STEP][PASSED] - navigateToUrl(Url): Navigate to 'http://demo.chiragh.com/' successfully

2019-01-03 12:32:23 - [MESSAGE][PASSED] - Navigate to 'http://demo.chiragh.com/' successfully

2019-01-03 12:32:23 - [TEST_STEP][PASSED] - maximizeWindow(): Current window maximized

2019-01-03 12:32:24 - [MESSAGE][PASSED] - Current window maximized

2019-01-03 12:32:24 - [TEST_STEP][PASSED] - delay(3): Delayed 3 second(s)

2019-01-03 12:32:27 - [MESSAGE][PASSED] - Delayed 3 second(s)

2019-01-03 12:32:27 - [TEST_STEP][PASSED] - click(findTestObject("Object Repository/forgot password/Page_Chiragh/div_Login                    o")): Object: 'Object Repository/forgot password/Page_Chiragh/div_Login                    o' is clicked on

2019-01-03 12:32:27 - [MESSAGE][PASSED] - Object: 'Object Repository/forgot password/Page_Chiragh/div_Login                    o' is clicked on

2019-01-03 12:32:27 - [TEST_STEP][PASSED] - click(findTestObject("Object Repository/forgot password/Page_Chiragh/a_Login")): Object: 'Object Repository/forgot password/Page_Chiragh/a_Login' is clicked on

2019-01-03 12:32:27 - [MESSAGE][PASSED] - Object: 'Object Repository/forgot password/Page_Chiragh/a_Login' is clicked on

2019-01-03 12:32:27 - [TEST_STEP][PASSED] - delay(3): Delayed 3 second(s)

2019-01-03 12:32:30 - [MESSAGE][PASSED] - Delayed 3 second(s)

2019-01-03 12:32:30 - [TEST_STEP][PASSED] - click(findTestObject("Object Repository/forgot password/Page_Chiragh/a_Forgot Password")): Object: 'Object Repository/forgot password/Page_Chiragh/a_Forgot Password' is clicked on

2019-01-03 12:32:31 - [MESSAGE][PASSED] - Object: 'Object Repository/forgot password/Page_Chiragh/a_Forgot Password' is clicked on

2019-01-03 12:32:31 - [TEST_STEP][PASSED] - verifyElementPresent(findTestObject("Object Repository/forgot password/Page_Chiragh/form_Forgot Password"), 3): Object 'Object Repository/forgot password/Page_Chiragh/form_Forgot Password' is present

2019-01-03 12:32:31 - [MESSAGE][PASSED] - Object 'Object Repository/forgot password/Page_Chiragh/form_Forgot Password' is present

2019-01-03 12:32:31 - [TEST_STEP][PASSED] - verifyElementPresent(findTestObject("Object Repository/forgot password/Page_Chiragh/div_Follow these simple steps"), 3): Object 'Object Repository/forgot password/Page_Chiragh/div_Follow these simple steps' is present

2019-01-03 12:32:31 - [MESSAGE][PASSED] - Object 'Object Repository/forgot password/Page_Chiragh/div_Follow these simple steps' is present

2019-01-03 12:32:31 - [TEST_STEP][PASSED] - verifyElementPresent(findTestObject("Object Repository/forgot password/Page_Chiragh/div_Submit"), 3): Object 'Object Repository/forgot password/Page_Chiragh/div_Submit' is present

2019-01-03 12:32:31 - [MESSAGE][PASSED] - Object 'Object Repository/forgot password/Page_Chiragh/div_Submit' is present

2019-01-03 12:32:31 - [TEST_STEP][PASSED] - closeBrowser(): Browser is closed

2019-01-03 12:32:32 - [MESSAGE][PASSED] - Browser is closed

2019-01-03 12:32:32 - [TEST_STEP][PASSED] - Start listener action : sampleAfterTestCase: null

2019-01-03 12:32:32 - [TEST_STEP][PASSED] - println(testCaseContext.getTestCaseId()): null

2019-01-03 12:32:32 - [TEST_STEP][PASSED] - println(testCaseContext.getTestCaseStatus()): null]]></system-out>
         <system-err><![CDATA[]]></system-err>
      </testcase>
      <testcase name="Test Cases/signin/login" classname="Test Cases/signin/login" status="PASSED">
         <system-out><![CDATA[2019-01-03 12:32:32 - [TEST_CASE][PASSED] - Test Cases/signin/login: Test Cases/signin/login

2019-01-03 12:32:32 - [TEST_STEP][PASSED] - openBrowser(""): Browser is opened with url: ''

2019-01-03 12:32:32 - [MESSAGE][INFO] - Starting 'Chrome' driver

2019-01-03 12:32:34 - [MESSAGE][PASSED] - Browser is opened with url: ''

2019-01-03 12:32:34 - [TEST_STEP][PASSED] - navigateToUrl(Url): Navigate to 'http://demo.chiragh.com/' successfully

2019-01-03 12:32:44 - [MESSAGE][PASSED] - Navigate to 'http://demo.chiragh.com/' successfully

2019-01-03 12:32:44 - [TEST_STEP][PASSED] - maximizeWindow(): Current window maximized

2019-01-03 12:32:46 - [MESSAGE][PASSED] - Current window maximized

2019-01-03 12:32:46 - [TEST_STEP][PASSED] - click(findTestObject("sign in/Page_Chiragh/div_Login                    o")): Object: 'Object Repository/sign in/Page_Chiragh/div_Login                    o' is clicked on

2019-01-03 12:32:46 - [MESSAGE][PASSED] - Object: 'Object Repository/sign in/Page_Chiragh/div_Login                    o' is clicked on

2019-01-03 12:32:46 - [TEST_STEP][PASSED] - click(findTestObject("sign in/Page_Chiragh/a_Login")): Object: 'Object Repository/sign in/Page_Chiragh/a_Login' is clicked on

2019-01-03 12:32:46 - [MESSAGE][PASSED] - Object: 'Object Repository/sign in/Page_Chiragh/a_Login' is clicked on

2019-01-03 12:32:46 - [TEST_STEP][PASSED] - delay(3): Delayed 3 second(s)

2019-01-03 12:32:49 - [MESSAGE][PASSED] - Delayed 3 second(s)

2019-01-03 12:32:49 - [TEST_STEP][PASSED] - setText(findTestObject("Object Repository/Page_Chiragh/input_Sign In_userName (1)"), userName): Text 'newuser11' is set on object 'Object Repository/Page_Chiragh/input_Sign In_userName (1)'

2019-01-03 12:32:50 - [MESSAGE][PASSED] - Text 'newuser11' is set on object 'Object Repository/Page_Chiragh/input_Sign In_userName (1)'

2019-01-03 12:32:50 - [TEST_STEP][PASSED] - setText(findTestObject("Object Repository/Page_Chiragh/input_Sign In_userPassword (1)"), userPassword): Text '12345678' is set on object 'Object Repository/Page_Chiragh/input_Sign In_userPassword (1)'

2019-01-03 12:32:50 - [MESSAGE][PASSED] - Text '12345678' is set on object 'Object Repository/Page_Chiragh/input_Sign In_userPassword (1)'

2019-01-03 12:32:50 - [TEST_STEP][PASSED] - click(findTestObject("sell/Page_Chiragh/button_Sign In")): Object: 'Object Repository/sell/Page_Chiragh/button_Sign In' is clicked on

2019-01-03 12:32:50 - [MESSAGE][PASSED] - Object: 'Object Repository/sell/Page_Chiragh/button_Sign In' is clicked on

2019-01-03 12:32:50 - [TEST_STEP][PASSED] - delay(3): Delayed 3 second(s)

2019-01-03 12:32:53 - [MESSAGE][PASSED] - Delayed 3 second(s)

2019-01-03 12:32:53 - [TEST_STEP][PASSED] - verifyTextPresent(userName, false): Text 'newuser11' is present on page 

2019-01-03 12:32:54 - [MESSAGE][PASSED] - Text 'newuser11' is present on page 

2019-01-03 12:32:54 - [TEST_STEP][PASSED] - click(findTestObject("Object Repository/Page_Chiragh/button_Sign In")): Object: 'Object Repository/Page_Chiragh/button_Sign In' is clicked on

2019-01-03 12:32:54 - [MESSAGE][PASSED] - Object: 'Object Repository/Page_Chiragh/button_Sign In' is clicked on

2019-01-03 12:32:54 - [TEST_STEP][PASSED] - closeBrowser(): Browser is closed

2019-01-03 12:32:55 - [MESSAGE][PASSED] - Browser is closed

2019-01-03 12:32:55 - [TEST_STEP][PASSED] - Start listener action : sampleAfterTestCase: null

2019-01-03 12:32:55 - [TEST_STEP][PASSED] - println(testCaseContext.getTestCaseId()): null

2019-01-03 12:32:55 - [TEST_STEP][PASSED] - println(testCaseContext.getTestCaseStatus()): null]]></system-out>
         <system-err><![CDATA[]]></system-err>
      </testcase>
      <testcase name="Test Cases/home page/Contact Us" classname="Test Cases/home page/Contact Us" status="PASSED">
         <system-out><![CDATA[2019-01-03 12:32:55 - [TEST_CASE][PASSED] - Test Cases/home page/Contact Us: Test Cases/home page/Contact Us

2019-01-03 12:32:55 - [TEST_STEP][PASSED] - openBrowser(""): Browser is opened with url: ''

2019-01-03 12:32:55 - [MESSAGE][INFO] - Starting 'Chrome' driver

2019-01-03 12:32:57 - [MESSAGE][PASSED] - Browser is opened with url: ''

2019-01-03 12:32:57 - [TEST_STEP][PASSED] - navigateToUrl(Url): Navigate to 'http://demo.chiragh.com/' successfully

2019-01-03 12:33:06 - [MESSAGE][PASSED] - Navigate to 'http://demo.chiragh.com/' successfully

2019-01-03 12:33:06 - [TEST_STEP][PASSED] - maximizeWindow(): Current window maximized

2019-01-03 12:33:07 - [MESSAGE][PASSED] - Current window maximized

2019-01-03 12:33:07 - [TEST_STEP][PASSED] - delay(3): Delayed 3 second(s)

2019-01-03 12:33:10 - [MESSAGE][PASSED] - Delayed 3 second(s)

2019-01-03 12:33:10 - [TEST_STEP][PASSED] - click(findTestObject("Object Repository/Contact Us/Page_Chiragh/a_CONTACT US")): Object: 'Object Repository/Contact Us/Page_Chiragh/a_CONTACT US' is clicked on

2019-01-03 12:33:10 - [MESSAGE][PASSED] - Object: 'Object Repository/Contact Us/Page_Chiragh/a_CONTACT US' is clicked on

2019-01-03 12:33:10 - [TEST_STEP][PASSED] - delay(3): Delayed 3 second(s)

2019-01-03 12:33:13 - [MESSAGE][PASSED] - Delayed 3 second(s)

2019-01-03 12:33:13 - [TEST_STEP][PASSED] - verifyElementPresent(findTestObject("Object Repository/Contact Us/Page_Chiragh/div_Headquarter"), 3): Object 'Object Repository/Contact Us/Page_Chiragh/div_Headquarter' is present

2019-01-03 12:33:13 - [MESSAGE][PASSED] - Object 'Object Repository/Contact Us/Page_Chiragh/div_Headquarter' is present

2019-01-03 12:33:13 - [TEST_STEP][PASSED] - closeBrowser(): Browser is closed

2019-01-03 12:33:14 - [MESSAGE][PASSED] - Browser is closed

2019-01-03 12:33:14 - [TEST_STEP][PASSED] - Start listener action : sampleAfterTestCase: null

2019-01-03 12:33:14 - [TEST_STEP][PASSED] - println(testCaseContext.getTestCaseId()): null

2019-01-03 12:33:14 - [TEST_STEP][PASSED] - println(testCaseContext.getTestCaseStatus()): null]]></system-out>
         <system-err><![CDATA[]]></system-err>
      </testcase>
      <testcase name="Test Cases/home page/first learn more" classname="Test Cases/home page/first learn more" status="FAILED">
         <failure type="FAILED" message="Test Cases/home page/first learn more FAILED.
Reason:
com.kms.katalon.core.exception.StepFailedException: Unable to accept alert (Root cause: com.kms.katalon.core.exception.StepFailedException: No alert found)
	at com.kms.katalon.core.keyword.internal.KeywordMain.stepFailed(KeywordMain.groovy:36)
	at com.kms.katalon.core.webui.keyword.internal.WebUIKeywordMain.stepFailed(WebUIKeywordMain.groovy:65)
	at com.kms.katalon.core.webui.keyword.internal.WebUIKeywordMain.runKeyword(WebUIKeywordMain.groovy:27)
	at com.kms.katalon.core.webui.keyword.builtin.AcceptAlertKeyword.acceptAlert(AcceptAlertKeyword.groovy:71)
	at com.kms.katalon.core.webui.keyword.builtin.AcceptAlertKeyword.execute(AcceptAlertKeyword.groovy:66)
	at com.kms.katalon.core.keyword.internal.KeywordExecutor.executeKeywordForPlatform(KeywordExecutor.groovy:53)
	at com.kms.katalon.core.webui.keyword.WebUiBuiltInKeywords.acceptAlert(WebUiBuiltInKeywords.groovy:1492)
	at com.kms.katalon.core.webui.keyword.WebUiBuiltInKeywords$acceptAlert$7.call(Unknown Source)
	at first learn more.run(first learn more:22)
	at com.kms.katalon.core.main.ScriptEngine.run(ScriptEngine.java:194)
	at com.kms.katalon.core.main.ScriptEngine.runScriptAsRawText(ScriptEngine.java:119)
	at com.kms.katalon.core.main.TestCaseExecutor.runScript(TestCaseExecutor.java:328)
	at com.kms.katalon.core.main.TestCaseExecutor.doExecute(TestCaseExecutor.java:319)
	at com.kms.katalon.core.main.TestCaseExecutor.processExecutionPhase(TestCaseExecutor.java:298)
	at com.kms.katalon.core.main.TestCaseExecutor.accessMainPhase(TestCaseExecutor.java:290)
	at com.kms.katalon.core.main.TestCaseExecutor.execute(TestCaseExecutor.java:224)
	at com.kms.katalon.core.main.TestSuiteExecutor.accessTestCaseMainPhase(TestSuiteExecutor.java:129)
	at com.kms.katalon.core.main.TestSuiteExecutor.accessTestSuiteMainPhase(TestSuiteExecutor.java:112)
	at com.kms.katalon.core.main.TestSuiteExecutor.execute(TestSuiteExecutor.java:81)
	at com.kms.katalon.core.main.TestCaseMain.startTestSuite(TestCaseMain.java:149)
	at com.kms.katalon.core.main.TestCaseMain$startTestSuite$0.call(Unknown Source)
	at TempTestSuite1546500703440.run(TempTestSuite1546500703440.groovy:36)
"/>
         <system-out><![CDATA[2019-01-03 12:33:14 - [TEST_CASE][FAILED] - Test Cases/home page/first learn more: Test Cases/home page/first learn more FAILED.
Reason:
com.kms.katalon.core.exception.StepFailedException: Unable to accept alert (Root cause: com.kms.katalon.core.exception.StepFailedException: No alert found)
	at com.kms.katalon.core.keyword.internal.KeywordMain.stepFailed(KeywordMain.groovy:36)
	at com.kms.katalon.core.webui.keyword.internal.WebUIKeywordMain.stepFailed(WebUIKeywordMain.groovy:65)
	at com.kms.katalon.core.webui.keyword.internal.WebUIKeywordMain.runKeyword(WebUIKeywordMain.groovy:27)
	at com.kms.katalon.core.webui.keyword.builtin.AcceptAlertKeyword.acceptAlert(AcceptAlertKeyword.groovy:71)
	at com.kms.katalon.core.webui.keyword.builtin.AcceptAlertKeyword.execute(AcceptAlertKeyword.groovy:66)
	at com.kms.katalon.core.keyword.internal.KeywordExecutor.executeKeywordForPlatform(KeywordExecutor.groovy:53)
	at com.kms.katalon.core.webui.keyword.WebUiBuiltInKeywords.acceptAlert(WebUiBuiltInKeywords.groovy:1492)
	at com.kms.katalon.core.webui.keyword.WebUiBuiltInKeywords$acceptAlert$7.call(Unknown Source)
	at first learn more.run(first learn more:22)
	at com.kms.katalon.core.main.ScriptEngine.run(ScriptEngine.java:194)
	at com.kms.katalon.core.main.ScriptEngine.runScriptAsRawText(ScriptEngine.java:119)
	at com.kms.katalon.core.main.TestCaseExecutor.runScript(TestCaseExecutor.java:328)
	at com.kms.katalon.core.main.TestCaseExecutor.doExecute(TestCaseExecutor.java:319)
	at com.kms.katalon.core.main.TestCaseExecutor.processExecutionPhase(TestCaseExecutor.java:298)
	at com.kms.katalon.core.main.TestCaseExecutor.accessMainPhase(TestCaseExecutor.java:290)
	at com.kms.katalon.core.main.TestCaseExecutor.execute(TestCaseExecutor.java:224)
	at com.kms.katalon.core.main.TestSuiteExecutor.accessTestCaseMainPhase(TestSuiteExecutor.java:129)
	at com.kms.katalon.core.main.TestSuiteExecutor.accessTestSuiteMainPhase(TestSuiteExecutor.java:112)
	at com.kms.katalon.core.main.TestSuiteExecutor.execute(TestSuiteExecutor.java:81)
	at com.kms.katalon.core.main.TestCaseMain.startTestSuite(TestCaseMain.java:149)
	at com.kms.katalon.core.main.TestCaseMain$startTestSuite$0.call(Unknown Source)
	at TempTestSuite1546500703440.run(TempTestSuite1546500703440.groovy:36)


2019-01-03 12:33:14 - [TEST_STEP][PASSED] - openBrowser(""): Browser is opened with url: ''

2019-01-03 12:33:14 - [MESSAGE][INFO] - Starting 'Chrome' driver

2019-01-03 12:33:17 - [MESSAGE][PASSED] - Browser is opened with url: ''

2019-01-03 12:33:17 - [TEST_STEP][PASSED] - navigateToUrl(Url): Navigate to 'http://demo.chiragh.com/' successfully

2019-01-03 12:33:25 - [MESSAGE][PASSED] - Navigate to 'http://demo.chiragh.com/' successfully

2019-01-03 12:33:25 - [TEST_STEP][PASSED] - click(findTestObject("Object Repository/first learn more/Page_Chiragh/button_LEARN MORE")): Object: 'Object Repository/first learn more/Page_Chiragh/button_LEARN MORE' is clicked on

2019-01-03 12:33:25 - [MESSAGE][PASSED] - Object: 'Object Repository/first learn more/Page_Chiragh/button_LEARN MORE' is clicked on

2019-01-03 12:33:25 - [TEST_STEP][FAILED] - acceptAlert(): acceptAlert() FAILED.
Reason:
com.kms.katalon.core.exception.StepFailedException: Unable to accept alert (Root cause: com.kms.katalon.core.exception.StepFailedException: No alert found)
	at com.kms.katalon.core.keyword.internal.KeywordMain.stepFailed(KeywordMain.groovy:36)
	at com.kms.katalon.core.webui.keyword.internal.WebUIKeywordMain.stepFailed(WebUIKeywordMain.groovy:65)
	at com.kms.katalon.core.webui.keyword.internal.WebUIKeywordMain.runKeyword(WebUIKeywordMain.groovy:27)
	at com.kms.katalon.core.webui.keyword.builtin.AcceptAlertKeyword.acceptAlert(AcceptAlertKeyword.groovy:71)
	at com.kms.katalon.core.webui.keyword.builtin.AcceptAlertKeyword.execute(AcceptAlertKeyword.groovy:66)
	at com.kms.katalon.core.keyword.internal.KeywordExecutor.executeKeywordForPlatform(KeywordExecutor.groovy:53)
	at com.kms.katalon.core.webui.keyword.WebUiBuiltInKeywords.acceptAlert(WebUiBuiltInKeywords.groovy:1492)
	at com.kms.katalon.core.webui.keyword.WebUiBuiltInKeywords$acceptAlert$7.call(Unknown Source)
	at first learn more.run(first learn more:22)
	at com.kms.katalon.core.main.ScriptEngine.run(ScriptEngine.java:194)
	at com.kms.katalon.core.main.ScriptEngine.runScriptAsRawText(ScriptEngine.java:119)
	at com.kms.katalon.core.main.TestCaseExecutor.runScript(TestCaseExecutor.java:328)
	at com.kms.katalon.core.main.TestCaseExecutor.doExecute(TestCaseExecutor.java:319)
	at com.kms.katalon.core.main.TestCaseExecutor.processExecutionPhase(TestCaseExecutor.java:298)
	at com.kms.katalon.core.main.TestCaseExecutor.accessMainPhase(TestCaseExecutor.java:290)
	at com.kms.katalon.core.main.TestCaseExecutor.execute(TestCaseExecutor.java:224)
	at com.kms.katalon.core.main.TestSuiteExecutor.accessTestCaseMainPhase(TestSuiteExecutor.java:129)
	at com.kms.katalon.core.main.TestSuiteExecutor.accessTestSuiteMainPhase(TestSuiteExecutor.java:112)
	at com.kms.katalon.core.main.TestSuiteExecutor.execute(TestSuiteExecutor.java:81)
	at com.kms.katalon.core.main.TestCaseMain.startTestSuite(TestCaseMain.java:149)
	at com.kms.katalon.core.main.TestCaseMain$startTestSuite$0.call(Unknown Source)
	at TempTestSuite1546500703440.run(TempTestSuite1546500703440.groovy:36)


2019-01-03 12:33:26 - [MESSAGE][FAILED] - No alert found
[[ATTACHMENT|C:\\Users\\HP\\Katalon Studio\\links\\Reports\\Chiragh links\\20190103_123143\\1546500805785.png]]

2019-01-03 12:33:26 - [MESSAGE][FAILED] - Unable to accept alert (Root cause: com.kms.katalon.core.exception.StepFailedException: No alert found)
[[ATTACHMENT|C:\\Users\\HP\\Katalon Studio\\links\\Reports\\Chiragh links\\20190103_123143\\1546500806280.png]]

2019-01-03 12:33:26 - [MESSAGE][FAILED] - acceptAlert() FAILED.
Reason:
com.kms.katalon.core.exception.StepFailedException: Unable to accept alert (Root cause: com.kms.katalon.core.exception.StepFailedException: No alert found)
	at com.kms.katalon.core.keyword.internal.KeywordMain.stepFailed(KeywordMain.groovy:36)
	at com.kms.katalon.core.webui.keyword.internal.WebUIKeywordMain.stepFailed(WebUIKeywordMain.groovy:65)
	at com.kms.katalon.core.webui.keyword.internal.WebUIKeywordMain.runKeyword(WebUIKeywordMain.groovy:27)
	at com.kms.katalon.core.webui.keyword.builtin.AcceptAlertKeyword.acceptAlert(AcceptAlertKeyword.groovy:71)
	at com.kms.katalon.core.webui.keyword.builtin.AcceptAlertKeyword.execute(AcceptAlertKeyword.groovy:66)
	at com.kms.katalon.core.keyword.internal.KeywordExecutor.executeKeywordForPlatform(KeywordExecutor.groovy:53)
	at com.kms.katalon.core.webui.keyword.WebUiBuiltInKeywords.acceptAlert(WebUiBuiltInKeywords.groovy:1492)
	at com.kms.katalon.core.webui.keyword.WebUiBuiltInKeywords$acceptAlert$7.call(Unknown Source)
	at first learn more.run(first learn more:22)
	at com.kms.katalon.core.main.ScriptEngine.run(ScriptEngine.java:194)
	at com.kms.katalon.core.main.ScriptEngine.runScriptAsRawText(ScriptEngine.java:119)
	at com.kms.katalon.core.main.TestCaseExecutor.runScript(TestCaseExecutor.java:328)
	at com.kms.katalon.core.main.TestCaseExecutor.doExecute(TestCaseExecutor.java:319)
	at com.kms.katalon.core.main.TestCaseExecutor.processExecutionPhase(TestCaseExecutor.java:298)
	at com.kms.katalon.core.main.TestCaseExecutor.accessMainPhase(TestCaseExecutor.java:290)
	at com.kms.katalon.core.main.TestCaseExecutor.execute(TestCaseExecutor.java:224)
	at com.kms.katalon.core.main.TestSuiteExecutor.accessTestCaseMainPhase(TestSuiteExecutor.java:129)
	at com.kms.katalon.core.main.TestSuiteExecutor.accessTestSuiteMainPhase(TestSuiteExecutor.java:112)
	at com.kms.katalon.core.main.TestSuiteExecutor.execute(TestSuiteExecutor.java:81)
	at com.kms.katalon.core.main.TestCaseMain.startTestSuite(TestCaseMain.java:149)
	at com.kms.katalon.core.main.TestCaseMain$startTestSuite$0.call(Unknown Source)
	at TempTestSuite1546500703440.run(TempTestSuite1546500703440.groovy:36)


2019-01-03 12:33:26 - [TEST_STEP][PASSED] - Start listener action : sampleAfterTestCase: null

2019-01-03 12:33:26 - [TEST_STEP][PASSED] - println(testCaseContext.getTestCaseId()): null

2019-01-03 12:33:26 - [TEST_STEP][PASSED] - println(testCaseContext.getTestCaseStatus()): null]]></system-out>
         <system-err><![CDATA[2019-01-03 12:33:14 - [TEST_CASE][FAILED] - Test Cases/home page/first learn more: Test Cases/home page/first learn more FAILED.
Reason:
com.kms.katalon.core.exception.StepFailedException: Unable to accept alert (Root cause: com.kms.katalon.core.exception.StepFailedException: No alert found)
	at com.kms.katalon.core.keyword.internal.KeywordMain.stepFailed(KeywordMain.groovy:36)
	at com.kms.katalon.core.webui.keyword.internal.WebUIKeywordMain.stepFailed(WebUIKeywordMain.groovy:65)
	at com.kms.katalon.core.webui.keyword.internal.WebUIKeywordMain.runKeyword(WebUIKeywordMain.groovy:27)
	at com.kms.katalon.core.webui.keyword.builtin.AcceptAlertKeyword.acceptAlert(AcceptAlertKeyword.groovy:71)
	at com.kms.katalon.core.webui.keyword.builtin.AcceptAlertKeyword.execute(AcceptAlertKeyword.groovy:66)
	at com.kms.katalon.core.keyword.internal.KeywordExecutor.executeKeywordForPlatform(KeywordExecutor.groovy:53)
	at com.kms.katalon.core.webui.keyword.WebUiBuiltInKeywords.acceptAlert(WebUiBuiltInKeywords.groovy:1492)
	at com.kms.katalon.core.webui.keyword.WebUiBuiltInKeywords$acceptAlert$7.call(Unknown Source)
	at first learn more.run(first learn more:22)
	at com.kms.katalon.core.main.ScriptEngine.run(ScriptEngine.java:194)
	at com.kms.katalon.core.main.ScriptEngine.runScriptAsRawText(ScriptEngine.java:119)
	at com.kms.katalon.core.main.TestCaseExecutor.runScript(TestCaseExecutor.java:328)
	at com.kms.katalon.core.main.TestCaseExecutor.doExecute(TestCaseExecutor.java:319)
	at com.kms.katalon.core.main.TestCaseExecutor.processExecutionPhase(TestCaseExecutor.java:298)
	at com.kms.katalon.core.main.TestCaseExecutor.accessMainPhase(TestCaseExecutor.java:290)
	at com.kms.katalon.core.main.TestCaseExecutor.execute(TestCaseExecutor.java:224)
	at com.kms.katalon.core.main.TestSuiteExecutor.accessTestCaseMainPhase(TestSuiteExecutor.java:129)
	at com.kms.katalon.core.main.TestSuiteExecutor.accessTestSuiteMainPhase(TestSuiteExecutor.java:112)
	at com.kms.katalon.core.main.TestSuiteExecutor.execute(TestSuiteExecutor.java:81)
	at com.kms.katalon.core.main.TestCaseMain.startTestSuite(TestCaseMain.java:149)
	at com.kms.katalon.core.main.TestCaseMain$startTestSuite$0.call(Unknown Source)
	at TempTestSuite1546500703440.run(TempTestSuite1546500703440.groovy:36)]]></system-err>
      </testcase>
      <testcase name="Test Cases/home page/load more" classname="Test Cases/home page/load more" status="FAILED">
         <failure type="FAILED" message="Test Cases/home page/load more FAILED.
Reason:
com.kms.katalon.core.exception.StepFailedException: Unable to verify object 'Object Repository/load more/Page_Chiragh/div_property id 51556' is present (Root cause: com.kms.katalon.core.exception.StepFailedException: com.kms.katalon.core.webui.exception.WebElementNotFoundException: Web element with id: 'Object Repository/load more/Page_Chiragh/div_property id 51556' located by 'By.xpath: id(&quot;caSlider&quot;)/div[@class=&quot;block-inner3 w-100&quot;]/div[@class=&quot;row block-item3 ng-star-inserted&quot;]/div[@class=&quot;ca-blocks-col ca-blocks-col-rt px-0 col-md-6&quot;][count(. | //div[(text() = '
            
              property id: 51556
            
            
              
                Burj Khalifa, 3214, Dubai main road
              
              Dubai main road
            
            
              234 sqm
              4
              3
            
            
              Auction Ends: 24 Apr 2018
              Time Remaining: 22 : 36 : 33
              
    
    
      
      
    
    
  
  

    




              
            
          ' or . = '
            
              property id: 51556
            
            
              
                Burj Khalifa, 3214, Dubai main road
              
              Dubai main road
            
            
              234 sqm
              4
              3
            
            
              Auction Ends: 24 Apr 2018
              Time Remaining: 22 : 36 : 33
              
    
    
      
      
    
    
  
  

    




              
            
          ')]) = count(//div[(text() = '
            
              property id: 51556
            
            
              
                Burj Khalifa, 3214, Dubai main road
              
              Dubai main road
            
            
              234 sqm
              4
              3
            
            
              Auction Ends: 24 Apr 2018
              Time Remaining: 22 : 36 : 33
              
    
    
      
      
    
    
  
  

    




              
            
          ' or . = '
            
              property id: 51556
            
            
              
                Burj Khalifa, 3214, Dubai main road
              
              Dubai main road
            
            
              234 sqm
              4
              3
            
            
              Auction Ends: 24 Apr 2018
              Time Remaining: 22 : 36 : 33
              
    
    
      
      
    
    
  
  

    




              
            
          ')])]' not found)
	at com.kms.katalon.core.keyword.internal.KeywordMain.stepFailed(KeywordMain.groovy:36)
	at com.kms.katalon.core.webui.keyword.internal.WebUIKeywordMain.stepFailed(WebUIKeywordMain.groovy:65)
	at com.kms.katalon.core.webui.keyword.internal.WebUIKeywordMain.runKeyword(WebUIKeywordMain.groovy:27)
	at com.kms.katalon.core.webui.keyword.builtin.VerifyElementPresentKeyword.verifyElementPresent(VerifyElementPresentKeyword.groovy:92)
	at com.kms.katalon.core.webui.keyword.builtin.VerifyElementPresentKeyword.execute(VerifyElementPresentKeyword.groovy:68)
	at com.kms.katalon.core.keyword.internal.KeywordExecutor.executeKeywordForPlatform(KeywordExecutor.groovy:53)
	at com.kms.katalon.core.webui.keyword.WebUiBuiltInKeywords.verifyElementPresent(WebUiBuiltInKeywords.groovy:1434)
	at com.kms.katalon.core.webui.keyword.WebUiBuiltInKeywords$verifyElementPresent$3.call(Unknown Source)
	at load more.run(load more:24)
	at com.kms.katalon.core.main.ScriptEngine.run(ScriptEngine.java:194)
	at com.kms.katalon.core.main.ScriptEngine.runScriptAsRawText(ScriptEngine.java:119)
	at com.kms.katalon.core.main.TestCaseExecutor.runScript(TestCaseExecutor.java:328)
	at com.kms.katalon.core.main.TestCaseExecutor.doExecute(TestCaseExecutor.java:319)
	at com.kms.katalon.core.main.TestCaseExecutor.processExecutionPhase(TestCaseExecutor.java:298)
	at com.kms.katalon.core.main.TestCaseExecutor.accessMainPhase(TestCaseExecutor.java:290)
	at com.kms.katalon.core.main.TestCaseExecutor.execute(TestCaseExecutor.java:224)
	at com.kms.katalon.core.main.TestSuiteExecutor.accessTestCaseMainPhase(TestSuiteExecutor.java:129)
	at com.kms.katalon.core.main.TestSuiteExecutor.accessTestSuiteMainPhase(TestSuiteExecutor.java:112)
	at com.kms.katalon.core.main.TestSuiteExecutor.execute(TestSuiteExecutor.java:81)
	at com.kms.katalon.core.main.TestCaseMain.startTestSuite(TestCaseMain.java:149)
	at com.kms.katalon.core.main.TestCaseMain$startTestSuite$0.call(Unknown Source)
	at TempTestSuite1546500703440.run(TempTestSuite1546500703440.groovy:36)
"/>
         <system-out><![CDATA[2019-01-03 12:33:26 - [TEST_CASE][FAILED] - Test Cases/home page/load more: Test Cases/home page/load more FAILED.
Reason:
com.kms.katalon.core.exception.StepFailedException: Unable to verify object 'Object Repository/load more/Page_Chiragh/div_property id 51556' is present (Root cause: com.kms.katalon.core.exception.StepFailedException: com.kms.katalon.core.webui.exception.WebElementNotFoundException: Web element with id: 'Object Repository/load more/Page_Chiragh/div_property id 51556' located by 'By.xpath: id("caSlider")/div[@class="block-inner3 w-100"]/div[@class="row block-item3 ng-star-inserted"]/div[@class="ca-blocks-col ca-blocks-col-rt px-0 col-md-6"][count(. | //div[(text() = '
            
              property id: 51556
            
            
              
                Burj Khalifa, 3214, Dubai main road
              
              Dubai main road
            
            
              234 sqm
              4
              3
            
            
              Auction Ends: 24 Apr 2018
              Time Remaining: 22 : 36 : 33
              
    
    
      
      
    
    
  
  

    




              
            
          ' or . = '
            
              property id: 51556
            
            
              
                Burj Khalifa, 3214, Dubai main road
              
              Dubai main road
            
            
              234 sqm
              4
              3
            
            
              Auction Ends: 24 Apr 2018
              Time Remaining: 22 : 36 : 33
              
    
    
      
      
    
    
  
  

    




              
            
          ')]) = count(//div[(text() = '
            
              property id: 51556
            
            
              
                Burj Khalifa, 3214, Dubai main road
              
              Dubai main road
            
            
              234 sqm
              4
              3
            
            
              Auction Ends: 24 Apr 2018
              Time Remaining: 22 : 36 : 33
              
    
    
      
      
    
    
  
  

    




              
            
          ' or . = '
            
              property id: 51556
            
            
              
                Burj Khalifa, 3214, Dubai main road
              
              Dubai main road
            
            
              234 sqm
              4
              3
            
            
              Auction Ends: 24 Apr 2018
              Time Remaining: 22 : 36 : 33
              
    
    
      
      
    
    
  
  

    




              
            
          ')])]' not found)
	at com.kms.katalon.core.keyword.internal.KeywordMain.stepFailed(KeywordMain.groovy:36)
	at com.kms.katalon.core.webui.keyword.internal.WebUIKeywordMain.stepFailed(WebUIKeywordMain.groovy:65)
	at com.kms.katalon.core.webui.keyword.internal.WebUIKeywordMain.runKeyword(WebUIKeywordMain.groovy:27)
	at com.kms.katalon.core.webui.keyword.builtin.VerifyElementPresentKeyword.verifyElementPresent(VerifyElementPresentKeyword.groovy:92)
	at com.kms.katalon.core.webui.keyword.builtin.VerifyElementPresentKeyword.execute(VerifyElementPresentKeyword.groovy:68)
	at com.kms.katalon.core.keyword.internal.KeywordExecutor.executeKeywordForPlatform(KeywordExecutor.groovy:53)
	at com.kms.katalon.core.webui.keyword.WebUiBuiltInKeywords.verifyElementPresent(WebUiBuiltInKeywords.groovy:1434)
	at com.kms.katalon.core.webui.keyword.WebUiBuiltInKeywords$verifyElementPresent$3.call(Unknown Source)
	at load more.run(load more:24)
	at com.kms.katalon.core.main.ScriptEngine.run(ScriptEngine.java:194)
	at com.kms.katalon.core.main.ScriptEngine.runScriptAsRawText(ScriptEngine.java:119)
	at com.kms.katalon.core.main.TestCaseExecutor.runScript(TestCaseExecutor.java:328)
	at com.kms.katalon.core.main.TestCaseExecutor.doExecute(TestCaseExecutor.java:319)
	at com.kms.katalon.core.main.TestCaseExecutor.processExecutionPhase(TestCaseExecutor.java:298)
	at com.kms.katalon.core.main.TestCaseExecutor.accessMainPhase(TestCaseExecutor.java:290)
	at com.kms.katalon.core.main.TestCaseExecutor.execute(TestCaseExecutor.java:224)
	at com.kms.katalon.core.main.TestSuiteExecutor.accessTestCaseMainPhase(TestSuiteExecutor.java:129)
	at com.kms.katalon.core.main.TestSuiteExecutor.accessTestSuiteMainPhase(TestSuiteExecutor.java:112)
	at com.kms.katalon.core.main.TestSuiteExecutor.execute(TestSuiteExecutor.java:81)
	at com.kms.katalon.core.main.TestCaseMain.startTestSuite(TestCaseMain.java:149)
	at com.kms.katalon.core.main.TestCaseMain$startTestSuite$0.call(Unknown Source)
	at TempTestSuite1546500703440.run(TempTestSuite1546500703440.groovy:36)


2019-01-03 12:33:26 - [TEST_STEP][PASSED] - openBrowser(""): Browser is opened with url: ''

2019-01-03 12:33:26 - [MESSAGE][WARNING] - A browser is already opened. Closing browser and opening a new one

2019-01-03 12:33:27 - [MESSAGE][INFO] - Starting 'Chrome' driver

2019-01-03 12:33:30 - [MESSAGE][PASSED] - Browser is opened with url: ''

2019-01-03 12:33:30 - [TEST_STEP][PASSED] - navigateToUrl(Url): Navigate to 'http://demo.chiragh.com/' successfully

2019-01-03 12:33:39 - [MESSAGE][PASSED] - Navigate to 'http://demo.chiragh.com/' successfully

2019-01-03 12:33:39 - [TEST_STEP][PASSED] - maximizeWindow(): Current window maximized

2019-01-03 12:33:40 - [MESSAGE][PASSED] - Current window maximized

2019-01-03 12:33:40 - [TEST_STEP][PASSED] - delay(5): Delayed 5 second(s)

2019-01-03 12:33:45 - [MESSAGE][PASSED] - Delayed 5 second(s)

2019-01-03 12:33:45 - [TEST_STEP][FAILED] - verifyElementPresent(findTestObject("load more/Page_Chiragh/div_property id 51556"), 7): verifyElementPresent(findTestObject("load more/Page_Chiragh/div_property id 51556"), 7) FAILED.
Reason:
com.kms.katalon.core.exception.StepFailedException: Unable to verify object 'Object Repository/load more/Page_Chiragh/div_property id 51556' is present (Root cause: com.kms.katalon.core.exception.StepFailedException: com.kms.katalon.core.webui.exception.WebElementNotFoundException: Web element with id: 'Object Repository/load more/Page_Chiragh/div_property id 51556' located by 'By.xpath: id("caSlider")/div[@class="block-inner3 w-100"]/div[@class="row block-item3 ng-star-inserted"]/div[@class="ca-blocks-col ca-blocks-col-rt px-0 col-md-6"][count(. | //div[(text() = '
            
              property id: 51556
            
            
              
                Burj Khalifa, 3214, Dubai main road
              
              Dubai main road
            
            
              234 sqm
              4
              3
            
            
              Auction Ends: 24 Apr 2018
              Time Remaining: 22 : 36 : 33
              
    
    
      
      
    
    
  
  

    




              
            
          ' or . = '
            
              property id: 51556
            
            
              
                Burj Khalifa, 3214, Dubai main road
              
              Dubai main road
            
            
              234 sqm
              4
              3
            
            
              Auction Ends: 24 Apr 2018
              Time Remaining: 22 : 36 : 33
              
    
    
      
      
    
    
  
  

    




              
            
          ')]) = count(//div[(text() = '
            
              property id: 51556
            
            
              
                Burj Khalifa, 3214, Dubai main road
              
              Dubai main road
            
            
              234 sqm
              4
              3
            
            
              Auction Ends: 24 Apr 2018
              Time Remaining: 22 : 36 : 33
              
    
    
      
      
    
    
  
  

    




              
            
          ' or . = '
            
              property id: 51556
            
            
              
                Burj Khalifa, 3214, Dubai main road
              
              Dubai main road
            
            
              234 sqm
              4
              3
            
            
              Auction Ends: 24 Apr 2018
              Time Remaining: 22 : 36 : 33
              
    
    
      
      
    
    
  
  

    




              
            
          ')])]' not found)
	at com.kms.katalon.core.keyword.internal.KeywordMain.stepFailed(KeywordMain.groovy:36)
	at com.kms.katalon.core.webui.keyword.internal.WebUIKeywordMain.stepFailed(WebUIKeywordMain.groovy:65)
	at com.kms.katalon.core.webui.keyword.internal.WebUIKeywordMain.runKeyword(WebUIKeywordMain.groovy:27)
	at com.kms.katalon.core.webui.keyword.builtin.VerifyElementPresentKeyword.verifyElementPresent(VerifyElementPresentKeyword.groovy:92)
	at com.kms.katalon.core.webui.keyword.builtin.VerifyElementPresentKeyword.execute(VerifyElementPresentKeyword.groovy:68)
	at com.kms.katalon.core.keyword.internal.KeywordExecutor.executeKeywordForPlatform(KeywordExecutor.groovy:53)
	at com.kms.katalon.core.webui.keyword.WebUiBuiltInKeywords.verifyElementPresent(WebUiBuiltInKeywords.groovy:1434)
	at com.kms.katalon.core.webui.keyword.WebUiBuiltInKeywords$verifyElementPresent$3.call(Unknown Source)
	at load more.run(load more:24)
	at com.kms.katalon.core.main.ScriptEngine.run(ScriptEngine.java:194)
	at com.kms.katalon.core.main.ScriptEngine.runScriptAsRawText(ScriptEngine.java:119)
	at com.kms.katalon.core.main.TestCaseExecutor.runScript(TestCaseExecutor.java:328)
	at com.kms.katalon.core.main.TestCaseExecutor.doExecute(TestCaseExecutor.java:319)
	at com.kms.katalon.core.main.TestCaseExecutor.processExecutionPhase(TestCaseExecutor.java:298)
	at com.kms.katalon.core.main.TestCaseExecutor.accessMainPhase(TestCaseExecutor.java:290)
	at com.kms.katalon.core.main.TestCaseExecutor.execute(TestCaseExecutor.java:224)
	at com.kms.katalon.core.main.TestSuiteExecutor.accessTestCaseMainPhase(TestSuiteExecutor.java:129)
	at com.kms.katalon.core.main.TestSuiteExecutor.accessTestSuiteMainPhase(TestSuiteExecutor.java:112)
	at com.kms.katalon.core.main.TestSuiteExecutor.execute(TestSuiteExecutor.java:81)
	at com.kms.katalon.core.main.TestCaseMain.startTestSuite(TestCaseMain.java:149)
	at com.kms.katalon.core.main.TestCaseMain$startTestSuite$0.call(Unknown Source)
	at TempTestSuite1546500703440.run(TempTestSuite1546500703440.groovy:36)


2019-01-03 12:33:52 - [MESSAGE][INFO] - Unable to find the element located by 'By.xpath: id("caSlider")/div[@class="block-inner3 w-100"]/div[@class="row block-item3 ng-star-inserted"]/div[@class="ca-blocks-col ca-blocks-col-rt px-0 col-md-6"][count(. | //div[(text() = '
            
              property id: 51556
            
            
              
                Burj Khalifa, 3214, Dubai main road
              
              Dubai main road
            
            
              234 sqm
              4
              3
            
            
              Auction Ends: 24 Apr 2018
              Time Remaining: 22 : 36 : 33
              
    
    
      
      
    
    
  
  

    




              
            
          ' or . = '
            
              property id: 51556
            
            
              
                Burj Khalifa, 3214, Dubai main road
              
              Dubai main road
            
            
              234 sqm
              4
              3
            
            
              Auction Ends: 24 Apr 2018
              Time Remaining: 22 : 36 : 33
              
    
    
      
      
    
    
  
  

    




              
            
          ')]) = count(//div[(text() = '
            
              property id: 51556
            
            
              
                Burj Khalifa, 3214, Dubai main road
              
              Dubai main road
            
            
              234 sqm
              4
              3
            
            
              Auction Ends: 24 Apr 2018
              Time Remaining: 22 : 36 : 33
              
    
    
      
      
    
    
  
  

    




              
            
          ' or . = '
            
              property id: 51556
            
            
              
                Burj Khalifa, 3214, Dubai main road
              
              Dubai main road
            
            
              234 sqm
              4
              3
            
            
              Auction Ends: 24 Apr 2018
              Time Remaining: 22 : 36 : 33
              
    
    
      
      
    
    
  
  

    




              
            
          ')])]'. Please recheck the objects properties to make sure the desired element is located. 

2019-01-03 12:33:53 - [MESSAGE][FAILED] - com.kms.katalon.core.webui.exception.WebElementNotFoundException: Web element with id: 'Object Repository/load more/Page_Chiragh/div_property id 51556' located by 'By.xpath: id("caSlider")/div[@class="block-inner3 w-100"]/div[@class="row block-item3 ng-star-inserted"]/div[@class="ca-blocks-col ca-blocks-col-rt px-0 col-md-6"][count(. | //div[(text() = '
            
              property id: 51556
            
            
              
                Burj Khalifa, 3214, Dubai main road
              
              Dubai main road
            
            
              234 sqm
              4
              3
            
            
              Auction Ends: 24 Apr 2018
              Time Remaining: 22 : 36 : 33
              
    
    
      
      
    
    
  
  

    




              
            
          ' or . = '
            
              property id: 51556
            
            
              
                Burj Khalifa, 3214, Dubai main road
              
              Dubai main road
            
            
              234 sqm
              4
              3
            
            
              Auction Ends: 24 Apr 2018
              Time Remaining: 22 : 36 : 33
              
    
    
      
      
    
    
  
  

    




              
            
          ')]) = count(//div[(text() = '
            
              property id: 51556
            
            
              
                Burj Khalifa, 3214, Dubai main road
              
              Dubai main road
            
            
              234 sqm
              4
              3
            
            
              Auction Ends: 24 Apr 2018
              Time Remaining: 22 : 36 : 33
              
    
    
      
      
    
    
  
  

    




              
            
          ' or . = '
            
              property id: 51556
            
            
              
                Burj Khalifa, 3214, Dubai main road
              
              Dubai main road
            
            
              234 sqm
              4
              3
            
            
              Auction Ends: 24 Apr 2018
              Time Remaining: 22 : 36 : 33
              
    
    
      
      
    
    
  
  

    




              
            
          ')])]' not found
[[ATTACHMENT|C:\\Users\\HP\\Katalon Studio\\links\\Reports\\Chiragh links\\20190103_123143\\1546500832932.png]]

2019-01-03 12:33:54 - [MESSAGE][FAILED] - Unable to verify object 'Object Repository/load more/Page_Chiragh/div_property id 51556' is present (Root cause: com.kms.katalon.core.exception.StepFailedException: com.kms.katalon.core.webui.exception.WebElementNotFoundException: Web element with id: 'Object Repository/load more/Page_Chiragh/div_property id 51556' located by 'By.xpath: id("caSlider")/div[@class="block-inner3 w-100"]/div[@class="row block-item3 ng-star-inserted"]/div[@class="ca-blocks-col ca-blocks-col-rt px-0 col-md-6"][count(. | //div[(text() = '
            
              property id: 51556
            
            
              
                Burj Khalifa, 3214, Dubai main road
              
              Dubai main road
            
            
              234 sqm
              4
              3
            
            
              Auction Ends: 24 Apr 2018
              Time Remaining: 22 : 36 : 33
              
    
    
      
      
    
    
  
  

    




              
            
          ' or . = '
            
              property id: 51556
            
            
              
                Burj Khalifa, 3214, Dubai main road
              
              Dubai main road
            
            
              234 sqm
              4
              3
            
            
              Auction Ends: 24 Apr 2018
              Time Remaining: 22 : 36 : 33
              
    
    
      
      
    
    
  
  

    




              
            
          ')]) = count(//div[(text() = '
            
              property id: 51556
            
            
              
                Burj Khalifa, 3214, Dubai main road
              
              Dubai main road
            
            
              234 sqm
              4
              3
            
            
              Auction Ends: 24 Apr 2018
              Time Remaining: 22 : 36 : 33
              
    
    
      
      
    
    
  
  

    




              
            
          ' or . = '
            
              property id: 51556
            
            
              
                Burj Khalifa, 3214, Dubai main road
              
              Dubai main road
            
            
              234 sqm
              4
              3
            
            
              Auction Ends: 24 Apr 2018
              Time Remaining: 22 : 36 : 33
              
    
    
      
      
    
    
  
  

    




              
            
          ')])]' not found)
[[ATTACHMENT|C:\\Users\\HP\\Katalon Studio\\links\\Reports\\Chiragh links\\20190103_123143\\1546500833765.png]]

2019-01-03 12:33:54 - [MESSAGE][FAILED] - verifyElementPresent(findTestObject("load more/Page_Chiragh/div_property id 51556"), 7) FAILED.
Reason:
com.kms.katalon.core.exception.StepFailedException: Unable to verify object 'Object Repository/load more/Page_Chiragh/div_property id 51556' is present (Root cause: com.kms.katalon.core.exception.StepFailedException: com.kms.katalon.core.webui.exception.WebElementNotFoundException: Web element with id: 'Object Repository/load more/Page_Chiragh/div_property id 51556' located by 'By.xpath: id("caSlider")/div[@class="block-inner3 w-100"]/div[@class="row block-item3 ng-star-inserted"]/div[@class="ca-blocks-col ca-blocks-col-rt px-0 col-md-6"][count(. | //div[(text() = '
            
              property id: 51556
            
            
              
                Burj Khalifa, 3214, Dubai main road
              
              Dubai main road
            
            
              234 sqm
              4
              3
            
            
              Auction Ends: 24 Apr 2018
              Time Remaining: 22 : 36 : 33
              
    
    
      
      
    
    
  
  

    




              
            
          ' or . = '
            
              property id: 51556
            
            
              
                Burj Khalifa, 3214, Dubai main road
              
              Dubai main road
            
            
              234 sqm
              4
              3
            
            
              Auction Ends: 24 Apr 2018
              Time Remaining: 22 : 36 : 33
              
    
    
      
      
    
    
  
  

    




              
            
          ')]) = count(//div[(text() = '
            
              property id: 51556
            
            
              
                Burj Khalifa, 3214, Dubai main road
              
              Dubai main road
            
            
              234 sqm
              4
              3
            
            
              Auction Ends: 24 Apr 2018
              Time Remaining: 22 : 36 : 33
              
    
    
      
      
    
    
  
  

    




              
            
          ' or . = '
            
              property id: 51556
            
            
              
                Burj Khalifa, 3214, Dubai main road
              
              Dubai main road
            
            
              234 sqm
              4
              3
            
            
              Auction Ends: 24 Apr 2018
              Time Remaining: 22 : 36 : 33
              
    
    
      
      
    
    
  
  

    




              
            
          ')])]' not found)
	at com.kms.katalon.core.keyword.internal.KeywordMain.stepFailed(KeywordMain.groovy:36)
	at com.kms.katalon.core.webui.keyword.internal.WebUIKeywordMain.stepFailed(WebUIKeywordMain.groovy:65)
	at com.kms.katalon.core.webui.keyword.internal.WebUIKeywordMain.runKeyword(WebUIKeywordMain.groovy:27)
	at com.kms.katalon.core.webui.keyword.builtin.VerifyElementPresentKeyword.verifyElementPresent(VerifyElementPresentKeyword.groovy:92)
	at com.kms.katalon.core.webui.keyword.builtin.VerifyElementPresentKeyword.execute(VerifyElementPresentKeyword.groovy:68)
	at com.kms.katalon.core.keyword.internal.KeywordExecutor.executeKeywordForPlatform(KeywordExecutor.groovy:53)
	at com.kms.katalon.core.webui.keyword.WebUiBuiltInKeywords.verifyElementPresent(WebUiBuiltInKeywords.groovy:1434)
	at com.kms.katalon.core.webui.keyword.WebUiBuiltInKeywords$verifyElementPresent$3.call(Unknown Source)
	at load more.run(load more:24)
	at com.kms.katalon.core.main.ScriptEngine.run(ScriptEngine.java:194)
	at com.kms.katalon.core.main.ScriptEngine.runScriptAsRawText(ScriptEngine.java:119)
	at com.kms.katalon.core.main.TestCaseExecutor.runScript(TestCaseExecutor.java:328)
	at com.kms.katalon.core.main.TestCaseExecutor.doExecute(TestCaseExecutor.java:319)
	at com.kms.katalon.core.main.TestCaseExecutor.processExecutionPhase(TestCaseExecutor.java:298)
	at com.kms.katalon.core.main.TestCaseExecutor.accessMainPhase(TestCaseExecutor.java:290)
	at com.kms.katalon.core.main.TestCaseExecutor.execute(TestCaseExecutor.java:224)
	at com.kms.katalon.core.main.TestSuiteExecutor.accessTestCaseMainPhase(TestSuiteExecutor.java:129)
	at com.kms.katalon.core.main.TestSuiteExecutor.accessTestSuiteMainPhase(TestSuiteExecutor.java:112)
	at com.kms.katalon.core.main.TestSuiteExecutor.execute(TestSuiteExecutor.java:81)
	at com.kms.katalon.core.main.TestCaseMain.startTestSuite(TestCaseMain.java:149)
	at com.kms.katalon.core.main.TestCaseMain$startTestSuite$0.call(Unknown Source)
	at TempTestSuite1546500703440.run(TempTestSuite1546500703440.groovy:36)


2019-01-03 12:33:54 - [TEST_STEP][PASSED] - Start listener action : sampleAfterTestCase: null

2019-01-03 12:33:54 - [TEST_STEP][PASSED] - println(testCaseContext.getTestCaseId()): null

2019-01-03 12:33:54 - [TEST_STEP][PASSED] - println(testCaseContext.getTestCaseStatus()): null]]></system-out>
         <system-err><![CDATA[2019-01-03 12:33:26 - [TEST_CASE][FAILED] - Test Cases/home page/load more: Test Cases/home page/load more FAILED.
Reason:
com.kms.katalon.core.exception.StepFailedException: Unable to verify object 'Object Repository/load more/Page_Chiragh/div_property id 51556' is present (Root cause: com.kms.katalon.core.exception.StepFailedException: com.kms.katalon.core.webui.exception.WebElementNotFoundException: Web element with id: 'Object Repository/load more/Page_Chiragh/div_property id 51556' located by 'By.xpath: id("caSlider")/div[@class="block-inner3 w-100"]/div[@class="row block-item3 ng-star-inserted"]/div[@class="ca-blocks-col ca-blocks-col-rt px-0 col-md-6"][count(. | //div[(text() = '
            
              property id: 51556
            
            
              
                Burj Khalifa, 3214, Dubai main road
              
              Dubai main road
            
            
              234 sqm
              4
              3
            
            
              Auction Ends: 24 Apr 2018
              Time Remaining: 22 : 36 : 33
              
    
    
      
      
    
    
  
  

    




              
            
          ' or . = '
            
              property id: 51556
            
            
              
                Burj Khalifa, 3214, Dubai main road
              
              Dubai main road
            
            
              234 sqm
              4
              3
            
            
              Auction Ends: 24 Apr 2018
              Time Remaining: 22 : 36 : 33
              
    
    
      
      
    
    
  
  

    




              
            
          ')]) = count(//div[(text() = '
            
              property id: 51556
            
            
              
                Burj Khalifa, 3214, Dubai main road
              
              Dubai main road
            
            
              234 sqm
              4
              3
            
            
              Auction Ends: 24 Apr 2018
              Time Remaining: 22 : 36 : 33
              
    
    
      
      
    
    
  
  

    




              
            
          ' or . = '
            
              property id: 51556
            
            
              
                Burj Khalifa, 3214, Dubai main road
              
              Dubai main road
            
            
              234 sqm
              4
              3
            
            
              Auction Ends: 24 Apr 2018
              Time Remaining: 22 : 36 : 33
              
    
    
      
      
    
    
  
  

    




              
            
          ')])]' not found)
	at com.kms.katalon.core.keyword.internal.KeywordMain.stepFailed(KeywordMain.groovy:36)
	at com.kms.katalon.core.webui.keyword.internal.WebUIKeywordMain.stepFailed(WebUIKeywordMain.groovy:65)
	at com.kms.katalon.core.webui.keyword.internal.WebUIKeywordMain.runKeyword(WebUIKeywordMain.groovy:27)
	at com.kms.katalon.core.webui.keyword.builtin.VerifyElementPresentKeyword.verifyElementPresent(VerifyElementPresentKeyword.groovy:92)
	at com.kms.katalon.core.webui.keyword.builtin.VerifyElementPresentKeyword.execute(VerifyElementPresentKeyword.groovy:68)
	at com.kms.katalon.core.keyword.internal.KeywordExecutor.executeKeywordForPlatform(KeywordExecutor.groovy:53)
	at com.kms.katalon.core.webui.keyword.WebUiBuiltInKeywords.verifyElementPresent(WebUiBuiltInKeywords.groovy:1434)
	at com.kms.katalon.core.webui.keyword.WebUiBuiltInKeywords$verifyElementPresent$3.call(Unknown Source)
	at load more.run(load more:24)
	at com.kms.katalon.core.main.ScriptEngine.run(ScriptEngine.java:194)
	at com.kms.katalon.core.main.ScriptEngine.runScriptAsRawText(ScriptEngine.java:119)
	at com.kms.katalon.core.main.TestCaseExecutor.runScript(TestCaseExecutor.java:328)
	at com.kms.katalon.core.main.TestCaseExecutor.doExecute(TestCaseExecutor.java:319)
	at com.kms.katalon.core.main.TestCaseExecutor.processExecutionPhase(TestCaseExecutor.java:298)
	at com.kms.katalon.core.main.TestCaseExecutor.accessMainPhase(TestCaseExecutor.java:290)
	at com.kms.katalon.core.main.TestCaseExecutor.execute(TestCaseExecutor.java:224)
	at com.kms.katalon.core.main.TestSuiteExecutor.accessTestCaseMainPhase(TestSuiteExecutor.java:129)
	at com.kms.katalon.core.main.TestSuiteExecutor.accessTestSuiteMainPhase(TestSuiteExecutor.java:112)
	at com.kms.katalon.core.main.TestSuiteExecutor.execute(TestSuiteExecutor.java:81)
	at com.kms.katalon.core.main.TestCaseMain.startTestSuite(TestCaseMain.java:149)
	at com.kms.katalon.core.main.TestCaseMain$startTestSuite$0.call(Unknown Source)
	at TempTestSuite1546500703440.run(TempTestSuite1546500703440.groovy:36)]]></system-err>
      </testcase>
      <testcase name="Test Cases/home page/second learn more" classname="Test Cases/home page/second learn more" status="FAILED">
         <failure type="FAILED" message="Test Cases/home page/second learn more FAILED.
Reason:
com.kms.katalon.core.exception.StepFailedException: Unable to accept alert (Root cause: com.kms.katalon.core.exception.StepFailedException: No alert found)
	at com.kms.katalon.core.keyword.internal.KeywordMain.stepFailed(KeywordMain.groovy:36)
	at com.kms.katalon.core.webui.keyword.internal.WebUIKeywordMain.stepFailed(WebUIKeywordMain.groovy:65)
	at com.kms.katalon.core.webui.keyword.internal.WebUIKeywordMain.runKeyword(WebUIKeywordMain.groovy:27)
	at com.kms.katalon.core.webui.keyword.builtin.AcceptAlertKeyword.acceptAlert(AcceptAlertKeyword.groovy:71)
	at com.kms.katalon.core.webui.keyword.builtin.AcceptAlertKeyword.execute(AcceptAlertKeyword.groovy:66)
	at com.kms.katalon.core.keyword.internal.KeywordExecutor.executeKeywordForPlatform(KeywordExecutor.groovy:53)
	at com.kms.katalon.core.webui.keyword.WebUiBuiltInKeywords.acceptAlert(WebUiBuiltInKeywords.groovy:1492)
	at com.kms.katalon.core.webui.keyword.WebUiBuiltInKeywords$acceptAlert$7.call(Unknown Source)
	at second learn more.run(second learn more:24)
	at com.kms.katalon.core.main.ScriptEngine.run(ScriptEngine.java:194)
	at com.kms.katalon.core.main.ScriptEngine.runScriptAsRawText(ScriptEngine.java:119)
	at com.kms.katalon.core.main.TestCaseExecutor.runScript(TestCaseExecutor.java:328)
	at com.kms.katalon.core.main.TestCaseExecutor.doExecute(TestCaseExecutor.java:319)
	at com.kms.katalon.core.main.TestCaseExecutor.processExecutionPhase(TestCaseExecutor.java:298)
	at com.kms.katalon.core.main.TestCaseExecutor.accessMainPhase(TestCaseExecutor.java:290)
	at com.kms.katalon.core.main.TestCaseExecutor.execute(TestCaseExecutor.java:224)
	at com.kms.katalon.core.main.TestSuiteExecutor.accessTestCaseMainPhase(TestSuiteExecutor.java:129)
	at com.kms.katalon.core.main.TestSuiteExecutor.accessTestSuiteMainPhase(TestSuiteExecutor.java:112)
	at com.kms.katalon.core.main.TestSuiteExecutor.execute(TestSuiteExecutor.java:81)
	at com.kms.katalon.core.main.TestCaseMain.startTestSuite(TestCaseMain.java:149)
	at com.kms.katalon.core.main.TestCaseMain$startTestSuite$0.call(Unknown Source)
	at TempTestSuite1546500703440.run(TempTestSuite1546500703440.groovy:36)
"/>
         <system-out><![CDATA[2019-01-03 12:33:54 - [TEST_CASE][FAILED] - Test Cases/home page/second learn more: Test Cases/home page/second learn more FAILED.
Reason:
com.kms.katalon.core.exception.StepFailedException: Unable to accept alert (Root cause: com.kms.katalon.core.exception.StepFailedException: No alert found)
	at com.kms.katalon.core.keyword.internal.KeywordMain.stepFailed(KeywordMain.groovy:36)
	at com.kms.katalon.core.webui.keyword.internal.WebUIKeywordMain.stepFailed(WebUIKeywordMain.groovy:65)
	at com.kms.katalon.core.webui.keyword.internal.WebUIKeywordMain.runKeyword(WebUIKeywordMain.groovy:27)
	at com.kms.katalon.core.webui.keyword.builtin.AcceptAlertKeyword.acceptAlert(AcceptAlertKeyword.groovy:71)
	at com.kms.katalon.core.webui.keyword.builtin.AcceptAlertKeyword.execute(AcceptAlertKeyword.groovy:66)
	at com.kms.katalon.core.keyword.internal.KeywordExecutor.executeKeywordForPlatform(KeywordExecutor.groovy:53)
	at com.kms.katalon.core.webui.keyword.WebUiBuiltInKeywords.acceptAlert(WebUiBuiltInKeywords.groovy:1492)
	at com.kms.katalon.core.webui.keyword.WebUiBuiltInKeywords$acceptAlert$7.call(Unknown Source)
	at second learn more.run(second learn more:24)
	at com.kms.katalon.core.main.ScriptEngine.run(ScriptEngine.java:194)
	at com.kms.katalon.core.main.ScriptEngine.runScriptAsRawText(ScriptEngine.java:119)
	at com.kms.katalon.core.main.TestCaseExecutor.runScript(TestCaseExecutor.java:328)
	at com.kms.katalon.core.main.TestCaseExecutor.doExecute(TestCaseExecutor.java:319)
	at com.kms.katalon.core.main.TestCaseExecutor.processExecutionPhase(TestCaseExecutor.java:298)
	at com.kms.katalon.core.main.TestCaseExecutor.accessMainPhase(TestCaseExecutor.java:290)
	at com.kms.katalon.core.main.TestCaseExecutor.execute(TestCaseExecutor.java:224)
	at com.kms.katalon.core.main.TestSuiteExecutor.accessTestCaseMainPhase(TestSuiteExecutor.java:129)
	at com.kms.katalon.core.main.TestSuiteExecutor.accessTestSuiteMainPhase(TestSuiteExecutor.java:112)
	at com.kms.katalon.core.main.TestSuiteExecutor.execute(TestSuiteExecutor.java:81)
	at com.kms.katalon.core.main.TestCaseMain.startTestSuite(TestCaseMain.java:149)
	at com.kms.katalon.core.main.TestCaseMain$startTestSuite$0.call(Unknown Source)
	at TempTestSuite1546500703440.run(TempTestSuite1546500703440.groovy:36)


2019-01-03 12:33:54 - [TEST_STEP][PASSED] - openBrowser(""): Browser is opened with url: ''

2019-01-03 12:33:54 - [MESSAGE][WARNING] - A browser is already opened. Closing browser and opening a new one

2019-01-03 12:33:55 - [MESSAGE][INFO] - Starting 'Chrome' driver

2019-01-03 12:33:58 - [MESSAGE][PASSED] - Browser is opened with url: ''

2019-01-03 12:33:58 - [TEST_STEP][PASSED] - navigateToUrl(Url): Navigate to 'http://demo.chiragh.com/' successfully

2019-01-03 12:34:08 - [MESSAGE][PASSED] - Navigate to 'http://demo.chiragh.com/' successfully

2019-01-03 12:34:08 - [TEST_STEP][PASSED] - maximizeWindow(): Current window maximized

2019-01-03 12:34:09 - [MESSAGE][PASSED] - Current window maximized

2019-01-03 12:34:09 - [TEST_STEP][PASSED] - click(findTestObject("Object Repository/second learn more/Page_Chiragh/button_LEARN MORE")): Object: 'Object Repository/second learn more/Page_Chiragh/button_LEARN MORE' is clicked on

2019-01-03 12:34:10 - [MESSAGE][PASSED] - Object: 'Object Repository/second learn more/Page_Chiragh/button_LEARN MORE' is clicked on

2019-01-03 12:34:10 - [TEST_STEP][FAILED] - acceptAlert(): acceptAlert() FAILED.
Reason:
com.kms.katalon.core.exception.StepFailedException: Unable to accept alert (Root cause: com.kms.katalon.core.exception.StepFailedException: No alert found)
	at com.kms.katalon.core.keyword.internal.KeywordMain.stepFailed(KeywordMain.groovy:36)
	at com.kms.katalon.core.webui.keyword.internal.WebUIKeywordMain.stepFailed(WebUIKeywordMain.groovy:65)
	at com.kms.katalon.core.webui.keyword.internal.WebUIKeywordMain.runKeyword(WebUIKeywordMain.groovy:27)
	at com.kms.katalon.core.webui.keyword.builtin.AcceptAlertKeyword.acceptAlert(AcceptAlertKeyword.groovy:71)
	at com.kms.katalon.core.webui.keyword.builtin.AcceptAlertKeyword.execute(AcceptAlertKeyword.groovy:66)
	at com.kms.katalon.core.keyword.internal.KeywordExecutor.executeKeywordForPlatform(KeywordExecutor.groovy:53)
	at com.kms.katalon.core.webui.keyword.WebUiBuiltInKeywords.acceptAlert(WebUiBuiltInKeywords.groovy:1492)
	at com.kms.katalon.core.webui.keyword.WebUiBuiltInKeywords$acceptAlert$7.call(Unknown Source)
	at second learn more.run(second learn more:24)
	at com.kms.katalon.core.main.ScriptEngine.run(ScriptEngine.java:194)
	at com.kms.katalon.core.main.ScriptEngine.runScriptAsRawText(ScriptEngine.java:119)
	at com.kms.katalon.core.main.TestCaseExecutor.runScript(TestCaseExecutor.java:328)
	at com.kms.katalon.core.main.TestCaseExecutor.doExecute(TestCaseExecutor.java:319)
	at com.kms.katalon.core.main.TestCaseExecutor.processExecutionPhase(TestCaseExecutor.java:298)
	at com.kms.katalon.core.main.TestCaseExecutor.accessMainPhase(TestCaseExecutor.java:290)
	at com.kms.katalon.core.main.TestCaseExecutor.execute(TestCaseExecutor.java:224)
	at com.kms.katalon.core.main.TestSuiteExecutor.accessTestCaseMainPhase(TestSuiteExecutor.java:129)
	at com.kms.katalon.core.main.TestSuiteExecutor.accessTestSuiteMainPhase(TestSuiteExecutor.java:112)
	at com.kms.katalon.core.main.TestSuiteExecutor.execute(TestSuiteExecutor.java:81)
	at com.kms.katalon.core.main.TestCaseMain.startTestSuite(TestCaseMain.java:149)
	at com.kms.katalon.core.main.TestCaseMain$startTestSuite$0.call(Unknown Source)
	at TempTestSuite1546500703440.run(TempTestSuite1546500703440.groovy:36)


2019-01-03 12:34:10 - [MESSAGE][FAILED] - No alert found
[[ATTACHMENT|C:\\Users\\HP\\Katalon Studio\\links\\Reports\\Chiragh links\\20190103_123143\\1546500850472.png]]

2019-01-03 12:34:11 - [MESSAGE][FAILED] - Unable to accept alert (Root cause: com.kms.katalon.core.exception.StepFailedException: No alert found)
[[ATTACHMENT|C:\\Users\\HP\\Katalon Studio\\links\\Reports\\Chiragh links\\20190103_123143\\1546500850842.png]]

2019-01-03 12:34:11 - [MESSAGE][FAILED] - acceptAlert() FAILED.
Reason:
com.kms.katalon.core.exception.StepFailedException: Unable to accept alert (Root cause: com.kms.katalon.core.exception.StepFailedException: No alert found)
	at com.kms.katalon.core.keyword.internal.KeywordMain.stepFailed(KeywordMain.groovy:36)
	at com.kms.katalon.core.webui.keyword.internal.WebUIKeywordMain.stepFailed(WebUIKeywordMain.groovy:65)
	at com.kms.katalon.core.webui.keyword.internal.WebUIKeywordMain.runKeyword(WebUIKeywordMain.groovy:27)
	at com.kms.katalon.core.webui.keyword.builtin.AcceptAlertKeyword.acceptAlert(AcceptAlertKeyword.groovy:71)
	at com.kms.katalon.core.webui.keyword.builtin.AcceptAlertKeyword.execute(AcceptAlertKeyword.groovy:66)
	at com.kms.katalon.core.keyword.internal.KeywordExecutor.executeKeywordForPlatform(KeywordExecutor.groovy:53)
	at com.kms.katalon.core.webui.keyword.WebUiBuiltInKeywords.acceptAlert(WebUiBuiltInKeywords.groovy:1492)
	at com.kms.katalon.core.webui.keyword.WebUiBuiltInKeywords$acceptAlert$7.call(Unknown Source)
	at second learn more.run(second learn more:24)
	at com.kms.katalon.core.main.ScriptEngine.run(ScriptEngine.java:194)
	at com.kms.katalon.core.main.ScriptEngine.runScriptAsRawText(ScriptEngine.java:119)
	at com.kms.katalon.core.main.TestCaseExecutor.runScript(TestCaseExecutor.java:328)
	at com.kms.katalon.core.main.TestCaseExecutor.doExecute(TestCaseExecutor.java:319)
	at com.kms.katalon.core.main.TestCaseExecutor.processExecutionPhase(TestCaseExecutor.java:298)
	at com.kms.katalon.core.main.TestCaseExecutor.accessMainPhase(TestCaseExecutor.java:290)
	at com.kms.katalon.core.main.TestCaseExecutor.execute(TestCaseExecutor.java:224)
	at com.kms.katalon.core.main.TestSuiteExecutor.accessTestCaseMainPhase(TestSuiteExecutor.java:129)
	at com.kms.katalon.core.main.TestSuiteExecutor.accessTestSuiteMainPhase(TestSuiteExecutor.java:112)
	at com.kms.katalon.core.main.TestSuiteExecutor.execute(TestSuiteExecutor.java:81)
	at com.kms.katalon.core.main.TestCaseMain.startTestSuite(TestCaseMain.java:149)
	at com.kms.katalon.core.main.TestCaseMain$startTestSuite$0.call(Unknown Source)
	at TempTestSuite1546500703440.run(TempTestSuite1546500703440.groovy:36)


2019-01-03 12:34:11 - [TEST_STEP][PASSED] - Start listener action : sampleAfterTestCase: null

2019-01-03 12:34:11 - [TEST_STEP][PASSED] - println(testCaseContext.getTestCaseId()): null

2019-01-03 12:34:11 - [TEST_STEP][PASSED] - println(testCaseContext.getTestCaseStatus()): null]]></system-out>
         <system-err><![CDATA[2019-01-03 12:33:54 - [TEST_CASE][FAILED] - Test Cases/home page/second learn more: Test Cases/home page/second learn more FAILED.
Reason:
com.kms.katalon.core.exception.StepFailedException: Unable to accept alert (Root cause: com.kms.katalon.core.exception.StepFailedException: No alert found)
	at com.kms.katalon.core.keyword.internal.KeywordMain.stepFailed(KeywordMain.groovy:36)
	at com.kms.katalon.core.webui.keyword.internal.WebUIKeywordMain.stepFailed(WebUIKeywordMain.groovy:65)
	at com.kms.katalon.core.webui.keyword.internal.WebUIKeywordMain.runKeyword(WebUIKeywordMain.groovy:27)
	at com.kms.katalon.core.webui.keyword.builtin.AcceptAlertKeyword.acceptAlert(AcceptAlertKeyword.groovy:71)
	at com.kms.katalon.core.webui.keyword.builtin.AcceptAlertKeyword.execute(AcceptAlertKeyword.groovy:66)
	at com.kms.katalon.core.keyword.internal.KeywordExecutor.executeKeywordForPlatform(KeywordExecutor.groovy:53)
	at com.kms.katalon.core.webui.keyword.WebUiBuiltInKeywords.acceptAlert(WebUiBuiltInKeywords.groovy:1492)
	at com.kms.katalon.core.webui.keyword.WebUiBuiltInKeywords$acceptAlert$7.call(Unknown Source)
	at second learn more.run(second learn more:24)
	at com.kms.katalon.core.main.ScriptEngine.run(ScriptEngine.java:194)
	at com.kms.katalon.core.main.ScriptEngine.runScriptAsRawText(ScriptEngine.java:119)
	at com.kms.katalon.core.main.TestCaseExecutor.runScript(TestCaseExecutor.java:328)
	at com.kms.katalon.core.main.TestCaseExecutor.doExecute(TestCaseExecutor.java:319)
	at com.kms.katalon.core.main.TestCaseExecutor.processExecutionPhase(TestCaseExecutor.java:298)
	at com.kms.katalon.core.main.TestCaseExecutor.accessMainPhase(TestCaseExecutor.java:290)
	at com.kms.katalon.core.main.TestCaseExecutor.execute(TestCaseExecutor.java:224)
	at com.kms.katalon.core.main.TestSuiteExecutor.accessTestCaseMainPhase(TestSuiteExecutor.java:129)
	at com.kms.katalon.core.main.TestSuiteExecutor.accessTestSuiteMainPhase(TestSuiteExecutor.java:112)
	at com.kms.katalon.core.main.TestSuiteExecutor.execute(TestSuiteExecutor.java:81)
	at com.kms.katalon.core.main.TestCaseMain.startTestSuite(TestCaseMain.java:149)
	at com.kms.katalon.core.main.TestCaseMain$startTestSuite$0.call(Unknown Source)
	at TempTestSuite1546500703440.run(TempTestSuite1546500703440.groovy:36)]]></system-err>
      </testcase>
      <testcase name="Test Cases/home page/start now button" classname="Test Cases/home page/start now button" status="FAILED">
         <failure type="FAILED" message="Test Cases/home page/start now button FAILED.
Reason:
com.kms.katalon.core.exception.StepFailedException: Unable to verify object 'Object Repository/sell/Page_Chiragh/Page_Chiragh/form_Sign In' is present (Root cause: com.kms.katalon.core.exception.StepFailedException: com.kms.katalon.core.webui.exception.WebElementNotFoundException: Web element with id: 'Object Repository/sell/Page_Chiragh/Page_Chiragh/form_Sign In' located by 'By.xpath: (.//*[normalize-space(text()) and normalize-space(.)='Resources'])[1]/following::form[1]' not found)
	at com.kms.katalon.core.keyword.internal.KeywordMain.stepFailed(KeywordMain.groovy:36)
	at com.kms.katalon.core.webui.keyword.internal.WebUIKeywordMain.stepFailed(WebUIKeywordMain.groovy:65)
	at com.kms.katalon.core.webui.keyword.internal.WebUIKeywordMain.runKeyword(WebUIKeywordMain.groovy:27)
	at com.kms.katalon.core.webui.keyword.builtin.VerifyElementPresentKeyword.verifyElementPresent(VerifyElementPresentKeyword.groovy:92)
	at com.kms.katalon.core.webui.keyword.builtin.VerifyElementPresentKeyword.execute(VerifyElementPresentKeyword.groovy:68)
	at com.kms.katalon.core.keyword.internal.KeywordExecutor.executeKeywordForPlatform(KeywordExecutor.groovy:53)
	at com.kms.katalon.core.webui.keyword.WebUiBuiltInKeywords.verifyElementPresent(WebUiBuiltInKeywords.groovy:1434)
	at com.kms.katalon.core.webui.keyword.WebUiBuiltInKeywords$verifyElementPresent$3.call(Unknown Source)
	at start now button.run(start now button:24)
	at com.kms.katalon.core.main.ScriptEngine.run(ScriptEngine.java:194)
	at com.kms.katalon.core.main.ScriptEngine.runScriptAsRawText(ScriptEngine.java:119)
	at com.kms.katalon.core.main.TestCaseExecutor.runScript(TestCaseExecutor.java:328)
	at com.kms.katalon.core.main.TestCaseExecutor.doExecute(TestCaseExecutor.java:319)
	at com.kms.katalon.core.main.TestCaseExecutor.processExecutionPhase(TestCaseExecutor.java:298)
	at com.kms.katalon.core.main.TestCaseExecutor.accessMainPhase(TestCaseExecutor.java:290)
	at com.kms.katalon.core.main.TestCaseExecutor.execute(TestCaseExecutor.java:224)
	at com.kms.katalon.core.main.TestSuiteExecutor.accessTestCaseMainPhase(TestSuiteExecutor.java:129)
	at com.kms.katalon.core.main.TestSuiteExecutor.accessTestSuiteMainPhase(TestSuiteExecutor.java:112)
	at com.kms.katalon.core.main.TestSuiteExecutor.execute(TestSuiteExecutor.java:81)
	at com.kms.katalon.core.main.TestCaseMain.startTestSuite(TestCaseMain.java:149)
	at com.kms.katalon.core.main.TestCaseMain$startTestSuite$0.call(Unknown Source)
	at TempTestSuite1546500703440.run(TempTestSuite1546500703440.groovy:36)
"/>
         <system-out><![CDATA[2019-01-03 12:34:11 - [TEST_CASE][FAILED] - Test Cases/home page/start now button: Test Cases/home page/start now button FAILED.
Reason:
com.kms.katalon.core.exception.StepFailedException: Unable to verify object 'Object Repository/sell/Page_Chiragh/Page_Chiragh/form_Sign In' is present (Root cause: com.kms.katalon.core.exception.StepFailedException: com.kms.katalon.core.webui.exception.WebElementNotFoundException: Web element with id: 'Object Repository/sell/Page_Chiragh/Page_Chiragh/form_Sign In' located by 'By.xpath: (.//*[normalize-space(text()) and normalize-space(.)='Resources'])[1]/following::form[1]' not found)
	at com.kms.katalon.core.keyword.internal.KeywordMain.stepFailed(KeywordMain.groovy:36)
	at com.kms.katalon.core.webui.keyword.internal.WebUIKeywordMain.stepFailed(WebUIKeywordMain.groovy:65)
	at com.kms.katalon.core.webui.keyword.internal.WebUIKeywordMain.runKeyword(WebUIKeywordMain.groovy:27)
	at com.kms.katalon.core.webui.keyword.builtin.VerifyElementPresentKeyword.verifyElementPresent(VerifyElementPresentKeyword.groovy:92)
	at com.kms.katalon.core.webui.keyword.builtin.VerifyElementPresentKeyword.execute(VerifyElementPresentKeyword.groovy:68)
	at com.kms.katalon.core.keyword.internal.KeywordExecutor.executeKeywordForPlatform(KeywordExecutor.groovy:53)
	at com.kms.katalon.core.webui.keyword.WebUiBuiltInKeywords.verifyElementPresent(WebUiBuiltInKeywords.groovy:1434)
	at com.kms.katalon.core.webui.keyword.WebUiBuiltInKeywords$verifyElementPresent$3.call(Unknown Source)
	at start now button.run(start now button:24)
	at com.kms.katalon.core.main.ScriptEngine.run(ScriptEngine.java:194)
	at com.kms.katalon.core.main.ScriptEngine.runScriptAsRawText(ScriptEngine.java:119)
	at com.kms.katalon.core.main.TestCaseExecutor.runScript(TestCaseExecutor.java:328)
	at com.kms.katalon.core.main.TestCaseExecutor.doExecute(TestCaseExecutor.java:319)
	at com.kms.katalon.core.main.TestCaseExecutor.processExecutionPhase(TestCaseExecutor.java:298)
	at com.kms.katalon.core.main.TestCaseExecutor.accessMainPhase(TestCaseExecutor.java:290)
	at com.kms.katalon.core.main.TestCaseExecutor.execute(TestCaseExecutor.java:224)
	at com.kms.katalon.core.main.TestSuiteExecutor.accessTestCaseMainPhase(TestSuiteExecutor.java:129)
	at com.kms.katalon.core.main.TestSuiteExecutor.accessTestSuiteMainPhase(TestSuiteExecutor.java:112)
	at com.kms.katalon.core.main.TestSuiteExecutor.execute(TestSuiteExecutor.java:81)
	at com.kms.katalon.core.main.TestCaseMain.startTestSuite(TestCaseMain.java:149)
	at com.kms.katalon.core.main.TestCaseMain$startTestSuite$0.call(Unknown Source)
	at TempTestSuite1546500703440.run(TempTestSuite1546500703440.groovy:36)


2019-01-03 12:34:11 - [TEST_STEP][PASSED] - openBrowser(""): Browser is opened with url: ''

2019-01-03 12:34:11 - [MESSAGE][WARNING] - A browser is already opened. Closing browser and opening a new one

2019-01-03 12:34:12 - [MESSAGE][INFO] - Starting 'Chrome' driver

2019-01-03 12:34:14 - [MESSAGE][PASSED] - Browser is opened with url: ''

2019-01-03 12:34:14 - [TEST_STEP][PASSED] - navigateToUrl(Url): Navigate to 'http://demo.chiragh.com/' successfully

2019-01-03 12:34:23 - [MESSAGE][PASSED] - Navigate to 'http://demo.chiragh.com/' successfully

2019-01-03 12:34:23 - [TEST_STEP][PASSED] - click(findTestObject("Object Repository/start now button/Page_Chiragh/button_START NOW")): Object: 'Object Repository/start now button/Page_Chiragh/button_START NOW' is clicked on

2019-01-03 12:34:23 - [MESSAGE][PASSED] - Object: 'Object Repository/start now button/Page_Chiragh/button_START NOW' is clicked on

2019-01-03 12:34:23 - [TEST_STEP][PASSED] - waitForPageLoad(5): Wait for page load successfully

2019-01-03 12:34:23 - [MESSAGE][PASSED] - Wait for page load successfully

2019-01-03 12:34:23 - [TEST_STEP][FAILED] - if (verifyElementPresent(findTestObject("sell/Page_Chiragh/Page_Chiragh/form_Sign In"), 3) == true): if (verifyElementPresent(findTestObject("sell/Page_Chiragh/Page_Chiragh/form_Sign In"), 3) == true) FAILED.
Reason:
[...]
	at com.kms.katalon.core.main.TestCaseExecutor.processExecutionPhase(TestCaseExecutor.java:298)
	at com.kms.katalon.core.main.TestCaseExecutor.accessMainPhase(TestCaseExecutor.java:290)
	at com.kms.katalon.core.main.TestCaseExecutor.execute(TestCaseExecutor.java:224)
	at com.kms.katalon.core.main.TestSuiteExecutor.accessTestCaseMainPhase(TestSuiteExecutor.java:129)
	at com.kms.katalon.core.main.TestSuiteExecutor.accessTestSuiteMainPhase(TestSuiteExecutor.java:112)
	at com.kms.katalon.core.main.TestSuiteExecutor.execute(TestSuiteExecutor.java:81)
	at com.kms.katalon.core.main.TestCaseMain.startTestSuite(TestCaseMain.java:149)
	at com.kms.katalon.core.main.TestCaseMain$startTestSuite$0.call(Unknown Source)
	at TempTestSuite1546500703440.run(TempTestSuite1546500703440.groovy:36)
"/>
         <system-out><![CDATA[2019-01-03 12:41:34 - [TEST_CASE][FAILED] - Test Cases/about us page/start selling now button: Test Cases/about us page/start selling now button FAILED.
Reason:
com.kms.katalon.core.exception.StepFailedException: Unable to verify object 'Object Repository/sell/Page_Chiragh/Page_Chiragh/form_Sign In' is present (Root cause: com.kms.katalon.core.exception.StepFailedException: com.kms.katalon.core.webui.exception.WebElementNotFoundException: Web element with id: 'Object Repository/sell/Page_Chiragh/Page_Chiragh/form_Sign In' located by 'By.xpath: (.//*[normalize-space(text()) and normalize-space(.)='Resources'])[1]/following::form[1]' not found)
	at com.kms.katalon.core.keyword.internal.KeywordMain.stepFailed(KeywordMain.groovy:36)
	at com.kms.katalon.core.webui.keyword.internal.WebUIKeywordMain.stepFailed(WebUIKeywordMain.groovy:65)
	at com.kms.katalon.core.webui.keyword.internal.WebUIKeywordMain.runKeyword(WebUIKeywordMain.groovy:27)
	at com.kms.katalon.core.webui.keyword.builtin.VerifyElementPresentKeyword.verifyElementPresent(VerifyElementPresentKeyword.groovy:92)
	at com.kms.katalon.core.webui.keyword.builtin.VerifyElementPresentKeyword.execute(VerifyElementPresentKeyword.groovy:68)
	at com.kms.katalon.core.keyword.internal.KeywordExecutor.executeKeywordForPlatform(KeywordExecutor.groovy:53)
	at com.kms.katalon.core.webui.keyword.WebUiBuiltInKeywords.verifyElementPresent(WebUiBuiltInKeywords.groovy:1434)
	at com.kms.katalon.core.webui.keyword.WebUiBuiltInKeywords$verifyElementPresent$3.call(Unknown Source)
	at start selling now button.run(start selling now button:30)
	at com.kms.katalon.core.main.ScriptEngine.run(ScriptEngine.java:194)
	at com.kms.katalon.core.main.ScriptEngine.runScriptAsRawText(ScriptEngine.java:119)
	at com.kms.katalon.core.main.TestCaseExecutor.runScript(TestCaseExecutor.java:328)
	at com.kms.katalon.core.main.TestCaseExecutor.doExecute(TestCaseExecutor.java:319)
	at com.kms.katalon.core.main.TestCaseExecutor.processExecutionPhase(TestCaseExecutor.java:298)
	at com.kms.katalon.core.main.TestCaseExecutor.accessMainPhase(TestCaseExecutor.java:290)
	at com.kms.katalon.core.main.TestCaseExecutor.execute(TestCaseExecutor.java:224)
	at com.kms.katalon.core.main.TestSuiteExecutor.accessTestCaseMainPhase(TestSuiteExecutor.java:129)
	at com.kms.katalon.core.main.TestSuiteExecutor.accessTestSuiteMainPhase(TestSuiteExecutor.java:112)
	at com.kms.katalon.core.main.TestSuiteExecutor.execute(TestSuiteExecutor.java:81)
	at com.kms.katalon.core.main.TestCaseMain.startTestSuite(TestCaseMain.java:149)
	at com.kms.katalon.core.main.TestCaseMain$startTestSuite$0.call(Unknown Source)
	at TempTestSuite1546500703440.run(TempTestSuite1546500703440.groovy:36)


2019-01-03 12:41:34 - [TEST_STEP][PASSED] - openBrowser(""): Browser is opened with url: ''

2019-01-03 12:41:34 - [MESSAGE][WARNING] - A browser is already opened. Closing browser and opening a new one

2019-01-03 12:41:35 - [MESSAGE][INFO] - Starting 'Chrome' driver

2019-01-03 12:41:38 - [MESSAGE][PASSED] - Browser is opened with url: ''

2019-01-03 12:41:38 - [TEST_STEP][PASSED] - navigateToUrl(Url): Navigate to 'http://demo.chiragh.com/' successfully

2019-01-03 12:41:46 - [MESSAGE][PASSED] - Navigate to 'http://demo.chiragh.com/' successfully

2019-01-03 12:41:46 - [TEST_STEP][PASSED] - maximizeWindow(): Current window maximized

2019-01-03 12:41:47 - [MESSAGE][PASSED] - Current window maximized

2019-01-03 12:41:47 - [TEST_STEP][PASSED] - delay(5): Delayed 5 second(s)

2019-01-03 12:41:52 - [MESSAGE][PASSED] - Delayed 5 second(s)

2019-01-03 12:41:52 - [TEST_STEP][PASSED] - click(findTestObject("Object Repository/about us/Page_Chiragh/a_About Us(current) (1)")): Object: 'Object Repository/about us/Page_Chiragh/a_About Us(current) (1)' is clicked on

2019-01-03 12:41:53 - [MESSAGE][PASSED] - Object: 'Object Repository/about us/Page_Chiragh/a_About Us(current) (1)' is clicked on

2019-01-03 12:41:53 - [TEST_STEP][PASSED] - click(findTestObject("Object Repository/about us/Page_Chiragh/button_Start                Se")): Object: 'Object Repository/about us/Page_Chiragh/button_Start                Se' is clicked on

2019-01-03 12:41:53 - [MESSAGE][PASSED] - Object: 'Object Repository/about us/Page_Chiragh/button_Start                Se' is clicked on

2019-01-03 12:41:53 - [TEST_STEP][PASSED] - waitForPageLoad(5): Wait for page load successfully

2019-01-03 12:41:53 - [MESSAGE][PASSED] - Wait for page load successfully

2019-01-03 12:41:53 - [TEST_STEP][FAILED] - if (verifyElementPresent(findTestObject("sell/Page_Chiragh/Page_Chiragh/form_Sign In"), 3) == true): if (verifyElementPresent(findTestObject("sell/Page_Chiragh/Page_Chiragh/form_Sign In"), 3) == true) FAILED.
Reason:
com.kms.katalon.core.exception.StepFailedException: Unable to verify object 'Object Repository/sell/Page_Chiragh/Page_Chiragh/form_Sign In' is present (Root cause: com.kms.katalon.core.exception.StepFailedException: com.kms.katalon.core.webui.exception.WebElementNotFoundException: Web element with id: 'Object Repository/sell/Page_Chiragh/Page_Chiragh/form_Sign In' located by 'By.xpath: (.//*[normalize-space(text()) and normalize-space(.)='Resources'])[1]/following::form[1]' not found)
	at com.kms.katalon.core.keyword.internal.KeywordMain.stepFailed(KeywordMain.groovy:36)
	at com.kms.katalon.core.webui.keyword.internal.WebUIKeywordMain.stepFailed(WebUIKeywordMain.groovy:65)
	at com.kms.katalon.core.webui.keyword.internal.WebUIKeywordMain.runKeyword(WebUIKeywordMain.groovy:27)
	at com.kms.katalon.core.webui.keyword.builtin.VerifyElementPresentKeyword.verifyElementPresent(VerifyElementPresentKeyword.groovy:92)
	at com.kms.katalon.core.webui.keyword.builtin.VerifyElementPresentKeyword.execute(VerifyElementPresentKeyword.groovy:68)
	at com.kms.katalon.core.keyword.internal.KeywordExecutor.executeKeywordForPlatform(KeywordExecutor.groovy:53)
	at com.kms.katalon.core.webui.keyword.WebUiBuiltInKeywords.verifyElementPresent(WebUiBuiltInKeywords.groovy:1434)
	at com.kms.katalon.core.webui.keyword.WebUiBuiltInKeywords$verifyElementPresent$3.call(Unknown Source)
	at start selling now button.run(start selling now button:30)
	at com.kms.katalon.core.main.ScriptEngine.run(ScriptEngine.java:194)
	at com.kms.katalon.core.main.ScriptEngine.runScriptAsRawText(ScriptEngine.java:119)
	at com.kms.katalon.core.main.TestCaseExecutor.runScript(TestCaseExecutor.java:328)
	at com.kms.katalon.core.main.TestCaseExecutor.doExecute(TestCaseExecutor.java:319)
	at com.kms.katalon.core.main.TestCaseExecutor.processExecutionPhase(TestCaseExecutor.java:298)
	at com.kms.katalon.core.main.TestCaseExecutor.accessMainPhase(TestCaseExecutor.java:290)
	at com.kms.katalon.core.main.TestCaseExecutor.execute(TestCaseExecutor.java:224)
	at com.kms.katalon.core.main.TestSuiteExecutor.accessTestCaseMainPhase(TestSuiteExecutor.java:129)
	at com.kms.katalon.core.main.TestSuiteExecutor.accessTestSuiteMainPhase(TestSuiteExecutor.java:112)
	at com.kms.katalon.core.main.TestSuiteExecutor.execute(TestSuiteExecutor.java:81)
	at com.kms.katalon.core.main.TestCaseMain.startTestSuite(TestCaseMain.java:149)
	at com.kms.katalon.core.main.TestCaseMain$startTestSuite$0.call(Unknown Source)
	at TempTestSuite1546500703440.run(TempTestSuite1546500703440.groovy:36)


2019-01-03 12:41:56 - [MESSAGE][INFO] - Unable to find the element located by 'By.xpath: (.//*[normalize-space(text()) and normalize-space(.)='Resources'])[1]/following::form[1]'. Please recheck the objects properties to make sure the desired element is located. 

2019-01-03 12:41:56 - [MESSAGE][FAILED] - com.kms.katalon.core.webui.exception.WebElementNotFoundException: Web element with id: 'Object Repository/sell/Page_Chiragh/Page_Chiragh/form_Sign In' located by 'By.xpath: (.//*[normalize-space(text()) and normalize-space(.)='Resources'])[1]/following::form[1]' not found
[[ATTACHMENT|C:\\Users\\HP\\Katalon Studio\\links\\Reports\\Chiragh links\\20190103_123143\\1546501316564.png]]

2019-01-03 12:41:57 - [MESSAGE][FAILED] - Unable to verify object 'Object Repository/sell/Page_Chiragh/Page_Chiragh/form_Sign In' is present (Root cause: com.kms.katalon.core.exception.StepFailedException: com.kms.katalon.core.webui.exception.WebElementNotFoundException: Web element with id: 'Object Repository/sell/Page_Chiragh/Page_Chiragh/form_Sign In' located by 'By.xpath: (.//*[normalize-space(text()) and normalize-space(.)='Resources'])[1]/following::form[1]' not found)
[[ATTACHMENT|C:\\Users\\HP\\Katalon Studio\\links\\Reports\\Chiragh links\\20190103_123143\\1546501316846.png]]

2019-01-03 12:41:57 - [MESSAGE][FAILED] - if (verifyElementPresent(findTestObject("sell/Page_Chiragh/Page_Chiragh/form_Sign In"), 3) == true) FAILED.
Reason:
com.kms.katalon.core.exception.StepFailedException: Unable to verify object 'Object Repository/sell/Page_Chiragh/Page_Chiragh/form_Sign In' is present (Root cause: com.kms.katalon.core.exception.StepFailedException: com.kms.katalon.core.webui.exception.WebElementNotFoundException: Web element with id: 'Object Repository/sell/Page_Chiragh/Page_Chiragh/form_Sign In' located by 'By.xpath: (.//*[normalize-space(text()) and normalize-space(.)='Resources'])[1]/following::form[1]' not found)
	at com.kms.katalon.core.keyword.internal.KeywordMain.stepFailed(KeywordMain.groovy:36)
	at com.kms.katalon.core.webui.keyword.internal.WebUIKeywordMain.stepFailed(WebUIKeywordMain.groovy:65)
	at com.kms.katalon.core.webui.keyword.internal.WebUIKeywordMain.runKeyword(WebUIKeywordMain.groovy:27)
	at com.kms.katalon.core.webui.keyword.builtin.VerifyElementPresentKeyword.verifyElementPresent(VerifyElementPresentKeyword.groovy:92)
	at com.kms.katalon.core.webui.keyword.builtin.VerifyElementPresentKeyword.execute(VerifyElementPresentKeyword.groovy:68)
	at com.kms.katalon.core.keyword.internal.KeywordExecutor.executeKeywordForPlatform(KeywordExecutor.groovy:53)
	at com.kms.katalon.core.webui.keyword.WebUiBuiltInKeywords.verifyElementPresent(WebUiBuiltInKeywords.groovy:1434)
	at com.kms.katalon.core.webui.keyword.WebUiBuiltInKeywords$verifyElementPresent$3.call(Unknown Source)
	at start selling now button.run(start selling now button:30)
	at com.kms.katalon.core.main.ScriptEngine.run(ScriptEngine.java:194)
	at com.kms.katalon.core.main.ScriptEngine.runScriptAsRawText(ScriptEngine.java:119)
	at com.kms.katalon.core.main.TestCaseExecutor.runScript(TestCaseExecutor.java:328)
	at com.kms.katalon.core.main.TestCaseExecutor.doExecute(TestCaseExecutor.java:319)
	at com.kms.katalon.core.main.TestCaseExecutor.processExecutionPhase(TestCaseExecutor.java:298)
	at com.kms.katalon.core.main.TestCaseExecutor.accessMainPhase(TestCaseExecutor.java:290)
	at com.kms.katalon.core.main.TestCaseExecutor.execute(TestCaseExecutor.java:224)
	at com.kms.katalon.core.main.TestSuiteExecutor.accessTestCaseMainPhase(TestSuiteExecutor.java:129)
	at com.kms.katalon.core.main.TestSuiteExecutor.accessTestSuiteMainPhase(TestSuiteExecutor.java:112)
	at com.kms.katalon.core.main.TestSuiteExecutor.execute(TestSuiteExecutor.java:81)
	at com.kms.katalon.core.main.TestCaseMain.startTestSuite(TestCaseMain.java:149)
	at com.kms.katalon.core.main.TestCaseMain$startTestSuite$0.call(Unknown Source)
	at TempTestSuite1546500703440.run(TempTestSuite1546500703440.groovy:36)


2019-01-03 12:41:57 - [TEST_STEP][PASSED] - Start listener action : sampleAfterTestCase: null

2019-01-03 12:41:57 - [TEST_STEP][PASSED] - println(testCaseContext.getTestCaseId()): null

2019-01-03 12:41:57 - [TEST_STEP][PASSED] - println(testCaseContext.getTestCaseStatus()): null]]></system-out>
         <system-err><![CDATA[2019-01-03 12:41:34 - [TEST_CASE][FAILED] - Test Cases/about us page/start selling now button: Test Cases/about us page/start selling now button FAILED.
Reason:
com.kms.katalon.core.exception.StepFailedException: Unable to verify object 'Object Repository/sell/Page_Chiragh/Page_Chiragh/form_Sign In' is present (Root cause: com.kms.katalon.core.exception.StepFailedException: com.kms.katalon.core.webui.exception.WebElementNotFoundException: Web element with id: 'Object Repository/sell/Page_Chiragh/Page_Chiragh/form_Sign In' located by 'By.xpath: (.//*[normalize-space(text()) and normalize-space(.)='Resources'])[1]/following::form[1]' not found)
	at com.kms.katalon.core.keyword.internal.KeywordMain.stepFailed(KeywordMain.groovy:36)
	at com.kms.katalon.core.webui.keyword.internal.WebUIKeywordMain.stepFailed(WebUIKeywordMain.groovy:65)
	at com.kms.katalon.core.webui.keyword.internal.WebUIKeywordMain.runKeyword(WebUIKeywordMain.groovy:27)
	at com.kms.katalon.core.webui.keyword.builtin.VerifyElementPresentKeyword.verifyElementPresent(VerifyElementPresentKeyword.groovy:92)
	at com.kms.katalon.core.webui.keyword.builtin.VerifyElementPresentKeyword.execute(VerifyElementPresentKeyword.groovy:68)
	at com.kms.katalon.core.keyword.internal.KeywordExecutor.executeKeywordForPlatform(KeywordExecutor.groovy:53)
	at com.kms.katalon.core.webui.keyword.WebUiBuiltInKeywords.verifyElementPresent(WebUiBuiltInKeywords.groovy:1434)
	at com.kms.katalon.core.webui.keyword.WebUiBuiltInKeywords$verifyElementPresent$3.call(Unknown Source)
	at start selling now button.run(start selling now button:30)
	at com.kms.katalon.core.main.ScriptEngine.run(ScriptEngine.java:194)
	at com.kms.katalon.core.main.ScriptEngine.runScriptAsRawText(ScriptEngine.java:119)
	at com.kms.katalon.core.main.TestCaseExecutor.runScript(TestCaseExecutor.java:328)
	at com.kms.katalon.core.main.TestCaseExecutor.doExecute(TestCaseExecutor.java:319)
	at com.kms.katalon.core.main.TestCaseExecutor.processExecutionPhase(TestCaseExecutor.java:298)
	at com.kms.katalon.core.main.TestCaseExecutor.accessMainPhase(TestCaseExecutor.java:290)
	at com.kms.katalon.core.main.TestCaseExecutor.execute(TestCaseExecutor.java:224)
	at com.kms.katalon.core.main.TestSuiteExecutor.accessTestCaseMainPhase(TestSuiteExecutor.java:129)
	at com.kms.katalon.core.main.TestSuiteExecutor.accessTestSuiteMainPhase(TestSuiteExecutor.java:112)
	at com.kms.katalon.core.main.TestSuiteExecutor.execute(TestSuiteExecutor.java:81)
	at com.kms.katalon.core.main.TestCaseMain.startTestSuite(TestCaseMain.java:149)
	at com.kms.katalon.core.main.TestCaseMain$startTestSuite$0.call(Unknown Source)
	at TempTestSuite1546500703440.run(TempTestSuite1546500703440.groovy:36)]]></system-err>
      </testcase>
      <system-out><![CDATA[2019-01-03 12:31:47 - [TEST_SUITE][FAILED] - Chiragh links: Test Cases/home page/first learn more FAILED.
Reason:
com.kms.katalon.core.exception.StepFailedException: Unable to accept alert (Root cause: com.kms.katalon.core.exception.StepFailedException: No alert found)
	at com.kms.katalon.core.keyword.internal.KeywordMain.stepFailed(KeywordMain.groovy:36)
	at com.kms.katalon.core.webui.keyword.internal.WebUIKeywordMain.stepFailed(WebUIKeywordMain.groovy:65)
	at com.kms.katalon.core.webui.keyword.internal.WebUIKeywordMain.runKeyword(WebUIKeywordMain.groovy:27)
	at com.kms.katalon.core.webui.keyword.builtin.AcceptAlertKeyword.acceptAlert(AcceptAlertKeyword.groovy:71)
	at com.kms.katalon.core.webui.keyword.builtin.AcceptAlertKeyword.execute(AcceptAlertKeyword.groovy:66)
	at com.kms.katalon.core.keyword.internal.KeywordExecutor.executeKeywordForPlatform(KeywordExecutor.groovy:53)
	at com.kms.katalon.core.webui.keyword.WebUiBuiltInKeywords.acceptAlert(WebUiBuiltInKeywords.groovy:1492)
	at com.kms.katalon.core.webui.keyword.WebUiBuiltInKeywords$acceptAlert$7.call(Unknown Source)
	at first learn more.run(first learn more:22)
	at com.kms.katalon.core.main.ScriptEngine.run(ScriptEngine.java:194)
	at com.kms.katalon.core.main.ScriptEngine.runScriptAsRawText(ScriptEngine.java:119)
	at com.kms.katalon.core.main.TestCaseExecutor.runScript(TestCaseExecutor.java:328)
	at com.kms.katalon.core.main.TestCaseExecutor.doExecute(TestCaseExecutor.java:319)
	at com.kms.katalon.core.main.TestCaseExecutor.processExecutionPhase(TestCaseExecutor.java:298)
	at com.kms.katalon.core.main.TestCaseExecutor.accessMainPhase(TestCaseExecutor.java:290)
	at com.kms.katalon.core.main.TestCaseExecutor.execute(TestCaseExecutor.java:224)
	at com.kms.katalon.core.main.TestSuiteExecutor.accessTestCaseMainPhase(TestSuiteExecutor.java:129)
	at com.kms.katalon.core.main.TestSuiteExecutor.accessTestSuiteMainPhase(TestSuiteExecutor.java:112)
	at com.kms.katalon.core.main.TestSuiteExecutor.execute(TestSuiteExecutor.java:81)
	at com.kms.katalon.core.main.TestCaseMain.startTestSuite(TestCaseMain.java:149)
	at com.kms.katalon.core.main.TestCaseMain$startTestSuite$0.call(Unknown Source)
	at TempTestSuite1546500703440.run(TempTestSuite1546500703440.groovy:36)]]></system-out>
      <system-err><![CDATA[2019-01-03 12:31:47 - [TEST_SUITE][FAILED] - Chiragh links: Test Cases/home page/first learn more FAILED.
Reason:
com.kms.katalon.core.exception.StepFailedException: Unable to accept alert (Root cause: com.kms.katalon.core.exception.StepFailedException: No alert found)
	at com.kms.katalon.core.keyword.internal.KeywordMain.stepFailed(KeywordMain.groovy:36)
	at com.kms.katalon.core.webui.keyword.internal.WebUIKeywordMain.stepFailed(WebUIKeywordMain.groovy:65)
	at com.kms.katalon.core.webui.keyword.internal.WebUIKeywordMain.runKeyword(WebUIKeywordMain.groovy:27)
	at com.kms.katalon.core.webui.keyword.builtin.AcceptAlertKeyword.acceptAlert(AcceptAlertKeyword.groovy:71)
	at com.kms.katalon.core.webui.keyword.builtin.AcceptAlertKeyword.execute(AcceptAlertKeyword.groovy:66)
	at com.kms.katalon.core.keyword.internal.KeywordExecutor.executeKeywordForPlatform(KeywordExecutor.groovy:53)
	at com.kms.katalon.core.webui.keyword.WebUiBuiltInKeywords.acceptAlert(WebUiBuiltInKeywords.groovy:1492)
	at com.kms.katalon.core.webui.keyword.WebUiBuiltInKeywords$acceptAlert$7.call(Unknown Source)
	at first learn more.run(first learn more:22)
	at com.kms.katalon.core.main.ScriptEngine.run(ScriptEngine.java:194)
	at com.kms.katalon.core.main.ScriptEngine.runScriptAsRawText(ScriptEngine.java:119)
	at com.kms.katalon.core.main.TestCaseExecutor.runScript(TestCaseExecutor.java:328)
	at com.kms.katalon.core.main.TestCaseExecutor.doExecute(TestCaseExecutor.java:319)
	at com.kms.katalon.core.main.TestCaseExecutor.processExecutionPhase(TestCaseExecutor.java:298)
	at com.kms.katalon.core.main.TestCaseExecutor.accessMainPhase(TestCaseExecutor.java:290)
	at com.kms.katalon.core.main.TestCaseExecutor.execute(TestCaseExecutor.java:224)
	at com.kms.katalon.core.main.TestSuiteExecutor.accessTestCaseMainPhase(TestSuiteExecutor.java:129)
	at com.kms.katalon.core.main.TestSuiteExecutor.accessTestSuiteMainPhase(TestSuiteExecutor.java:112)
	at com.kms.katalon.core.main.TestSuiteExecutor.execute(TestSuiteExecutor.java:81)
	at com.kms.katalon.core.main.TestCaseMain.startTestSuite(TestCaseMain.java:149)
	at com.kms.katalon.core.main.TestCaseMain$startTestSuite$0.call(Unknown Source)
	at TempTestSuite1546500703440.run(TempTestSuite1546500703440.groovy:36)]]></system-err>
   </testsuite>
</testsuites>
